#
# There is insufficient memory for the Java Runtime Environment to continue.
# Native memory allocation (malloc) failed to allocate 1105456 bytes for Chunk::new
# Possible reasons:
#   The system is out of physical RAM or swap space
#   The process is running with CompressedOops enabled, and the Java Heap may be blocking the growth of the native heap
# Possible solutions:
#   Reduce memory load on the system
#   Increase physical memory or swap space
#   Check if swap backing store is full
#   Decrease Java heap size (-Xmx/-Xms)
#   Decrease number of Java threads
#   Decrease Java thread stack sizes (-Xss)
#   Set larger code cache with -XX:ReservedCodeCacheSize=
#   JVM is running with Unscaled Compressed Oops mode in which the Java heap is
#     placed in the first 4GB address space. The Java Heap base address is the
#     maximum limit for the native heap growth. Please use -XX:HeapBaseMinAddress
#     to set the Java Heap base and to place the Java Heap above 4GB virtual address.
# This output file may be truncated or incomplete.
#
#  Out of Memory Error (allocation.cpp:389), pid=10592, tid=0x0000000000000a70
#
# JRE version: OpenJDK Runtime Environment (8.0_242-b01) (build 1.8.0_242-release-1644-b01)
# Java VM: OpenJDK 64-Bit Server VM (25.242-b01 mixed mode windows-amd64 compressed oops)
# Failed to write core dump. Minidumps are not enabled by default on client versions of Windows
#

---------------  T H R E A D  ---------------

Current thread (0x00000000183a2000):  JavaThread "C2 CompilerThread2" daemon [_thread_in_native, id=2672, stack(0x0000000018e80000,0x0000000018f80000)]

Stack: [0x0000000018e80000,0x0000000018f80000]
[error occurred during error reporting (printing stack bounds), id 0xc0000005]

Native frames: (J=compiled Java code, j=interpreted, Vv=VM code, C=native code)


Current CompileTask:
C2:3204098 27444       4       org.gradle.api.internal.artifacts.ivyservice.modulecache.PersistentModuleMetadataCache$1::create (5 bytes)


---------------  P R O C E S S  ---------------

Java Threads: ( => current thread )
  0x0000000025cb0000 JavaThread "Cache worker for Build Output Cleanup Cache (C:\Users\Chau\Desktop\MangoCliente\.gradle\buildOutputCleanup)" [_thread_blocked, id=18680, stack(0x00000000236d0000,0x00000000237d0000)]
  0x0000000025cb2800 JavaThread "Build operations Thread 8" [_thread_blocked, id=16616, stack(0x00000000231d0000,0x00000000232d0000)]
  0x0000000025cad800 JavaThread "Build operations Thread 7" [_thread_blocked, id=10936, stack(0x00000000230d0000,0x00000000231d0000)]
  0x0000000025caf000 JavaThread "Build operations Thread 6" [_thread_blocked, id=17968, stack(0x0000000022fd0000,0x00000000230d0000)]
  0x0000000025cac000 JavaThread "Build operations Thread 5" [_thread_blocked, id=13152, stack(0x0000000022ed0000,0x0000000022fd0000)]
  0x000000001b891000 JavaThread "Build operations Thread 4" [_thread_blocked, id=412, stack(0x0000000022dd0000,0x0000000022ed0000)]
  0x000000001b890000 JavaThread "Build operations Thread 3" [_thread_blocked, id=4456, stack(0x0000000022cd0000,0x0000000022dd0000)]
  0x000000001b88f800 JavaThread "Build operations Thread 2" [_thread_blocked, id=6372, stack(0x0000000022bd0000,0x0000000022cd0000)]
  0x000000001b88e800 JavaThread "Build operations" [_thread_blocked, id=11016, stack(0x0000000020e90000,0x0000000020f90000)]
  0x000000001b88e000 JavaThread "Cache worker for cache directory md-rule (C:\Users\Chau\.gradle\caches\6.1.1\md-rule)" [_thread_blocked, id=5428, stack(0x0000000020890000,0x0000000020990000)]
  0x000000001b88d000 JavaThread "Cache worker for cache directory md-supplier (C:\Users\Chau\.gradle\caches\6.1.1\md-supplier)" [_thread_blocked, id=10596, stack(0x000000001f770000,0x000000001f870000)]
  0x000000001b88b000 JavaThread "Cache worker for file hash cache (C:\Users\Chau\Desktop\MangoCliente\.gradle\6.1.1\fileHashes)" [_thread_blocked, id=9348, stack(0x000000001f670000,0x000000001f770000)]
  0x000000001b883800 JavaThread "Cache worker for checksums cache (C:\Users\Chau\Desktop\MangoCliente\.gradle\checksums)" [_thread_blocked, id=20948, stack(0x000000001c9d0000,0x000000001cad0000)]
  0x000000001b882800 JavaThread "Thread-642" [_thread_blocked, id=12692, stack(0x000000001c8d0000,0x000000001c9d0000)]
  0x000000001b889800 JavaThread "Stdin handler" [_thread_blocked, id=14692, stack(0x000000001c7d0000,0x000000001c8d0000)]
  0x000000001b888000 JavaThread "Asynchronous log dispatcher for DefaultDaemonConnection: socket connection from /127.0.0.1:60716 to /127.0.0.1:61923" [_thread_blocked, id=12272, stack(0x000000001c4d0000,0x000000001c5d0000)]
  0x000000001b887000 JavaThread "Daemon worker Thread 14" [_thread_in_Java, id=20384, stack(0x000000001c3d0000,0x000000001c4d0000)]
  0x000000001b888800 JavaThread "Cancel handler" [_thread_blocked, id=2556, stack(0x0000000000bb0000,0x0000000000cb0000)]
  0x000000001b886800 JavaThread "Handler for socket connection from /127.0.0.1:60716 to /127.0.0.1:61923" [_thread_in_native, id=2692, stack(0x0000000000ab0000,0x0000000000bb0000)]
  0x000000001b885800 JavaThread "Daemon Thread 14" [_thread_blocked, id=21192, stack(0x00000000009b0000,0x0000000000ab0000)]
  0x000000002035e000 JavaThread "Cache worker for Java compile cache (C:\Users\Chau\.gradle\caches\6.1.1\javaCompile)" [_thread_blocked, id=18668, stack(0x0000000027860000,0x0000000027960000)]
  0x000000001b88a000 JavaThread "Cache worker for file content cache (C:\Users\Chau\.gradle\caches\6.1.1\fileContent)" [_thread_blocked, id=17276, stack(0x0000000024580000,0x0000000024680000)]
  0x000000001b88c800 JavaThread "Memory manager" [_thread_blocked, id=20796, stack(0x0000000023c60000,0x0000000023d60000)]
  0x000000001b0eb800 JavaThread "Cache worker for execution history cache (C:\Users\Chau\.gradle\caches\6.1.1\executionHistory)" [_thread_blocked, id=15368, stack(0x0000000020990000,0x0000000020a90000)]
  0x000000001b0ed800 JavaThread "Cache worker for file hash cache (C:\Users\Chau\.gradle\caches\6.1.1\fileHashes)" [_thread_blocked, id=17176, stack(0x000000001d1d0000,0x000000001d2d0000)]
  0x000000001b0f0800 JavaThread "File lock request listener" [_thread_in_native, id=9224, stack(0x000000001d0d0000,0x000000001d1d0000)]
  0x0000000019bc2800 JavaThread "Cache worker for journal cache (C:\Users\Chau\.gradle\caches\journal-1)" [_thread_blocked, id=7924, stack(0x000000001cfd0000,0x000000001d0d0000)]
  0x000000001af4a000 JavaThread "Daemon periodic checks" [_thread_blocked, id=6676, stack(0x000000001c2d0000,0x000000001c3d0000)]
  0x000000001af26800 JavaThread "Incoming local TCP Connector on port 60716" [_thread_in_native, id=18548, stack(0x000000001c060000,0x000000001c160000)]
  0x000000001aebd800 JavaThread "Daemon health stats" [_thread_blocked, id=21480, stack(0x000000001ba20000,0x000000001bb20000)]
  0x000000001841f800 JavaThread "Service Thread" daemon [_thread_blocked, id=3064, stack(0x0000000019080000,0x0000000019180000)]
  0x00000000183a5800 JavaThread "C1 CompilerThread3" daemon [_thread_blocked, id=2372, stack(0x0000000018f80000,0x0000000019080000)]
=>0x00000000183a2000 JavaThread "C2 CompilerThread2" daemon [_thread_in_native, id=2672, stack(0x0000000018e80000,0x0000000018f80000)]
  0x0000000018395000 JavaThread "C2 CompilerThread1" daemon [_thread_blocked, id=10072, stack(0x0000000018d80000,0x0000000018e80000)]
  0x0000000018391800 JavaThread "C2 CompilerThread0" daemon [_thread_in_native, id=9932, stack(0x0000000018c80000,0x0000000018d80000)]
  0x0000000018390000 JavaThread "Attach Listener" daemon [_thread_blocked, id=18216, stack(0x0000000018b80000,0x0000000018c80000)]
  0x000000001838f000 JavaThread "Signal Dispatcher" daemon [_thread_blocked, id=10556, stack(0x0000000018a80000,0x0000000018b80000)]
  0x0000000018380800 JavaThread "Finalizer" daemon [_thread_blocked, id=21492, stack(0x0000000018860000,0x0000000018960000)]
  0x00000000027c6800 JavaThread "Reference Handler" daemon [_thread_blocked, id=18708, stack(0x0000000018760000,0x0000000018860000)]
  0x0000000000d2e800 JavaThread "main" [_thread_blocked, id=5952, stack(0x00000000025d0000,0x00000000026d0000)]

Other Threads:
  0x0000000016588800 VMThread [stack: 0x0000000018260000,0x0000000018360000] [id=1656]
  0x0000000018420800 WatcherThread [stack: 0x0000000019180000,0x0000000019280000] [id=20320]

VM state:not at safepoint (normal execution)

VM Mutex/Monitor currently owned by a thread: None

heap address: 0x00000000a0000000, size: 1536 MB, Compressed Oops mode: 32-bit
Narrow klass base: 0x0000000000000000, Narrow klass shift: 3
Compressed class space size: 1073741824 Address: 0x0000000100000000

Heap:
 PSYoungGen      total 413184K, used 178876K [0x00000000e0000000, 0x00000000fbe00000, 0x0000000100000000)
  eden space 370688K, 40% used [0x00000000e0000000,0x00000000e93d5980,0x00000000f6a00000)
  from space 42496K, 64% used [0x00000000f9480000,0x00000000faf599c0,0x00000000fbe00000)
  to   space 43008K, 0% used [0x00000000f6a00000,0x00000000f6a00000,0x00000000f9400000)
 ParOldGen       total 344064K, used 93459K [0x00000000a0000000, 0x00000000b5000000, 0x00000000e0000000)
  object space 344064K, 27% used [0x00000000a0000000,0x00000000a5b44c68,0x00000000b5000000)
 Metaspace       used 98113K, capacity 105758K, committed 105768K, reserved 1140736K
  class space    used 12611K, capacity 13871K, committed 13872K, reserved 1048576K

Card table byte_map: [0x0000000011b90000,0x0000000011ea0000] byte_map_base: 0x0000000011690000

Marking Bits: (ParMarkBitMap*) 0x000000005f1cf030
 Begin Bits: [0x00000000128a0000, 0x00000000140a0000)
 End Bits:   [0x00000000140a0000, 0x00000000158a0000)

Polling page: 0x0000000000890000

CodeCache: size=245760Kb used=74043Kb max_used=74562Kb free=171716Kb
 bounds [0x00000000027d0000, 0x0000000007120000, 0x00000000117d0000]
 total_blobs=21177 nmethods=20296 adapters=791
 compilation: enabled

Compilation events (10 events):
Event: 3204.085 Thread 0x0000000018395000 27469       4       org.gradle.api.internal.artifacts.configurations.DefaultConfiguration_Decorated::getAttributes (39 bytes)
Event: 3204.086 Thread 0x00000000183a5800 27470       3       com.android.builder.core.AbstractProductFlavor::joinWithSeparator (77 bytes)
Event: 3204.086 Thread 0x0000000018395000 nmethod 27469 0x0000000004a7fdd0 code [0x0000000004a7ff00, 0x0000000004a7ff98]
Event: 3204.089 Thread 0x00000000183a5800 nmethod 27470 0x0000000004953cd0 code [0x0000000004953fe0, 0x0000000004955a48]
Event: 3204.089 Thread 0x00000000183a5800 27471       3       com.android.build.gradle.internal.dependency.BaseDexingTransform$Parameters_Decorated::$gradleFactory (13 bytes)
Event: 3204.090 Thread 0x00000000183a5800 nmethod 27471 0x00000000054f7250 code [0x00000000054f73e0, 0x00000000054f78c8]
Event: 3204.090 Thread 0x00000000183a5800 27472       3       org.gradle.api.internal.tasks.DefaultTaskContainer::register (20 bytes)
Event: 3204.091 Thread 0x00000000183a5800 nmethod 27472 0x00000000030233d0 code [0x00000000030235e0, 0x0000000003024108]
Event: 3204.091 Thread 0x00000000183a5800 27473       3       org.gradle.internal.extensibility.DefaultConvention$ExtensionsDynamicObject::asDynamicObject (68 bytes)
Event: 3204.093 Thread 0x00000000183a5800 nmethod 27473 0x00000000046bfe90 code [0x00000000046c0080, 0x00000000046c09a8]

GC Heap History (10 events):
Event: 2670.359 GC heap before
{Heap before GC invocations=34 (full 4):
 PSYoungGen      total 403456K, used 390310K [0x00000000e0000000, 0x00000000fc600000, 0x0000000100000000)
  eden space 353280K, 100% used [0x00000000e0000000,0x00000000f5900000,0x00000000f5900000)
  from space 50176K, 73% used [0x00000000f5900000,0x00000000f7d29a28,0x00000000f8a00000)
  to   space 51200K, 0% used [0x00000000f9400000,0x00000000f9400000,0x00000000fc600000)
 ParOldGen       total 344064K, used 93435K [0x00000000a0000000, 0x00000000b5000000, 0x00000000e0000000)
  object space 344064K, 27% used [0x00000000a0000000,0x00000000a5b3ec68,0x00000000b5000000)
 Metaspace       used 96410K, capacity 102314K, committed 102568K, reserved 1138688K
  class space    used 12334K, capacity 13365K, committed 13488K, reserved 1048576K
Event: 2670.396 GC heap after
Heap after GC invocations=34 (full 4):
 PSYoungGen      total 405504K, used 28936K [0x00000000e0000000, 0x00000000fc000000, 0x0000000100000000)
  eden space 360448K, 0% used [0x00000000e0000000,0x00000000e0000000,0x00000000f6000000)
  from space 45056K, 64% used [0x00000000f9400000,0x00000000fb0423e8,0x00000000fc000000)
  to   space 49152K, 0% used [0x00000000f6000000,0x00000000f6000000,0x00000000f9000000)
 ParOldGen       total 344064K, used 93435K [0x00000000a0000000, 0x00000000b5000000, 0x00000000e0000000)
  object space 344064K, 27% used [0x00000000a0000000,0x00000000a5b3ec68,0x00000000b5000000)
 Metaspace       used 96410K, capacity 102314K, committed 102568K, reserved 1138688K
  class space    used 12334K, capacity 13365K, committed 13488K, reserved 1048576K
}
Event: 2714.619 GC heap before
{Heap before GC invocations=35 (full 4):
 PSYoungGen      total 405504K, used 389384K [0x00000000e0000000, 0x00000000fc000000, 0x0000000100000000)
  eden space 360448K, 100% used [0x00000000e0000000,0x00000000f6000000,0x00000000f6000000)
  from space 45056K, 64% used [0x00000000f9400000,0x00000000fb0423e8,0x00000000fc000000)
  to   space 49152K, 0% used [0x00000000f6000000,0x00000000f6000000,0x00000000f9000000)
 ParOldGen       total 344064K, used 93435K [0x00000000a0000000, 0x00000000b5000000, 0x00000000e0000000)
  object space 344064K, 27% used [0x00000000a0000000,0x00000000a5b3ec68,0x00000000b5000000)
 Metaspace       used 96498K, capacity 102332K, committed 102568K, reserved 1138688K
  class space    used 12336K, capacity 13368K, committed 13488K, reserved 1048576K
Event: 2714.654 GC heap after
Heap after GC invocations=35 (full 4):
 PSYoungGen      total 409600K, used 27521K [0x00000000e0000000, 0x00000000fc380000, 0x0000000100000000)
  eden space 360448K, 0% used [0x00000000e0000000,0x00000000e0000000,0x00000000f6000000)
  from space 49152K, 55% used [0x00000000f6000000,0x00000000f7ae0430,0x00000000f9000000)
  to   space 47616K, 0% used [0x00000000f9500000,0x00000000f9500000,0x00000000fc380000)
 ParOldGen       total 344064K, used 93443K [0x00000000a0000000, 0x00000000b5000000, 0x00000000e0000000)
  object space 344064K, 27% used [0x00000000a0000000,0x00000000a5b40c68,0x00000000b5000000)
 Metaspace       used 96498K, capacity 102332K, committed 102568K, reserved 1138688K
  class space    used 12336K, capacity 13368K, committed 13488K, reserved 1048576K
}
Event: 2822.795 GC heap before
{Heap before GC invocations=36 (full 4):
 PSYoungGen      total 409600K, used 387969K [0x00000000e0000000, 0x00000000fc380000, 0x0000000100000000)
  eden space 360448K, 100% used [0x00000000e0000000,0x00000000f6000000,0x00000000f6000000)
  from space 49152K, 55% used [0x00000000f6000000,0x00000000f7ae0430,0x00000000f9000000)
  to   space 47616K, 0% used [0x00000000f9500000,0x00000000f9500000,0x00000000fc380000)
 ParOldGen       total 344064K, used 93443K [0x00000000a0000000, 0x00000000b5000000, 0x00000000e0000000)
  object space 344064K, 27% used [0x00000000a0000000,0x00000000a5b40c68,0x00000000b5000000)
 Metaspace       used 97512K, capacity 104822K, committed 104872K, reserved 1140736K
  class space    used 12536K, capacity 13737K, committed 13744K, reserved 1048576K
Event: 2822.821 GC heap after
Heap after GC invocations=36 (full 4):
 PSYoungGen      total 409600K, used 27686K [0x00000000e0000000, 0x00000000fbf80000, 0x0000000100000000)
  eden space 366080K, 0% used [0x00000000e0000000,0x00000000e0000000,0x00000000f6580000)
  from space 43520K, 63% used [0x00000000f9500000,0x00000000fb009998,0x00000000fbf80000)
  to   space 46080K, 0% used [0x00000000f6580000,0x00000000f6580000,0x00000000f9280000)
 ParOldGen       total 344064K, used 93451K [0x00000000a0000000, 0x00000000b5000000, 0x00000000e0000000)
  object space 344064K, 27% used [0x00000000a0000000,0x00000000a5b42c68,0x00000000b5000000)
 Metaspace       used 97512K, capacity 104822K, committed 104872K, reserved 1140736K
  class space    used 12536K, capacity 13737K, committed 13744K, reserved 1048576K
}
Event: 3020.223 GC heap before
{Heap before GC invocations=37 (full 4):
 PSYoungGen      total 409600K, used 393766K [0x00000000e0000000, 0x00000000fbf80000, 0x0000000100000000)
  eden space 366080K, 100% used [0x00000000e0000000,0x00000000f6580000,0x00000000f6580000)
  from space 43520K, 63% used [0x00000000f9500000,0x00000000fb009998,0x00000000fbf80000)
  to   space 46080K, 0% used [0x00000000f6580000,0x00000000f6580000,0x00000000f9280000)
 ParOldGen       total 344064K, used 93451K [0x00000000a0000000, 0x00000000b5000000, 0x00000000e0000000)
  object space 344064K, 27% used [0x00000000a0000000,0x00000000a5b42c68,0x00000000b5000000)
 Metaspace       used 97752K, capacity 105132K, committed 105256K, reserved 1140736K
  class space    used 12565K, capacity 13788K, committed 13872K, reserved 1048576K
Event: 3020.252 GC heap after
Heap after GC invocations=37 (full 4):
 PSYoungGen      total 412160K, used 27526K [0x00000000e0000000, 0x00000000fc000000, 0x0000000100000000)
  eden space 366080K, 0% used [0x00000000e0000000,0x00000000e0000000,0x00000000f6580000)
  from space 46080K, 59% used [0x00000000f6580000,0x00000000f8061998,0x00000000f9280000)
  to   space 44544K, 0% used [0x00000000f9480000,0x00000000f9480000,0x00000000fc000000)
 ParOldGen       total 344064K, used 93451K [0x00000000a0000000, 0x00000000b5000000, 0x00000000e0000000)
  object space 344064K, 27% used [0x00000000a0000000,0x00000000a5b42c68,0x00000000b5000000)
 Metaspace       used 97752K, capacity 105132K, committed 105256K, reserved 1140736K
  class space    used 12565K, capacity 13788K, committed 13872K, reserved 1048576K
}
Event: 3042.381 GC heap before
{Heap before GC invocations=38 (full 4):
 PSYoungGen      total 412160K, used 393606K [0x00000000e0000000, 0x00000000fc000000, 0x0000000100000000)
  eden space 366080K, 100% used [0x00000000e0000000,0x00000000f6580000,0x00000000f6580000)
  from space 46080K, 59% used [0x00000000f6580000,0x00000000f8061998,0x00000000f9280000)
  to   space 44544K, 0% used [0x00000000f9480000,0x00000000f9480000,0x00000000fc000000)
 ParOldGen       total 344064K, used 93451K [0x00000000a0000000, 0x00000000b5000000, 0x00000000e0000000)
  object space 344064K, 27% used [0x00000000a0000000,0x00000000a5b42c68,0x00000000b5000000)
 Metaspace       used 98069K, capacity 105694K, committed 105768K, reserved 1140736K
  class space    used 12611K, capacity 13871K, committed 13872K, reserved 1048576K
Event: 3042.413 GC heap after
Heap after GC invocations=38 (full 4):
 PSYoungGen      total 413184K, used 27494K [0x00000000e0000000, 0x00000000fbe00000, 0x0000000100000000)
  eden space 370688K, 0% used [0x00000000e0000000,0x00000000e0000000,0x00000000f6a00000)
  from space 42496K, 64% used [0x00000000f9480000,0x00000000faf599c0,0x00000000fbe00000)
  to   space 43008K, 0% used [0x00000000f6a00000,0x00000000f6a00000,0x00000000f9400000)
 ParOldGen       total 344064K, used 93459K [0x00000000a0000000, 0x00000000b5000000, 0x00000000e0000000)
  object space 344064K, 27% used [0x00000000a0000000,0x00000000a5b44c68,0x00000000b5000000)
 Metaspace       used 98069K, capacity 105694K, committed 105768K, reserved 1140736K
  class space    used 12611K, capacity 13871K, committed 13872K, reserved 1048576K
}

Deoptimization events (10 events):
Event: 2672.031 Thread 0x0000000025cb4000 Uncommon trap: reason=array_check action=maybe_recompile pc=0x0000000006d7b258 method=java.util.TimSort.mergeLo(IIII)V @ 468
Event: 2714.660 Thread 0x0000000020357000 Uncommon trap: reason=null_check action=make_not_entrant pc=0x00000000047b4148 method=java.lang.ThreadLocal$ThreadLocalMap.getEntryAfterMiss(Ljava/lang/ThreadLocal;ILjava/lang/ThreadLocal$ThreadLocalMap$Entry;)Ljava/lang/ThreadLocal$ThreadLocalMap$Entry; 
Event: 2714.704 Thread 0x0000000026cb2000 Uncommon trap: reason=null_check action=make_not_entrant pc=0x0000000002c48798 method=org.gradle.api.internal.tasks.properties.bean.AbstractNestedRuntimeBeanNode$BeanPropertyValue.isConfigurable()Z @ 9
Event: 2717.120 Thread 0x0000000025cb0000 Uncommon trap: reason=array_check action=maybe_recompile pc=0x0000000006d7b258 method=java.util.TimSort.mergeLo(IIII)V @ 468
Event: 3020.102 Thread 0x0000000026cb4000 Uncommon trap: reason=unstable_if action=reinterpret pc=0x000000000643888c method=com.google.common.cache.LongAdder.add(J)V @ 46
Event: 3020.143 Thread 0x000000001b889800 Uncommon trap: reason=unstable_if action=reinterpret pc=0x00000000060d3230 method=com.google.common.cache.LongAdder.add(J)V @ 72
Event: 3022.733 Thread 0x0000000025cb2800 Uncommon trap: reason=array_check action=maybe_recompile pc=0x0000000004a944e8 method=java.util.TimSort.mergeHi(IIII)V @ 250
Event: 3042.967 Thread 0x0000000026cbb000 Uncommon trap: reason=speculate_class_check action=maybe_recompile pc=0x0000000004d99f3c method=org.gradle.internal.snapshot.AbstractIncompleteSnapshotWithChildren$2.handleNewChild(I)Lorg/gradle/internal/snapshot/FileSystemNode; @ 50
Event: 3043.436 Thread 0x0000000026cb9800 Uncommon trap: reason=speculate_class_check action=maybe_recompile pc=0x0000000004d99f3c method=org.gradle.internal.snapshot.AbstractIncompleteSnapshotWithChildren$2.handleNewChild(I)Lorg/gradle/internal/snapshot/FileSystemNode; @ 50
Event: 3043.475 Thread 0x000000001b889800 Uncommon trap: reason=null_check action=make_not_entrant pc=0x0000000003722b54 method=java.lang.ThreadLocal$ThreadLocalMap.set(Ljava/lang/ThreadLocal;Ljava/lang/Object;)V @ 36

Classes redefined (0 events):
No events

Internal exceptions (10 events):
Event: 3042.862 Thread 0x0000000026cba000 Exception <a 'sun/nio/fs/WindowsException'> (0x00000000e383de38) thrown at [C:\src\AOSP-openjdk-git\hotspot\src\share\vm\prims\jni.cpp, line 710]
Event: 3042.862 Thread 0x0000000026cba000 Exception <a 'sun/nio/fs/WindowsException'> (0x00000000e383eb00) thrown at [C:\src\AOSP-openjdk-git\hotspot\src\share\vm\prims\jni.cpp, line 710]
Event: 3042.862 Thread 0x0000000026cba000 Exception <a 'sun/nio/fs/WindowsException'> (0x00000000e3842730) thrown at [C:\src\AOSP-openjdk-git\hotspot\src\share\vm\prims\jni.cpp, line 710]
Event: 3042.862 Thread 0x0000000026cba000 Exception <a 'sun/nio/fs/WindowsException'> (0x00000000e38433b0) thrown at [C:\src\AOSP-openjdk-git\hotspot\src\share\vm\prims\jni.cpp, line 710]
Event: 3042.863 Thread 0x0000000026cba000 Exception <a 'sun/nio/fs/WindowsException'> (0x00000000e38440b8) thrown at [C:\src\AOSP-openjdk-git\hotspot\src\share\vm\prims\jni.cpp, line 710]
Event: 3042.863 Thread 0x0000000026cba000 Exception <a 'sun/nio/fs/WindowsException'> (0x00000000e3845e30) thrown at [C:\src\AOSP-openjdk-git\hotspot\src\share\vm\prims\jni.cpp, line 710]
Event: 3042.863 Thread 0x0000000026cba000 Exception <a 'sun/nio/fs/WindowsException'> (0x00000000e3846ac0) thrown at [C:\src\AOSP-openjdk-git\hotspot\src\share\vm\prims\jni.cpp, line 710]
Event: 3042.863 Thread 0x0000000026cba000 Exception <a 'sun/nio/fs/WindowsException'> (0x00000000e38477d8) thrown at [C:\src\AOSP-openjdk-git\hotspot\src\share\vm\prims\jni.cpp, line 710]
Event: 3043.475 Thread 0x000000001b889800 Implicit null exception at 0x0000000003722837 to 0x0000000003722b29
Event: 3043.509 Thread 0x000000001b889800 Exception <a 'sun/nio/fs/WindowsException'> (0x00000000e7f7a188) thrown at [C:\src\AOSP-openjdk-git\hotspot\src\share\vm\prims\jni.cpp, line 710]

Events (10 events):
Event: 3203.920 Thread 0x00000000183a5800 flushing nmethod 0x0000000005f6f550
Event: 3203.920 Thread 0x0000000025cac000 Thread added: 0x0000000025cac000
Event: 3203.920 Thread 0x0000000025caf000 Thread added: 0x0000000025caf000
Event: 3203.920 Thread 0x0000000025cad800 Thread added: 0x0000000025cad800
Event: 3203.921 Thread 0x0000000025cb2800 Thread added: 0x0000000025cb2800
Event: 3204.011 Thread 0x0000000018395000 flushing nmethod 0x0000000006b31b90
Event: 3204.012 Thread 0x0000000018395000 flushing nmethod 0x0000000006bac290
Event: 3204.041 Executing VM operation: BulkRevokeBias
Event: 3204.041 Executing VM operation: BulkRevokeBias done
Event: 3204.055 Thread 0x0000000025cb0000 Thread added: 0x0000000025cb0000


Dynamic libraries:
0x00007ff7e4400000 - 0x00007ff7e4431000 	C:\Program Files\Android\Android Studio\jre\bin\java.exe
0x00007ffd3bb00000 - 0x00007ffd3bcf0000 	C:\WINDOWS\SYSTEM32\ntdll.dll
0x00007ffd39bb0000 - 0x00007ffd39c62000 	C:\WINDOWS\System32\KERNEL32.DLL
0x00007ffd38a90000 - 0x00007ffd38d35000 	C:\WINDOWS\System32\KERNELBASE.dll
0x00007ffd3aff0000 - 0x00007ffd3b093000 	C:\WINDOWS\System32\ADVAPI32.dll
0x00007ffd39d60000 - 0x00007ffd39dfe000 	C:\WINDOWS\System32\msvcrt.dll
0x00007ffd3a7c0000 - 0x00007ffd3a857000 	C:\WINDOWS\System32\sechost.dll
0x00007ffd39e60000 - 0x00007ffd39f80000 	C:\WINDOWS\System32\RPCRT4.dll
0x00007ffd3b390000 - 0x00007ffd3b524000 	C:\WINDOWS\System32\USER32.dll
0x00007ffd38e50000 - 0x00007ffd38e71000 	C:\WINDOWS\System32\win32u.dll
0x00007ffd3b530000 - 0x00007ffd3b556000 	C:\WINDOWS\System32\GDI32.dll
0x00007ffd38e80000 - 0x00007ffd39016000 	C:\WINDOWS\System32\gdi32full.dll
0x00007ffd39940000 - 0x00007ffd399de000 	C:\WINDOWS\System32\msvcp_win.dll
0x00007ffd399e0000 - 0x00007ffd39ada000 	C:\WINDOWS\System32\ucrtbase.dll
0x00007ffd260e0000 - 0x00007ffd26364000 	C:\WINDOWS\WinSxS\amd64_microsoft.windows.common-controls_6595b64144ccf1df_6.0.18362.1139_none_9e7bf2d3e4605ac6\COMCTL32.dll
0x00007ffd3ac40000 - 0x00007ffd3af75000 	C:\WINDOWS\System32\combase.dll
0x00007ffd39ae0000 - 0x00007ffd39b60000 	C:\WINDOWS\System32\bcryptPrimitives.dll
0x00007ffd39d30000 - 0x00007ffd39d5e000 	C:\WINDOWS\System32\IMM32.DLL
0x000000005e530000 - 0x000000005e602000 	C:\Program Files\Android\Android Studio\jre\jre\bin\msvcr100.dll
0x000000005ea00000 - 0x000000005f24b000 	C:\Program Files\Android\Android Studio\jre\jre\bin\server\jvm.dll
0x00007ffd39c70000 - 0x00007ffd39c78000 	C:\WINDOWS\System32\PSAPI.DLL
0x00007ffd2e900000 - 0x00007ffd2e90a000 	C:\WINDOWS\SYSTEM32\VERSION.dll
0x00007ffd324b0000 - 0x00007ffd324d4000 	C:\WINDOWS\SYSTEM32\WINMM.dll
0x00007ffd32480000 - 0x00007ffd324ad000 	C:\WINDOWS\SYSTEM32\winmmbase.dll
0x00007ffd398f0000 - 0x00007ffd3993a000 	C:\WINDOWS\System32\cfgmgr32.dll
0x00007ffd072a0000 - 0x00007ffd072a9000 	C:\WINDOWS\SYSTEM32\WSOCK32.dll
0x00007ffd3ab20000 - 0x00007ffd3ab8f000 	C:\WINDOWS\System32\WS2_32.dll
0x00007ffd30310000 - 0x00007ffd3031f000 	C:\Program Files\Android\Android Studio\jre\jre\bin\verify.dll
0x00007ffd29140000 - 0x00007ffd29169000 	C:\Program Files\Android\Android Studio\jre\jre\bin\java.dll
0x00007ffd2a0f0000 - 0x00007ffd2a106000 	C:\Program Files\Android\Android Studio\jre\jre\bin\zip.dll
0x00007ffd39f80000 - 0x00007ffd3a667000 	C:\WINDOWS\System32\SHELL32.dll
0x00007ffd39c80000 - 0x00007ffd39d29000 	C:\WINDOWS\System32\shcore.dll
0x00007ffd39020000 - 0x00007ffd397a0000 	C:\WINDOWS\System32\windows.storage.dll
0x00007ffd389d0000 - 0x00007ffd389f3000 	C:\WINDOWS\System32\profapi.dll
0x00007ffd38a40000 - 0x00007ffd38a8a000 	C:\WINDOWS\System32\powrprof.dll
0x00007ffd389c0000 - 0x00007ffd389d0000 	C:\WINDOWS\System32\UMPDC.dll
0x00007ffd3a860000 - 0x00007ffd3a8b2000 	C:\WINDOWS\System32\shlwapi.dll
0x00007ffd38a20000 - 0x00007ffd38a31000 	C:\WINDOWS\System32\kernel.appcore.dll
0x00007ffd39b90000 - 0x00007ffd39ba7000 	C:\WINDOWS\System32\cryptsp.dll
0x00007ffd29d20000 - 0x00007ffd29d3a000 	C:\Program Files\Android\Android Studio\jre\jre\bin\net.dll
0x00007ffd38210000 - 0x00007ffd38277000 	C:\WINDOWS\system32\mswsock.dll
0x00007ffd22730000 - 0x00007ffd22743000 	C:\Program Files\Android\Android Studio\jre\jre\bin\nio.dll
0x00007ffd0d760000 - 0x00007ffd0d786000 	C:\Users\Chau\.gradle\native\31\windows-amd64\native-platform.dll
0x00007ffd2ff10000 - 0x00007ffd2ff1d000 	C:\Program Files\Android\Android Studio\jre\jre\bin\management.dll
0x00007ffd37d80000 - 0x00007ffd37db3000 	C:\WINDOWS\system32\rsaenh.dll
0x00007ffd39b60000 - 0x00007ffd39b86000 	C:\WINDOWS\System32\bcrypt.dll
0x00007ffd388e0000 - 0x00007ffd38905000 	C:\WINDOWS\SYSTEM32\USERENV.dll
0x00007ffd383e0000 - 0x00007ffd383ec000 	C:\WINDOWS\SYSTEM32\CRYPTBASE.dll
0x00007ffd37f20000 - 0x00007ffd37f5a000 	C:\WINDOWS\SYSTEM32\IPHLPAPI.DLL
0x00007ffd3af80000 - 0x00007ffd3af88000 	C:\WINDOWS\System32\NSI.dll
0x00007ffd2e930000 - 0x00007ffd2e946000 	C:\WINDOWS\SYSTEM32\dhcpcsvc6.DLL
0x00007ffd2ea90000 - 0x00007ffd2eaac000 	C:\WINDOWS\SYSTEM32\dhcpcsvc.DLL
0x00007ffd37f60000 - 0x00007ffd3802b000 	C:\WINDOWS\SYSTEM32\DNSAPI.dll

VM Arguments:
jvm_args: -Xmx1536m -Dfile.encoding=windows-1252 -Duser.country=MX -Duser.language=es -Duser.variant 
java_command: org.gradle.launcher.daemon.bootstrap.GradleDaemon 6.1.1
java_class_path (initial): C:\Users\Chau\.gradle\wrapper\dists\gradle-6.1.1-all\cfmwm155h49vnt3hynmlrsdst\gradle-6.1.1\lib\gradle-launcher-6.1.1.jar
Launcher Type: SUN_STANDARD

Environment Variables:
JAVA_HOME=C:\Program Files\Android\Jdk\microsoft_dist_openjdk_1.8.0.25
PATH=C:\Program Files (x86)\Common Files\Intel\Shared Files\cpp\bin\Intel64;C:\Program Files (x86)\Common Files\Oracle\Java\javapath;C:\WINDOWS\system32;C:\WINDOWS;C:\WINDOWS\System32\Wbem;C:\WINDOWS\System32\WindowsPowerShell\v1.0\;C:\WINDOWS\System32\OpenSSH\;C:\Program Files\Git\cmd;C:\Program Files\dotnet\;C:\Program Files (x86)\IncrediBuild;C:\Program Files\Intel\WiFi\bin\;C:\Program Files\Common Files\Intel\WirelessCommon\;C:\Program Files\Microsoft SQL Server\130\Tools\Binn\;C:\Program Files\Microsoft SQL Server\Client SDK\ODBC\170\Tools\Binn\;C:\Program Files (x86)\Microsoft SQL Server\150\Tools\Binn\;C:\Program Files\Microsoft SQL Server\150\Tools\Binn\;C:\Program Files\Microsoft SQL Server\150\DTS\Binn\;c:\Program Files (x86)\Intel\Intel(R) Management Engine Components\DAL;c:\Program Files\Intel\Intel(R) Management Engine Components\DAL;C:\Program Files\nodejs\;C:\xamp\php;C:\ProgramData\ComposerSetup\bin;C:\Users\Chau\AppData\Local\Programs\Python\Python38\Scripts\;C:\Users\Chau\AppData\Local\Programs\Python\Python38\;C:\Users\Chau\anaconda3;C:\Users\Chau\anaconda3\Library\mingw-w64\bin;C:\Users\Chau\anaconda3\Library\usr\bin;C:\Users\Chau\anaconda3\Library\bin;C:\Users\Chau\anaconda3\Scripts;C:\Users\Chau\AppData\Local\Microsoft\WindowsApps;C:\xampp\php;C:\Users\Chau\AppData\Local\Microsoft\WindowsApps;C:\Users\Chau\AppData\Local\Programs\Microsoft VS Code\bin;C:\Users\Chau\AppData\Roaming\Composer\vendor\bin;C:\seleniumWebdrivers\;C:\Users\Chau\anaconda3\python.exe;"C:\Users\Chau\AppData\Roaming\npm;C:\seleniumWebdrivers\geckodriver.exe";C:\Users\Chau\AppData\Roaming\npm
USERNAME=Chau
OS=Windows_NT
PROCESSOR_IDENTIFIER=Intel64 Family 6 Model 142 Stepping 10, GenuineIntel



---------------  S Y S T E M  ---------------

OS: Windows 10.0 , 64 bit Build 18362 (10.0.18362.1110)

CPU:total 8 (initial active 8) (4 cores per cpu, 2 threads per core) family 6 model 142 stepping 10, cmov, cx8, fxsr, mmx, sse, sse2, sse3, ssse3, sse4.1, sse4.2, popcnt, avx, avx2, aes, clmul, erms, rtm, 3dnowpref, lzcnt, ht, tsc, tscinvbit, bmi1, bmi2, adx

Memory: 4k page, physical 16612328k(935680k free), swap 47706212k(5236k free)

vm_info: OpenJDK 64-Bit Server VM (25.242-b01) for windows-amd64 JRE (1.8.0_242-release-1644-b01), built by "builder" with MS VC++ 10.0 (VS2010)

time: Mon Oct 19 08:04:11 2020
timezone: Hora de verano central (México)
elapsed time: 3204 seconds (0d 0h 53m 24s)

