#
# There is insufficient memory for the Java Runtime Environment to continue.
# Native memory allocation (malloc) failed to allocate 1448976 bytes for Chunk::new
# Possible reasons:
#   The system is out of physical RAM or swap space
#   The process is running with CompressedOops enabled, and the Java Heap may be blocking the growth of the native heap
# Possible solutions:
#   Reduce memory load on the system
#   Increase physical memory or swap space
#   Check if swap backing store is full
#   Decrease Java heap size (-Xmx/-Xms)
#   Decrease number of Java threads
#   Decrease Java thread stack sizes (-Xss)
#   Set larger code cache with -XX:ReservedCodeCacheSize=
#   JVM is running with Unscaled Compressed Oops mode in which the Java heap is
#     placed in the first 4GB address space. The Java Heap base address is the
#     maximum limit for the native heap growth. Please use -XX:HeapBaseMinAddress
#     to set the Java Heap base and to place the Java Heap above 4GB virtual address.
# This output file may be truncated or incomplete.
#
#  Out of Memory Error (allocation.cpp:389), pid=6044, tid=0x0000000000002dfc
#
# JRE version: OpenJDK Runtime Environment (8.0_242-b01) (build 1.8.0_242-release-1644-b01)
# Java VM: OpenJDK 64-Bit Server VM (25.242-b01 mixed mode windows-amd64 compressed oops)
# Failed to write core dump. Minidumps are not enabled by default on client versions of Windows
#

---------------  T H R E A D  ---------------

Current thread (0x00000000188e6800):  JavaThread "C2 CompilerThread2" daemon [_thread_in_native, id=11772, stack(0x00000000193d0000,0x00000000194d0000)]

Stack: [0x00000000193d0000,0x00000000194d0000]
[error occurred during error reporting (printing stack bounds), id 0xc0000005]

Native frames: (J=compiled Java code, j=interpreted, Vv=VM code, C=native code)


Current CompileTask:
C2:1239289 30860       4       com.android.tools.r8.ir.regalloc.a::i (610 bytes)


---------------  P R O C E S S  ---------------

Java Threads: ( => current thread )
  0x000000001ee60000 JavaThread "WorkerExecutor Queue Thread 8" [_thread_blocked, id=22584, stack(0x0000000036da0000,0x0000000036ea0000)]
  0x000000001ee5e800 JavaThread "WorkerExecutor Queue Thread 7" [_thread_blocked, id=8644, stack(0x0000000036750000,0x0000000036850000)]
  0x000000001ee58800 JavaThread "WorkerExecutor Queue Thread 6" [_thread_blocked, id=15648, stack(0x0000000036300000,0x0000000036400000)]
  0x000000001ee5d800 JavaThread "WorkerExecutor Queue Thread 5" [_thread_in_native, id=14060, stack(0x0000000036200000,0x0000000036300000)]
  0x000000001ee5c000 JavaThread "WorkerExecutor Queue Thread 4" [_thread_blocked, id=12292, stack(0x0000000035f70000,0x0000000036070000)]
  0x000000001ee59000 JavaThread "WorkerExecutor Queue Thread 3" [_thread_blocked, id=21380, stack(0x0000000034970000,0x0000000034a70000)]
  0x000000001dcae800 JavaThread "stdout" [_thread_in_native, id=18876, stack(0x00000000342e0000,0x00000000343e0000)]
  0x000000001dcae000 JavaThread "stderr" [_thread_in_native, id=13440, stack(0x0000000033fb0000,0x00000000340b0000)]
  0x000000001dcab000 JavaThread "pool-22-thread-1" [_thread_blocked, id=9680, stack(0x00000000335d0000,0x00000000336d0000)]
  0x000000001dca9000 JavaThread "WorkerExecutor Queue Thread 2" [_thread_in_Java, id=18776, stack(0x0000000030f20000,0x0000000031020000)]
  0x000000001dca1800 JavaThread "WorkerExecutor Queue" [_thread_blocked, id=3320, stack(0x0000000030c20000,0x0000000030d20000)]
  0x000000001dca6000 JavaThread "Cache worker for execution history cache (C:\Users\Chau\Desktop\MangoCliente\.gradle\6.5\executionHistory)" [_thread_blocked, id=12224, stack(0x0000000030b20000,0x0000000030c20000)]
  0x000000001dca7000 JavaThread "Execution worker for ':' Thread 7" [_thread_blocked, id=24456, stack(0x0000000030820000,0x0000000030920000)]
  0x000000001dca3000 JavaThread "Execution worker for ':' Thread 6" [_thread_blocked, id=19352, stack(0x0000000030720000,0x0000000030820000)]
  0x000000001dca5800 JavaThread "Execution worker for ':' Thread 5" [_thread_blocked, id=17996, stack(0x0000000030620000,0x0000000030720000)]
  0x000000001ba09000 JavaThread "Execution worker for ':' Thread 4" [_thread_blocked, id=4736, stack(0x000000002fae0000,0x000000002fbe0000)]
  0x000000001ba08000 JavaThread "Execution worker for ':' Thread 3" [_thread_blocked, id=20524, stack(0x000000002f320000,0x000000002f420000)]
  0x000000001ba07800 JavaThread "Execution worker for ':' Thread 2" [_thread_blocked, id=12664, stack(0x000000002e1e0000,0x000000002e2e0000)]
  0x000000001ba06800 JavaThread "Execution worker for ':'" [_thread_blocked, id=19216, stack(0x000000002d4e0000,0x000000002d5e0000)]
  0x000000001b9ff000 JavaThread "Cache worker for file content cache (C:\Users\Chau\Desktop\MangoCliente\.gradle\6.5\fileContent)" [_thread_blocked, id=21092, stack(0x000000002cce0000,0x000000002cde0000)]
  0x000000001ba06000 JavaThread "Cache worker for Build Output Cleanup Cache (C:\Users\Chau\Desktop\MangoCliente\.gradle\buildOutputCleanup)" [_thread_blocked, id=4920, stack(0x000000002c210000,0x000000002c310000)]
  0x000000001ba05000 JavaThread "Build operations Thread 8" [_thread_blocked, id=24484, stack(0x0000000023ae0000,0x0000000023be0000)]
  0x000000001b9fd800 JavaThread "Build operations Thread 7" [_thread_blocked, id=13484, stack(0x00000000239e0000,0x0000000023ae0000)]
  0x000000001ba04800 JavaThread "Build operations Thread 6" [_thread_blocked, id=14340, stack(0x00000000238e0000,0x00000000239e0000)]
  0x000000001b9fd000 JavaThread "Build operations Thread 5" [_thread_blocked, id=23932, stack(0x00000000237e0000,0x00000000238e0000)]
  0x000000001ba00800 JavaThread "Build operations Thread 4" [_thread_blocked, id=12516, stack(0x00000000236e0000,0x00000000237e0000)]
  0x000000001ba03800 JavaThread "Build operations Thread 3" [_thread_blocked, id=25332, stack(0x00000000235e0000,0x00000000236e0000)]
  0x000000001b9fc000 JavaThread "Build operations Thread 2" [_thread_blocked, id=17196, stack(0x0000000021c10000,0x0000000021d10000)]
  0x00000000226c8000 JavaThread "Build operations" [_thread_blocked, id=24904, stack(0x0000000020360000,0x0000000020460000)]
  0x00000000226cc000 JavaThread "Cache worker for cache directory md-rule (C:\Users\Chau\.gradle\caches\6.5\md-rule)" [_thread_blocked, id=4484, stack(0x000000001ffd0000,0x00000000200d0000)]
  0x00000000226bf000 JavaThread "Cache worker for cache directory md-supplier (C:\Users\Chau\.gradle\caches\6.5\md-supplier)" [_thread_blocked, id=15336, stack(0x000000001fed0000,0x000000001ffd0000)]
  0x00000000226bf800 JavaThread "Cache worker for checksums cache (C:\Users\Chau\Desktop\MangoCliente\.gradle\checksums)" [_thread_blocked, id=18240, stack(0x000000001ebf0000,0x000000001ecf0000)]
  0x00000000226c5000 JavaThread "Cache worker for file hash cache (C:\Users\Chau\Desktop\MangoCliente\.gradle\6.5\fileHashes)" [_thread_blocked, id=22444, stack(0x000000001d420000,0x000000001d520000)]
  0x00000000226c5800 JavaThread "Thread-1022" [_thread_blocked, id=19468, stack(0x000000001d320000,0x000000001d420000)]
  0x00000000226c0800 JavaThread "Stdin handler" [_thread_blocked, id=21496, stack(0x000000001d220000,0x000000001d320000)]
  0x00000000226bd800 JavaThread "Asynchronous log dispatcher for DefaultDaemonConnection: socket connection from /127.0.0.1:57465 to /127.0.0.1:57965" [_thread_blocked, id=22028, stack(0x000000001d120000,0x000000001d220000)]
  0x00000000226c3800 JavaThread "Cancel handler" [_thread_blocked, id=12832, stack(0x000000001c6b0000,0x000000001c7b0000)]
  0x00000000226be000 JavaThread "Handler for socket connection from /127.0.0.1:57465 to /127.0.0.1:57965" [_thread_in_native, id=7332, stack(0x000000001c5b0000,0x000000001c6b0000)]
  0x00000000226c7000 JavaThread "ForkJoinPool.commonPool-worker-6" daemon [_thread_blocked, id=9160, stack(0x0000000036100000,0x0000000036200000)]
  0x00000000226c6800 JavaThread "ForkJoinPool.commonPool-worker-5" daemon [_thread_blocked, id=2880, stack(0x0000000036b80000,0x0000000036c80000)]
  0x00000000226c2000 JavaThread "ForkJoinPool.commonPool-worker-2" daemon [_thread_blocked, id=21652, stack(0x00000000364a0000,0x00000000365a0000)]
  0x000000001ba03000 JavaThread "jar transforms Thread 658" [_thread_blocked, id=21040, stack(0x0000000029b70000,0x0000000029c70000)]
  0x000000001b9fb800 JavaThread "jar transforms Thread 657" [_thread_blocked, id=3564, stack(0x00000000297e0000,0x00000000298e0000)]
  0x000000001b9fe800 JavaThread "jar transforms Thread 656" [_thread_blocked, id=3788, stack(0x00000000296e0000,0x00000000297e0000)]
  0x000000001e7ac800 JavaThread "jar transforms Thread 655" [_thread_blocked, id=18756, stack(0x00000000295e0000,0x00000000296e0000)]
  0x000000001e7ae000 JavaThread "jar transforms Thread 654" [_thread_blocked, id=19796, stack(0x00000000294e0000,0x00000000295e0000)]
  0x000000001e7ab800 JavaThread "jar transforms Thread 653" [_thread_blocked, id=12804, stack(0x00000000293e0000,0x00000000294e0000)]
  0x000000001e7ab000 JavaThread "jar transforms Thread 652" [_thread_blocked, id=18156, stack(0x00000000292e0000,0x00000000293e0000)]
  0x000000001e7a3800 JavaThread "jar transforms Thread 651" [_thread_blocked, id=15952, stack(0x00000000291e0000,0x00000000292e0000)]
  0x000000001e7aa000 JavaThread "jar transforms Thread 650" [_thread_blocked, id=20264, stack(0x00000000290e0000,0x00000000291e0000)]
  0x000000001e7a2800 JavaThread "jar transforms Thread 649" [_thread_blocked, id=20360, stack(0x0000000028fe0000,0x00000000290e0000)]
  0x000000001e7a9800 JavaThread "jar transforms Thread 648" [_thread_blocked, id=10420, stack(0x0000000028ee0000,0x0000000028fe0000)]
  0x000000001e7a2000 JavaThread "jar transforms Thread 647" [_thread_blocked, id=20952, stack(0x0000000028de0000,0x0000000028ee0000)]
  0x000000001e7a1000 JavaThread "jar transforms Thread 646" [_thread_blocked, id=3108, stack(0x0000000028ce0000,0x0000000028de0000)]
  0x000000001e7a8000 JavaThread "jar transforms Thread 645" [_thread_blocked, id=20544, stack(0x0000000028be0000,0x0000000028ce0000)]
  0x000000001e7a5000 JavaThread "jar transforms Thread 644" [_thread_blocked, id=3672, stack(0x0000000028ae0000,0x0000000028be0000)]
  0x000000001e7a0800 JavaThread "jar transforms Thread 643" [_thread_blocked, id=12736, stack(0x00000000289e0000,0x0000000028ae0000)]
  0x000000001e7a6800 JavaThread "jar transforms Thread 642" [_thread_blocked, id=19040, stack(0x00000000288e0000,0x00000000289e0000)]
  0x000000001e7a7000 JavaThread "jar transforms Thread 641" [_thread_blocked, id=784, stack(0x00000000287e0000,0x00000000288e0000)]
  0x000000001e7a4000 JavaThread "jar transforms Thread 640" [_thread_blocked, id=11388, stack(0x00000000286e0000,0x00000000287e0000)]
  0x000000001e7a5800 JavaThread "jar transforms Thread 639" [_thread_blocked, id=14700, stack(0x00000000285e0000,0x00000000286e0000)]
  0x000000001e79f800 JavaThread "jar transforms Thread 638" [_thread_blocked, id=15504, stack(0x00000000284e0000,0x00000000285e0000)]
  0x000000001e79f000 JavaThread "jar transforms Thread 637" [_thread_blocked, id=23980, stack(0x00000000283e0000,0x00000000284e0000)]
  0x000000001fbce800 JavaThread "jar transforms Thread 636" [_thread_blocked, id=11968, stack(0x00000000282e0000,0x00000000283e0000)]
  0x000000001fbcf800 JavaThread "jar transforms Thread 635" [_thread_blocked, id=24620, stack(0x00000000281e0000,0x00000000282e0000)]
  0x000000001fbcb000 JavaThread "jar transforms Thread 634" [_thread_blocked, id=5256, stack(0x00000000280e0000,0x00000000281e0000)]
  0x000000001fbce000 JavaThread "jar transforms Thread 633" [_thread_blocked, id=12880, stack(0x0000000027fe0000,0x00000000280e0000)]
  0x000000001fbcd000 JavaThread "jar transforms Thread 632" [_thread_blocked, id=21160, stack(0x0000000027ee0000,0x0000000027fe0000)]
  0x000000001fbca000 JavaThread "jar transforms Thread 631" [_thread_blocked, id=18516, stack(0x0000000027de0000,0x0000000027ee0000)]
  0x000000001fbcb800 JavaThread "jar transforms Thread 630" [_thread_blocked, id=22008, stack(0x0000000027ce0000,0x0000000027de0000)]
  0x000000001fbc9800 JavaThread "jar transforms Thread 629" [_thread_blocked, id=17452, stack(0x0000000027be0000,0x0000000027ce0000)]
  0x000000001fbd0000 JavaThread "jar transforms Thread 628" [_thread_blocked, id=17004, stack(0x0000000027ae0000,0x0000000027be0000)]
  0x000000001fbc1800 JavaThread "jar transforms Thread 627" [_thread_blocked, id=22040, stack(0x00000000279e0000,0x0000000027ae0000)]
  0x000000001fbc8800 JavaThread "jar transforms Thread 626" [_thread_blocked, id=22452, stack(0x00000000278e0000,0x00000000279e0000)]
  0x000000001fbc1000 JavaThread "jar transforms Thread 625" [_thread_blocked, id=4232, stack(0x00000000277e0000,0x00000000278e0000)]
  0x000000001fbc5800 JavaThread "jar transforms Thread 624" [_thread_blocked, id=20456, stack(0x00000000276e0000,0x00000000277e0000)]
  0x000000001fbc4000 JavaThread "jar transforms Thread 623" [_thread_blocked, id=22048, stack(0x00000000275e0000,0x00000000276e0000)]
  0x000000001fbc8000 JavaThread "jar transforms Thread 622" [_thread_blocked, id=1468, stack(0x00000000274e0000,0x00000000275e0000)]
  0x000000001fbc5000 JavaThread "jar transforms Thread 621" [_thread_blocked, id=4680, stack(0x00000000273e0000,0x00000000274e0000)]
  0x000000001fbc6800 JavaThread "jar transforms Thread 620" [_thread_blocked, id=19488, stack(0x00000000272e0000,0x00000000273e0000)]
  0x000000001fbc7000 JavaThread "jar transforms Thread 619" [_thread_blocked, id=24736, stack(0x00000000271e0000,0x00000000272e0000)]
  0x000000001fbc2800 JavaThread "jar transforms Thread 618" [_thread_blocked, id=19288, stack(0x00000000270e0000,0x00000000271e0000)]
  0x000000001fbc3000 JavaThread "jar transforms Thread 617" [_thread_blocked, id=21956, stack(0x0000000026fe0000,0x00000000270e0000)]
  0x0000000020833000 JavaThread "jar transforms Thread 616" [_thread_blocked, id=11768, stack(0x0000000026ee0000,0x0000000026fe0000)]
  0x0000000020839800 JavaThread "jar transforms Thread 615" [_thread_blocked, id=8096, stack(0x0000000026de0000,0x0000000026ee0000)]
  0x0000000020832000 JavaThread "jar transforms Thread 614" [_thread_blocked, id=872, stack(0x0000000026ce0000,0x0000000026de0000)]
  0x0000000020839000 JavaThread "jar transforms Thread 613" [_thread_blocked, id=13224, stack(0x0000000026be0000,0x0000000026ce0000)]
  0x0000000020837800 JavaThread "jar transforms Thread 612" [_thread_blocked, id=2056, stack(0x0000000026ae0000,0x0000000026be0000)]
  0x0000000020833800 JavaThread "jar transforms Thread 611" [_thread_blocked, id=17592, stack(0x00000000269e0000,0x0000000026ae0000)]
  0x0000000020836800 JavaThread "jar transforms Thread 610" [_thread_blocked, id=6588, stack(0x00000000268e0000,0x00000000269e0000)]
  0x0000000020838000 JavaThread "jar transforms Thread 609" [_thread_blocked, id=13680, stack(0x00000000267e0000,0x00000000268e0000)]
  0x000000002082f000 JavaThread "jar transforms Thread 608" [_thread_blocked, id=23812, stack(0x00000000266e0000,0x00000000267e0000)]
  0x0000000020836000 JavaThread "jar transforms Thread 607" [_thread_blocked, id=9104, stack(0x00000000265e0000,0x00000000266e0000)]
  0x0000000020835000 JavaThread "jar transforms Thread 606" [_thread_blocked, id=17204, stack(0x00000000264e0000,0x00000000265e0000)]
  0x0000000020834800 JavaThread "jar transforms Thread 605" [_thread_blocked, id=1484, stack(0x00000000263e0000,0x00000000264e0000)]
  0x000000002082a800 JavaThread "jar transforms Thread 604" [_thread_blocked, id=19280, stack(0x00000000262e0000,0x00000000263e0000)]
  0x000000002082d000 JavaThread "jar transforms Thread 603" [_thread_blocked, id=11192, stack(0x00000000261e0000,0x00000000262e0000)]
  0x000000002082b800 JavaThread "jar transforms Thread 602" [_thread_blocked, id=8784, stack(0x00000000260e0000,0x00000000261e0000)]
  0x0000000020831800 JavaThread "jar transforms Thread 601" [_thread_blocked, id=3400, stack(0x0000000025fe0000,0x00000000260e0000)]
  0x0000000020830800 JavaThread "jar transforms Thread 600" [_thread_blocked, id=19108, stack(0x0000000025ee0000,0x0000000025fe0000)]
  0x000000002082c000 JavaThread "jar transforms Thread 599" [_thread_blocked, id=17208, stack(0x0000000025de0000,0x0000000025ee0000)]
  0x000000002082d800 JavaThread "jar transforms Thread 598" [_thread_blocked, id=12608, stack(0x0000000025ce0000,0x0000000025de0000)]
  0x000000002082e800 JavaThread "jar transforms Thread 597" [_thread_blocked, id=948, stack(0x0000000025be0000,0x0000000025ce0000)]
  0x000000002e765000 JavaThread "jar transforms Thread 596" [_thread_blocked, id=6600, stack(0x0000000025ae0000,0x0000000025be0000)]
  0x000000002e761800 JavaThread "jar transforms Thread 595" [_thread_blocked, id=16912, stack(0x00000000259e0000,0x0000000025ae0000)]
  0x000000002e764800 JavaThread "jar transforms Thread 594" [_thread_blocked, id=22540, stack(0x00000000258e0000,0x00000000259e0000)]
  0x000000002e760800 JavaThread "jar transforms Thread 593" [_thread_blocked, id=22536, stack(0x00000000257e0000,0x00000000258e0000)]
  0x000000002e763800 JavaThread "jar transforms Thread 592" [_thread_blocked, id=22256, stack(0x00000000256e0000,0x00000000257e0000)]
  0x000000002e75c000 JavaThread "jar transforms Thread 591" [_thread_blocked, id=24996, stack(0x00000000255e0000,0x00000000256e0000)]
  0x000000002e75f800 JavaThread "jar transforms Thread 590" [_thread_blocked, id=1968, stack(0x00000000254e0000,0x00000000255e0000)]
  0x000000002e75d800 JavaThread "jar transforms Thread 589" [_thread_blocked, id=7632, stack(0x00000000253e0000,0x00000000254e0000)]
  0x000000002e763000 JavaThread "jar transforms Thread 588" [_thread_blocked, id=4008, stack(0x00000000252e0000,0x00000000253e0000)]
  0x000000002e75e000 JavaThread "jar transforms Thread 587" [_thread_blocked, id=16612, stack(0x00000000251e0000,0x00000000252e0000)]
  0x000000002e754800 JavaThread "jar transforms Thread 586" [_thread_blocked, id=15300, stack(0x00000000250e0000,0x00000000251e0000)]
  0x000000002e759000 JavaThread "jar transforms Thread 585" [_thread_blocked, id=3272, stack(0x0000000024fe0000,0x00000000250e0000)]
  0x000000002e75a800 JavaThread "jar transforms Thread 584" [_thread_blocked, id=21880, stack(0x0000000024ee0000,0x0000000024fe0000)]
  0x000000002e75b000 JavaThread "jar transforms Thread 583" [_thread_blocked, id=23748, stack(0x0000000024de0000,0x0000000024ee0000)]
  0x000000002e759800 JavaThread "jar transforms Thread 582" [_thread_blocked, id=4764, stack(0x0000000024ce0000,0x0000000024de0000)]
  0x000000002e751800 JavaThread "jar transforms Thread 581" [_thread_blocked, id=15976, stack(0x0000000024be0000,0x0000000024ce0000)]
  0x000000002e753000 JavaThread "jar transforms Thread 580" [_thread_blocked, id=15680, stack(0x0000000024ae0000,0x0000000024be0000)]
  0x000000002e753800 JavaThread "jar transforms Thread 579" [_thread_blocked, id=1476, stack(0x00000000249e0000,0x0000000024ae0000)]
  0x000000002e758000 JavaThread "jar transforms Thread 578" [_thread_blocked, id=3336, stack(0x00000000248e0000,0x00000000249e0000)]
  0x000000002e757800 JavaThread "jar transforms Thread 577" [_thread_blocked, id=8428, stack(0x00000000247e0000,0x00000000248e0000)]
  0x000000002e756800 JavaThread "jar transforms Thread 576" [_thread_blocked, id=18444, stack(0x00000000246e0000,0x00000000247e0000)]
  0x000000002e752000 JavaThread "jar transforms Thread 575" [_thread_blocked, id=17220, stack(0x00000000245e0000,0x00000000246e0000)]
  0x000000002e755000 JavaThread "jar transforms Thread 574" [_thread_blocked, id=14012, stack(0x00000000244e0000,0x00000000245e0000)]
  0x000000002e756000 JavaThread "jar transforms Thread 573" [_thread_blocked, id=23444, stack(0x00000000243e0000,0x00000000244e0000)]
  0x000000002e750800 JavaThread "jar transforms Thread 572" [_thread_blocked, id=14164, stack(0x00000000242e0000,0x00000000243e0000)]
  0x000000002e74a000 JavaThread "jar transforms Thread 571" [_thread_blocked, id=6176, stack(0x00000000241e0000,0x00000000242e0000)]
  0x000000002e750000 JavaThread "jar transforms Thread 570" [_thread_blocked, id=13408, stack(0x00000000240e0000,0x00000000241e0000)]
  0x000000002e748800 JavaThread "jar transforms Thread 569" [_thread_blocked, id=13108, stack(0x0000000023fe0000,0x00000000240e0000)]
  0x000000002e74f000 JavaThread "jar transforms Thread 568" [_thread_blocked, id=3240, stack(0x0000000023ee0000,0x0000000023fe0000)]
  0x000000002e747800 JavaThread "jar transforms Thread 567" [_thread_blocked, id=14476, stack(0x0000000023de0000,0x0000000023ee0000)]
  0x000000002e74e800 JavaThread "jar transforms Thread 566" [_thread_blocked, id=7256, stack(0x0000000023ce0000,0x0000000023de0000)]
  0x000000002e749000 JavaThread "jar transforms Thread 565" [_thread_blocked, id=11308, stack(0x0000000023be0000,0x0000000023ce0000)]
  0x000000001ee5f000 JavaThread "Daemon worker Thread 7" [_thread_blocked, id=7044, stack(0x000000001cd20000,0x000000001ce20000)]
  0x000000001ee57800 JavaThread "Daemon Thread 7" [_thread_blocked, id=23644, stack(0x0000000000f90000,0x0000000001090000)]
  0x000000001ee65000 JavaThread "Cache worker for Java compile cache (C:\Users\Chau\.gradle\caches\6.5\javaCompile)" [_thread_blocked, id=22940, stack(0x000000002d3e0000,0x000000002d4e0000)]
  0x000000001ee5d000 JavaThread "Memory manager" [_thread_blocked, id=15616, stack(0x000000002aa70000,0x000000002ab70000)]
  0x000000001b5c8800 JavaThread "Cache worker for file content cache (C:\Users\Chau\.gradle\caches\6.5\fileContent)" [_thread_blocked, id=14144, stack(0x0000000021d10000,0x0000000021e10000)]
  0x000000001b5ce800 JavaThread "Cache worker for execution history cache (C:\Users\Chau\.gradle\caches\6.5\executionHistory)" [_thread_blocked, id=22216, stack(0x0000000021510000,0x0000000021610000)]
  0x000000001b5ca000 JavaThread "Cache worker for file hash cache (C:\Users\Chau\.gradle\caches\6.5\fileHashes)" [_thread_blocked, id=7112, stack(0x000000001d920000,0x000000001da20000)]
  0x000000001b5ca800 JavaThread "File lock request listener" [_thread_in_native, id=24760, stack(0x000000001d820000,0x000000001d920000)]
  0x000000001b5c7000 JavaThread "Cache worker for journal cache (C:\Users\Chau\.gradle\caches\journal-1)" [_thread_blocked, id=25172, stack(0x000000001d720000,0x000000001d820000)]
  0x000000001b4db000 JavaThread "Daemon periodic checks" [_thread_blocked, id=20620, stack(0x000000001ca20000,0x000000001cb20000)]
  0x000000001b48c800 JavaThread "Incoming local TCP Connector on port 57465" [_thread_in_native, id=10688, stack(0x000000001c7b0000,0x000000001c8b0000)]
  0x000000001b3b0000 JavaThread "Daemon health stats" [_thread_blocked, id=8340, stack(0x000000001c170000,0x000000001c270000)]
  0x0000000018978000 JavaThread "Service Thread" daemon [_thread_blocked, id=25148, stack(0x00000000195d0000,0x00000000196d0000)]
  0x00000000188ec800 JavaThread "C1 CompilerThread3" daemon [_thread_blocked, id=12956, stack(0x00000000194d0000,0x00000000195d0000)]
=>0x00000000188e6800 JavaThread "C2 CompilerThread2" daemon [_thread_in_native, id=11772, stack(0x00000000193d0000,0x00000000194d0000)]
  0x00000000188e4000 JavaThread "C2 CompilerThread1" daemon [_thread_blocked, id=8348, stack(0x00000000192d0000,0x00000000193d0000)]
  0x00000000188e1000 JavaThread "C2 CompilerThread0" daemon [_thread_in_native, id=23616, stack(0x00000000191d0000,0x00000000192d0000)]
  0x00000000188df000 JavaThread "Attach Listener" daemon [_thread_blocked, id=24064, stack(0x00000000190d0000,0x00000000191d0000)]
  0x00000000188de000 JavaThread "Signal Dispatcher" daemon [_thread_blocked, id=24364, stack(0x0000000018fd0000,0x00000000190d0000)]
  0x00000000188d0800 JavaThread "Finalizer" daemon [_thread_blocked, id=18200, stack(0x0000000018db0000,0x0000000018eb0000)]
  0x0000000002d28800 JavaThread "Reference Handler" daemon [_thread_blocked, id=16092, stack(0x0000000018cb0000,0x0000000018db0000)]
  0x0000000000e1e800 JavaThread "main" [_thread_blocked, id=24944, stack(0x0000000002b30000,0x0000000002c30000)]

Other Threads:
  0x0000000016ae7800 VMThread [stack: 0x00000000187b0000,0x00000000188b0000] [id=2476]
  0x0000000018979000 WatcherThread [stack: 0x00000000196d0000,0x00000000197d0000] [id=25424]

VM state:at safepoint (normal execution)

VM Mutex/Monitor currently owned by a thread:  ([mutex/lock_event])
[0x0000000000e1df20] Safepoint_lock - owner thread: 0x0000000016ae7800
[0x0000000000e1dda0] Threads_lock - owner thread: 0x0000000016ae7800

heap address: 0x00000000a0000000, size: 1536 MB, Compressed Oops mode: 32-bit
Narrow klass base: 0x0000000000000000, Narrow klass shift: 3
Compressed class space size: 1073741824 Address: 0x0000000100000000

Heap:
 PSYoungGen      total 366080K, used 159505K [0x00000000e0000000, 0x00000000fd980000, 0x0000000100000000)
  eden space 264704K, 49% used [0x00000000e0000000,0x00000000e7ed9078,0x00000000f0280000)
  from space 101376K, 29% used [0x00000000f7680000,0x00000000f936b668,0x00000000fd980000)
  to   space 110080K, 0% used [0x00000000f0280000,0x00000000f0280000,0x00000000f6e00000)
 ParOldGen       total 529408K, used 346046K [0x00000000a0000000, 0x00000000c0500000, 0x00000000e0000000)
  object space 529408K, 65% used [0x00000000a0000000,0x00000000b51efaa0,0x00000000c0500000)
 Metaspace       used 159013K, capacity 167874K, committed 168104K, reserved 1196032K
  class space    used 19797K, capacity 21590K, committed 21680K, reserved 1048576K

Card table byte_map: [0x00000000120f0000,0x0000000012400000] byte_map_base: 0x0000000011bf0000

Marking Bits: (ParMarkBitMap*) 0x000000005ec9f030
 Begin Bits: [0x0000000012e00000, 0x0000000014600000)
 End Bits:   [0x0000000014600000, 0x0000000015e00000)

Polling page: 0x0000000000e80000

CodeCache: size=245760Kb used=89602Kb max_used=90276Kb free=156157Kb
 bounds [0x0000000002d30000, 0x00000000085f0000, 0x0000000011d30000]
 total_blobs=23878 nmethods=22984 adapters=803
 compilation: enabled

Compilation events (10 events):
Event: 1239.249 Thread 0x00000000188ec800 31212       2       com.android.tools.r8.ByteDataView::<init> (88 bytes)
Event: 1239.250 Thread 0x00000000188ec800 nmethod 31212 0x00000000068a6890 code [0x00000000068a69e0, 0x00000000068a6b50]
Event: 1239.254 Thread 0x00000000188ec800 31213   !   2       com.android.tools.r8.q.a.a.d.p::close (125 bytes)
Event: 1239.255 Thread 0x00000000188ec800 nmethod 31213 0x0000000003e66010 code [0x0000000003e66200, 0x0000000003e66948]
Event: 1239.270 Thread 0x00000000188ec800 31214 % !   3       com.android.tools.r8.graph.i0::f @ 52 (91 bytes)
Event: 1239.272 Thread 0x00000000188ec800 nmethod 31214% 0x00000000049294d0 code [0x0000000004929720, 0x000000000492a5d8]
Event: 1239.279 Thread 0x00000000188ec800 31215 % !   3       com.android.tools.r8.graph.i0::f @ 45 (91 bytes)
Event: 1239.280 Thread 0x00000000188ec800 nmethod 31215% 0x0000000006afb7d0 code [0x0000000006afba20, 0x0000000006afc898]
Event: 1239.282 Thread 0x00000000188ec800 31216   !   3       com.android.tools.r8.graph.i0::f (91 bytes)
Event: 1239.283 Thread 0x00000000188ec800 nmethod 31216 0x0000000004cffd50 code [0x0000000004cfffa0, 0x0000000004d00df8]

GC Heap History (10 events):
Event: 1231.760 GC heap before
{Heap before GC invocations=76 (full 6):
 PSYoungGen      total 218112K, used 217802K [0x00000000e0000000, 0x00000000ff300000, 0x0000000100000000)
  eden space 214016K, 100% used [0x00000000e0000000,0x00000000ed100000,0x00000000ed100000)
  from space 4096K, 92% used [0x00000000ed100000,0x00000000ed4b2878,0x00000000ed500000)
  to   space 148480K, 0% used [0x00000000f6200000,0x00000000f6200000,0x00000000ff300000)
 ParOldGen       total 529408K, used 335205K [0x00000000a0000000, 0x00000000c0500000, 0x00000000e0000000)
  object space 529408K, 63% used [0x00000000a0000000,0x00000000b4759580,0x00000000c0500000)
 Metaspace       used 157886K, capacity 166696K, committed 166952K, reserved 1193984K
  class space    used 19700K, capacity 21513K, committed 21552K, reserved 1048576K
Event: 1231.769 GC heap after
Heap after GC invocations=76 (full 6):
 PSYoungGen      total 368640K, used 8196K [0x00000000e0000000, 0x00000000ffd80000, 0x0000000100000000)
  eden space 220160K, 0% used [0x00000000e0000000,0x00000000e0000000,0x00000000ed700000)
  from space 148480K, 5% used [0x00000000f6200000,0x00000000f6a012f8,0x00000000ff300000)
  to   space 142336K, 0% used [0x00000000ed700000,0x00000000ed700000,0x00000000f6200000)
 ParOldGen       total 529408K, used 336960K [0x00000000a0000000, 0x00000000c0500000, 0x00000000e0000000)
  object space 529408K, 63% used [0x00000000a0000000,0x00000000b4910208,0x00000000c0500000)
 Metaspace       used 157886K, capacity 166696K, committed 166952K, reserved 1193984K
  class space    used 19700K, capacity 21513K, committed 21552K, reserved 1048576K
}
Event: 1235.184 GC heap before
{Heap before GC invocations=77 (full 6):
 PSYoungGen      total 368640K, used 228356K [0x00000000e0000000, 0x00000000ffd80000, 0x0000000100000000)
  eden space 220160K, 100% used [0x00000000e0000000,0x00000000ed700000,0x00000000ed700000)
  from space 148480K, 5% used [0x00000000f6200000,0x00000000f6a012f8,0x00000000ff300000)
  to   space 142336K, 0% used [0x00000000ed700000,0x00000000ed700000,0x00000000f6200000)
 ParOldGen       total 529408K, used 336960K [0x00000000a0000000, 0x00000000c0500000, 0x00000000e0000000)
  object space 529408K, 63% used [0x00000000a0000000,0x00000000b4910208,0x00000000c0500000)
 Metaspace       used 158802K, capacity 167692K, committed 167848K, reserved 1196032K
  class space    used 19784K, capacity 21587K, committed 21680K, reserved 1048576K
Event: 1235.194 GC heap after
Heap after GC invocations=77 (full 6):
 PSYoungGen      total 362496K, used 3458K [0x00000000e0000000, 0x00000000ff000000, 0x0000000100000000)
  eden space 220160K, 0% used [0x00000000e0000000,0x00000000e0000000,0x00000000ed700000)
  from space 142336K, 2% used [0x00000000ed700000,0x00000000eda60b58,0x00000000f6200000)
  to   space 137216K, 0% used [0x00000000f6a00000,0x00000000f6a00000,0x00000000ff000000)
 ParOldGen       total 529408K, used 344073K [0x00000000a0000000, 0x00000000c0500000, 0x00000000e0000000)
  object space 529408K, 64% used [0x00000000a0000000,0x00000000b5002660,0x00000000c0500000)
 Metaspace       used 158802K, capacity 167692K, committed 167848K, reserved 1196032K
  class space    used 19784K, capacity 21587K, committed 21680K, reserved 1048576K
}
Event: 1236.737 GC heap before
{Heap before GC invocations=78 (full 6):
 PSYoungGen      total 362496K, used 223618K [0x00000000e0000000, 0x00000000ff000000, 0x0000000100000000)
  eden space 220160K, 100% used [0x00000000e0000000,0x00000000ed700000,0x00000000ed700000)
  from space 142336K, 2% used [0x00000000ed700000,0x00000000eda60b58,0x00000000f6200000)
  to   space 137216K, 0% used [0x00000000f6a00000,0x00000000f6a00000,0x00000000ff000000)
 ParOldGen       total 529408K, used 344073K [0x00000000a0000000, 0x00000000c0500000, 0x00000000e0000000)
  object space 529408K, 64% used [0x00000000a0000000,0x00000000b5002660,0x00000000c0500000)
 Metaspace       used 158914K, capacity 167782K, committed 168104K, reserved 1196032K
  class space    used 19795K, capacity 21590K, committed 21680K, reserved 1048576K
Event: 1236.757 GC heap after
Heap after GC invocations=78 (full 6):
 PSYoungGen      total 364544K, used 33082K [0x00000000e0000000, 0x00000000fe300000, 0x0000000100000000)
  eden space 240640K, 0% used [0x00000000e0000000,0x00000000e0000000,0x00000000eeb00000)
  from space 123904K, 26% used [0x00000000f6a00000,0x00000000f8a4e938,0x00000000fe300000)
  to   space 126976K, 0% used [0x00000000eeb00000,0x00000000eeb00000,0x00000000f6700000)
 ParOldGen       total 529408K, used 344081K [0x00000000a0000000, 0x00000000c0500000, 0x00000000e0000000)
  object space 529408K, 64% used [0x00000000a0000000,0x00000000b5004660,0x00000000c0500000)
 Metaspace       used 158914K, capacity 167782K, committed 168104K, reserved 1196032K
  class space    used 19795K, capacity 21590K, committed 21680K, reserved 1048576K
}
Event: 1237.449 GC heap before
{Heap before GC invocations=79 (full 6):
 PSYoungGen      total 364544K, used 273722K [0x00000000e0000000, 0x00000000fe300000, 0x0000000100000000)
  eden space 240640K, 100% used [0x00000000e0000000,0x00000000eeb00000,0x00000000eeb00000)
  from space 123904K, 26% used [0x00000000f6a00000,0x00000000f8a4e938,0x00000000fe300000)
  to   space 126976K, 0% used [0x00000000eeb00000,0x00000000eeb00000,0x00000000f6700000)
 ParOldGen       total 529408K, used 344081K [0x00000000a0000000, 0x00000000c0500000, 0x00000000e0000000)
  object space 529408K, 64% used [0x00000000a0000000,0x00000000b5004660,0x00000000c0500000)
 Metaspace       used 158965K, capacity 167870K, committed 168104K, reserved 1196032K
  class space    used 19796K, capacity 21590K, committed 21680K, reserved 1048576K
Event: 1237.466 GC heap after
Heap after GC invocations=79 (full 6):
 PSYoungGen      total 367616K, used 28467K [0x00000000e0000000, 0x00000000fea00000, 0x0000000100000000)
  eden space 240640K, 0% used [0x00000000e0000000,0x00000000e0000000,0x00000000eeb00000)
  from space 126976K, 22% used [0x00000000eeb00000,0x00000000f06ccc00,0x00000000f6700000)
  to   space 118272K, 0% used [0x00000000f7680000,0x00000000f7680000,0x00000000fea00000)
 ParOldGen       total 529408K, used 344089K [0x00000000a0000000, 0x00000000c0500000, 0x00000000e0000000)
  object space 529408K, 64% used [0x00000000a0000000,0x00000000b5006660,0x00000000c0500000)
 Metaspace       used 158965K, capacity 167870K, committed 168104K, reserved 1196032K
  class space    used 19796K, capacity 21590K, committed 21680K, reserved 1048576K
}
Event: 1238.668 GC heap before
{Heap before GC invocations=80 (full 6):
 PSYoungGen      total 367616K, used 269107K [0x00000000e0000000, 0x00000000fea00000, 0x0000000100000000)
  eden space 240640K, 100% used [0x00000000e0000000,0x00000000eeb00000,0x00000000eeb00000)
  from space 126976K, 22% used [0x00000000eeb00000,0x00000000f06ccc00,0x00000000f6700000)
  to   space 118272K, 0% used [0x00000000f7680000,0x00000000f7680000,0x00000000fea00000)
 ParOldGen       total 529408K, used 344089K [0x00000000a0000000, 0x00000000c0500000, 0x00000000e0000000)
  object space 529408K, 64% used [0x00000000a0000000,0x00000000b5006660,0x00000000c0500000)
 Metaspace       used 158990K, capacity 167874K, committed 168104K, reserved 1196032K
  class space    used 19796K, capacity 21590K, committed 21680K, reserved 1048576K
Event: 1238.685 GC heap after
Heap after GC invocations=80 (full 6):
 PSYoungGen      total 366080K, used 29613K [0x00000000e0000000, 0x00000000fd980000, 0x0000000100000000)
  eden space 264704K, 0% used [0x00000000e0000000,0x00000000e0000000,0x00000000f0280000)
  from space 101376K, 29% used [0x00000000f7680000,0x00000000f936b668,0x00000000fd980000)
  to   space 110080K, 0% used [0x00000000f0280000,0x00000000f0280000,0x00000000f6e00000)
 ParOldGen       total 529408K, used 346046K [0x00000000a0000000, 0x00000000c0500000, 0x00000000e0000000)
  object space 529408K, 65% used [0x00000000a0000000,0x00000000b51efaa0,0x00000000c0500000)
 Metaspace       used 158990K, capacity 167874K, committed 168104K, reserved 1196032K
  class space    used 19796K, capacity 21590K, committed 21680K, reserved 1048576K
}

Deoptimization events (10 events):
Event: 1237.562 Thread 0x000000001ee58800 Uncommon trap: reason=predicate action=maybe_recompile pc=0x00000000084e9864 method=java.util.TimSort.mergeHi(IIII)V @ 191
Event: 1237.562 Thread 0x000000001ee58800 Uncommon trap: reason=array_check action=maybe_recompile pc=0x000000000850b6c8 method=java.util.TimSort.mergeLo(IIII)V @ 133
Event: 1237.562 Thread 0x000000001ee58800 Uncommon trap: reason=predicate action=maybe_recompile pc=0x000000000850b394 method=java.util.TimSort.mergeLo(IIII)V @ 153
Event: 1237.580 Thread 0x000000001ee58800 Uncommon trap: reason=class_check action=maybe_recompile pc=0x0000000006d0852c method=com.android.tools.r8.dex.m.c(I)V @ 108
Event: 1238.317 Thread 0x000000001ee5d800 Uncommon trap: reason=class_check action=maybe_recompile pc=0x0000000005f9edd8 method=com.android.tools.r8.s.a.h.e.b(Lcom/android/tools/r8/s/b/k0;)V @ 226
Event: 1238.366 Thread 0x000000001ee5d800 Uncommon trap: reason=unstable_if action=reinterpret pc=0x0000000006a52384 method=com.android.tools.r8.utils.k0.v()Z @ 34
Event: 1238.737 Thread 0x000000001ee5d800 Uncommon trap: reason=class_check action=maybe_recompile pc=0x00000000080ef440 method=java.util.stream.AbstractPipeline.evaluate(Ljava/util/Spliterator;ZLjava/util/function/IntFunction;)Ljava/util/stream/Node; @ 35
Event: 1238.737 Thread 0x000000001ee5d800 Uncommon trap: reason=class_check action=maybe_recompile pc=0x00000000080ef440 method=java.util.stream.AbstractPipeline.evaluate(Ljava/util/Spliterator;ZLjava/util/function/IntFunction;)Ljava/util/stream/Node; @ 35
Event: 1239.223 Thread 0x000000001dca9000 Uncommon trap: reason=unstable_if action=reinterpret pc=0x0000000006362e50 method=java.util.concurrent.ConcurrentHashMap.putVal(Ljava/lang/Object;Ljava/lang/Object;Z)Ljava/lang/Object; @ 331
Event: 1239.241 Thread 0x000000001dca9000 Uncommon trap: reason=unstable_if action=reinterpret pc=0x0000000003b1ef04 method=com.android.tools.r8.utils.Y.d(I)Z @ 45

Classes redefined (0 events):
No events

Internal exceptions (10 events):
Event: 1239.255 Thread 0x000000001ee5d800 Exception <a 'sun/nio/fs/WindowsException'> (0x00000000e7043460) thrown at [C:\src\AOSP-openjdk-git\hotspot\src\share\vm\prims\jni.cpp, line 710]
Event: 1239.257 Thread 0x000000001ee5d800 Exception <a 'sun/nio/fs/WindowsException'> (0x00000000e708a8d0) thrown at [C:\src\AOSP-openjdk-git\hotspot\src\share\vm\prims\jni.cpp, line 710]
Event: 1239.260 Thread 0x000000001ee5d800 Exception <a 'sun/nio/fs/WindowsException'> (0x00000000e70d2f40) thrown at [C:\src\AOSP-openjdk-git\hotspot\src\share\vm\prims\jni.cpp, line 710]
Event: 1239.265 Thread 0x000000001ee5d800 Exception <a 'sun/nio/fs/WindowsException'> (0x00000000e711fb58) thrown at [C:\src\AOSP-openjdk-git\hotspot\src\share\vm\prims\jni.cpp, line 710]
Event: 1239.268 Thread 0x000000001ee5d800 Exception <a 'sun/nio/fs/WindowsException'> (0x00000000e7126dd0) thrown at [C:\src\AOSP-openjdk-git\hotspot\src\share\vm\prims\jni.cpp, line 710]
Event: 1239.270 Thread 0x000000001ee5d800 Exception <a 'sun/nio/fs/WindowsException'> (0x00000000e712f3d8) thrown at [C:\src\AOSP-openjdk-git\hotspot\src\share\vm\prims\jni.cpp, line 710]
Event: 1239.276 Thread 0x000000001ee5d800 Exception <a 'sun/nio/fs/WindowsException'> (0x00000000e7642b18) thrown at [C:\src\AOSP-openjdk-git\hotspot\src\share\vm\prims\jni.cpp, line 710]
Event: 1239.278 Thread 0x000000001ee5d800 Exception <a 'sun/nio/fs/WindowsException'> (0x00000000e768a2f8) thrown at [C:\src\AOSP-openjdk-git\hotspot\src\share\vm\prims\jni.cpp, line 710]
Event: 1239.281 Thread 0x000000001ee5d800 Exception <a 'sun/nio/fs/WindowsException'> (0x00000000e76d2c98) thrown at [C:\src\AOSP-openjdk-git\hotspot\src\share\vm\prims\jni.cpp, line 710]
Event: 1239.285 Thread 0x000000001ee5d800 Exception <a 'sun/nio/fs/WindowsException'> (0x00000000e7719558) thrown at [C:\src\AOSP-openjdk-git\hotspot\src\share\vm\prims\jni.cpp, line 710]

Events (10 events):
Event: 1239.223 Thread 0x000000001dca9000 DEOPT UNPACKING pc=0x0000000002d7557b sp=0x000000003101dc08 mode 2
Event: 1239.223 loading class java/util/concurrent/ConcurrentHashMap$TreeNode
Event: 1239.224 loading class java/util/concurrent/ConcurrentHashMap$TreeNode done
Event: 1239.224 loading class java/util/concurrent/ConcurrentHashMap$TreeBin
Event: 1239.225 loading class java/util/concurrent/ConcurrentHashMap$TreeBin done
Event: 1239.241 Thread 0x000000001dca9000 Uncommon trap: trap_request=0xffffff65 fr.pc=0x0000000003b1ef04
Event: 1239.241 Thread 0x000000001dca9000 DEOPT PACKING pc=0x0000000003b1ef04 sp=0x000000003101dc60
Event: 1239.241 Thread 0x000000001dca9000 DEOPT UNPACKING pc=0x0000000002d7557b sp=0x000000003101db88 mode 2
Event: 1239.282 Thread 0x000000001dca9000 DEOPT PACKING pc=0x000000000411f1d0 sp=0x000000003101dc60
Event: 1239.282 Thread 0x000000001dca9000 DEOPT UNPACKING pc=0x0000000002d775d0 sp=0x000000003101d9b8 mode 0


Dynamic libraries:
0x00007ff660700000 - 0x00007ff660731000 	C:\Program Files\Android\Android Studio\jre\bin\java.exe
0x00007ffa9a980000 - 0x00007ffa9ab70000 	C:\WINDOWS\SYSTEM32\ntdll.dll
0x00007ffa9a420000 - 0x00007ffa9a4d2000 	C:\WINDOWS\System32\KERNEL32.DLL
0x00007ffa97ee0000 - 0x00007ffa98185000 	C:\WINDOWS\System32\KERNELBASE.dll
0x00007ffa98df0000 - 0x00007ffa98e93000 	C:\WINDOWS\System32\ADVAPI32.dll
0x00007ffa9a6a0000 - 0x00007ffa9a73e000 	C:\WINDOWS\System32\msvcrt.dll
0x00007ffa9a7d0000 - 0x00007ffa9a867000 	C:\WINDOWS\System32\sechost.dll
0x00007ffa99650000 - 0x00007ffa9976f000 	C:\WINDOWS\System32\RPCRT4.dll
0x00007ffa99770000 - 0x00007ffa99904000 	C:\WINDOWS\System32\USER32.dll
0x00007ffa97c20000 - 0x00007ffa97c41000 	C:\WINDOWS\System32\win32u.dll
0x00007ffa9a340000 - 0x00007ffa9a366000 	C:\WINDOWS\System32\GDI32.dll
0x00007ffa979e0000 - 0x00007ffa97b78000 	C:\WINDOWS\System32\gdi32full.dll
0x00007ffa97b80000 - 0x00007ffa97c1e000 	C:\WINDOWS\System32\msvcp_win.dll
0x00007ffa981b0000 - 0x00007ffa982aa000 	C:\WINDOWS\System32\ucrtbase.dll
0x00007ffa85780000 - 0x00007ffa85a04000 	C:\WINDOWS\WinSxS\amd64_microsoft.windows.common-controls_6595b64144ccf1df_6.0.18362.1316_none_9e7a364fe461dbd7\COMCTL32.dll
0x00007ffa98ab0000 - 0x00007ffa98de7000 	C:\WINDOWS\System32\combase.dll
0x00007ffa97c50000 - 0x00007ffa97cd1000 	C:\WINDOWS\System32\bcryptPrimitives.dll
0x00007ffa9a3f0000 - 0x00007ffa9a41e000 	C:\WINDOWS\System32\IMM32.DLL
0x000000005f210000 - 0x000000005f2e2000 	C:\Program Files\Android\Android Studio\jre\jre\bin\msvcr100.dll
0x000000005e4d0000 - 0x000000005ed1b000 	C:\Program Files\Android\Android Studio\jre\jre\bin\server\jvm.dll
0x00007ffa98a30000 - 0x00007ffa98a38000 	C:\WINDOWS\System32\PSAPI.DLL
0x00007ffa91530000 - 0x00007ffa91554000 	C:\WINDOWS\SYSTEM32\WINMM.dll
0x00007ffa8c740000 - 0x00007ffa8c74a000 	C:\WINDOWS\SYSTEM32\VERSION.dll
0x00007ffa91500000 - 0x00007ffa9152d000 	C:\WINDOWS\SYSTEM32\winmmbase.dll
0x00007ffa97900000 - 0x00007ffa9794a000 	C:\WINDOWS\System32\cfgmgr32.dll
0x00007ffa79520000 - 0x00007ffa79529000 	C:\WINDOWS\SYSTEM32\WSOCK32.dll
0x00007ffa99530000 - 0x00007ffa9959f000 	C:\WINDOWS\System32\WS2_32.dll
0x00007ffa91020000 - 0x00007ffa9102f000 	C:\Program Files\Android\Android Studio\jre\jre\bin\verify.dll
0x00007ffa8ef30000 - 0x00007ffa8ef59000 	C:\Program Files\Android\Android Studio\jre\jre\bin\java.dll
0x00007ffa8b160000 - 0x00007ffa8b176000 	C:\Program Files\Android\Android Studio\jre\jre\bin\zip.dll
0x00007ffa99ba0000 - 0x00007ffa9a288000 	C:\WINDOWS\System32\SHELL32.dll
0x00007ffa9a290000 - 0x00007ffa9a337000 	C:\WINDOWS\System32\shcore.dll
0x00007ffa982b0000 - 0x00007ffa98a2b000 	C:\WINDOWS\System32\windows.storage.dll
0x00007ffa97860000 - 0x00007ffa97883000 	C:\WINDOWS\System32\profapi.dll
0x00007ffa978b0000 - 0x00007ffa978fa000 	C:\WINDOWS\System32\powrprof.dll
0x00007ffa97830000 - 0x00007ffa97840000 	C:\WINDOWS\System32\UMPDC.dll
0x00007ffa99b40000 - 0x00007ffa99b92000 	C:\WINDOWS\System32\shlwapi.dll
0x00007ffa97890000 - 0x00007ffa978a1000 	C:\WINDOWS\System32\kernel.appcore.dll
0x00007ffa98190000 - 0x00007ffa981a7000 	C:\WINDOWS\System32\cryptsp.dll
0x00007ffa8b0b0000 - 0x00007ffa8b0ca000 	C:\Program Files\Android\Android Studio\jre\jre\bin\net.dll
0x00007ffa97070000 - 0x00007ffa970d7000 	C:\WINDOWS\system32\mswsock.dll
0x00007ffa8b090000 - 0x00007ffa8b0a3000 	C:\Program Files\Android\Android Studio\jre\jre\bin\nio.dll
0x00007ffa8dd40000 - 0x00007ffa8dd67000 	C:\Users\Chau\.gradle\native\f6784746aeab05261644944871eae4fe03e0ef1612fff0a4a95f87b438bc6780\windows-amd64\native-platform.dll
0x00007ffa906c0000 - 0x00007ffa906cd000 	C:\Program Files\Android\Android Studio\jre\jre\bin\management.dll
0x00007ffa96bf0000 - 0x00007ffa96c23000 	C:\WINDOWS\system32\rsaenh.dll
0x00007ffa979b0000 - 0x00007ffa979d6000 	C:\WINDOWS\System32\bcrypt.dll
0x00007ffa97750000 - 0x00007ffa97775000 	C:\WINDOWS\SYSTEM32\USERENV.dll
0x00007ffa97240000 - 0x00007ffa9724c000 	C:\WINDOWS\SYSTEM32\CRYPTBASE.dll
0x00007ffa96d80000 - 0x00007ffa96dba000 	C:\WINDOWS\SYSTEM32\IPHLPAPI.DLL
0x00007ffa9a740000 - 0x00007ffa9a748000 	C:\WINDOWS\System32\NSI.dll
0x00007ffa8d8f0000 - 0x00007ffa8d906000 	C:\WINDOWS\SYSTEM32\dhcpcsvc6.DLL
0x00007ffa8e060000 - 0x00007ffa8e07c000 	C:\WINDOWS\SYSTEM32\dhcpcsvc.DLL
0x00007ffa96dc0000 - 0x00007ffa96e8b000 	C:\WINDOWS\SYSTEM32\DNSAPI.dll
0x00007ffa8fa10000 - 0x00007ffa8fa1b000 	C:\WINDOWS\SYSTEM32\WINNSI.DLL

VM Arguments:
jvm_args: -Xmx1536m -Dfile.encoding=windows-1252 -Duser.country=MX -Duser.language=es -Duser.variant 
java_command: org.gradle.launcher.daemon.bootstrap.GradleDaemon 6.5
java_class_path (initial): C:\Users\Chau\.gradle\wrapper\dists\gradle-6.5-all\2oz4ud9k3tuxjg84bbf55q0tn\gradle-6.5\lib\gradle-launcher-6.5.jar
Launcher Type: SUN_STANDARD

Environment Variables:
JAVA_HOME=C:\Program Files\Android\Jdk\microsoft_dist_openjdk_1.8.0.25
PATH=C:\Program Files (x86)\Common Files\Intel\Shared Files\cpp\bin\Intel64;C:\Program Files (x86)\Common Files\Oracle\Java\javapath;C:\WINDOWS\system32;C:\WINDOWS;C:\WINDOWS\System32\Wbem;C:\WINDOWS\System32\WindowsPowerShell\v1.0\;C:\WINDOWS\System32\OpenSSH\;C:\Program Files\Git\cmd;C:\Program Files\dotnet\;C:\Program Files (x86)\IncrediBuild;C:\Program Files\Intel\WiFi\bin\;C:\Program Files\Common Files\Intel\WirelessCommon\;C:\Program Files\Microsoft SQL Server\130\Tools\Binn\;C:\Program Files\Microsoft SQL Server\Client SDK\ODBC\170\Tools\Binn\;C:\Program Files (x86)\Microsoft SQL Server\150\Tools\Binn\;C:\Program Files\Microsoft SQL Server\150\Tools\Binn\;C:\Program Files\Microsoft SQL Server\150\DTS\Binn\;C:\Program Files\nodejs\;C:\xamp\php;C:\ProgramData\ComposerSetup\bin;C:\Program Files (x86)\Intel\Intel(R) Management Engine Components\DAL;C:\Program Files\Intel\Intel(R) Management Engine Components\DAL;C:\Program Files (x86)\dotnet\;C:\Users\Chau\AppData\Local\Programs\Python\Python39\Scripts\;C:\Users\Chau\AppData\Local\Programs\Python\Python39\;C:\Users\Chau\anaconda;C:\Users\Chau\anaconda\Library\mingw-w64\bin;C:\Users\Chau\anaconda\Library\usr\bin;C:\Users\Chau\anaconda\Library\bin;C:\Users\Chau\anaconda\Scripts;C:\Users\Chau\AppData\Local\Programs\Python\Python38\Scripts\;C:\Users\Chau\AppData\Local\Programs\Python\Python38\;C:\Users\Chau\anaconda3;C:\Users\Chau\anaconda3\Library\mingw-w64\bin;C:\Users\Chau\anaconda3\Library\usr\bin;C:\Users\Chau\anaconda3\Library\bin;C:\Users\Chau\anaconda3\Scripts;C:\Users\Chau\AppData\Local\Microsoft\WindowsApps;C:\xampp\php;C:\Users\Chau\AppData\Local\Microsoft\WindowsApps;C:\Users\Chau\AppData\Local\Programs\Microsoft VS Code\bin;C:\Users\Chau\AppData\Roaming\Composer\vendor\bin;C:\seleniumWebdrivers\;C:\Users\Chau\anaconda3\python.exe;C:\Users\Chau\AppData\Roaming\npm;C:\seleniumWebdrivers\geckodriver.exe;C:\Users\Chau\AppData\Roaming\npm
USERNAME=Chau
OS=Windows_NT
PROCESSOR_IDENTIFIER=Intel64 Family 6 Model 142 Stepping 10, GenuineIntel



---------------  S Y S T E M  ---------------

OS: Windows 10.0 , 64 bit Build 18362 (10.0.18362.1316)

CPU:total 8 (initial active 8) (4 cores per cpu, 2 threads per core) family 6 model 142 stepping 10, cmov, cx8, fxsr, mmx, sse, sse2, sse3, ssse3, sse4.1, sse4.2, popcnt, avx, avx2, aes, clmul, erms, rtm, 3dnowpref, lzcnt, ht, tsc, tscinvbit, bmi1, bmi2, adx

Memory: 4k page, physical 16612328k(538432k free), swap 47706212k(6740k free)

vm_info: OpenJDK 64-Bit Server VM (25.242-b01) for windows-amd64 JRE (1.8.0_242-release-1644-b01), built by "builder" with MS VC++ 10.0 (VS2010)

time: Thu Feb 04 10:50:00 2021
timezone: Hora estándar central (México)
elapsed time: 1239 seconds (0d 0h 20m 39s)

