#
# There is insufficient memory for the Java Runtime Environment to continue.
# Native memory allocation (malloc) failed to allocate 1121696 bytes for Chunk::new
# Possible reasons:
#   The system is out of physical RAM or swap space
#   The process is running with CompressedOops enabled, and the Java Heap may be blocking the growth of the native heap
# Possible solutions:
#   Reduce memory load on the system
#   Increase physical memory or swap space
#   Check if swap backing store is full
#   Decrease Java heap size (-Xmx/-Xms)
#   Decrease number of Java threads
#   Decrease Java thread stack sizes (-Xss)
#   Set larger code cache with -XX:ReservedCodeCacheSize=
#   JVM is running with Unscaled Compressed Oops mode in which the Java heap is
#     placed in the first 4GB address space. The Java Heap base address is the
#     maximum limit for the native heap growth. Please use -XX:HeapBaseMinAddress
#     to set the Java Heap base and to place the Java Heap above 4GB virtual address.
# This output file may be truncated or incomplete.
#
#  Out of Memory Error (allocation.cpp:389), pid=20104, tid=0x0000000000003134
#
# JRE version: OpenJDK Runtime Environment (8.0_242-b01) (build 1.8.0_242-release-1644-b01)
# Java VM: OpenJDK 64-Bit Server VM (25.242-b01 mixed mode windows-amd64 compressed oops)
# Failed to write core dump. Minidumps are not enabled by default on client versions of Windows
#

---------------  T H R E A D  ---------------

Current thread (0x00000000184b1000):  JavaThread "C2 CompilerThread0" daemon [_thread_in_native, id=12596, stack(0x0000000018db0000,0x0000000018eb0000)]

Stack: [0x0000000018db0000,0x0000000018eb0000]
[error occurred during error reporting (printing stack bounds), id 0xc0000005]

Native frames: (J=compiled Java code, j=interpreted, Vv=VM code, C=native code)


Current CompileTask:
C2:   7886 5636   !   4       java.net.URLClassLoader$1::run (63 bytes)


---------------  P R O C E S S  ---------------

Java Threads: ( => current thread )
  0x000000001ed74800 JavaThread "Cache worker for file content cache (C:\Users\Chau\Desktop\MangoCliente\.gradle\6.5\fileContent)" [_thread_blocked, id=10076, stack(0x000000002abc0000,0x000000002acc0000)]
  0x000000001ed71800 JavaThread "Memory manager" [_thread_blocked, id=17324, stack(0x000000002a610000,0x000000002a710000)]
  0x000000001ed76000 JavaThread "Cache worker for Build Output Cleanup Cache (C:\Users\Chau\Desktop\MangoCliente\.gradle\buildOutputCleanup)" [_thread_blocked, id=19236, stack(0x00000000285e0000,0x00000000286e0000)]
  0x000000001b3ed800 JavaThread "jar transforms Thread 94" [_thread_blocked, id=13508, stack(0x0000000029710000,0x0000000029810000)]
  0x000000001b3eb000 JavaThread "jar transforms Thread 93" [_thread_blocked, id=3952, stack(0x0000000029610000,0x0000000029710000)]
  0x000000001b3ea800 JavaThread "jar transforms Thread 92" [_thread_blocked, id=1260, stack(0x0000000029510000,0x0000000029610000)]
  0x000000001b3e9800 JavaThread "jar transforms Thread 91" [_thread_blocked, id=21216, stack(0x0000000029410000,0x0000000029510000)]
  0x000000001b3e9000 JavaThread "jar transforms Thread 90" [_thread_blocked, id=13220, stack(0x0000000029310000,0x0000000029410000)]
  0x000000001b3ec800 JavaThread "jar transforms Thread 89" [_thread_blocked, id=14104, stack(0x0000000029210000,0x0000000029310000)]
  0x000000001b3ec000 JavaThread "jar transforms Thread 88" [_thread_blocked, id=14316, stack(0x0000000029110000,0x0000000029210000)]
  0x000000001b3e8000 JavaThread "jar transforms Thread 87" [_thread_blocked, id=21104, stack(0x0000000029010000,0x0000000029110000)]
  0x000000001b3e3000 JavaThread "jar transforms Thread 86" [_thread_blocked, id=12744, stack(0x0000000028f10000,0x0000000029010000)]
  0x000000001b3e6800 JavaThread "jar transforms Thread 85" [_thread_blocked, id=11552, stack(0x0000000028e10000,0x0000000028f10000)]
  0x000000001b3e0800 JavaThread "jar transforms Thread 84" [_thread_blocked, id=5864, stack(0x0000000028d10000,0x0000000028e10000)]
  0x000000001b3e6000 JavaThread "jar transforms Thread 83" [_thread_blocked, id=16800, stack(0x0000000028c10000,0x0000000028d10000)]
  0x000000001b3e7800 JavaThread "jar transforms Thread 82" [_thread_blocked, id=9572, stack(0x0000000028b10000,0x0000000028c10000)]
  0x000000001b3e4800 JavaThread "jar transforms Thread 81" [_thread_blocked, id=16172, stack(0x0000000028a10000,0x0000000028b10000)]
  0x000000001b3e5000 JavaThread "jar transforms Thread 80" [_thread_blocked, id=13152, stack(0x0000000028910000,0x0000000028a10000)]
  0x000000001b3e2000 JavaThread "jar transforms Thread 79" [_thread_blocked, id=16496, stack(0x00000000284e0000,0x00000000285e0000)]
  0x000000001b3e0000 JavaThread "jar transforms Thread 78" [_thread_blocked, id=11816, stack(0x00000000283e0000,0x00000000284e0000)]
  0x000000001b3de800 JavaThread "jar transforms Thread 77" [_thread_blocked, id=13104, stack(0x00000000282e0000,0x00000000283e0000)]
  0x000000001b3df000 JavaThread "jar transforms Thread 76" [_thread_blocked, id=3648, stack(0x00000000281e0000,0x00000000282e0000)]
  0x000000001b3e1800 JavaThread "jar transforms Thread 75" [_thread_blocked, id=276, stack(0x00000000280e0000,0x00000000281e0000)]
  0x000000001b3e3800 JavaThread "jar transforms Thread 74" [_thread_blocked, id=19988, stack(0x0000000027fe0000,0x00000000280e0000)]
  0x000000001e8ef800 JavaThread "jar transforms Thread 73" [_thread_blocked, id=15596, stack(0x0000000027ee0000,0x0000000027fe0000)]
  0x000000001e8ee800 JavaThread "jar transforms Thread 72" [_thread_blocked, id=3420, stack(0x0000000027de0000,0x0000000027ee0000)]
  0x000000001e8ed000 JavaThread "jar transforms Thread 71" [_thread_blocked, id=3336, stack(0x0000000027ce0000,0x0000000027de0000)]
  0x000000001e8ea000 JavaThread "jar transforms Thread 70" [_thread_blocked, id=17644, stack(0x0000000027be0000,0x0000000027ce0000)]
  0x000000001e8ec800 JavaThread "jar transforms Thread 69" [_thread_blocked, id=10700, stack(0x0000000027ae0000,0x0000000027be0000)]
  0x000000001e8eb800 JavaThread "jar transforms Thread 68" [_thread_blocked, id=19468, stack(0x00000000279e0000,0x0000000027ae0000)]
  0x000000001e8eb000 JavaThread "jar transforms Thread 67" [_thread_blocked, id=9240, stack(0x00000000278e0000,0x00000000279e0000)]
  0x000000001e8ee000 JavaThread "jar transforms Thread 66" [_thread_blocked, id=11568, stack(0x00000000277e0000,0x00000000278e0000)]
  0x000000001e8e9800 JavaThread "jar transforms Thread 65" [_thread_blocked, id=17964, stack(0x00000000276e0000,0x00000000277e0000)]
  0x000000001e8e2800 JavaThread "jar transforms Thread 64" [_thread_blocked, id=11952, stack(0x00000000275e0000,0x00000000276e0000)]
  0x000000001e8e2000 JavaThread "jar transforms Thread 63" [_thread_blocked, id=16836, stack(0x00000000274e0000,0x00000000275e0000)]
  0x000000001e8e5800 JavaThread "jar transforms Thread 62" [_thread_blocked, id=11416, stack(0x00000000273e0000,0x00000000274e0000)]
  0x000000001e8e4000 JavaThread "jar transforms Thread 61" [_thread_blocked, id=20256, stack(0x00000000272e0000,0x00000000273e0000)]
  0x000000001e8e8800 JavaThread "jar transforms Thread 60" [_thread_blocked, id=2800, stack(0x00000000271e0000,0x00000000272e0000)]
  0x000000001e8e7000 JavaThread "jar transforms Thread 59" [_thread_blocked, id=4032, stack(0x00000000270e0000,0x00000000271e0000)]
  0x000000001e8e8000 JavaThread "jar transforms Thread 58" [_thread_blocked, id=17136, stack(0x0000000026fe0000,0x00000000270e0000)]
  0x000000001e8e1000 JavaThread "jar transforms Thread 57" [_thread_blocked, id=19688, stack(0x0000000026ee0000,0x0000000026fe0000)]
  0x000000001e8e6800 JavaThread "jar transforms Thread 56" [_thread_blocked, id=16736, stack(0x0000000026de0000,0x0000000026ee0000)]
  0x000000001e8e5000 JavaThread "jar transforms Thread 55" [_thread_blocked, id=7544, stack(0x0000000026ce0000,0x0000000026de0000)]
  0x000000001e8e0800 JavaThread "jar transforms Thread 54" [_thread_blocked, id=8136, stack(0x0000000026be0000,0x0000000026ce0000)]
  0x000000001e8e3800 JavaThread "jar transforms Thread 53" [_thread_blocked, id=13708, stack(0x0000000026ae0000,0x0000000026be0000)]
  0x000000001b8c9000 JavaThread "jar transforms Thread 52" [_thread_blocked, id=14352, stack(0x00000000269e0000,0x0000000026ae0000)]
  0x000000001b8c8000 JavaThread "jar transforms Thread 51" [_thread_blocked, id=15988, stack(0x00000000268e0000,0x00000000269e0000)]
  0x000000001b8c9800 JavaThread "jar transforms Thread 50" [_thread_blocked, id=20820, stack(0x00000000267e0000,0x00000000268e0000)]
  0x000000001b8cc000 JavaThread "jar transforms Thread 49" [_thread_blocked, id=12908, stack(0x00000000266e0000,0x00000000267e0000)]
  0x000000001b8c7800 JavaThread "jar transforms Thread 48" [_thread_blocked, id=1556, stack(0x00000000265e0000,0x00000000266e0000)]
  0x000000001b8ca800 JavaThread "jar transforms Thread 47" [_thread_blocked, id=4952, stack(0x00000000264e0000,0x00000000265e0000)]
  0x000000001b8cc800 JavaThread "jar transforms Thread 46" [_thread_blocked, id=400, stack(0x00000000263e0000,0x00000000264e0000)]
  0x000000001b8cb000 JavaThread "jar transforms Thread 45" [_thread_blocked, id=18528, stack(0x00000000262e0000,0x00000000263e0000)]
  0x000000001b8ce000 JavaThread "jar transforms Thread 44" [_thread_blocked, id=5884, stack(0x00000000261e0000,0x00000000262e0000)]
  0x000000001b8cd800 JavaThread "jar transforms Thread 43" [_thread_blocked, id=10692, stack(0x00000000260e0000,0x00000000261e0000)]
  0x000000001b8c6800 JavaThread "jar transforms Thread 42" [_thread_blocked, id=5820, stack(0x0000000025fe0000,0x00000000260e0000)]
  0x000000001b8bf000 JavaThread "jar transforms Thread 41" [_thread_blocked, id=18260, stack(0x0000000025ee0000,0x0000000025fe0000)]
  0x000000001b8c6000 JavaThread "jar transforms Thread 40" [_thread_blocked, id=19024, stack(0x0000000025de0000,0x0000000025ee0000)]
  0x000000001b8c3000 JavaThread "jar transforms Thread 39" [_thread_blocked, id=21272, stack(0x0000000025ce0000,0x0000000025de0000)]
  0x000000001b8c5000 JavaThread "jar transforms Thread 38" [_thread_blocked, id=20932, stack(0x0000000025be0000,0x0000000025ce0000)]
  0x000000001b8c4800 JavaThread "jar transforms Thread 37" [_thread_blocked, id=20444, stack(0x0000000025ae0000,0x0000000025be0000)]
  0x000000001b8c2000 JavaThread "jar transforms Thread 36" [_thread_blocked, id=2248, stack(0x00000000259e0000,0x0000000025ae0000)]
  0x000000001b8c3800 JavaThread "jar transforms Thread 35" [_thread_blocked, id=4652, stack(0x00000000258e0000,0x00000000259e0000)]
  0x000000001b8c0800 JavaThread "jar transforms Thread 34" [_thread_blocked, id=20880, stack(0x00000000257e0000,0x00000000258e0000)]
  0x000000001b8c0000 JavaThread "jar transforms Thread 33" [_thread_blocked, id=12612, stack(0x00000000256e0000,0x00000000257e0000)]
  0x000000001b8c1800 JavaThread "jar transforms Thread 32" [_thread_blocked, id=10548, stack(0x00000000255e0000,0x00000000256e0000)]
  0x0000000022065000 JavaThread "jar transforms Thread 31" [_thread_blocked, id=12996, stack(0x00000000254e0000,0x00000000255e0000)]
  0x0000000022064800 JavaThread "jar transforms Thread 30" [_thread_blocked, id=14852, stack(0x00000000253e0000,0x00000000254e0000)]
  0x0000000022063800 JavaThread "jar transforms Thread 29" [_thread_blocked, id=14720, stack(0x00000000252e0000,0x00000000253e0000)]
  0x0000000022063000 JavaThread "jar transforms Thread 28" [_thread_blocked, id=3680, stack(0x00000000251e0000,0x00000000252e0000)]
  0x0000000022061800 JavaThread "jar transforms Thread 27" [_thread_blocked, id=10196, stack(0x00000000250e0000,0x00000000251e0000)]
  0x0000000022062000 JavaThread "jar transforms Thread 26" [_thread_blocked, id=3872, stack(0x0000000024fe0000,0x00000000250e0000)]
  0x0000000022060800 JavaThread "jar transforms Thread 25" [_thread_blocked, id=15712, stack(0x0000000024ee0000,0x0000000024fe0000)]
  0x0000000022059000 JavaThread "jar transforms Thread 24" [_thread_blocked, id=16332, stack(0x0000000024de0000,0x0000000024ee0000)]
  0x0000000022060000 JavaThread "jar transforms Thread 23" [_thread_blocked, id=17356, stack(0x0000000024ce0000,0x0000000024de0000)]
  0x0000000022058800 JavaThread "jar transforms Thread 22" [_thread_blocked, id=17692, stack(0x0000000024be0000,0x0000000024ce0000)]
  0x000000002205a000 JavaThread "jar transforms Thread 21" [_thread_blocked, id=18152, stack(0x0000000024ae0000,0x0000000024be0000)]
  0x000000002205a800 JavaThread "jar transforms Thread 20" [_thread_blocked, id=18860, stack(0x00000000249e0000,0x0000000024ae0000)]
  0x000000002205b800 JavaThread "jar transforms Thread 19" [_thread_blocked, id=4292, stack(0x00000000248e0000,0x00000000249e0000)]
  0x000000002205f000 JavaThread "jar transforms Thread 18" [_thread_blocked, id=9008, stack(0x00000000247e0000,0x00000000248e0000)]
  0x0000000022057800 JavaThread "jar transforms Thread 17" [_thread_blocked, id=15532, stack(0x00000000246e0000,0x00000000247e0000)]
  0x000000002205d800 JavaThread "jar transforms Thread 16" [_thread_blocked, id=19252, stack(0x00000000245e0000,0x00000000246e0000)]
  0x000000002205e800 JavaThread "jar transforms Thread 15" [_thread_blocked, id=2760, stack(0x00000000244e0000,0x00000000245e0000)]
  0x0000000022056000 JavaThread "jar transforms Thread 14" [_thread_blocked, id=13496, stack(0x00000000243e0000,0x00000000244e0000)]
  0x000000002205c000 JavaThread "jar transforms Thread 13" [_thread_blocked, id=18180, stack(0x00000000242e0000,0x00000000243e0000)]
  0x000000002205d000 JavaThread "jar transforms Thread 12" [_thread_blocked, id=5052, stack(0x00000000241e0000,0x00000000242e0000)]
  0x0000000022057000 JavaThread "jar transforms Thread 11" [_thread_blocked, id=20664, stack(0x00000000240e0000,0x00000000241e0000)]
  0x0000000020880800 JavaThread "jar transforms Thread 10" [_thread_blocked, id=9984, stack(0x0000000023fe0000,0x00000000240e0000)]
  0x0000000020887800 JavaThread "jar transforms Thread 9" [_thread_blocked, id=13976, stack(0x0000000023ee0000,0x0000000023fe0000)]
  0x0000000020880000 JavaThread "jar transforms Thread 8" [_thread_blocked, id=21364, stack(0x0000000023de0000,0x0000000023ee0000)]
  0x0000000020886000 JavaThread "jar transforms Thread 7" [_thread_blocked, id=20048, stack(0x0000000023ce0000,0x0000000023de0000)]
  0x0000000020884800 JavaThread "jar transforms Thread 6" [_thread_blocked, id=1332, stack(0x0000000023be0000,0x0000000023ce0000)]
  0x0000000020885000 JavaThread "jar transforms Thread 5" [_thread_blocked, id=14420, stack(0x0000000023ae0000,0x0000000023be0000)]
  0x0000000020886800 JavaThread "jar transforms Thread 4" [_thread_blocked, id=15536, stack(0x00000000239e0000,0x0000000023ae0000)]
  0x0000000020882000 JavaThread "jar transforms Thread 3" [_thread_blocked, id=1960, stack(0x00000000238e0000,0x00000000239e0000)]
  0x0000000020881800 JavaThread "jar transforms Thread 2" [_thread_blocked, id=10944, stack(0x00000000237e0000,0x00000000238e0000)]
  0x0000000020883800 JavaThread "Build operations Thread 8" [_thread_blocked, id=18396, stack(0x00000000236e0000,0x00000000237e0000)]
  0x0000000020883000 JavaThread "Build operations Thread 7" [_thread_blocked, id=10936, stack(0x00000000235e0000,0x00000000236e0000)]
  0x0000000020878800 JavaThread "Build operations Thread 6" [_thread_blocked, id=17848, stack(0x00000000234e0000,0x00000000235e0000)]
  0x000000002087f000 JavaThread "Build operations Thread 5" [_thread_blocked, id=16944, stack(0x00000000233e0000,0x00000000234e0000)]
  0x0000000020879000 JavaThread "Build operations Thread 4" [_thread_blocked, id=19488, stack(0x00000000232e0000,0x00000000233e0000)]
  0x000000002087e800 JavaThread "Build operations Thread 3" [_thread_blocked, id=16084, stack(0x00000000231e0000,0x00000000232e0000)]
  0x000000002087d800 JavaThread "Build operations Thread 2" [_thread_blocked, id=8920, stack(0x00000000230e0000,0x00000000231e0000)]
  0x000000002087d000 JavaThread "Build operations" [_thread_blocked, id=19040, stack(0x0000000022fe0000,0x00000000230e0000)]
  0x000000001b146000 JavaThread "Cache worker for file content cache (C:\Users\Chau\.gradle\caches\6.5\fileContent)" [_thread_blocked, id=4060, stack(0x0000000021910000,0x0000000021a10000)]
  0x000000001b145000 JavaThread "jar transforms" [_thread_blocked, id=20952, stack(0x0000000021810000,0x0000000021910000)]
  0x000000001b143800 JavaThread "Cache worker for execution history cache (C:\Users\Chau\.gradle\caches\6.5\executionHistory)" [_thread_blocked, id=15512, stack(0x0000000021110000,0x0000000021210000)]
  0x000000001b140800 JavaThread "Cache worker for cache directory md-rule (C:\Users\Chau\.gradle\caches\6.5\md-rule)" [_thread_blocked, id=11804, stack(0x0000000021010000,0x0000000021110000)]
  0x000000001b144000 JavaThread "Cache worker for cache directory md-supplier (C:\Users\Chau\.gradle\caches\6.5\md-supplier)" [_thread_blocked, id=8204, stack(0x0000000020f10000,0x0000000021010000)]
  0x000000001b13f800 JavaThread "Cache worker for checksums cache (C:\Users\Chau\Desktop\MangoCliente\.gradle\checksums)" [_thread_blocked, id=4760, stack(0x000000001fd60000,0x000000001fe60000)]
  0x000000001b142800 JavaThread "Cache worker for file hash cache (C:\Users\Chau\Desktop\MangoCliente\.gradle\6.5\fileHashes)" [_thread_blocked, id=18640, stack(0x000000001fa50000,0x000000001fb50000)]
  0x000000001b142000 JavaThread "Cache worker for file hash cache (C:\Users\Chau\.gradle\caches\6.5\fileHashes)" [_thread_blocked, id=1504, stack(0x000000001d500000,0x000000001d600000)]
  0x000000001b141000 JavaThread "File lock request listener" [_thread_in_native, id=18932, stack(0x000000001d400000,0x000000001d500000)]
  0x00000000194d6000 JavaThread "Cache worker for journal cache (C:\Users\Chau\.gradle\caches\journal-1)" [_thread_blocked, id=11832, stack(0x000000001d300000,0x000000001d400000)]
  0x000000001b1dc800 JavaThread "Thread-9" [_thread_blocked, id=16708, stack(0x000000001d000000,0x000000001d100000)]
  0x000000001b127800 JavaThread "Stdin handler" [_thread_blocked, id=12012, stack(0x000000001cf00000,0x000000001d000000)]
  0x000000001b12f000 JavaThread "Asynchronous log dispatcher for DefaultDaemonConnection: socket connection from /127.0.0.1:50585 to /127.0.0.1:50586" [_thread_blocked, id=3980, stack(0x000000001ce00000,0x000000001cf00000)]
  0x000000001b105800 JavaThread "Daemon worker" [_thread_in_Java, id=3380, stack(0x000000001cd00000,0x000000001ce00000)]
  0x000000001b104000 JavaThread "Cancel handler" [_thread_blocked, id=11732, stack(0x000000001cb00000,0x000000001cc00000)]
  0x000000001b0f5800 JavaThread "Handler for socket connection from /127.0.0.1:50585 to /127.0.0.1:50586" [_thread_in_native, id=13808, stack(0x000000001ca00000,0x000000001cb00000)]
  0x000000001b0ed800 JavaThread "Daemon" [_thread_blocked, id=9220, stack(0x000000001c900000,0x000000001ca00000)]
  0x000000001b0e1800 JavaThread "Daemon periodic checks" [_thread_blocked, id=2916, stack(0x000000001c600000,0x000000001c700000)]
  0x000000001b093800 JavaThread "Incoming local TCP Connector on port 50585" [_thread_in_native, id=1656, stack(0x000000001c390000,0x000000001c490000)]
  0x000000001afb2800 JavaThread "Daemon health stats" [_thread_blocked, id=14820, stack(0x000000001bd50000,0x000000001be50000)]
  0x0000000018557000 JavaThread "Service Thread" daemon [_thread_blocked, id=11600, stack(0x00000000191b0000,0x00000000192b0000)]
  0x00000000184ca000 JavaThread "C1 CompilerThread3" daemon [_thread_blocked, id=572, stack(0x00000000190b0000,0x00000000191b0000)]
  0x00000000184b9000 JavaThread "C2 CompilerThread2" daemon [_thread_blocked, id=21092, stack(0x0000000018fb0000,0x00000000190b0000)]
  0x00000000184b7000 JavaThread "C2 CompilerThread1" daemon [_thread_in_native, id=9676, stack(0x0000000018eb0000,0x0000000018fb0000)]
=>0x00000000184b1000 JavaThread "C2 CompilerThread0" daemon [_thread_in_native, id=12596, stack(0x0000000018db0000,0x0000000018eb0000)]
  0x00000000184af800 JavaThread "Attach Listener" daemon [_thread_blocked, id=20776, stack(0x0000000018cb0000,0x0000000018db0000)]
  0x00000000184ae000 JavaThread "Signal Dispatcher" daemon [_thread_blocked, id=4456, stack(0x0000000018bb0000,0x0000000018cb0000)]
  0x00000000184a0800 JavaThread "Finalizer" daemon [_thread_blocked, id=620, stack(0x0000000018980000,0x0000000018a80000)]
  0x00000000028c8800 JavaThread "Reference Handler" daemon [_thread_blocked, id=14780, stack(0x0000000018880000,0x0000000018980000)]
  0x0000000000e6e800 JavaThread "main" [_thread_blocked, id=14708, stack(0x0000000002670000,0x0000000002770000)]

Other Threads:
  0x0000000016687800 VMThread [stack: 0x0000000018380000,0x0000000018480000] [id=12416]
  0x0000000018558000 WatcherThread [stack: 0x00000000192b0000,0x00000000193b0000] [id=17928]

VM state:not at safepoint (normal execution)

VM Mutex/Monitor currently owned by a thread: None

heap address: 0x00000000a0000000, size: 1536 MB, Compressed Oops mode: 32-bit
Narrow klass base: 0x0000000000000000, Narrow klass shift: 3
Compressed class space size: 1073741824 Address: 0x0000000100000000

Heap:
 PSYoungGen      total 238080K, used 80045K [0x00000000e0000000, 0x00000000efb00000, 0x0000000100000000)
  eden space 222208K, 36% used [0x00000000e0000000,0x00000000e4e2b7e0,0x00000000ed900000)
  from space 15872K, 0% used [0x00000000ee800000,0x00000000ee800000,0x00000000ef780000)
  to   space 15360K, 0% used [0x00000000ed900000,0x00000000ed900000,0x00000000ee800000)
 ParOldGen       total 90624K, used 43405K [0x00000000a0000000, 0x00000000a5880000, 0x00000000e0000000)
  object space 90624K, 47% used [0x00000000a0000000,0x00000000a2a63718,0x00000000a5880000)
 Metaspace       used 61207K, capacity 63782K, committed 63832K, reserved 1103872K
  class space    used 8477K, capacity 9047K, committed 9088K, reserved 1048576K

Card table byte_map: [0x0000000011c90000,0x0000000011fa0000] byte_map_base: 0x0000000011790000

Marking Bits: (ParMarkBitMap*) 0x000000005363f030
 Begin Bits: [0x00000000129a0000, 0x00000000141a0000)
 End Bits:   [0x00000000141a0000, 0x00000000159a0000)

Polling page: 0x0000000002770000

CodeCache: size=245760Kb used=18188Kb max_used=18197Kb free=227571Kb
 bounds [0x00000000028d0000, 0x0000000003ab0000, 0x00000000118d0000]
 total_blobs=6032 nmethods=5256 adapters=689
 compilation: enabled

Compilation events (10 events):
Event: 7.880 Thread 0x00000000184ca000 nmethod 5802 0x00000000035dda10 code [0x00000000035dde80, 0x00000000035e0938]
Event: 7.881 Thread 0x00000000184ca000 5801       3       org.gradle.internal.graph.CachingDirectedGraphWalker$GraphWithEmptyEdges::getNodeValues (13 bytes)
Event: 7.881 Thread 0x00000000184ca000 nmethod 5801 0x0000000002d01e10 code [0x0000000002d01f80, 0x0000000002d021a8]
Event: 7.881 Thread 0x00000000184ca000 5800       3       java.util.ArrayDeque::allocateElements (12 bytes)
Event: 7.881 Thread 0x00000000184b9000 nmethod 5740 0x00000000035d8b90 code [0x00000000035d8e40, 0x00000000035daea0]
Event: 7.881 Thread 0x00000000184ca000 nmethod 5800 0x0000000002d03c10 code [0x0000000002d03d80, 0x0000000002d03fa8]
Event: 7.881 Thread 0x00000000184ca000 5799       1       com.android.build.api.artifact.impl.SingleInitialProviderRequestImpl::access$getFrom$p (5 bytes)
Event: 7.881 Thread 0x00000000184b9000 5744       4       com.sun.beans.TypeResolver::erase (32 bytes)
Event: 7.881 Thread 0x00000000184ca000 nmethod 5799 0x0000000002d03950 code [0x0000000002d03aa0, 0x0000000002d03b90]
Event: 7.881 Thread 0x00000000184ca000 5803       3       org.gradle.internal.graph.CachingDirectedGraphWalker::doSearch (659 bytes)

GC Heap History (10 events):
Event: 4.051 GC heap before
{Heap before GC invocations=7 (full 1):
 PSYoungGen      total 140800K, used 44187K [0x00000000e0000000, 0x00000000ef780000, 0x0000000100000000)
  eden space 130048K, 25% used [0x00000000e0000000,0x00000000e20a8d30,0x00000000e7f00000)
  from space 10752K, 99% used [0x00000000e7f00000,0x00000000e897e0f8,0x00000000e8980000)
  to   space 15872K, 0% used [0x00000000ee800000,0x00000000ee800000,0x00000000ef780000)
 ParOldGen       total 90624K, used 10384K [0x00000000a0000000, 0x00000000a5880000, 0x00000000e0000000)
  object space 90624K, 11% used [0x00000000a0000000,0x00000000a0a24218,0x00000000a5880000)
 Metaspace       used 33974K, capacity 35180K, committed 35416K, reserved 1079296K
  class space    used 4666K, capacity 4969K, committed 4992K, reserved 1048576K
Event: 4.058 GC heap after
Heap after GC invocations=7 (full 1):
 PSYoungGen      total 238080K, used 8219K [0x00000000e0000000, 0x00000000efb00000, 0x0000000100000000)
  eden space 222208K, 0% used [0x00000000e0000000,0x00000000e0000000,0x00000000ed900000)
  from space 15872K, 51% used [0x00000000ee800000,0x00000000ef006f50,0x00000000ef780000)
  to   space 15360K, 0% used [0x00000000ed900000,0x00000000ed900000,0x00000000ee800000)
 ParOldGen       total 90624K, used 10392K [0x00000000a0000000, 0x00000000a5880000, 0x00000000e0000000)
  object space 90624K, 11% used [0x00000000a0000000,0x00000000a0a26218,0x00000000a5880000)
 Metaspace       used 33974K, capacity 35180K, committed 35416K, reserved 1079296K
  class space    used 4666K, capacity 4969K, committed 4992K, reserved 1048576K
}
Event: 4.058 GC heap before
{Heap before GC invocations=8 (full 2):
 PSYoungGen      total 238080K, used 8219K [0x00000000e0000000, 0x00000000efb00000, 0x0000000100000000)
  eden space 222208K, 0% used [0x00000000e0000000,0x00000000e0000000,0x00000000ed900000)
  from space 15872K, 51% used [0x00000000ee800000,0x00000000ef006f50,0x00000000ef780000)
  to   space 15360K, 0% used [0x00000000ed900000,0x00000000ed900000,0x00000000ee800000)
 ParOldGen       total 90624K, used 10392K [0x00000000a0000000, 0x00000000a5880000, 0x00000000e0000000)
  object space 90624K, 11% used [0x00000000a0000000,0x00000000a0a26218,0x00000000a5880000)
 Metaspace       used 33974K, capacity 35180K, committed 35416K, reserved 1079296K
  class space    used 4666K, capacity 4969K, committed 4992K, reserved 1048576K
Event: 4.101 GC heap after
Heap after GC invocations=8 (full 2):
 PSYoungGen      total 238080K, used 0K [0x00000000e0000000, 0x00000000efb00000, 0x0000000100000000)
  eden space 222208K, 0% used [0x00000000e0000000,0x00000000e0000000,0x00000000ed900000)
  from space 15872K, 0% used [0x00000000ee800000,0x00000000ee800000,0x00000000ef780000)
  to   space 15360K, 0% used [0x00000000ed900000,0x00000000ed900000,0x00000000ee800000)
 ParOldGen       total 90624K, used 14714K [0x00000000a0000000, 0x00000000a5880000, 0x00000000e0000000)
  object space 90624K, 16% used [0x00000000a0000000,0x00000000a0e5eb00,0x00000000a5880000)
 Metaspace       used 33974K, capacity 35180K, committed 35416K, reserved 1079296K
  class space    used 4666K, capacity 4969K, committed 4992K, reserved 1048576K
}
Event: 5.335 GC heap before
{Heap before GC invocations=9 (full 2):
 PSYoungGen      total 238080K, used 222208K [0x00000000e0000000, 0x00000000efb00000, 0x0000000100000000)
  eden space 222208K, 100% used [0x00000000e0000000,0x00000000ed900000,0x00000000ed900000)
  from space 15872K, 0% used [0x00000000ee800000,0x00000000ee800000,0x00000000ef780000)
  to   space 15360K, 0% used [0x00000000ed900000,0x00000000ed900000,0x00000000ee800000)
 ParOldGen       total 90624K, used 14714K [0x00000000a0000000, 0x00000000a5880000, 0x00000000e0000000)
  object space 90624K, 16% used [0x00000000a0000000,0x00000000a0e5eb00,0x00000000a5880000)
 Metaspace       used 44290K, capacity 46200K, committed 46424K, reserved 1089536K
  class space    used 6018K, capacity 6428K, committed 6528K, reserved 1048576K
Event: 5.351 GC heap after
Heap after GC invocations=9 (full 2):
 PSYoungGen      total 237568K, used 15355K [0x00000000e0000000, 0x00000000efb00000, 0x0000000100000000)
  eden space 222208K, 0% used [0x00000000e0000000,0x00000000e0000000,0x00000000ed900000)
  from space 15360K, 99% used [0x00000000ed900000,0x00000000ee7fee98,0x00000000ee800000)
  to   space 15872K, 0% used [0x00000000ee800000,0x00000000ee800000,0x00000000ef780000)
 ParOldGen       total 90624K, used 17919K [0x00000000a0000000, 0x00000000a5880000, 0x00000000e0000000)
  object space 90624K, 19% used [0x00000000a0000000,0x00000000a117fe38,0x00000000a5880000)
 Metaspace       used 44290K, capacity 46200K, committed 46424K, reserved 1089536K
  class space    used 6018K, capacity 6428K, committed 6528K, reserved 1048576K
}
Event: 6.871 GC heap before
{Heap before GC invocations=10 (full 2):
 PSYoungGen      total 237568K, used 189627K [0x00000000e0000000, 0x00000000efb00000, 0x0000000100000000)
  eden space 222208K, 78% used [0x00000000e0000000,0x00000000eaa30018,0x00000000ed900000)
  from space 15360K, 99% used [0x00000000ed900000,0x00000000ee7fee98,0x00000000ee800000)
  to   space 15872K, 0% used [0x00000000ee800000,0x00000000ee800000,0x00000000ef780000)
 ParOldGen       total 90624K, used 17919K [0x00000000a0000000, 0x00000000a5880000, 0x00000000e0000000)
  object space 90624K, 19% used [0x00000000a0000000,0x00000000a117fe38,0x00000000a5880000)
 Metaspace       used 56357K, capacity 58876K, committed 58968K, reserved 1099776K
  class space    used 7698K, capacity 8240K, committed 8320K, reserved 1048576K
Event: 6.894 GC heap after
Heap after GC invocations=10 (full 2):
 PSYoungGen      total 238080K, used 15844K [0x00000000e0000000, 0x00000000efb00000, 0x0000000100000000)
  eden space 222208K, 0% used [0x00000000e0000000,0x00000000e0000000,0x00000000ed900000)
  from space 15872K, 99% used [0x00000000ee800000,0x00000000ef7792e0,0x00000000ef780000)
  to   space 15360K, 0% used [0x00000000ed900000,0x00000000ed900000,0x00000000ee800000)
 ParOldGen       total 90624K, used 33344K [0x00000000a0000000, 0x00000000a5880000, 0x00000000e0000000)
  object space 90624K, 36% used [0x00000000a0000000,0x00000000a20900d0,0x00000000a5880000)
 Metaspace       used 56357K, capacity 58876K, committed 58968K, reserved 1099776K
  class space    used 7698K, capacity 8240K, committed 8320K, reserved 1048576K
}
Event: 6.894 GC heap before
{Heap before GC invocations=11 (full 3):
 PSYoungGen      total 238080K, used 15844K [0x00000000e0000000, 0x00000000efb00000, 0x0000000100000000)
  eden space 222208K, 0% used [0x00000000e0000000,0x00000000e0000000,0x00000000ed900000)
  from space 15872K, 99% used [0x00000000ee800000,0x00000000ef7792e0,0x00000000ef780000)
  to   space 15360K, 0% used [0x00000000ed900000,0x00000000ed900000,0x00000000ee800000)
 ParOldGen       total 90624K, used 33344K [0x00000000a0000000, 0x00000000a5880000, 0x00000000e0000000)
  object space 90624K, 36% used [0x00000000a0000000,0x00000000a20900d0,0x00000000a5880000)
 Metaspace       used 56357K, capacity 58876K, committed 58968K, reserved 1099776K
  class space    used 7698K, capacity 8240K, committed 8320K, reserved 1048576K
Event: 7.119 GC heap after
Heap after GC invocations=11 (full 3):
 PSYoungGen      total 238080K, used 0K [0x00000000e0000000, 0x00000000efb00000, 0x0000000100000000)
  eden space 222208K, 0% used [0x00000000e0000000,0x00000000e0000000,0x00000000ed900000)
  from space 15872K, 0% used [0x00000000ee800000,0x00000000ee800000,0x00000000ef780000)
  to   space 15360K, 0% used [0x00000000ed900000,0x00000000ed900000,0x00000000ee800000)
 ParOldGen       total 90624K, used 43405K [0x00000000a0000000, 0x00000000a5880000, 0x00000000e0000000)
  object space 90624K, 47% used [0x00000000a0000000,0x00000000a2a63718,0x00000000a5880000)
 Metaspace       used 56310K, capacity 58714K, committed 58968K, reserved 1099776K
  class space    used 7683K, capacity 8213K, committed 8320K, reserved 1048576K
}

Deoptimization events (10 events):
Event: 7.136 Thread 0x000000001b105800 Uncommon trap: reason=unstable_if action=reinterpret pc=0x0000000002ead14c method=java.io.WinNTFileSystem.normalize(Ljava/lang/String;II)Ljava/lang/String; @ 103
Event: 7.312 Thread 0x000000001b105800 Uncommon trap: reason=unstable_if action=reinterpret pc=0x0000000003211568 method=java.util.HashMap.putVal(ILjava/lang/Object;Ljava/lang/Object;ZZ)Ljava/lang/Object; @ 109
Event: 7.312 Thread 0x000000001b105800 Uncommon trap: reason=unstable_if action=reinterpret pc=0x000000000320a980 method=java.util.HashMap.putVal(ILjava/lang/Object;Ljava/lang/Object;ZZ)Ljava/lang/Object; @ 109
Event: 7.479 Thread 0x000000001b105800 Uncommon trap: reason=bimorphic action=maybe_recompile pc=0x000000000381f194 method=java.util.regex.Pattern$5.isSatisfiedBy(I)Z @ 16
Event: 7.479 Thread 0x000000001b105800 Uncommon trap: reason=bimorphic action=maybe_recompile pc=0x000000000381f194 method=java.util.regex.Pattern$5.isSatisfiedBy(I)Z @ 16
Event: 7.479 Thread 0x000000001b105800 Uncommon trap: reason=bimorphic action=maybe_recompile pc=0x000000000381f194 method=java.util.regex.Pattern$5.isSatisfiedBy(I)Z @ 16
Event: 7.479 Thread 0x000000001b105800 Uncommon trap: reason=bimorphic action=maybe_recompile pc=0x000000000381f194 method=java.util.regex.Pattern$5.isSatisfiedBy(I)Z @ 16
Event: 7.724 Thread 0x000000001b105800 Uncommon trap: reason=unstable_if action=reinterpret pc=0x0000000002f9f5e8 method=java.util.regex.Pattern$BmpCharProperty.match(Ljava/util/regex/Matcher;ILjava/lang/CharSequence;)Z @ 34
Event: 7.731 Thread 0x000000001b105800 Uncommon trap: reason=unstable_if action=reinterpret pc=0x0000000003869e18 method=com.sun.org.apache.xerces.internal.impl.XMLEntityScanner.scanLiteral(ILcom/sun/org/apache/xerces/internal/xni/XMLString;Z)I @ 660
Event: 7.743 Thread 0x000000001b105800 Uncommon trap: reason=unstable_if action=reinterpret pc=0x0000000002a760a8 method=java.lang.CharacterDataLatin1.digit(II)I @ 31

Classes redefined (0 events):
No events

Internal exceptions (10 events):
Event: 7.831 Thread 0x000000001b105800 Exception <a 'java/lang/ClassNotFoundException': com/android/build/gradle/tasks/MergeResources_DecoratedBeanInfo> (0x00000000e4614d88) thrown at [C:\src\AOSP-openjdk-git\hotspot\src\share\vm\classfile\systemDictionary.cpp, line 210]
Event: 7.831 Thread 0x000000001b105800 Exception <a 'java/lang/ClassNotFoundException': com/android/build/gradle/tasks/MergeResourcesBeanInfo> (0x00000000e46300b8) thrown at [C:\src\AOSP-openjdk-git\hotspot\src\share\vm\classfile\systemDictionary.cpp, line 210]
Event: 7.832 Thread 0x000000001b105800 Exception <a 'java/lang/ClassNotFoundException': com/android/build/gradle/tasks/ResourceAwareTaskBeanInfo> (0x00000000e464bfd8) thrown at [C:\src\AOSP-openjdk-git\hotspot\src\share\vm\classfile\systemDictionary.cpp, line 210]
Event: 7.832 Thread 0x000000001b105800 Exception <a 'java/lang/ClassNotFoundException': com/android/build/gradle/internal/tasks/IncrementalTaskBeanInfo> (0x00000000e4669e58) thrown at [C:\src\AOSP-openjdk-git\hotspot\src\share\vm\classfile\systemDictionary.cpp, line 210]
Event: 7.832 Thread 0x000000001b105800 Exception <a 'java/lang/ClassNotFoundException': com/android/build/gradle/internal/tasks/AndroidVariantTaskBeanInfo> (0x00000000e4688550) thrown at [C:\src\AOSP-openjdk-git\hotspot\src\share\vm\classfile\systemDictionary.cpp, line 210]
Event: 7.833 Thread 0x000000001b105800 Exception <a 'java/lang/ClassNotFoundException': com/android/build/gradle/internal/tasks/AndroidVariantTaskCustomizer> (0x00000000e46a7bc0) thrown at [C:\src\AOSP-openjdk-git\hotspot\src\share\vm\classfile\systemDictionary.cpp, line 210]
Event: 7.833 Thread 0x000000001b105800 Exception <a 'java/lang/ClassNotFoundException': com/android/build/gradle/internal/tasks/IncrementalTaskCustomizer> (0x00000000e46de7e8) thrown at [C:\src\AOSP-openjdk-git\hotspot\src\share\vm\classfile\systemDictionary.cpp, line 210]
Event: 7.834 Thread 0x000000001b105800 Exception <a 'java/lang/ClassNotFoundException': com/android/build/gradle/tasks/ResourceAwareTaskCustomizer> (0x00000000e47101a8) thrown at [C:\src\AOSP-openjdk-git\hotspot\src\share\vm\classfile\systemDictionary.cpp, line 210]
Event: 7.835 Thread 0x000000001b105800 Exception <a 'java/lang/ClassNotFoundException': com/android/build/gradle/tasks/MergeResourcesCustomizer> (0x00000000e474d028) thrown at [C:\src\AOSP-openjdk-git\hotspot\src\share\vm\classfile\systemDictionary.cpp, line 210]
Event: 7.836 Thread 0x000000001b105800 Exception <a 'java/lang/ClassNotFoundException': com/android/build/gradle/tasks/MergeResources_DecoratedCustomizer> (0x00000000e47b40b0) thrown at [C:\src\AOSP-openjdk-git\hotspot\src\share\vm\classfile\systemDictionary.cpp, line 210]

Events (10 events):
Event: 7.877 loading class com/android/build/gradle/internal/tasks/MergeNativeLibsTask$CreationAction$configure$1
Event: 7.877 loading class com/android/build/gradle/internal/tasks/MergeNativeLibsTask$CreationAction$configure$1 done
Event: 7.877 loading class com/android/build/gradle/internal/tasks/MergeNativeLibsTaskKt
Event: 7.878 loading class com/android/build/gradle/internal/tasks/MergeNativeLibsTaskKt done
Event: 7.880 loading class com/android/build/gradle/tasks/MergeSourceSetFolders$MergeJniLibFoldersCreationAction$configure$assetDirFunction$1
Event: 7.880 loading class com/android/build/gradle/tasks/MergeSourceSetFolders$MergeJniLibFoldersCreationAction$configure$assetDirFunction$1 done
Event: 7.881 loading class com/android/build/gradle/tasks/MergeSourceSetFolders$MergeJniLibFoldersCreationAction$configure$1
Event: 7.881 loading class com/android/build/gradle/tasks/MergeSourceSetFolders$MergeJniLibFoldersCreationAction$configure$1 done
Event: 7.881 loading class com/android/build/gradle/tasks/MergeSourceSetFolders$MergeJniLibFoldersCreationAction$configure$2
Event: 7.881 loading class com/android/build/gradle/tasks/MergeSourceSetFolders$MergeJniLibFoldersCreationAction$configure$2 done


Dynamic libraries:
0x00007ff67f7e0000 - 0x00007ff67f811000 	C:\Program Files\Android\Android Studio\jre\bin\java.exe
0x00007ffdcf4b0000 - 0x00007ffdcf6a5000 	C:\WINDOWS\SYSTEM32\ntdll.dll
0x00007ffdceaa0000 - 0x00007ffdceb5d000 	C:\WINDOWS\System32\KERNEL32.DLL
0x00007ffdcce00000 - 0x00007ffdcd0c8000 	C:\WINDOWS\System32\KERNELBASE.dll
0x00007ffdcde10000 - 0x00007ffdcdebc000 	C:\WINDOWS\System32\ADVAPI32.dll
0x00007ffdcdc60000 - 0x00007ffdcdcfe000 	C:\WINDOWS\System32\msvcrt.dll
0x00007ffdcf3d0000 - 0x00007ffdcf46b000 	C:\WINDOWS\System32\sechost.dll
0x00007ffdcda70000 - 0x00007ffdcdb9b000 	C:\WINDOWS\System32\RPCRT4.dll
0x00007ffdcec10000 - 0x00007ffdcedb0000 	C:\WINDOWS\System32\USER32.dll
0x00007ffdcd330000 - 0x00007ffdcd352000 	C:\WINDOWS\System32\win32u.dll
0x00007ffdcd510000 - 0x00007ffdcd53a000 	C:\WINDOWS\System32\GDI32.dll
0x00007ffdcd1d0000 - 0x00007ffdcd2db000 	C:\WINDOWS\System32\gdi32full.dll
0x00007ffdcd3f0000 - 0x00007ffdcd48d000 	C:\WINDOWS\System32\msvcp_win.dll
0x00007ffdcd0d0000 - 0x00007ffdcd1d0000 	C:\WINDOWS\System32\ucrtbase.dll
0x00007ffdb5f40000 - 0x00007ffdb61da000 	C:\WINDOWS\WinSxS\amd64_microsoft.windows.common-controls_6595b64144ccf1df_6.0.19041.844_none_ca00b6081b84eb1d\COMCTL32.dll
0x00007ffdcdde0000 - 0x00007ffdcde10000 	C:\WINDOWS\System32\IMM32.DLL
0x0000000054240000 - 0x0000000054312000 	C:\Program Files\Android\Android Studio\jre\jre\bin\msvcr100.dll
0x0000000052e70000 - 0x00000000536bb000 	C:\Program Files\Android\Android Studio\jre\jre\bin\server\jvm.dll
0x00007ffdcd540000 - 0x00007ffdcd548000 	C:\WINDOWS\System32\PSAPI.DLL
0x00007ffdb2a40000 - 0x00007ffdb2a49000 	C:\WINDOWS\SYSTEM32\WSOCK32.dll
0x00007ffdb9740000 - 0x00007ffdb9767000 	C:\WINDOWS\SYSTEM32\WINMM.dll
0x00007ffdc39d0000 - 0x00007ffdc39da000 	C:\WINDOWS\SYSTEM32\VERSION.dll
0x00007ffdcf1c0000 - 0x00007ffdcf22b000 	C:\WINDOWS\System32\WS2_32.dll
0x00007ffdc5850000 - 0x00007ffdc585f000 	C:\Program Files\Android\Android Studio\jre\jre\bin\verify.dll
0x00007ffdbea60000 - 0x00007ffdbea89000 	C:\Program Files\Android\Android Studio\jre\jre\bin\java.dll
0x00007ffdc5680000 - 0x00007ffdc5696000 	C:\Program Files\Android\Android Studio\jre\jre\bin\zip.dll
0x00007ffdcdf40000 - 0x00007ffdce682000 	C:\WINDOWS\System32\SHELL32.dll
0x00007ffdcad30000 - 0x00007ffdcb4c1000 	C:\WINDOWS\SYSTEM32\windows.storage.dll
0x00007ffdce690000 - 0x00007ffdce9e5000 	C:\WINDOWS\System32\combase.dll
0x00007ffdcc660000 - 0x00007ffdcc68c000 	C:\WINDOWS\SYSTEM32\Wldp.dll
0x00007ffdce9f0000 - 0x00007ffdcea9e000 	C:\WINDOWS\System32\SHCORE.dll
0x00007ffdcdc00000 - 0x00007ffdcdc55000 	C:\WINDOWS\System32\shlwapi.dll
0x00007ffdccb30000 - 0x00007ffdccb4f000 	C:\WINDOWS\SYSTEM32\profapi.dll
0x00007ffdc4ef0000 - 0x00007ffdc4f0a000 	C:\Program Files\Android\Android Studio\jre\jre\bin\net.dll
0x00007ffdcc3d0000 - 0x00007ffdcc43a000 	C:\WINDOWS\system32\mswsock.dll
0x00007ffdbea20000 - 0x00007ffdbea33000 	C:\Program Files\Android\Android Studio\jre\jre\bin\nio.dll
0x00007ffdbe4a0000 - 0x00007ffdbe4c7000 	C:\Users\Chau\.gradle\native\f6784746aeab05261644944871eae4fe03e0ef1612fff0a4a95f87b438bc6780\windows-amd64\native-platform.dll
0x00007ffdc41c0000 - 0x00007ffdc41cd000 	C:\Program Files\Android\Android Studio\jre\jre\bin\management.dll
0x00007ffdcc5a0000 - 0x00007ffdcc5b8000 	C:\WINDOWS\SYSTEM32\CRYPTSP.dll
0x00007ffdcbd00000 - 0x00007ffdcbd34000 	C:\WINDOWS\system32\rsaenh.dll
0x00007ffdcd360000 - 0x00007ffdcd387000 	C:\WINDOWS\System32\bcrypt.dll
0x00007ffdccab0000 - 0x00007ffdccade000 	C:\WINDOWS\SYSTEM32\USERENV.dll
0x00007ffdcd490000 - 0x00007ffdcd510000 	C:\WINDOWS\System32\bcryptprimitives.dll
0x00007ffdcc5c0000 - 0x00007ffdcc5cc000 	C:\WINDOWS\SYSTEM32\CRYPTBASE.dll
0x00007ffdcc070000 - 0x00007ffdcc0ab000 	C:\WINDOWS\SYSTEM32\IPHLPAPI.DLL
0x00007ffdcdf30000 - 0x00007ffdcdf38000 	C:\WINDOWS\System32\NSI.dll
0x00007ffdc20a0000 - 0x00007ffdc20b7000 	C:\WINDOWS\SYSTEM32\dhcpcsvc6.DLL
0x00007ffdc2360000 - 0x00007ffdc237d000 	C:\WINDOWS\SYSTEM32\dhcpcsvc.DLL
0x00007ffdcc0b0000 - 0x00007ffdcc17c000 	C:\WINDOWS\SYSTEM32\DNSAPI.dll
0x00007ffdc32d0000 - 0x00007ffdc32db000 	C:\WINDOWS\SYSTEM32\WINNSI.DLL

VM Arguments:
jvm_args: -XX:+UseParallelGC -Xmx1536m -Dfile.encoding=UTF-8 -Duser.country=MX -Duser.language=es -Duser.variant 
java_command: org.gradle.launcher.daemon.bootstrap.GradleDaemon 6.5
java_class_path (initial): C:\Users\Chau\.gradle\wrapper\dists\gradle-6.5-all\2oz4ud9k3tuxjg84bbf55q0tn\gradle-6.5\lib\gradle-launcher-6.5.jar
Launcher Type: SUN_STANDARD

Environment Variables:
JAVA_HOME=C:\Program Files\Android\Jdk\microsoft_dist_openjdk_1.8.0.25
PATH=C:\Program Files (x86)\Common Files\Intel\Shared Files\cpp\bin\Intel64;C:\Program Files (x86)\Common Files\Oracle\Java\javapath;C:\WINDOWS\system32;C:\WINDOWS;C:\WINDOWS\System32\Wbem;C:\WINDOWS\System32\WindowsPowerShell\v1.0\;C:\WINDOWS\System32\OpenSSH\;C:\Program Files\Git\cmd;C:\Program Files\dotnet\;C:\Program Files (x86)\IncrediBuild;C:\Program Files\Intel\WiFi\bin\;C:\Program Files\Common Files\Intel\WirelessCommon\;C:\Program Files\Microsoft SQL Server\130\Tools\Binn\;C:\Program Files\Microsoft SQL Server\Client SDK\ODBC\170\Tools\Binn\;C:\Program Files (x86)\Microsoft SQL Server\150\Tools\Binn\;C:\Program Files\Microsoft SQL Server\150\Tools\Binn\;C:\Program Files\Microsoft SQL Server\150\DTS\Binn\;C:\Program Files\nodejs\;C:\xamp\php;C:\ProgramData\ComposerSetup\bin;C:\Program Files (x86)\Intel\Intel(R) Management Engine Components\DAL;C:\Program Files\Intel\Intel(R) Management Engine Components\DAL;C:\Program Files (x86)\dotnet\;C:\Users\Chau\AppData\Local\Programs\Python\Python39\Scripts\;C:\Users\Chau\AppData\Local\Programs\Python\Python39\;C:\Users\Chau\anaconda;C:\Users\Chau\anaconda\Library\mingw-w64\bin;C:\Users\Chau\anaconda\Library\usr\bin;C:\Users\Chau\anaconda\Library\bin;C:\Users\Chau\anaconda\Scripts;C:\Users\Chau\AppData\Local\Programs\Python\Python38\Scripts\;C:\Users\Chau\AppData\Local\Programs\Python\Python38\;C:\Users\Chau\anaconda3;C:\Users\Chau\anaconda3\Library\mingw-w64\bin;C:\Users\Chau\anaconda3\Library\usr\bin;C:\Users\Chau\anaconda3\Library\bin;C:\Users\Chau\anaconda3\Scripts;C:\Users\Chau\AppData\Local\Microsoft\WindowsApps;C:\xampp\php;C:\Users\Chau\AppData\Local\Programs\Microsoft VS Code\bin;C:\Users\Chau\AppData\Roaming\Composer\vendor\bin;C:\seleniumWebdrivers\;C:\Users\Chau\anaconda3\python.exe;C:\Users\Chau\AppData\Roaming\npm;C:\seleniumWebdrivers\geckodriver.exe;C:\Users\Chau\AppData\Local\Microsoft\WindowsApps;C:\Gradle\gradle-6.8.3\bin;
USERNAME=Chau
OS=Windows_NT
PROCESSOR_IDENTIFIER=Intel64 Family 6 Model 142 Stepping 10, GenuineIntel



---------------  S Y S T E M  ---------------

OS: Windows 10.0 , 64 bit Build 19041 (10.0.19041.928)

CPU:total 8 (initial active 8) (4 cores per cpu, 2 threads per core) family 6 model 142 stepping 10, cmov, cx8, fxsr, mmx, sse, sse2, sse3, ssse3, sse4.1, sse4.2, popcnt, avx, avx2, aes, clmul, erms, rtm, 3dnowpref, lzcnt, ht, tsc, tscinvbit, bmi1, bmi2, adx

Memory: 4k page, physical 16612328k(538124k free), swap 47706212k(6252k free)

vm_info: OpenJDK 64-Bit Server VM (25.242-b01) for windows-amd64 JRE (1.8.0_242-release-1644-b01), built by "builder" with MS VC++ 10.0 (VS2010)

time: Fri Apr 23 15:50:43 2021
timezone: Hora de verano central (México)
elapsed time: 7 seconds (0d 0h 0m 7s)

