#
# There is insufficient memory for the Java Runtime Environment to continue.
# Native memory allocation (malloc) failed to allocate 988496 bytes for Chunk::new
# Possible reasons:
#   The system is out of physical RAM or swap space
#   The process is running with CompressedOops enabled, and the Java Heap may be blocking the growth of the native heap
# Possible solutions:
#   Reduce memory load on the system
#   Increase physical memory or swap space
#   Check if swap backing store is full
#   Decrease Java heap size (-Xmx/-Xms)
#   Decrease number of Java threads
#   Decrease Java thread stack sizes (-Xss)
#   Set larger code cache with -XX:ReservedCodeCacheSize=
#   JVM is running with Unscaled Compressed Oops mode in which the Java heap is
#     placed in the first 4GB address space. The Java Heap base address is the
#     maximum limit for the native heap growth. Please use -XX:HeapBaseMinAddress
#     to set the Java Heap base and to place the Java Heap above 4GB virtual address.
# This output file may be truncated or incomplete.
#
#  Out of Memory Error (allocation.cpp:389), pid=2552, tid=0x0000000000000618
#
# JRE version: OpenJDK Runtime Environment (8.0_242-b01) (build 1.8.0_242-release-1644-b01)
# Java VM: OpenJDK 64-Bit Server VM (25.242-b01 mixed mode windows-amd64 compressed oops)
# Failed to write core dump. Minidumps are not enabled by default on client versions of Windows
#

---------------  T H R E A D  ---------------

Current thread (0x00000000188a3800):  JavaThread "C2 CompilerThread1" daemon [_thread_in_native, id=1560, stack(0x0000000019290000,0x0000000019390000)]

Stack: [0x0000000019290000,0x0000000019390000]
[error occurred during error reporting (printing stack bounds), id 0xc0000005]

Native frames: (J=compiled Java code, j=interpreted, Vv=VM code, C=native code)


Current CompileTask:
C2:  11902 9435       4       com.sun.tools.javac.file.ZipFileIndex$ZipDirectory::readEntry (587 bytes)


---------------  P R O C E S S  ---------------

Java Threads: ( => current thread )
  0x0000000020dd2800 JavaThread "Cache worker for Java compile cache (C:\Users\Chau\Desktop\MangoCliente\.gradle\6.5\javaCompile)" [_thread_blocked, id=17040, stack(0x000000002d390000,0x000000002d490000)]
  0x0000000020dcf000 JavaThread "Cache worker for Java compile cache (C:\Users\Chau\.gradle\caches\6.5\javaCompile)" [_thread_blocked, id=13948, stack(0x000000002c740000,0x000000002c840000)]
  0x0000000020dcc000 JavaThread "Cache worker for execution history cache (C:\Users\Chau\Desktop\MangoCliente\.gradle\6.5\executionHistory)" [_thread_blocked, id=7388, stack(0x000000002ce90000,0x000000002cf90000)]
  0x0000000020dc7000 JavaThread "Execution worker for ':' Thread 7" [_thread_blocked, id=21328, stack(0x000000002cc90000,0x000000002cd90000)]
  0x0000000020dca800 JavaThread "Execution worker for ':' Thread 6" [_thread_blocked, id=17860, stack(0x000000002cb90000,0x000000002cc90000)]
  0x0000000020dca000 JavaThread "Execution worker for ':' Thread 5" [_thread_in_Java, id=11284, stack(0x000000002ca90000,0x000000002cb90000)]
  0x0000000020dc9000 JavaThread "Execution worker for ':' Thread 4" [_thread_blocked, id=2668, stack(0x000000002c990000,0x000000002ca90000)]
  0x0000000020dc8800 JavaThread "Execution worker for ':' Thread 3" [_thread_blocked, id=10304, stack(0x000000002c890000,0x000000002c990000)]
  0x0000000020dc7800 JavaThread "Execution worker for ':' Thread 2" [_thread_blocked, id=18972, stack(0x000000002afe0000,0x000000002b0e0000)]
  0x0000000021171000 JavaThread "Execution worker for ':'" [_thread_blocked, id=20432, stack(0x000000002aca0000,0x000000002ada0000)]
  0x0000000021170000 JavaThread "Cache worker for file content cache (C:\Users\Chau\Desktop\MangoCliente\.gradle\6.5\fileContent)" [_thread_blocked, id=17616, stack(0x000000002aba0000,0x000000002aca0000)]
  0x000000002116f800 JavaThread "Memory manager" [_thread_blocked, id=16160, stack(0x000000002aaa0000,0x000000002aba0000)]
  0x000000002116c800 JavaThread "Cache worker for Build Output Cleanup Cache (C:\Users\Chau\Desktop\MangoCliente\.gradle\buildOutputCleanup)" [_thread_blocked, id=12088, stack(0x0000000029fa0000,0x000000002a0a0000)]
  0x000000002116b800 JavaThread "jar transforms Thread 95" [_thread_blocked, id=13220, stack(0x00000000299d0000,0x0000000029ad0000)]
  0x0000000021164000 JavaThread "jar transforms Thread 94" [_thread_blocked, id=4360, stack(0x00000000298d0000,0x00000000299d0000)]
  0x000000002116b000 JavaThread "jar transforms Thread 93" [_thread_blocked, id=13596, stack(0x00000000297d0000,0x00000000298d0000)]
  0x0000000021169800 JavaThread "jar transforms Thread 92" [_thread_blocked, id=21392, stack(0x00000000296d0000,0x00000000297d0000)]
  0x0000000021168000 JavaThread "jar transforms Thread 91" [_thread_blocked, id=21136, stack(0x00000000295d0000,0x00000000296d0000)]
  0x0000000021167000 JavaThread "jar transforms Thread 90" [_thread_blocked, id=19460, stack(0x00000000294d0000,0x00000000295d0000)]
  0x0000000021163800 JavaThread "jar transforms Thread 89" [_thread_blocked, id=20916, stack(0x00000000293d0000,0x00000000294d0000)]
  0x000000002116a000 JavaThread "jar transforms Thread 88" [_thread_blocked, id=9468, stack(0x00000000292d0000,0x00000000293d0000)]
  0x0000000021162000 JavaThread "jar transforms Thread 87" [_thread_blocked, id=17592, stack(0x00000000291d0000,0x00000000292d0000)]
  0x0000000021166800 JavaThread "jar transforms Thread 86" [_thread_blocked, id=2780, stack(0x00000000290d0000,0x00000000291d0000)]
  0x0000000021162800 JavaThread "jar transforms Thread 85" [_thread_blocked, id=18192, stack(0x0000000028fd0000,0x00000000290d0000)]
  0x0000000021165800 JavaThread "jar transforms Thread 84" [_thread_blocked, id=16116, stack(0x0000000028ed0000,0x0000000028fd0000)]
  0x0000000021168800 JavaThread "jar transforms Thread 83" [_thread_blocked, id=4600, stack(0x0000000028dd0000,0x0000000028ed0000)]
  0x0000000020884800 JavaThread "jar transforms Thread 82" [_thread_blocked, id=19928, stack(0x0000000028cd0000,0x0000000028dd0000)]
  0x000000002088a000 JavaThread "jar transforms Thread 81" [_thread_blocked, id=1728, stack(0x0000000028bd0000,0x0000000028cd0000)]
  0x0000000020887000 JavaThread "jar transforms Thread 80" [_thread_blocked, id=5604, stack(0x0000000028ad0000,0x0000000028bd0000)]
  0x0000000020887800 JavaThread "jar transforms Thread 79" [_thread_blocked, id=3140, stack(0x00000000289d0000,0x0000000028ad0000)]
  0x0000000020883800 JavaThread "jar transforms Thread 78" [_thread_blocked, id=20732, stack(0x00000000288d0000,0x00000000289d0000)]
  0x0000000020888800 JavaThread "jar transforms Thread 77" [_thread_blocked, id=7260, stack(0x00000000287d0000,0x00000000288d0000)]
  0x000000002088a800 JavaThread "jar transforms Thread 76" [_thread_blocked, id=13820, stack(0x00000000286d0000,0x00000000287d0000)]
  0x0000000020886000 JavaThread "jar transforms Thread 75" [_thread_blocked, id=19972, stack(0x00000000285d0000,0x00000000286d0000)]
  0x0000000020889000 JavaThread "jar transforms Thread 74" [_thread_blocked, id=5584, stack(0x00000000284d0000,0x00000000285d0000)]
  0x0000000020883000 JavaThread "jar transforms Thread 73" [_thread_blocked, id=13944, stack(0x00000000283d0000,0x00000000284d0000)]
  0x0000000020885000 JavaThread "jar transforms Thread 72" [_thread_blocked, id=20712, stack(0x00000000282d0000,0x00000000283d0000)]
  0x000000002087b800 JavaThread "jar transforms Thread 71" [_thread_blocked, id=18248, stack(0x00000000281d0000,0x00000000282d0000)]
  0x000000002087d000 JavaThread "jar transforms Thread 70" [_thread_blocked, id=8060, stack(0x00000000280d0000,0x00000000281d0000)]
  0x0000000020882000 JavaThread "jar transforms Thread 69" [_thread_blocked, id=21000, stack(0x0000000027fd0000,0x00000000280d0000)]
  0x000000002087f000 JavaThread "jar transforms Thread 68" [_thread_blocked, id=15260, stack(0x0000000027ed0000,0x0000000027fd0000)]
  0x0000000020881800 JavaThread "jar transforms Thread 67" [_thread_blocked, id=15876, stack(0x0000000027dd0000,0x0000000027ed0000)]
  0x000000002087c000 JavaThread "jar transforms Thread 66" [_thread_blocked, id=6928, stack(0x0000000027cd0000,0x0000000027dd0000)]
  0x000000002087d800 JavaThread "jar transforms Thread 65" [_thread_blocked, id=19592, stack(0x0000000027bd0000,0x0000000027cd0000)]
  0x0000000020880800 JavaThread "jar transforms Thread 64" [_thread_blocked, id=16924, stack(0x0000000027ad0000,0x0000000027bd0000)]
  0x000000002087e800 JavaThread "jar transforms Thread 63" [_thread_blocked, id=13524, stack(0x00000000279d0000,0x0000000027ad0000)]
  0x0000000020880000 JavaThread "jar transforms Thread 62" [_thread_blocked, id=20256, stack(0x00000000278d0000,0x00000000279d0000)]
  0x000000001bb5b000 JavaThread "jar transforms Thread 61" [_thread_blocked, id=20556, stack(0x00000000277d0000,0x00000000278d0000)]
  0x000000001bb5a000 JavaThread "jar transforms Thread 60" [_thread_blocked, id=19804, stack(0x00000000276d0000,0x00000000277d0000)]
  0x000000001bb59800 JavaThread "jar transforms Thread 59" [_thread_blocked, id=9296, stack(0x00000000275d0000,0x00000000276d0000)]
  0x000000001bb58800 JavaThread "jar transforms Thread 58" [_thread_blocked, id=18868, stack(0x00000000274d0000,0x00000000275d0000)]
  0x000000001bb58000 JavaThread "jar transforms Thread 57" [_thread_blocked, id=14444, stack(0x00000000273d0000,0x00000000274d0000)]
  0x000000001bb5b800 JavaThread "jar transforms Thread 56" [_thread_blocked, id=18416, stack(0x00000000272d0000,0x00000000273d0000)]
  0x000000001bb50800 JavaThread "jar transforms Thread 55" [_thread_blocked, id=6220, stack(0x00000000271d0000,0x00000000272d0000)]
  0x000000001bb57000 JavaThread "jar transforms Thread 54" [_thread_blocked, id=12708, stack(0x00000000270d0000,0x00000000271d0000)]
  0x000000001bb56800 JavaThread "jar transforms Thread 53" [_thread_blocked, id=19264, stack(0x0000000026fd0000,0x00000000270d0000)]
  0x000000001bb4f000 JavaThread "jar transforms Thread 52" [_thread_blocked, id=8796, stack(0x0000000026ed0000,0x0000000026fd0000)]
  0x000000001bb55800 JavaThread "jar transforms Thread 51" [_thread_blocked, id=20560, stack(0x0000000026dd0000,0x0000000026ed0000)]
  0x000000001bb55000 JavaThread "jar transforms Thread 50" [_thread_blocked, id=14864, stack(0x0000000026cd0000,0x0000000026dd0000)]
  0x000000001bb4f800 JavaThread "jar transforms Thread 49" [_thread_blocked, id=13112, stack(0x0000000026bd0000,0x0000000026cd0000)]
  0x000000001bb51000 JavaThread "jar transforms Thread 48" [_thread_blocked, id=7084, stack(0x0000000026ad0000,0x0000000026bd0000)]
  0x000000001bb4e000 JavaThread "jar transforms Thread 47" [_thread_blocked, id=10368, stack(0x00000000269d0000,0x0000000026ad0000)]
  0x000000001bb4d800 JavaThread "jar transforms Thread 46" [_thread_blocked, id=5728, stack(0x00000000268d0000,0x00000000269d0000)]
  0x000000001bb54000 JavaThread "jar transforms Thread 45" [_thread_blocked, id=20812, stack(0x00000000267d0000,0x00000000268d0000)]
  0x000000001bb52000 JavaThread "jar transforms Thread 44" [_thread_blocked, id=9936, stack(0x00000000266d0000,0x00000000267d0000)]
  0x000000001bb53800 JavaThread "jar transforms Thread 43" [_thread_blocked, id=8288, stack(0x00000000265d0000,0x00000000266d0000)]
  0x000000001bb52800 JavaThread "jar transforms Thread 42" [_thread_blocked, id=17032, stack(0x00000000264d0000,0x00000000265d0000)]
  0x000000001bb4c800 JavaThread "jar transforms Thread 41" [_thread_blocked, id=13732, stack(0x00000000263d0000,0x00000000264d0000)]
  0x000000001bb6b800 JavaThread "jar transforms Thread 40" [_thread_blocked, id=5892, stack(0x00000000262d0000,0x00000000263d0000)]
  0x000000001bb6b000 JavaThread "jar transforms Thread 39" [_thread_blocked, id=5108, stack(0x00000000261d0000,0x00000000262d0000)]
  0x000000001bb6a000 JavaThread "jar transforms Thread 38" [_thread_blocked, id=19992, stack(0x00000000260d0000,0x00000000261d0000)]
  0x000000001bb69800 JavaThread "jar transforms Thread 37" [_thread_blocked, id=17492, stack(0x0000000025fd0000,0x00000000260d0000)]
  0x000000001bb68800 JavaThread "jar transforms Thread 36" [_thread_blocked, id=8928, stack(0x0000000025ed0000,0x0000000025fd0000)]
  0x000000001bb61000 JavaThread "jar transforms Thread 35" [_thread_blocked, id=18044, stack(0x0000000025dd0000,0x0000000025ed0000)]
  0x000000001bb68000 JavaThread "jar transforms Thread 34" [_thread_blocked, id=9360, stack(0x0000000025cd0000,0x0000000025dd0000)]
  0x000000001bb67000 JavaThread "jar transforms Thread 33" [_thread_blocked, id=2628, stack(0x0000000025bd0000,0x0000000025cd0000)]
  0x000000001bb5f800 JavaThread "jar transforms Thread 32" [_thread_blocked, id=3756, stack(0x0000000025ad0000,0x0000000025bd0000)]
  0x000000001bb62800 JavaThread "jar transforms Thread 31" [_thread_blocked, id=5556, stack(0x00000000259d0000,0x0000000025ad0000)]
  0x000000001bb66800 JavaThread "jar transforms Thread 30" [_thread_blocked, id=17388, stack(0x00000000258d0000,0x00000000259d0000)]
  0x000000001bb65800 JavaThread "jar transforms Thread 29" [_thread_blocked, id=20568, stack(0x00000000257d0000,0x00000000258d0000)]
  0x000000001bb62000 JavaThread "jar transforms Thread 28" [_thread_blocked, id=2264, stack(0x0000000023710000,0x0000000023810000)]
  0x000000001bb60800 JavaThread "jar transforms Thread 27" [_thread_blocked, id=14104, stack(0x0000000023610000,0x0000000023710000)]
  0x000000001bb65000 JavaThread "jar transforms Thread 26" [_thread_blocked, id=14556, stack(0x0000000023510000,0x0000000023610000)]
  0x000000001bb5f000 JavaThread "jar transforms Thread 25" [_thread_blocked, id=21460, stack(0x00000000256d0000,0x00000000257d0000)]
  0x000000001bb5e000 JavaThread "jar transforms Thread 24" [_thread_blocked, id=9604, stack(0x00000000255d0000,0x00000000256d0000)]
  0x000000001bb5d800 JavaThread "jar transforms Thread 23" [_thread_blocked, id=3168, stack(0x00000000254d0000,0x00000000255d0000)]
  0x000000001bb64000 JavaThread "jar transforms Thread 22" [_thread_blocked, id=2484, stack(0x00000000253d0000,0x00000000254d0000)]
  0x000000001bb5c800 JavaThread "jar transforms Thread 21" [_thread_blocked, id=4584, stack(0x00000000252d0000,0x00000000253d0000)]
  0x000000001bb63800 JavaThread "jar transforms Thread 20" [_thread_blocked, id=4192, stack(0x00000000251d0000,0x00000000252d0000)]
  0x00000000198d5800 JavaThread "jar transforms Thread 19" [_thread_blocked, id=10024, stack(0x00000000250d0000,0x00000000251d0000)]
  0x00000000198d3800 JavaThread "jar transforms Thread 18" [_thread_blocked, id=19040, stack(0x0000000024fd0000,0x00000000250d0000)]
  0x00000000198d2800 JavaThread "jar transforms Thread 17" [_thread_blocked, id=848, stack(0x0000000024ed0000,0x0000000024fd0000)]
  0x00000000198d4000 JavaThread "jar transforms Thread 16" [_thread_blocked, id=6960, stack(0x0000000024dd0000,0x0000000024ed0000)]
  0x00000000198d5000 JavaThread "jar transforms Thread 15" [_thread_blocked, id=17180, stack(0x0000000024cd0000,0x0000000024dd0000)]
  0x00000000198d2000 JavaThread "jar transforms Thread 14" [_thread_blocked, id=20200, stack(0x0000000024bd0000,0x0000000024cd0000)]
  0x00000000198d0800 JavaThread "jar transforms Thread 13" [_thread_blocked, id=7968, stack(0x0000000024ad0000,0x0000000024bd0000)]
  0x00000000198cf000 JavaThread "jar transforms Thread 12" [_thread_blocked, id=13964, stack(0x00000000249d0000,0x0000000024ad0000)]
  0x00000000198cf800 JavaThread "jar transforms Thread 11" [_thread_blocked, id=1688, stack(0x00000000248d0000,0x00000000249d0000)]
  0x00000000198d1000 JavaThread "jar transforms Thread 10" [_thread_blocked, id=19996, stack(0x00000000247d0000,0x00000000248d0000)]
  0x000000001b8c5800 JavaThread "jar transforms Thread 9" [_thread_blocked, id=9740, stack(0x00000000246d0000,0x00000000247d0000)]
  0x000000001b8c4000 JavaThread "jar transforms Thread 8" [_thread_blocked, id=21264, stack(0x00000000245d0000,0x00000000246d0000)]
  0x000000001b8c3000 JavaThread "jar transforms Thread 7" [_thread_blocked, id=2032, stack(0x00000000244d0000,0x00000000245d0000)]
  0x000000001b8c4800 JavaThread "jar transforms Thread 6" [_thread_blocked, id=14536, stack(0x00000000243d0000,0x00000000244d0000)]
  0x000000001b8bb800 JavaThread "jar transforms Thread 5" [_thread_blocked, id=20164, stack(0x00000000242d0000,0x00000000243d0000)]
  0x000000001b8c2800 JavaThread "jar transforms Thread 4" [_thread_blocked, id=19296, stack(0x00000000241d0000,0x00000000242d0000)]
  0x000000001b8c1800 JavaThread "jar transforms Thread 3" [_thread_blocked, id=8748, stack(0x00000000240d0000,0x00000000241d0000)]
  0x000000001b8c1000 JavaThread "jar transforms Thread 2" [_thread_blocked, id=7776, stack(0x0000000023fd0000,0x00000000240d0000)]
  0x000000001b8c0000 JavaThread "Build operations Thread 8" [_thread_blocked, id=9600, stack(0x0000000023ed0000,0x0000000023fd0000)]
  0x000000001b8ba000 JavaThread "Build operations Thread 7" [_thread_blocked, id=14576, stack(0x0000000023dd0000,0x0000000023ed0000)]
  0x000000001b8bf800 JavaThread "Build operations Thread 6" [_thread_blocked, id=15824, stack(0x0000000023cd0000,0x0000000023dd0000)]
  0x000000001b8be800 JavaThread "Build operations Thread 5" [_thread_blocked, id=13544, stack(0x0000000023bd0000,0x0000000023cd0000)]
  0x000000001b8b9800 JavaThread "Build operations Thread 4" [_thread_blocked, id=15696, stack(0x0000000023ad0000,0x0000000023bd0000)]
  0x000000001b8be000 JavaThread "Build operations Thread 3" [_thread_blocked, id=6760, stack(0x00000000239d0000,0x0000000023ad0000)]
  0x000000001b8b7000 JavaThread "Build operations Thread 2" [_thread_blocked, id=7224, stack(0x00000000238d0000,0x00000000239d0000)]
  0x000000001b8bd000 JavaThread "Build operations" [_thread_blocked, id=4844, stack(0x0000000023190000,0x0000000023290000)]
  0x000000001b6ac800 JavaThread "Cache worker for file content cache (C:\Users\Chau\.gradle\caches\6.5\fileContent)" [_thread_blocked, id=7932, stack(0x0000000021cc0000,0x0000000021dc0000)]
  0x000000001b6ab800 JavaThread "jar transforms" [_thread_blocked, id=12324, stack(0x00000000213d0000,0x00000000214d0000)]
  0x000000001b6b2800 JavaThread "Cache worker for execution history cache (C:\Users\Chau\.gradle\caches\6.5\executionHistory)" [_thread_blocked, id=10412, stack(0x00000000212d0000,0x00000000213d0000)]
  0x000000001b6b1800 JavaThread "Cache worker for cache directory md-rule (C:\Users\Chau\.gradle\caches\6.5\md-rule)" [_thread_blocked, id=15088, stack(0x00000000211d0000,0x00000000212d0000)]
  0x000000001b6af800 JavaThread "Cache worker for cache directory md-supplier (C:\Users\Chau\.gradle\caches\6.5\md-supplier)" [_thread_blocked, id=17460, stack(0x000000001fe80000,0x000000001ff80000)]
  0x000000001b6ae800 JavaThread "Cache worker for checksums cache (C:\Users\Chau\Desktop\MangoCliente\.gradle\checksums)" [_thread_blocked, id=18692, stack(0x000000001fd80000,0x000000001fe80000)]
  0x000000001b6ae000 JavaThread "Cache worker for file hash cache (C:\Users\Chau\Desktop\MangoCliente\.gradle\6.5\fileHashes)" [_thread_blocked, id=12048, stack(0x00000000215c0000,0x00000000216c0000)]
  0x000000001b6b0000 JavaThread "Cache worker for file hash cache (C:\Users\Chau\.gradle\caches\6.5\fileHashes)" [_thread_blocked, id=13304, stack(0x000000001d8e0000,0x000000001d9e0000)]
  0x000000001b6b1000 JavaThread "File lock request listener" [_thread_in_native, id=14888, stack(0x000000001d7e0000,0x000000001d8e0000)]
  0x000000001b70a000 JavaThread "Cache worker for journal cache (C:\Users\Chau\.gradle\caches\journal-1)" [_thread_blocked, id=20964, stack(0x000000001d6e0000,0x000000001d7e0000)]
  0x000000001b4f6800 JavaThread "Thread-9" [_thread_blocked, id=2900, stack(0x000000001d3e0000,0x000000001d4e0000)]
  0x000000001b55e000 JavaThread "Stdin handler" [_thread_blocked, id=18700, stack(0x000000001d2e0000,0x000000001d3e0000)]
  0x000000001b4f6000 JavaThread "Asynchronous log dispatcher for DefaultDaemonConnection: socket connection from /127.0.0.1:52397 to /127.0.0.1:52398" [_thread_blocked, id=18092, stack(0x000000001d1e0000,0x000000001d2e0000)]
  0x000000001b560000 JavaThread "Daemon worker" [_thread_blocked, id=7972, stack(0x000000001d0e0000,0x000000001d1e0000)]
  0x000000001b55f000 JavaThread "Cancel handler" [_thread_blocked, id=7892, stack(0x000000001cee0000,0x000000001cfe0000)]
  0x000000001b4c8000 JavaThread "Handler for socket connection from /127.0.0.1:52397 to /127.0.0.1:52398" [_thread_in_native, id=6200, stack(0x000000001cde0000,0x000000001cee0000)]
  0x000000001b4dd800 JavaThread "Daemon" [_thread_blocked, id=5296, stack(0x000000001cce0000,0x000000001cde0000)]
  0x000000001b4d5000 JavaThread "Daemon periodic checks" [_thread_blocked, id=10892, stack(0x000000001c9e0000,0x000000001cae0000)]
  0x000000001b46c800 JavaThread "Incoming local TCP Connector on port 52397" [_thread_in_native, id=18752, stack(0x000000001c770000,0x000000001c870000)]
  0x000000001b3a8000 JavaThread "Daemon health stats" [_thread_blocked, id=7008, stack(0x000000001c130000,0x000000001c230000)]
  0x0000000018934800 JavaThread "Service Thread" daemon [_thread_blocked, id=18212, stack(0x0000000019590000,0x0000000019690000)]
  0x00000000188ac000 JavaThread "C1 CompilerThread3" daemon [_thread_in_vm, id=2940, stack(0x0000000019490000,0x0000000019590000)]
  0x00000000188a8000 JavaThread "C2 CompilerThread2" daemon [_thread_in_native, id=18956, stack(0x0000000019390000,0x0000000019490000)]
=>0x00000000188a3800 JavaThread "C2 CompilerThread1" daemon [_thread_in_native, id=1560, stack(0x0000000019290000,0x0000000019390000)]
  0x00000000188a0800 JavaThread "C2 CompilerThread0" daemon [_thread_in_native, id=15648, stack(0x0000000019190000,0x0000000019290000)]
  0x000000001889f000 JavaThread "Attach Listener" daemon [_thread_blocked, id=19980, stack(0x0000000019090000,0x0000000019190000)]
  0x000000001889e000 JavaThread "Signal Dispatcher" daemon [_thread_blocked, id=10376, stack(0x0000000018f90000,0x0000000019090000)]
  0x0000000002cc8800 JavaThread "Finalizer" daemon [_thread_blocked, id=12784, stack(0x0000000018d70000,0x0000000018e70000)]
  0x0000000018890800 JavaThread "Reference Handler" daemon [_thread_blocked, id=5720, stack(0x0000000018c70000,0x0000000018d70000)]
  0x000000000125e000 JavaThread "main" [_thread_blocked, id=2468, stack(0x0000000002aa0000,0x0000000002ba0000)]

Other Threads:
  0x0000000016a88800 VMThread [stack: 0x0000000018770000,0x0000000018870000] [id=9728]
  0x0000000018935800 WatcherThread [stack: 0x0000000019690000,0x0000000019790000] [id=15264]

VM state:not at safepoint (normal execution)

VM Mutex/Monitor currently owned by a thread:  ([mutex/lock_event])
[0x0000000002bd14d0] CompiledIC_lock - owner thread: 0x00000000188a8000

heap address: 0x00000000a0000000, size: 1536 MB, Compressed Oops mode: 32-bit
Narrow klass base: 0x0000000000000000, Narrow klass shift: 3
Compressed class space size: 1073741824 Address: 0x0000000100000000

Heap:
 PSYoungGen      total 246784K, used 151827K [0x00000000e0000000, 0x00000000f1100000, 0x0000000100000000)
  eden space 223744K, 57% used [0x00000000e0000000,0x00000000e7dc54a8,0x00000000eda80000)
  from space 23040K, 99% used [0x00000000ef480000,0x00000000f0aff9e8,0x00000000f0b00000)
  to   space 26624K, 0% used [0x00000000eda80000,0x00000000eda80000,0x00000000ef480000)
 ParOldGen       total 146432K, used 48732K [0x00000000a0000000, 0x00000000a8f00000, 0x00000000e0000000)
  object space 146432K, 33% used [0x00000000a0000000,0x00000000a2f97058,0x00000000a8f00000)
 Metaspace       used 70190K, capacity 73550K, committed 73768K, reserved 1112064K
  class space    used 9555K, capacity 10244K, committed 10288K, reserved 1048576K

Card table byte_map: [0x0000000012090000,0x00000000123a0000] byte_map_base: 0x0000000011b90000

Marking Bits: (ParMarkBitMap*) 0x0000000060cef030
 Begin Bits: [0x0000000012da0000, 0x00000000145a0000)
 End Bits:   [0x00000000145a0000, 0x0000000015da0000)

Polling page: 0x00000000009e0000

CodeCache: size=245760Kb used=27775Kb max_used=27786Kb free=217984Kb
 bounds [0x0000000002cd0000, 0x0000000004820000, 0x0000000011cd0000]
 total_blobs=9182 nmethods=8359 adapters=736
 compilation: enabled

Compilation events (10 events):
Event: 11.900 Thread 0x00000000188ac000 nmethod 9509 0x00000000047fd6d0 code [0x00000000047fdaa0, 0x00000000047ff9c8]
Event: 11.900 Thread 0x00000000188ac000 9511       3       com.sun.tools.javac.file.ZipFileIndex$Entry::getName (19 bytes)
Event: 11.900 Thread 0x00000000188ac000 nmethod 9511 0x00000000047f82d0 code [0x00000000047f84e0, 0x00000000047f9188]
Event: 11.900 Thread 0x00000000188ac000 9512       3       com.sun.tools.javac.file.BaseFileObject::getKind (5 bytes)
Event: 11.901 Thread 0x00000000188ac000 nmethod 9512 0x000000000317ca10 code [0x000000000317cb80, 0x000000000317cce8]
Event: 11.901 Thread 0x00000000188ac000 9516       3       com.sun.tools.javac.jvm.ClassReader::nextChar (46 bytes)
Event: 11.901 Thread 0x00000000188ac000 nmethod 9516 0x000000000388fa10 code [0x000000000388fb60, 0x000000000388fd30]
Event: 11.901 Thread 0x00000000188ac000 9517       3       com.sun.tools.javac.jvm.ClassReader::nextInt (93 bytes)
Event: 11.901 Thread 0x00000000188ac000 nmethod 9517 0x000000000388f550 code [0x000000000388f6c0, 0x000000000388f8d0]
Event: 11.901 Thread 0x00000000188ac000 9515       3       com.sun.tools.javac.file.Locations$BootClassPathLocationHandler::lazy (19 bytes)

GC Heap History (10 events):
Event: 6.223 GC heap before
{Heap before GC invocations=11 (full 2):
 PSYoungGen      total 164352K, used 164237K [0x00000000e0000000, 0x00000000ec380000, 0x0000000100000000)
  eden space 154624K, 100% used [0x00000000e0000000,0x00000000e9700000,0x00000000e9700000)
  from space 9728K, 98% used [0x00000000eba00000,0x00000000ec363470,0x00000000ec380000)
  to   space 11776K, 0% used [0x00000000eac80000,0x00000000eac80000,0x00000000eb800000)
 ParOldGen       total 146432K, used 14885K [0x00000000a0000000, 0x00000000a8f00000, 0x00000000e0000000)
  object space 146432K, 10% used [0x00000000a0000000,0x00000000a0e89570,0x00000000a8f00000)
 Metaspace       used 51003K, capacity 53086K, committed 53160K, reserved 1095680K
  class space    used 6829K, capacity 7315K, committed 7344K, reserved 1048576K
Event: 6.240 GC heap after
Heap after GC invocations=11 (full 2):
 PSYoungGen      total 188416K, used 11764K [0x00000000e0000000, 0x00000000ee380000, 0x0000000100000000)
  eden space 176640K, 0% used [0x00000000e0000000,0x00000000e0000000,0x00000000eac80000)
  from space 11776K, 99% used [0x00000000eac80000,0x00000000eb7fd300,0x00000000eb800000)
  to   space 18432K, 0% used [0x00000000ed180000,0x00000000ed180000,0x00000000ee380000)
 ParOldGen       total 146432K, used 28754K [0x00000000a0000000, 0x00000000a8f00000, 0x00000000e0000000)
  object space 146432K, 19% used [0x00000000a0000000,0x00000000a1c14a68,0x00000000a8f00000)
 Metaspace       used 51003K, capacity 53086K, committed 53160K, reserved 1095680K
  class space    used 6829K, capacity 7315K, committed 7344K, reserved 1048576K
}
Event: 6.960 GC heap before
{Heap before GC invocations=12 (full 2):
 PSYoungGen      total 188416K, used 95141K [0x00000000e0000000, 0x00000000ee380000, 0x0000000100000000)
  eden space 176640K, 47% used [0x00000000e0000000,0x00000000e516c410,0x00000000eac80000)
  from space 11776K, 99% used [0x00000000eac80000,0x00000000eb7fd300,0x00000000eb800000)
  to   space 18432K, 0% used [0x00000000ed180000,0x00000000ed180000,0x00000000ee380000)
 ParOldGen       total 146432K, used 28754K [0x00000000a0000000, 0x00000000a8f00000, 0x00000000e0000000)
  object space 146432K, 19% used [0x00000000a0000000,0x00000000a1c14a68,0x00000000a8f00000)
 Metaspace       used 56590K, capacity 59086K, committed 59160K, reserved 1099776K
  class space    used 7737K, capacity 8297K, committed 8368K, reserved 1048576K
Event: 6.975 GC heap after
Heap after GC invocations=12 (full 2):
 PSYoungGen      total 211456K, used 18406K [0x00000000e0000000, 0x00000000f0680000, 0x0000000100000000)
  eden space 193024K, 0% used [0x00000000e0000000,0x00000000e0000000,0x00000000ebc80000)
  from space 18432K, 99% used [0x00000000ed180000,0x00000000ee379a40,0x00000000ee380000)
  to   space 21504K, 0% used [0x00000000ebc80000,0x00000000ebc80000,0x00000000ed180000)
 ParOldGen       total 146432K, used 31332K [0x00000000a0000000, 0x00000000a8f00000, 0x00000000e0000000)
  object space 146432K, 21% used [0x00000000a0000000,0x00000000a1e99040,0x00000000a8f00000)
 Metaspace       used 56590K, capacity 59086K, committed 59160K, reserved 1099776K
  class space    used 7737K, capacity 8297K, committed 8368K, reserved 1048576K
}
Event: 6.975 GC heap before
{Heap before GC invocations=13 (full 3):
 PSYoungGen      total 211456K, used 18406K [0x00000000e0000000, 0x00000000f0680000, 0x0000000100000000)
  eden space 193024K, 0% used [0x00000000e0000000,0x00000000e0000000,0x00000000ebc80000)
  from space 18432K, 99% used [0x00000000ed180000,0x00000000ee379a40,0x00000000ee380000)
  to   space 21504K, 0% used [0x00000000ebc80000,0x00000000ebc80000,0x00000000ed180000)
 ParOldGen       total 146432K, used 31332K [0x00000000a0000000, 0x00000000a8f00000, 0x00000000e0000000)
  object space 146432K, 21% used [0x00000000a0000000,0x00000000a1e99040,0x00000000a8f00000)
 Metaspace       used 56590K, capacity 59086K, committed 59160K, reserved 1099776K
  class space    used 7737K, capacity 8297K, committed 8368K, reserved 1048576K
Event: 7.176 GC heap after
Heap after GC invocations=13 (full 3):
 PSYoungGen      total 211456K, used 0K [0x00000000e0000000, 0x00000000f0680000, 0x0000000100000000)
  eden space 193024K, 0% used [0x00000000e0000000,0x00000000e0000000,0x00000000ebc80000)
  from space 18432K, 0% used [0x00000000ed180000,0x00000000ed180000,0x00000000ee380000)
  to   space 21504K, 0% used [0x00000000ebc80000,0x00000000ebc80000,0x00000000ed180000)
 ParOldGen       total 146432K, used 46692K [0x00000000a0000000, 0x00000000a8f00000, 0x00000000e0000000)
  object space 146432K, 31% used [0x00000000a0000000,0x00000000a2d99110,0x00000000a8f00000)
 Metaspace       used 56550K, capacity 58954K, committed 59160K, reserved 1099776K
  class space    used 7725K, capacity 8275K, committed 8368K, reserved 1048576K
}
Event: 8.828 GC heap before
{Heap before GC invocations=14 (full 3):
 PSYoungGen      total 211456K, used 193024K [0x00000000e0000000, 0x00000000f0680000, 0x0000000100000000)
  eden space 193024K, 100% used [0x00000000e0000000,0x00000000ebc80000,0x00000000ebc80000)
  from space 18432K, 0% used [0x00000000ed180000,0x00000000ed180000,0x00000000ee380000)
  to   space 21504K, 0% used [0x00000000ebc80000,0x00000000ebc80000,0x00000000ed180000)
 ParOldGen       total 146432K, used 46692K [0x00000000a0000000, 0x00000000a8f00000, 0x00000000e0000000)
  object space 146432K, 31% used [0x00000000a0000000,0x00000000a2d99110,0x00000000a8f00000)
 Metaspace       used 63794K, capacity 66720K, committed 66856K, reserved 1105920K
  class space    used 8789K, capacity 9398K, committed 9520K, reserved 1048576K
Event: 8.839 GC heap after
Heap after GC invocations=14 (full 3):
 PSYoungGen      total 214528K, used 19144K [0x00000000e0000000, 0x00000000f0b00000, 0x0000000100000000)
  eden space 193024K, 0% used [0x00000000e0000000,0x00000000e0000000,0x00000000ebc80000)
  from space 21504K, 89% used [0x00000000ebc80000,0x00000000ecf32078,0x00000000ed180000)
  to   space 23040K, 0% used [0x00000000ef480000,0x00000000ef480000,0x00000000f0b00000)
 ParOldGen       total 146432K, used 46700K [0x00000000a0000000, 0x00000000a8f00000, 0x00000000e0000000)
  object space 146432K, 31% used [0x00000000a0000000,0x00000000a2d9b110,0x00000000a8f00000)
 Metaspace       used 63794K, capacity 66720K, committed 66856K, reserved 1105920K
  class space    used 8789K, capacity 9398K, committed 9520K, reserved 1048576K
}
Event: 10.052 GC heap before
{Heap before GC invocations=15 (full 3):
 PSYoungGen      total 214528K, used 212168K [0x00000000e0000000, 0x00000000f0b00000, 0x0000000100000000)
  eden space 193024K, 100% used [0x00000000e0000000,0x00000000ebc80000,0x00000000ebc80000)
  from space 21504K, 89% used [0x00000000ebc80000,0x00000000ecf32078,0x00000000ed180000)
  to   space 23040K, 0% used [0x00000000ef480000,0x00000000ef480000,0x00000000f0b00000)
 ParOldGen       total 146432K, used 46700K [0x00000000a0000000, 0x00000000a8f00000, 0x00000000e0000000)
  object space 146432K, 31% used [0x00000000a0000000,0x00000000a2d9b110,0x00000000a8f00000)
 Metaspace       used 64592K, capacity 67676K, committed 67880K, reserved 1107968K
  class space    used 8827K, capacity 9420K, committed 9520K, reserved 1048576K
Event: 10.067 GC heap after
Heap after GC invocations=15 (full 3):
 PSYoungGen      total 246784K, used 23038K [0x00000000e0000000, 0x00000000f1100000, 0x0000000100000000)
  eden space 223744K, 0% used [0x00000000e0000000,0x00000000e0000000,0x00000000eda80000)
  from space 23040K, 99% used [0x00000000ef480000,0x00000000f0aff9e8,0x00000000f0b00000)
  to   space 26624K, 0% used [0x00000000eda80000,0x00000000eda80000,0x00000000ef480000)
 ParOldGen       total 146432K, used 48732K [0x00000000a0000000, 0x00000000a8f00000, 0x00000000e0000000)
  object space 146432K, 33% used [0x00000000a0000000,0x00000000a2f97058,0x00000000a8f00000)
 Metaspace       used 64592K, capacity 67676K, committed 67880K, reserved 1107968K
  class space    used 8827K, capacity 9420K, committed 9520K, reserved 1048576K
}

Deoptimization events (10 events):
Event: 11.686 Thread 0x0000000020dca000 Uncommon trap: reason=unstable_if action=reinterpret pc=0x000000000378ebe8 method=java.io.File.equals(Ljava/lang/Object;)Z @ 1
Event: 11.726 Thread 0x0000000020dca000 Uncommon trap: reason=unstable_if action=reinterpret pc=0x00000000040b9f78 method=com.sun.tools.javac.file.ZipFileIndex$Entry.compareTo(Lcom/sun/tools/javac/file/ZipFileIndex$Entry;)I @ 23
Event: 11.732 Thread 0x0000000020dca000 Uncommon trap: reason=predicate action=maybe_recompile pc=0x000000000385a014 method=java.util.ComparableTimSort.binarySort([Ljava/lang/Object;III)V @ 37
Event: 11.734 Thread 0x0000000020dca000 Uncommon trap: reason=array_check action=maybe_recompile pc=0x0000000003785704 method=java.util.ComparableTimSort.binarySort([Ljava/lang/Object;III)V @ 215
Event: 11.742 Thread 0x0000000020dca000 Uncommon trap: reason=array_check action=maybe_recompile pc=0x00000000037858dc method=java.util.ComparableTimSort.binarySort([Ljava/lang/Object;III)V @ 183
Event: 11.742 Thread 0x0000000020dca000 Uncommon trap: reason=array_check action=maybe_recompile pc=0x00000000033b7a8c method=java.util.ComparableTimSort.binarySort([Ljava/lang/Object;III)V @ 193
Event: 11.742 Thread 0x0000000020dca000 Uncommon trap: reason=array_check action=maybe_recompile pc=0x00000000033b7a8c method=java.util.ComparableTimSort.binarySort([Ljava/lang/Object;III)V @ 193
Event: 11.742 Thread 0x0000000020dca000 Uncommon trap: reason=array_check action=maybe_recompile pc=0x0000000003785704 method=java.util.ComparableTimSort.binarySort([Ljava/lang/Object;III)V @ 215
Event: 11.783 Thread 0x000000001b4d5000 Uncommon trap: reason=speculate_class_check action=maybe_recompile pc=0x00000000044c56dc method=java.util.AbstractList.listIterator()Ljava/util/ListIterator; @ 2
Event: 11.881 Thread 0x0000000020dca000 Uncommon trap: reason=predicate action=maybe_recompile pc=0x00000000040b57c8 method=java.util.Collections.indexedBinarySearch(Ljava/util/List;Ljava/lang/Object;)I @ 16

Classes redefined (0 events):
No events

Internal exceptions (10 events):
Event: 9.787 Thread 0x000000001b8c0000 Implicit null exception at 0x00000000044262ca to 0x0000000004426dcd
Event: 9.854 Thread 0x000000001b8ba000 Implicit null exception at 0x000000000440f94f to 0x0000000004411e59
Event: 10.194 Thread 0x0000000020dca000 Exception <a 'sun/nio/fs/WindowsException'> (0x00000000e2029408) thrown at [C:\src\AOSP-openjdk-git\hotspot\src\share\vm\prims\jni.cpp, line 710]
Event: 10.195 Thread 0x0000000020dca000 Exception <a 'sun/nio/fs/WindowsException'> (0x00000000e202a730) thrown at [C:\src\AOSP-openjdk-git\hotspot\src\share\vm\prims\jni.cpp, line 710]
Event: 10.197 Thread 0x0000000020dca000 Exception <a 'sun/nio/fs/WindowsException'> (0x00000000e205d6a0) thrown at [C:\src\AOSP-openjdk-git\hotspot\src\share\vm\prims\jni.cpp, line 710]
Event: 10.198 Thread 0x0000000020dca000 Exception <a 'sun/nio/fs/WindowsException'> (0x00000000e205e3c0) thrown at [C:\src\AOSP-openjdk-git\hotspot\src\share\vm\prims\jni.cpp, line 710]
Event: 10.198 Thread 0x0000000020dca000 Exception <a 'sun/nio/fs/WindowsException'> (0x00000000e2060860) thrown at [C:\src\AOSP-openjdk-git\hotspot\src\share\vm\prims\jni.cpp, line 710]
Event: 10.198 Thread 0x0000000020dca000 Exception <a 'sun/nio/fs/WindowsException'> (0x00000000e2061590) thrown at [C:\src\AOSP-openjdk-git\hotspot\src\share\vm\prims\jni.cpp, line 710]
Event: 10.215 Thread 0x0000000020dca000 Exception <a 'java/lang/NoSuchMethodError': java.lang.Object.lambda$comparingByKey$bbdbfea9$1(Ljava/util/Map$Entry;Ljava/util/Map$Entry;)I> (0x00000000e21f2cc8) thrown at [C:\src\AOSP-openjdk-git\hotspot\src\share\vm\interpreter\linkResolver.cpp, line 620
Event: 11.686 Thread 0x0000000020dca000 Implicit null exception at 0x000000000378e3f2 to 0x000000000378ebd5

Events (10 events):
Event: 11.893 loading class com/sun/tools/javac/jvm/ClassReader$AnnotationDeproxy
Event: 11.893 loading class com/sun/tools/javac/jvm/ClassReader$AnnotationDeproxy done
Event: 11.894 loading class com/sun/tools/javac/jvm/ClassReader$ProxyVisitor
Event: 11.894 loading class com/sun/tools/javac/jvm/ClassReader$ProxyVisitor done
Event: 11.894 loading class com/sun/tools/javac/code/Type$ArrayType$1
Event: 11.894 loading class com/sun/tools/javac/code/Type$ArrayType$1 done
Event: 11.895 loading class com/sun/tools/javac/jvm/Code
Event: 11.895 loading class com/sun/tools/javac/jvm/Code done
Event: 11.900 loading class com/sun/tools/javac/code/Scope$1
Event: 11.900 loading class com/sun/tools/javac/code/Scope$1 done


Dynamic libraries:
0x00007ff6c0910000 - 0x00007ff6c0941000 	C:\Program Files\Android\Android Studio\jre\bin\java.exe
0x00007ffb77280000 - 0x00007ffb77470000 	C:\WINDOWS\SYSTEM32\ntdll.dll
0x00007ffb765e0000 - 0x00007ffb76692000 	C:\WINDOWS\System32\KERNEL32.DLL
0x00007ffb74ee0000 - 0x00007ffb75185000 	C:\WINDOWS\System32\KERNELBASE.dll
0x00007ffb75f60000 - 0x00007ffb76003000 	C:\WINDOWS\System32\ADVAPI32.dll
0x00007ffb76770000 - 0x00007ffb7680e000 	C:\WINDOWS\System32\msvcrt.dll
0x00007ffb75ae0000 - 0x00007ffb75b77000 	C:\WINDOWS\System32\sechost.dll
0x00007ffb75cc0000 - 0x00007ffb75de0000 	C:\WINDOWS\System32\RPCRT4.dll
0x00007ffb76440000 - 0x00007ffb765d4000 	C:\WINDOWS\System32\USER32.dll
0x00007ffb74990000 - 0x00007ffb749b1000 	C:\WINDOWS\System32\win32u.dll
0x00007ffb75800000 - 0x00007ffb75826000 	C:\WINDOWS\System32\GDI32.dll
0x00007ffb75190000 - 0x00007ffb75326000 	C:\WINDOWS\System32\gdi32full.dll
0x00007ffb74e40000 - 0x00007ffb74ede000 	C:\WINDOWS\System32\msvcp_win.dll
0x00007ffb74c90000 - 0x00007ffb74d8a000 	C:\WINDOWS\System32\ucrtbase.dll
0x00007ffb61e20000 - 0x00007ffb620a4000 	C:\WINDOWS\WinSxS\amd64_microsoft.windows.common-controls_6595b64144ccf1df_6.0.18362.1198_none_9e820b57e45ad92f\COMCTL32.dll
0x00007ffb76810000 - 0x00007ffb76b45000 	C:\WINDOWS\System32\combase.dll
0x00007ffb74d90000 - 0x00007ffb74e10000 	C:\WINDOWS\System32\bcryptPrimitives.dll
0x00007ffb762e0000 - 0x00007ffb7630e000 	C:\WINDOWS\System32\IMM32.DLL
0x0000000060050000 - 0x0000000060122000 	C:\Program Files\Android\Android Studio\jre\jre\bin\msvcr100.dll
0x0000000060520000 - 0x0000000060d6b000 	C:\Program Files\Android\Android Studio\jre\jre\bin\server\jvm.dll
0x00007ffb75920000 - 0x00007ffb75928000 	C:\WINDOWS\System32\PSAPI.DLL
0x00007ffb3f4c0000 - 0x00007ffb3f4c9000 	C:\WINDOWS\SYSTEM32\WSOCK32.dll
0x00007ffb766a0000 - 0x00007ffb7670f000 	C:\WINDOWS\System32\WS2_32.dll
0x00007ffb71b50000 - 0x00007ffb71b5a000 	C:\WINDOWS\SYSTEM32\VERSION.dll
0x00007ffb6d930000 - 0x00007ffb6d954000 	C:\WINDOWS\SYSTEM32\WINMM.dll
0x00007ffb6d880000 - 0x00007ffb6d8ad000 	C:\WINDOWS\SYSTEM32\winmmbase.dll
0x00007ffb749c0000 - 0x00007ffb74a0a000 	C:\WINDOWS\System32\cfgmgr32.dll
0x00007ffb71b20000 - 0x00007ffb71b2f000 	C:\Program Files\Android\Android Studio\jre\jre\bin\verify.dll
0x00007ffb68c40000 - 0x00007ffb68c69000 	C:\Program Files\Android\Android Studio\jre\jre\bin\java.dll
0x00007ffb690e0000 - 0x00007ffb690f6000 	C:\Program Files\Android\Android Studio\jre\jre\bin\zip.dll
0x00007ffb76b50000 - 0x00007ffb77237000 	C:\WINDOWS\System32\SHELL32.dll
0x00007ffb76310000 - 0x00007ffb763b9000 	C:\WINDOWS\System32\shcore.dll
0x00007ffb74200000 - 0x00007ffb74981000 	C:\WINDOWS\System32\windows.storage.dll
0x00007ffb741b0000 - 0x00007ffb741d3000 	C:\WINDOWS\System32\profapi.dll
0x00007ffb74160000 - 0x00007ffb741aa000 	C:\WINDOWS\System32\powrprof.dll
0x00007ffb74130000 - 0x00007ffb74140000 	C:\WINDOWS\System32\UMPDC.dll
0x00007ffb75840000 - 0x00007ffb75892000 	C:\WINDOWS\System32\shlwapi.dll
0x00007ffb741e0000 - 0x00007ffb741f1000 	C:\WINDOWS\System32\kernel.appcore.dll
0x00007ffb74b20000 - 0x00007ffb74b37000 	C:\WINDOWS\System32\cryptsp.dll
0x00007ffb68fe0000 - 0x00007ffb68ffa000 	C:\Program Files\Android\Android Studio\jre\jre\bin\net.dll
0x00007ffb73980000 - 0x00007ffb739e7000 	C:\WINDOWS\system32\mswsock.dll
0x00007ffb68d50000 - 0x00007ffb68d63000 	C:\Program Files\Android\Android Studio\jre\jre\bin\nio.dll
0x00007ffb6caf0000 - 0x00007ffb6cb17000 	C:\Users\Chau\.gradle\native\f6784746aeab05261644944871eae4fe03e0ef1612fff0a4a95f87b438bc6780\windows-amd64\native-platform.dll
0x00007ffb6cb20000 - 0x00007ffb6cb2d000 	C:\Program Files\Android\Android Studio\jre\jre\bin\management.dll
0x00007ffb734f0000 - 0x00007ffb73523000 	C:\WINDOWS\system32\rsaenh.dll
0x00007ffb74e10000 - 0x00007ffb74e36000 	C:\WINDOWS\System32\bcrypt.dll
0x00007ffb74010000 - 0x00007ffb74035000 	C:\WINDOWS\SYSTEM32\USERENV.dll
0x00007ffb73b50000 - 0x00007ffb73b5c000 	C:\WINDOWS\SYSTEM32\CRYPTBASE.dll
0x00007ffb73690000 - 0x00007ffb736ca000 	C:\WINDOWS\SYSTEM32\IPHLPAPI.DLL
0x00007ffb76240000 - 0x00007ffb76248000 	C:\WINDOWS\System32\NSI.dll
0x00007ffb6a690000 - 0x00007ffb6a6a6000 	C:\WINDOWS\SYSTEM32\dhcpcsvc6.DLL
0x00007ffb6b090000 - 0x00007ffb6b0ac000 	C:\WINDOWS\SYSTEM32\dhcpcsvc.DLL
0x00007ffb736d0000 - 0x00007ffb7379b000 	C:\WINDOWS\SYSTEM32\DNSAPI.dll
0x00007ffb6bf10000 - 0x00007ffb6bf1b000 	C:\WINDOWS\SYSTEM32\WINNSI.DLL

VM Arguments:
jvm_args: -Xmx1536m -Dfile.encoding=windows-1252 -Duser.country=MX -Duser.language=es -Duser.variant 
java_command: org.gradle.launcher.daemon.bootstrap.GradleDaemon 6.5
java_class_path (initial): C:\Users\Chau\.gradle\wrapper\dists\gradle-6.5-all\2oz4ud9k3tuxjg84bbf55q0tn\gradle-6.5\lib\gradle-launcher-6.5.jar
Launcher Type: SUN_STANDARD

Environment Variables:
JAVA_HOME=C:\Program Files\Android\Jdk\microsoft_dist_openjdk_1.8.0.25
PATH=C:\Program Files (x86)\Common Files\Intel\Shared Files\cpp\bin\Intel64;C:\Program Files (x86)\Common Files\Oracle\Java\javapath;C:\WINDOWS\system32;C:\WINDOWS;C:\WINDOWS\System32\Wbem;C:\WINDOWS\System32\WindowsPowerShell\v1.0\;C:\WINDOWS\System32\OpenSSH\;C:\Program Files\Git\cmd;C:\Program Files\dotnet\;C:\Program Files (x86)\IncrediBuild;C:\Program Files\Intel\WiFi\bin\;C:\Program Files\Common Files\Intel\WirelessCommon\;C:\Program Files\Microsoft SQL Server\130\Tools\Binn\;C:\Program Files\Microsoft SQL Server\Client SDK\ODBC\170\Tools\Binn\;C:\Program Files (x86)\Microsoft SQL Server\150\Tools\Binn\;C:\Program Files\Microsoft SQL Server\150\Tools\Binn\;C:\Program Files\Microsoft SQL Server\150\DTS\Binn\;C:\Program Files\nodejs\;C:\xamp\php;C:\ProgramData\ComposerSetup\bin;C:\Program Files (x86)\Intel\Intel(R) Management Engine Components\DAL;C:\Program Files\Intel\Intel(R) Management Engine Components\DAL;C:\Users\Chau\AppData\Local\Programs\Python\Python38\Scripts\;C:\Users\Chau\AppData\Local\Programs\Python\Python38\;C:\Users\Chau\anaconda3;C:\Users\Chau\anaconda3\Library\mingw-w64\bin;C:\Users\Chau\anaconda3\Library\usr\bin;C:\Users\Chau\anaconda3\Library\bin;C:\Users\Chau\anaconda3\Scripts;C:\Users\Chau\AppData\Local\Microsoft\WindowsApps;C:\xampp\php;C:\Users\Chau\AppData\Local\Microsoft\WindowsApps;C:\Users\Chau\AppData\Local\Programs\Microsoft VS Code\bin;C:\Users\Chau\AppData\Roaming\Composer\vendor\bin;C:\seleniumWebdrivers\;C:\Users\Chau\anaconda3\python.exe;"C:\Users\Chau\AppData\Roaming\npm;C:\seleniumWebdrivers\geckodriver.exe";C:\Users\Chau\AppData\Roaming\npm
USERNAME=Chau
OS=Windows_NT
PROCESSOR_IDENTIFIER=Intel64 Family 6 Model 142 Stepping 10, GenuineIntel



---------------  S Y S T E M  ---------------

OS: Windows 10.0 , 64 bit Build 18362 (10.0.18362.1110)

CPU:total 8 (initial active 8) (4 cores per cpu, 2 threads per core) family 6 model 142 stepping 10, cmov, cx8, fxsr, mmx, sse, sse2, sse3, ssse3, sse4.1, sse4.2, popcnt, avx, avx2, aes, clmul, erms, rtm, 3dnowpref, lzcnt, ht, tsc, tscinvbit, bmi1, bmi2, adx

Memory: 4k page, physical 16612328k(1380072k free), swap 47706212k(5604k free)

vm_info: OpenJDK 64-Bit Server VM (25.242-b01) for windows-amd64 JRE (1.8.0_242-release-1644-b01), built by "builder" with MS VC++ 10.0 (VS2010)

time: Tue Nov 17 23:20:57 2020
timezone: Hora estándar central (México)
elapsed time: 11 seconds (0d 0h 0m 11s)

