#
# There is insufficient memory for the Java Runtime Environment to continue.
# Native memory allocation (malloc) failed to allocate 1296656 bytes for Chunk::new
# Possible reasons:
#   The system is out of physical RAM or swap space
#   The process is running with CompressedOops enabled, and the Java Heap may be blocking the growth of the native heap
# Possible solutions:
#   Reduce memory load on the system
#   Increase physical memory or swap space
#   Check if swap backing store is full
#   Decrease Java heap size (-Xmx/-Xms)
#   Decrease number of Java threads
#   Decrease Java thread stack sizes (-Xss)
#   Set larger code cache with -XX:ReservedCodeCacheSize=
#   JVM is running with Unscaled Compressed Oops mode in which the Java heap is
#     placed in the first 4GB address space. The Java Heap base address is the
#     maximum limit for the native heap growth. Please use -XX:HeapBaseMinAddress
#     to set the Java Heap base and to place the Java Heap above 4GB virtual address.
# This output file may be truncated or incomplete.
#
#  Out of Memory Error (allocation.cpp:389), pid=22256, tid=0x0000000000005d28
#
# JRE version: OpenJDK Runtime Environment (8.0_242-b01) (build 1.8.0_242-release-1644-b01)
# Java VM: OpenJDK 64-Bit Server VM (25.242-b01 mixed mode windows-amd64 compressed oops)
# Failed to write core dump. Minidumps are not enabled by default on client versions of Windows
#

---------------  T H R E A D  ---------------

Current thread (0x000000001838a800):  JavaThread "C2 CompilerThread2" daemon [_thread_in_native, id=23848, stack(0x0000000018e70000,0x0000000018f70000)]

Stack: [0x0000000018e70000,0x0000000018f70000]
[error occurred during error reporting (printing stack bounds), id 0xc0000005]

Native frames: (J=compiled Java code, j=interpreted, Vv=VM code, C=native code)


Current CompileTask:
C2:  19667 13209 %     4       org.objectweb.asm.ClassReader::readCode @ 71 (5089 bytes)


---------------  P R O C E S S  ---------------

Java Threads: ( => current thread )
  0x000000001e819800 JavaThread "ForkJoinPool.commonPool-worker-3" daemon [_thread_blocked, id=5152, stack(0x000000002cac0000,0x000000002cbc0000)]
  0x000000001e819000 JavaThread "ForkJoinPool.commonPool-worker-2" daemon [_thread_blocked, id=19520, stack(0x000000002c9c0000,0x000000002cac0000)]
  0x000000001e818000 JavaThread "ForkJoinPool.commonPool-worker-1" daemon [_thread_blocked, id=7312, stack(0x000000002bca0000,0x000000002bda0000)]
  0x000000001e81b000 JavaThread "Cache worker for Java compile cache (C:\Users\Chau\Desktop\MangoCliente\.gradle\6.5\javaCompile)" [_thread_blocked, id=23724, stack(0x000000002bec0000,0x000000002bfc0000)]
  0x000000001e816000 JavaThread "Cache worker for Java compile cache (C:\Users\Chau\.gradle\caches\6.5\javaCompile)" [_thread_blocked, id=12848, stack(0x000000002bdc0000,0x000000002bec0000)]
  0x000000001e812000 JavaThread "Cache worker for execution history cache (C:\Users\Chau\Desktop\MangoCliente\.gradle\6.5\executionHistory)" [_thread_blocked, id=10128, stack(0x000000002ad00000,0x000000002ae00000)]
  0x000000001e814800 JavaThread "Execution worker for ':' Thread 7" [_thread_blocked, id=18456, stack(0x000000002b6a0000,0x000000002b7a0000)]
  0x000000001e811800 JavaThread "Execution worker for ':' Thread 6" [_thread_blocked, id=24132, stack(0x000000002b5a0000,0x000000002b6a0000)]
  0x000000001e810800 JavaThread "Execution worker for ':' Thread 5" [_thread_blocked, id=9196, stack(0x000000002b4a0000,0x000000002b5a0000)]
  0x000000001e80f000 JavaThread "Execution worker for ':' Thread 4" [_thread_blocked, id=13068, stack(0x000000002b3a0000,0x000000002b4a0000)]
  0x000000001e80e800 JavaThread "Execution worker for ':' Thread 3" [_thread_blocked, id=9492, stack(0x000000002b2a0000,0x000000002b3a0000)]
  0x000000001e80d000 JavaThread "Execution worker for ':' Thread 2" [_thread_blocked, id=21792, stack(0x000000002b1a0000,0x000000002b2a0000)]
  0x000000001e813800 JavaThread "Execution worker for ':'" [_thread_blocked, id=7940, stack(0x000000002b0a0000,0x000000002b1a0000)]
  0x000000001e813000 JavaThread "Cache worker for file content cache (C:\Users\Chau\Desktop\MangoCliente\.gradle\6.5\fileContent)" [_thread_blocked, id=17984, stack(0x000000002a310000,0x000000002a410000)]
  0x000000001e80c000 JavaThread "Memory manager" [_thread_blocked, id=24444, stack(0x00000000295b0000,0x00000000296b0000)]
  0x000000001e810000 JavaThread "Cache worker for Build Output Cleanup Cache (C:\Users\Chau\Desktop\MangoCliente\.gradle\buildOutputCleanup)" [_thread_blocked, id=1092, stack(0x0000000026480000,0x0000000026580000)]
  0x000000001b56c800 JavaThread "jar transforms Thread 94" [_thread_blocked, id=1764, stack(0x00000000294b0000,0x00000000295b0000)]
  0x000000001b56b800 JavaThread "jar transforms Thread 93" [_thread_blocked, id=22424, stack(0x00000000293b0000,0x00000000294b0000)]
  0x000000001b56b000 JavaThread "jar transforms Thread 92" [_thread_blocked, id=12076, stack(0x00000000292b0000,0x00000000293b0000)]
  0x000000001b56f800 JavaThread "jar transforms Thread 91" [_thread_blocked, id=17164, stack(0x00000000291b0000,0x00000000292b0000)]
  0x000000001b56e000 JavaThread "jar transforms Thread 90" [_thread_blocked, id=19448, stack(0x00000000290b0000,0x00000000291b0000)]
  0x000000001b56e800 JavaThread "jar transforms Thread 89" [_thread_blocked, id=23704, stack(0x0000000028fb0000,0x00000000290b0000)]
  0x000000001b56d000 JavaThread "jar transforms Thread 88" [_thread_blocked, id=18060, stack(0x0000000028eb0000,0x0000000028fb0000)]
  0x000000001b570000 JavaThread "jar transforms Thread 87" [_thread_blocked, id=23640, stack(0x0000000028db0000,0x0000000028eb0000)]
  0x000000001b563800 JavaThread "jar transforms Thread 86" [_thread_blocked, id=20180, stack(0x0000000028cb0000,0x0000000028db0000)]
  0x000000001b56a000 JavaThread "jar transforms Thread 85" [_thread_blocked, id=12584, stack(0x0000000028bb0000,0x0000000028cb0000)]
  0x000000001b562800 JavaThread "jar transforms Thread 84" [_thread_blocked, id=20984, stack(0x0000000028ab0000,0x0000000028bb0000)]
  0x000000001b569800 JavaThread "jar transforms Thread 83" [_thread_blocked, id=7736, stack(0x00000000289b0000,0x0000000028ab0000)]
  0x000000001b562000 JavaThread "jar transforms Thread 82" [_thread_blocked, id=16616, stack(0x00000000288b0000,0x00000000289b0000)]
  0x000000001b568800 JavaThread "jar transforms Thread 81" [_thread_blocked, id=13928, stack(0x00000000287b0000,0x00000000288b0000)]
  0x000000001b568000 JavaThread "jar transforms Thread 80" [_thread_blocked, id=3096, stack(0x00000000286b0000,0x00000000287b0000)]
  0x000000001b567000 JavaThread "jar transforms Thread 79" [_thread_blocked, id=13156, stack(0x00000000285b0000,0x00000000286b0000)]
  0x000000001b565000 JavaThread "jar transforms Thread 78" [_thread_blocked, id=16752, stack(0x00000000284b0000,0x00000000285b0000)]
  0x000000001b564000 JavaThread "jar transforms Thread 77" [_thread_blocked, id=9312, stack(0x00000000283b0000,0x00000000284b0000)]
  0x000000001b566800 JavaThread "jar transforms Thread 76" [_thread_blocked, id=21068, stack(0x00000000282b0000,0x00000000283b0000)]
  0x000000001b565800 JavaThread "jar transforms Thread 75" [_thread_blocked, id=18232, stack(0x00000000281b0000,0x00000000282b0000)]
  0x000000001b561000 JavaThread "jar transforms Thread 74" [_thread_blocked, id=19812, stack(0x00000000280b0000,0x00000000281b0000)]
  0x000000001b55f800 JavaThread "jar transforms Thread 73" [_thread_blocked, id=13224, stack(0x0000000027fb0000,0x00000000280b0000)]
  0x000000001b55e800 JavaThread "jar transforms Thread 72" [_thread_blocked, id=13520, stack(0x0000000027eb0000,0x0000000027fb0000)]
  0x000000001b560000 JavaThread "jar transforms Thread 71" [_thread_blocked, id=23028, stack(0x0000000027db0000,0x0000000027eb0000)]
  0x000000001b55e000 JavaThread "jar transforms Thread 70" [_thread_blocked, id=2368, stack(0x0000000027cb0000,0x0000000027db0000)]
  0x000000001b55d000 JavaThread "jar transforms Thread 69" [_thread_blocked, id=13564, stack(0x0000000027bb0000,0x0000000027cb0000)]
  0x000000001b55c800 JavaThread "jar transforms Thread 68" [_thread_blocked, id=17788, stack(0x0000000027ab0000,0x0000000027bb0000)]
  0x000000001b55b800 JavaThread "jar transforms Thread 67" [_thread_blocked, id=17900, stack(0x00000000279b0000,0x0000000027ab0000)]
  0x000000001b554000 JavaThread "jar transforms Thread 66" [_thread_blocked, id=17236, stack(0x00000000278b0000,0x00000000279b0000)]
  0x000000001b55b000 JavaThread "jar transforms Thread 65" [_thread_blocked, id=2280, stack(0x00000000277b0000,0x00000000278b0000)]
  0x000000001b55a000 JavaThread "jar transforms Thread 64" [_thread_blocked, id=20276, stack(0x00000000276b0000,0x00000000277b0000)]
  0x000000001b558800 JavaThread "jar transforms Thread 63" [_thread_blocked, id=9456, stack(0x00000000275b0000,0x00000000276b0000)]
  0x000000001b556800 JavaThread "jar transforms Thread 62" [_thread_blocked, id=13988, stack(0x00000000274b0000,0x00000000275b0000)]
  0x000000001b559800 JavaThread "jar transforms Thread 61" [_thread_blocked, id=4988, stack(0x00000000273b0000,0x00000000274b0000)]
  0x000000001b558000 JavaThread "jar transforms Thread 60" [_thread_blocked, id=13036, stack(0x00000000272b0000,0x00000000273b0000)]
  0x000000001b552800 JavaThread "jar transforms Thread 59" [_thread_blocked, id=19032, stack(0x00000000271b0000,0x00000000272b0000)]
  0x000000001b552000 JavaThread "jar transforms Thread 58" [_thread_blocked, id=16388, stack(0x00000000270b0000,0x00000000271b0000)]
  0x000000001b551000 JavaThread "jar transforms Thread 57" [_thread_blocked, id=15456, stack(0x0000000026fb0000,0x00000000270b0000)]
  0x000000001b557000 JavaThread "jar transforms Thread 56" [_thread_blocked, id=12604, stack(0x0000000026eb0000,0x0000000026fb0000)]
  0x000000001b553800 JavaThread "jar transforms Thread 55" [_thread_blocked, id=948, stack(0x0000000026db0000,0x0000000026eb0000)]
  0x000000001b555000 JavaThread "jar transforms Thread 54" [_thread_blocked, id=11228, stack(0x0000000026cb0000,0x0000000026db0000)]
  0x000000001b555800 JavaThread "jar transforms Thread 53" [_thread_blocked, id=5632, stack(0x0000000026bb0000,0x0000000026cb0000)]
  0x0000000020634800 JavaThread "jar transforms Thread 52" [_thread_blocked, id=2528, stack(0x0000000026ab0000,0x0000000026bb0000)]
  0x0000000020634000 JavaThread "jar transforms Thread 51" [_thread_blocked, id=12216, stack(0x00000000269b0000,0x0000000026ab0000)]
  0x0000000020633000 JavaThread "jar transforms Thread 50" [_thread_blocked, id=8660, stack(0x00000000268b0000,0x00000000269b0000)]
  0x0000000020632800 JavaThread "jar transforms Thread 49" [_thread_blocked, id=18328, stack(0x00000000267b0000,0x00000000268b0000)]
  0x0000000020631800 JavaThread "jar transforms Thread 48" [_thread_blocked, id=17064, stack(0x00000000266b0000,0x00000000267b0000)]
  0x0000000020630000 JavaThread "jar transforms Thread 47" [_thread_blocked, id=19580, stack(0x00000000265b0000,0x00000000266b0000)]
  0x000000002062e800 JavaThread "jar transforms Thread 46" [_thread_blocked, id=9052, stack(0x0000000026180000,0x0000000026280000)]
  0x0000000020631000 JavaThread "jar transforms Thread 45" [_thread_blocked, id=11496, stack(0x0000000026080000,0x0000000026180000)]
  0x000000002062f800 JavaThread "jar transforms Thread 44" [_thread_blocked, id=23928, stack(0x0000000025f80000,0x0000000026080000)]
  0x0000000020627000 JavaThread "jar transforms Thread 43" [_thread_blocked, id=17244, stack(0x0000000025e80000,0x0000000025f80000)]
  0x000000002062e000 JavaThread "jar transforms Thread 42" [_thread_blocked, id=13200, stack(0x0000000025d80000,0x0000000025e80000)]
  0x000000002062b800 JavaThread "jar transforms Thread 41" [_thread_blocked, id=19020, stack(0x0000000025c80000,0x0000000025d80000)]
  0x0000000020628000 JavaThread "jar transforms Thread 40" [_thread_blocked, id=17452, stack(0x0000000025b80000,0x0000000025c80000)]
  0x000000002062b000 JavaThread "jar transforms Thread 39" [_thread_blocked, id=23664, stack(0x0000000025a80000,0x0000000025b80000)]
  0x0000000020626800 JavaThread "jar transforms Thread 38" [_thread_blocked, id=11212, stack(0x0000000025980000,0x0000000025a80000)]
  0x000000002062a000 JavaThread "jar transforms Thread 37" [_thread_blocked, id=24564, stack(0x0000000025880000,0x0000000025980000)]
  0x000000002062d000 JavaThread "jar transforms Thread 36" [_thread_blocked, id=22456, stack(0x0000000025780000,0x0000000025880000)]
  0x0000000020629800 JavaThread "jar transforms Thread 35" [_thread_blocked, id=17644, stack(0x0000000025680000,0x0000000025780000)]
  0x0000000020625800 JavaThread "jar transforms Thread 34" [_thread_blocked, id=10180, stack(0x0000000025580000,0x0000000025680000)]
  0x0000000020628800 JavaThread "jar transforms Thread 33" [_thread_blocked, id=15404, stack(0x0000000025480000,0x0000000025580000)]
  0x000000002062c800 JavaThread "jar transforms Thread 32" [_thread_blocked, id=4944, stack(0x0000000025380000,0x0000000025480000)]
  0x0000000019369000 JavaThread "jar transforms Thread 31" [_thread_blocked, id=3412, stack(0x0000000025280000,0x0000000025380000)]
  0x0000000019368800 JavaThread "jar transforms Thread 30" [_thread_blocked, id=23084, stack(0x0000000025180000,0x0000000025280000)]
  0x0000000019367800 JavaThread "jar transforms Thread 29" [_thread_blocked, id=23460, stack(0x0000000025080000,0x0000000025180000)]
  0x000000001936a000 JavaThread "jar transforms Thread 28" [_thread_blocked, id=19800, stack(0x0000000024f80000,0x0000000025080000)]
  0x0000000019366000 JavaThread "jar transforms Thread 27" [_thread_blocked, id=1812, stack(0x0000000024e80000,0x0000000024f80000)]
  0x0000000019367000 JavaThread "jar transforms Thread 26" [_thread_blocked, id=18788, stack(0x0000000024d80000,0x0000000024e80000)]
  0x000000001935e800 JavaThread "jar transforms Thread 25" [_thread_blocked, id=7380, stack(0x0000000024c80000,0x0000000024d80000)]
  0x0000000019365800 JavaThread "jar transforms Thread 24" [_thread_blocked, id=18452, stack(0x0000000024b80000,0x0000000024c80000)]
  0x000000001935e000 JavaThread "jar transforms Thread 23" [_thread_blocked, id=23152, stack(0x0000000024a80000,0x0000000024b80000)]
  0x0000000019364800 JavaThread "jar transforms Thread 22" [_thread_blocked, id=19264, stack(0x0000000024980000,0x0000000024a80000)]
  0x000000001935d000 JavaThread "jar transforms Thread 21" [_thread_blocked, id=18500, stack(0x0000000024880000,0x0000000024980000)]
  0x0000000019364000 JavaThread "jar transforms Thread 20" [_thread_blocked, id=20188, stack(0x0000000024780000,0x0000000024880000)]
  0x0000000019362800 JavaThread "jar transforms Thread 19" [_thread_blocked, id=21260, stack(0x0000000024680000,0x0000000024780000)]
  0x000000001935c800 JavaThread "jar transforms Thread 18" [_thread_blocked, id=20932, stack(0x0000000024580000,0x0000000024680000)]
  0x0000000019363000 JavaThread "jar transforms Thread 17" [_thread_blocked, id=24120, stack(0x0000000024480000,0x0000000024580000)]
  0x000000001935b000 JavaThread "jar transforms Thread 16" [_thread_blocked, id=5472, stack(0x0000000024380000,0x0000000024480000)]
  0x0000000019361800 JavaThread "jar transforms Thread 15" [_thread_blocked, id=12340, stack(0x0000000024280000,0x0000000024380000)]
  0x0000000019360000 JavaThread "jar transforms Thread 14" [_thread_blocked, id=17156, stack(0x0000000024180000,0x0000000024280000)]
  0x000000001935b800 JavaThread "jar transforms Thread 13" [_thread_blocked, id=19288, stack(0x0000000024080000,0x0000000024180000)]
  0x0000000019361000 JavaThread "jar transforms Thread 12" [_thread_blocked, id=2780, stack(0x0000000023f80000,0x0000000024080000)]
  0x000000001935f800 JavaThread "jar transforms Thread 11" [_thread_blocked, id=12868, stack(0x0000000023e80000,0x0000000023f80000)]
  0x0000000020452000 JavaThread "jar transforms Thread 10" [_thread_blocked, id=21168, stack(0x0000000023d80000,0x0000000023e80000)]
  0x0000000020450800 JavaThread "jar transforms Thread 9" [_thread_blocked, id=23268, stack(0x0000000023c80000,0x0000000023d80000)]
  0x000000002044f800 JavaThread "jar transforms Thread 8" [_thread_blocked, id=6652, stack(0x0000000023b80000,0x0000000023c80000)]
  0x000000002044e000 JavaThread "jar transforms Thread 7" [_thread_blocked, id=14732, stack(0x0000000023a80000,0x0000000023b80000)]
  0x0000000020451000 JavaThread "jar transforms Thread 6" [_thread_blocked, id=11080, stack(0x0000000023980000,0x0000000023a80000)]
  0x000000002044d800 JavaThread "jar transforms Thread 5" [_thread_blocked, id=12160, stack(0x0000000023880000,0x0000000023980000)]
  0x000000002044c800 JavaThread "jar transforms Thread 4" [_thread_blocked, id=13340, stack(0x0000000023780000,0x0000000023880000)]
  0x000000002044f000 JavaThread "jar transforms Thread 3" [_thread_blocked, id=14288, stack(0x0000000023680000,0x0000000023780000)]
  0x0000000020445000 JavaThread "jar transforms Thread 2" [_thread_blocked, id=6648, stack(0x0000000023580000,0x0000000023680000)]
  0x000000002044c000 JavaThread "Build operations Thread 8" [_thread_blocked, id=10516, stack(0x0000000023480000,0x0000000023580000)]
  0x000000002044b000 JavaThread "Build operations Thread 7" [_thread_blocked, id=5888, stack(0x0000000023380000,0x0000000023480000)]
  0x0000000020446000 JavaThread "Build operations Thread 6" [_thread_blocked, id=9800, stack(0x0000000023280000,0x0000000023380000)]
  0x000000002044a800 JavaThread "Build operations Thread 5" [_thread_blocked, id=10000, stack(0x0000000023180000,0x0000000023280000)]
  0x0000000020443800 JavaThread "Build operations Thread 4" [_thread_blocked, id=13764, stack(0x0000000023080000,0x0000000023180000)]
  0x0000000020449800 JavaThread "Build operations Thread 3" [_thread_blocked, id=24560, stack(0x0000000022f80000,0x0000000023080000)]
  0x0000000020447800 JavaThread "Build operations Thread 2" [_thread_blocked, id=14720, stack(0x0000000022e80000,0x0000000022f80000)]
  0x0000000020449000 JavaThread "Build operations" [_thread_blocked, id=16936, stack(0x0000000022d80000,0x0000000022e80000)]
  0x000000001ae63800 JavaThread "Cache worker for file content cache (C:\Users\Chau\.gradle\caches\6.5\fileContent)" [_thread_blocked, id=8376, stack(0x00000000216b0000,0x00000000217b0000)]
  0x000000001ae5d000 JavaThread "jar transforms" [_thread_blocked, id=20640, stack(0x00000000215b0000,0x00000000216b0000)]
  0x000000001ae5d800 JavaThread "Cache worker for execution history cache (C:\Users\Chau\.gradle\caches\6.5\executionHistory)" [_thread_blocked, id=23656, stack(0x0000000020db0000,0x0000000020eb0000)]
  0x000000001ae63000 JavaThread "Cache worker for cache directory md-rule (C:\Users\Chau\.gradle\caches\6.5\md-rule)" [_thread_blocked, id=20344, stack(0x0000000020cb0000,0x0000000020db0000)]
  0x000000001ae60800 JavaThread "Cache worker for cache directory md-supplier (C:\Users\Chau\.gradle\caches\6.5\md-supplier)" [_thread_blocked, id=12944, stack(0x000000001f960000,0x000000001fa60000)]
  0x000000001ae62000 JavaThread "Cache worker for checksums cache (C:\Users\Chau\Desktop\MangoCliente\.gradle\checksums)" [_thread_blocked, id=21444, stack(0x000000001f860000,0x000000001f960000)]
  0x000000001ae5f000 JavaThread "Cache worker for file hash cache (C:\Users\Chau\Desktop\MangoCliente\.gradle\6.5\fileHashes)" [_thread_blocked, id=17956, stack(0x00000000210b0000,0x00000000211b0000)]
  0x000000001ae5e800 JavaThread "Cache worker for file hash cache (C:\Users\Chau\.gradle\caches\6.5\fileHashes)" [_thread_blocked, id=2208, stack(0x000000001d3c0000,0x000000001d4c0000)]
  0x000000001ae60000 JavaThread "File lock request listener" [_thread_in_native, id=15492, stack(0x000000001d2c0000,0x000000001d3c0000)]
  0x0000000018503000 JavaThread "Cache worker for journal cache (C:\Users\Chau\.gradle\caches\journal-1)" [_thread_blocked, id=21748, stack(0x000000001d1c0000,0x000000001d2c0000)]
  0x000000001afa8800 JavaThread "Thread-9" [_thread_blocked, id=10864, stack(0x000000001cec0000,0x000000001cfc0000)]
  0x000000001afa5800 JavaThread "Stdin handler" [_thread_blocked, id=12312, stack(0x000000001cdc0000,0x000000001cec0000)]
  0x000000001afa5000 JavaThread "Asynchronous log dispatcher for DefaultDaemonConnection: socket connection from /127.0.0.1:57220 to /127.0.0.1:57221" [_thread_blocked, id=22084, stack(0x000000001ccc0000,0x000000001cdc0000)]
  0x000000001afa1800 JavaThread "Daemon worker" [_thread_in_native, id=22624, stack(0x000000001cbc0000,0x000000001ccc0000)]
  0x000000001afa0800 JavaThread "Cancel handler" [_thread_blocked, id=4192, stack(0x000000001c9c0000,0x000000001cac0000)]
  0x000000001afc8800 JavaThread "Handler for socket connection from /127.0.0.1:57220 to /127.0.0.1:57221" [_thread_in_native, id=15108, stack(0x000000001c8c0000,0x000000001c9c0000)]
  0x000000001afc2000 JavaThread "Daemon" [_thread_blocked, id=17680, stack(0x000000001c7c0000,0x000000001c8c0000)]
  0x000000001af13800 JavaThread "Daemon periodic checks" [_thread_blocked, id=15556, stack(0x000000001c4c0000,0x000000001c5c0000)]
  0x000000001af11800 JavaThread "Incoming local TCP Connector on port 57220" [_thread_in_native, id=17948, stack(0x000000001c250000,0x000000001c350000)]
  0x000000001ae71800 JavaThread "Daemon health stats" [_thread_blocked, id=21492, stack(0x000000001bc10000,0x000000001bd10000)]
  0x000000001841f000 JavaThread "Service Thread" daemon [_thread_blocked, id=15860, stack(0x0000000019070000,0x0000000019170000)]
  0x0000000018391000 JavaThread "C1 CompilerThread3" daemon [_thread_blocked, id=12072, stack(0x0000000018f70000,0x0000000019070000)]
=>0x000000001838a800 JavaThread "C2 CompilerThread2" daemon [_thread_in_native, id=23848, stack(0x0000000018e70000,0x0000000018f70000)]
  0x0000000018383800 JavaThread "C2 CompilerThread1" daemon [_thread_blocked, id=4160, stack(0x0000000018d70000,0x0000000018e70000)]
  0x0000000018380800 JavaThread "C2 CompilerThread0" daemon [_thread_blocked, id=22496, stack(0x0000000018c70000,0x0000000018d70000)]
  0x000000001837e800 JavaThread "Attach Listener" daemon [_thread_blocked, id=22128, stack(0x0000000018b70000,0x0000000018c70000)]
  0x000000001837e000 JavaThread "Signal Dispatcher" daemon [_thread_blocked, id=10276, stack(0x0000000018a70000,0x0000000018b70000)]
  0x0000000018370800 JavaThread "Finalizer" daemon [_thread_blocked, id=6804, stack(0x0000000018850000,0x0000000018950000)]
  0x00000000027b8800 JavaThread "Reference Handler" daemon [_thread_blocked, id=8972, stack(0x0000000018750000,0x0000000018850000)]
  0x00000000026be000 JavaThread "main" [_thread_blocked, id=6284, stack(0x0000000002570000,0x0000000002670000)]

Other Threads:
  0x0000000016578800 VMThread [stack: 0x0000000018250000,0x0000000018350000] [id=17296]
  0x0000000018420000 WatcherThread [stack: 0x0000000019170000,0x0000000019270000] [id=13480]

VM state:not at safepoint (normal execution)

VM Mutex/Monitor currently owned by a thread: None

heap address: 0x00000000a0000000, size: 1536 MB, Compressed Oops mode: 32-bit
Narrow klass base: 0x0000000000000000, Narrow klass shift: 3
Compressed class space size: 1073741824 Address: 0x0000000100000000

Heap:
 PSYoungGen      total 443392K, used 120074K [0x00000000e0000000, 0x0000000100000000, 0x0000000100000000)
  eden space 394240K, 17% used [0x00000000e0000000,0x00000000e4549b80,0x00000000f8100000)
  from space 49152K, 99% used [0x00000000fd000000,0x00000000ffff8df0,0x0000000100000000)
  to   space 65024K, 0% used [0x00000000f8100000,0x00000000f8100000,0x00000000fc080000)
 ParOldGen       total 216064K, used 117162K [0x00000000a0000000, 0x00000000ad300000, 0x00000000e0000000)
  object space 216064K, 54% used [0x00000000a0000000,0x00000000a726aa98,0x00000000ad300000)
 Metaspace       used 78634K, capacity 82756K, committed 82984K, reserved 1120256K
  class space    used 10397K, capacity 11193K, committed 11312K, reserved 1048576K

Card table byte_map: [0x0000000011b80000,0x0000000011e90000] byte_map_base: 0x0000000011680000

Marking Bits: (ParMarkBitMap*) 0x0000000074abf030
 Begin Bits: [0x0000000012890000, 0x0000000014090000)
 End Bits:   [0x0000000014090000, 0x0000000015890000)

Polling page: 0x0000000000750000

CodeCache: size=245760Kb used=41870Kb max_used=42119Kb free=203889Kb
 bounds [0x00000000027c0000, 0x0000000005110000, 0x00000000117c0000]
 total_blobs=12005 nmethods=11168 adapters=749
 compilation: enabled

Compilation events (10 events):
Event: 19.655 Thread 0x0000000018380800 13225  s    4       java.io.ByteArrayOutputStream::toByteArray (12 bytes)
Event: 19.656 Thread 0x0000000018383800 13226       4       sun.nio.fs.WindowsFileAttributes::isReparsePoint (14 bytes)
Event: 19.656 Thread 0x0000000018383800 nmethod 13226 0x00000000049d2190 code [0x00000000049d22c0, 0x00000000049d2318]
Event: 19.658 Thread 0x0000000018383800 13272       4       org.objectweb.asm.MethodVisitor::visitIntInsn (17 bytes)
Event: 19.658 Thread 0x0000000018380800 nmethod 13225 0x00000000030df290 code [0x00000000030df3e0, 0x00000000030df878]
Event: 19.659 Thread 0x0000000018383800 nmethod 13272 0x0000000004a6c010 code [0x0000000004a6c140, 0x0000000004a6c1b8]
Event: 19.662 Thread 0x0000000018383800 13293       4       org.objectweb.asm.MethodVisitor::visitMethodInsn (68 bytes)
Event: 19.663 Thread 0x0000000018383800 nmethod 13293 0x0000000002e8ee90 code [0x0000000002e8efc0, 0x0000000002e8f098]
Event: 19.665 Thread 0x0000000018380800 13294       4       org.objectweb.asm.MethodVisitor::visitFieldInsn (20 bytes)
Event: 19.666 Thread 0x0000000018380800 nmethod 13294 0x0000000004b3d5d0 code [0x0000000004b3d700, 0x0000000004b3d798]

GC Heap History (10 events):
Event: 6.403 GC heap before
{Heap before GC invocations=11 (full 3):
 PSYoungGen      total 347136K, used 19452K [0x00000000e0000000, 0x00000000f7b80000, 0x0000000100000000)
  eden space 327680K, 0% used [0x00000000e0000000,0x00000000e0000000,0x00000000f4000000)
  from space 19456K, 99% used [0x00000000f5a00000,0x00000000f6cff320,0x00000000f6d00000)
  to   space 26624K, 0% used [0x00000000f4000000,0x00000000f4000000,0x00000000f5a00000)
 ParOldGen       total 137728K, used 28803K [0x00000000a0000000, 0x00000000a8680000, 0x00000000e0000000)
  object space 137728K, 20% used [0x00000000a0000000,0x00000000a1c20fa0,0x00000000a8680000)
 Metaspace       used 56591K, capacity 59040K, committed 59160K, reserved 1099776K
  class space    used 7726K, capacity 8288K, committed 8368K, reserved 1048576K
Event: 6.614 GC heap after
Heap after GC invocations=11 (full 3):
 PSYoungGen      total 347136K, used 0K [0x00000000e0000000, 0x00000000f7b80000, 0x0000000100000000)
  eden space 327680K, 0% used [0x00000000e0000000,0x00000000e0000000,0x00000000f4000000)
  from space 19456K, 0% used [0x00000000f5a00000,0x00000000f5a00000,0x00000000f6d00000)
  to   space 26624K, 0% used [0x00000000f4000000,0x00000000f4000000,0x00000000f5a00000)
 ParOldGen       total 216064K, used 41436K [0x00000000a0000000, 0x00000000ad300000, 0x00000000e0000000)
  object space 216064K, 19% used [0x00000000a0000000,0x00000000a28773b8,0x00000000ad300000)
 Metaspace       used 56554K, capacity 58914K, committed 59160K, reserved 1099776K
  class space    used 7714K, capacity 8267K, committed 8368K, reserved 1048576K
}
Event: 8.861 GC heap before
{Heap before GC invocations=12 (full 3):
 PSYoungGen      total 347136K, used 327680K [0x00000000e0000000, 0x00000000f7b80000, 0x0000000100000000)
  eden space 327680K, 100% used [0x00000000e0000000,0x00000000f4000000,0x00000000f4000000)
  from space 19456K, 0% used [0x00000000f5a00000,0x00000000f5a00000,0x00000000f6d00000)
  to   space 26624K, 0% used [0x00000000f4000000,0x00000000f4000000,0x00000000f5a00000)
 ParOldGen       total 216064K, used 41436K [0x00000000a0000000, 0x00000000ad300000, 0x00000000e0000000)
  object space 216064K, 19% used [0x00000000a0000000,0x00000000a28773b8,0x00000000ad300000)
 Metaspace       used 64963K, capacity 68594K, committed 68776K, reserved 1107968K
  class space    used 8935K, capacity 9609K, committed 9648K, reserved 1048576K
Event: 8.882 GC heap after
Heap after GC invocations=12 (full 3):
 PSYoungGen      total 354304K, used 26615K [0x00000000e0000000, 0x00000000fb880000, 0x0000000100000000)
  eden space 327680K, 0% used [0x00000000e0000000,0x00000000e0000000,0x00000000f4000000)
  from space 26624K, 99% used [0x00000000f4000000,0x00000000f59fdfb8,0x00000000f5a00000)
  to   space 30720K, 0% used [0x00000000f9a80000,0x00000000f9a80000,0x00000000fb880000)
 ParOldGen       total 216064K, used 42292K [0x00000000a0000000, 0x00000000ad300000, 0x00000000e0000000)
  object space 216064K, 19% used [0x00000000a0000000,0x00000000a294d3d8,0x00000000ad300000)
 Metaspace       used 64963K, capacity 68594K, committed 68776K, reserved 1107968K
  class space    used 8935K, capacity 9609K, committed 9648K, reserved 1048576K
}
Event: 11.256 GC heap before
{Heap before GC invocations=13 (full 3):
 PSYoungGen      total 354304K, used 354295K [0x00000000e0000000, 0x00000000fb880000, 0x0000000100000000)
  eden space 327680K, 100% used [0x00000000e0000000,0x00000000f4000000,0x00000000f4000000)
  from space 26624K, 99% used [0x00000000f4000000,0x00000000f59fdfb8,0x00000000f5a00000)
  to   space 30720K, 0% used [0x00000000f9a80000,0x00000000f9a80000,0x00000000fb880000)
 ParOldGen       total 216064K, used 42292K [0x00000000a0000000, 0x00000000ad300000, 0x00000000e0000000)
  object space 216064K, 19% used [0x00000000a0000000,0x00000000a294d3d8,0x00000000ad300000)
 Metaspace       used 70599K, capacity 74536K, committed 74664K, reserved 1114112K
  class space    used 9616K, capacity 10355K, committed 10416K, reserved 1048576K
Event: 11.302 GC heap after
Heap after GC invocations=13 (full 3):
 PSYoungGen      total 407040K, used 30704K [0x00000000e0000000, 0x00000000fd380000, 0x0000000100000000)
  eden space 376320K, 0% used [0x00000000e0000000,0x00000000e0000000,0x00000000f6f80000)
  from space 30720K, 99% used [0x00000000f9a80000,0x00000000fb87c310,0x00000000fb880000)
  to   space 44032K, 0% used [0x00000000f6f80000,0x00000000f6f80000,0x00000000f9a80000)
 ParOldGen       total 216064K, used 65868K [0x00000000a0000000, 0x00000000ad300000, 0x00000000e0000000)
  object space 216064K, 30% used [0x00000000a0000000,0x00000000a40530c0,0x00000000ad300000)
 Metaspace       used 70599K, capacity 74536K, committed 74664K, reserved 1114112K
  class space    used 9616K, capacity 10355K, committed 10416K, reserved 1048576K
}
Event: 13.298 GC heap before
{Heap before GC invocations=14 (full 3):
 PSYoungGen      total 407040K, used 407024K [0x00000000e0000000, 0x00000000fd380000, 0x0000000100000000)
  eden space 376320K, 100% used [0x00000000e0000000,0x00000000f6f80000,0x00000000f6f80000)
  from space 30720K, 99% used [0x00000000f9a80000,0x00000000fb87c310,0x00000000fb880000)
  to   space 44032K, 0% used [0x00000000f6f80000,0x00000000f6f80000,0x00000000f9a80000)
 ParOldGen       total 216064K, used 65868K [0x00000000a0000000, 0x00000000ad300000, 0x00000000e0000000)
  object space 216064K, 30% used [0x00000000a0000000,0x00000000a40530c0,0x00000000ad300000)
 Metaspace       used 75608K, capacity 79454K, committed 79784K, reserved 1118208K
  class space    used 10143K, capacity 10880K, committed 10928K, reserved 1048576K
Event: 13.334 GC heap after
Heap after GC invocations=14 (full 3):
 PSYoungGen      total 420352K, used 39208K [0x00000000e0000000, 0x0000000100000000, 0x0000000100000000)
  eden space 376320K, 0% used [0x00000000e0000000,0x00000000e0000000,0x00000000f6f80000)
  from space 44032K, 89% used [0x00000000f6f80000,0x00000000f95ca0c8,0x00000000f9a80000)
  to   space 49152K, 0% used [0x00000000fd000000,0x00000000fd000000,0x0000000100000000)
 ParOldGen       total 216064K, used 94937K [0x00000000a0000000, 0x00000000ad300000, 0x00000000e0000000)
  object space 216064K, 43% used [0x00000000a0000000,0x00000000a5cb67d8,0x00000000ad300000)
 Metaspace       used 75608K, capacity 79454K, committed 79784K, reserved 1118208K
  class space    used 10143K, capacity 10880K, committed 10928K, reserved 1048576K
}
Event: 19.140 GC heap before
{Heap before GC invocations=15 (full 3):
 PSYoungGen      total 420352K, used 415528K [0x00000000e0000000, 0x0000000100000000, 0x0000000100000000)
  eden space 376320K, 100% used [0x00000000e0000000,0x00000000f6f80000,0x00000000f6f80000)
  from space 44032K, 89% used [0x00000000f6f80000,0x00000000f95ca0c8,0x00000000f9a80000)
  to   space 49152K, 0% used [0x00000000fd000000,0x00000000fd000000,0x0000000100000000)
 ParOldGen       total 216064K, used 94937K [0x00000000a0000000, 0x00000000ad300000, 0x00000000e0000000)
  object space 216064K, 43% used [0x00000000a0000000,0x00000000a5cb67d8,0x00000000ad300000)
 Metaspace       used 78109K, capacity 82162K, committed 82344K, reserved 1120256K
  class space    used 10351K, capacity 11152K, committed 11184K, reserved 1048576K
Event: 19.229 GC heap after
Heap after GC invocations=15 (full 3):
 PSYoungGen      total 443392K, used 49123K [0x00000000e0000000, 0x0000000100000000, 0x0000000100000000)
  eden space 394240K, 0% used [0x00000000e0000000,0x00000000e0000000,0x00000000f8100000)
  from space 49152K, 99% used [0x00000000fd000000,0x00000000ffff8df0,0x0000000100000000)
  to   space 65024K, 0% used [0x00000000f8100000,0x00000000f8100000,0x00000000fc080000)
 ParOldGen       total 216064K, used 117162K [0x00000000a0000000, 0x00000000ad300000, 0x00000000e0000000)
  object space 216064K, 54% used [0x00000000a0000000,0x00000000a726aa98,0x00000000ad300000)
 Metaspace       used 78109K, capacity 82162K, committed 82344K, reserved 1120256K
  class space    used 10351K, capacity 11152K, committed 11184K, reserved 1048576K
}

Deoptimization events (10 events):
Event: 18.949 Thread 0x000000001afa1800 Uncommon trap: reason=array_check action=maybe_recompile pc=0x0000000004f99970 method=java.util.TimSort.binarySort([Ljava/lang/Object;IIILjava/util/Comparator;)V @ 183
Event: 19.075 Thread 0x0000000020446000 Uncommon trap: reason=unstable_if action=reinterpret pc=0x0000000003f5f3a4 method=java.util.concurrent.ConcurrentLinkedQueue.offer(Ljava/lang/Object;)Z @ 40
Event: 19.361 Thread 0x000000001afa1800 Uncommon trap: reason=array_check action=maybe_recompile pc=0x0000000004f998b4 method=java.util.TimSort.binarySort([Ljava/lang/Object;IIILjava/util/Comparator;)V @ 193
Event: 19.407 Thread 0x000000001e818000 Uncommon trap: reason=null_check action=make_not_entrant pc=0x000000000408c070 method=sun.nio.fs.NativeBuffers.getNativeBufferFromCache(I)Lsun/nio/fs/NativeBuffer; @ 6
Event: 19.408 Thread 0x000000001e818000 Uncommon trap: reason=null_check action=make_not_entrant pc=0x00000000040b888c method=sun.nio.fs.NativeBuffers.releaseNativeBuffer(Lsun/nio/fs/NativeBuffer;)V @ 6
Event: 19.462 Thread 0x000000001afa1800 Uncommon trap: reason=unstable_if action=reinterpret pc=0x00000000050614e0 method=org.objectweb.asm.ClassReader.readUtf(II[C)Ljava/lang/String; @ 41
Event: 19.505 Thread 0x000000001afa1800 Uncommon trap: reason=unstable_if action=reinterpret pc=0x00000000050b1438 method=org.objectweb.asm.ClassReader.readField(Lorg/objectweb/asm/ClassVisitor;Lorg/objectweb/asm/Context;I)I @ 115
Event: 19.512 Thread 0x000000001afa1800 Uncommon trap: reason=unstable_if action=reinterpret pc=0x00000000050640f4 method=org.objectweb.asm.ClassReader.readUtf(II[C)Ljava/lang/String; @ 41
Event: 19.513 Thread 0x000000001afa1800 Uncommon trap: reason=unstable_if action=reinterpret pc=0x0000000005065264 method=org.objectweb.asm.ClassReader.readUtf(II[C)Ljava/lang/String; @ 41
Event: 19.534 Thread 0x000000001afa1800 Uncommon trap: reason=unloaded action=reinterpret pc=0x0000000005095df8 method=org.objectweb.asm.ClassReader.readConst(I[C)Ljava/lang/Object; @ 123

Classes redefined (0 events):
No events

Internal exceptions (10 events):
Event: 18.391 Thread 0x000000001afa8800 Exception <a 'java/lang/NoSuchMethodError': <clinit>> (0x00000000e00137f0) thrown at [C:\src\AOSP-openjdk-git\hotspot\src\share\vm\prims\jni.cpp, line 1615]
Event: 18.393 Thread 0x000000001afa8800 Exception <a 'java/lang/NoSuchMethodError': <clinit>> (0x00000000e002d618) thrown at [C:\src\AOSP-openjdk-git\hotspot\src\share\vm\prims\jni.cpp, line 1615]
Event: 18.394 Thread 0x000000001e810000 Implicit null exception at 0x0000000003f00a84 to 0x0000000003f015e9
Event: 18.394 Thread 0x000000001afa8800 Exception <a 'java/lang/NoSuchMethodError': <clinit>> (0x00000000e00364e8) thrown at [C:\src\AOSP-openjdk-git\hotspot\src\share\vm\prims\jni.cpp, line 1615]
Event: 18.665 Thread 0x000000001afa1800 Exception <a 'sun/nio/fs/WindowsException'> (0x00000000ed80ca88) thrown at [C:\src\AOSP-openjdk-git\hotspot\src\share\vm\prims\jni.cpp, line 710]
Event: 18.666 Thread 0x000000001afa1800 Exception <a 'sun/nio/fs/WindowsException'> (0x00000000ed80e308) thrown at [C:\src\AOSP-openjdk-git\hotspot\src\share\vm\prims\jni.cpp, line 710]
Event: 18.941 Thread 0x000000001afa1800 Implicit null exception at 0x0000000004f8d694 to 0x0000000004f8f721
Event: 19.408 Thread 0x000000001e818000 Implicit null exception at 0x00000000040b84e5 to 0x00000000040b887c
Event: 19.408 Thread 0x000000001afa1800 Exception <a 'sun/nio/fs/WindowsException'> (0x00000000e0932168) thrown at [C:\src\AOSP-openjdk-git\hotspot\src\share\vm\prims\jni.cpp, line 710]
Event: 19.419 Thread 0x000000001e818000 Exception <a 'java/lang/NoSuchMethodError': java.lang.Object.lambda$static$0(Ljava/lang/String;)Z> (0x00000000e1795b88) thrown at [C:\src\AOSP-openjdk-git\hotspot\src\share\vm\interpreter\linkResolver.cpp, line 620]

Events (10 events):
Event: 19.664 Thread 0x0000000018383800 flushing nmethod 0x0000000003c59890
Event: 19.664 Thread 0x0000000018383800 flushing nmethod 0x0000000003c63cd0
Event: 19.664 Thread 0x0000000018383800 flushing nmethod 0x0000000003c777d0
Event: 19.664 Thread 0x0000000018383800 flushing nmethod 0x0000000003c810d0
Event: 19.664 Thread 0x0000000018383800 flushing nmethod 0x0000000003cd1550
Event: 19.664 Thread 0x0000000018383800 flushing nmethod 0x0000000003cd4f50
Event: 19.664 Thread 0x0000000018383800 flushing nmethod 0x0000000003d0fc10
Event: 19.666 Thread 0x0000000018380800 flushing nmethod 0x0000000003d24f10
Event: 19.666 Thread 0x0000000018380800 flushing nmethod 0x0000000003d2b150
Event: 19.666 Thread 0x0000000018380800 flushing nmethod 0x0000000003dba750


Dynamic libraries:
0x00007ff622c00000 - 0x00007ff622c31000 	C:\Program Files\Android\Android Studio\jre\bin\java.exe
0x00007ffbe7400000 - 0x00007ffbe75f0000 	C:\WINDOWS\SYSTEM32\ntdll.dll
0x00007ffbe59a0000 - 0x00007ffbe5a52000 	C:\WINDOWS\System32\KERNEL32.DLL
0x00007ffbe45c0000 - 0x00007ffbe4865000 	C:\WINDOWS\System32\KERNELBASE.dll
0x00007ffbe5cc0000 - 0x00007ffbe5d63000 	C:\WINDOWS\System32\ADVAPI32.dll
0x00007ffbe5ad0000 - 0x00007ffbe5b6e000 	C:\WINDOWS\System32\msvcrt.dll
0x00007ffbe7320000 - 0x00007ffbe73b7000 	C:\WINDOWS\System32\sechost.dll
0x00007ffbe69c0000 - 0x00007ffbe6ae0000 	C:\WINDOWS\System32\RPCRT4.dll
0x00007ffbe54b0000 - 0x00007ffbe5644000 	C:\WINDOWS\System32\USER32.dll
0x00007ffbe4430000 - 0x00007ffbe4451000 	C:\WINDOWS\System32\win32u.dll
0x00007ffbe7140000 - 0x00007ffbe7166000 	C:\WINDOWS\System32\GDI32.dll
0x00007ffbe4870000 - 0x00007ffbe4a06000 	C:\WINDOWS\System32\gdi32full.dll
0x00007ffbe4c30000 - 0x00007ffbe4cce000 	C:\WINDOWS\System32\msvcp_win.dll
0x00007ffbe4460000 - 0x00007ffbe455a000 	C:\WINDOWS\System32\ucrtbase.dll
0x00007ffbd2480000 - 0x00007ffbd2704000 	C:\WINDOWS\WinSxS\amd64_microsoft.windows.common-controls_6595b64144ccf1df_6.0.18362.1198_none_9e820b57e45ad92f\COMCTL32.dll
0x00007ffbe5650000 - 0x00007ffbe5985000 	C:\WINDOWS\System32\combase.dll
0x00007ffbe43b0000 - 0x00007ffbe4430000 	C:\WINDOWS\System32\bcryptPrimitives.dll
0x00007ffbe7170000 - 0x00007ffbe719e000 	C:\WINDOWS\System32\IMM32.DLL
0x0000000074dc0000 - 0x0000000074e92000 	C:\Program Files\Android\Android Studio\jre\jre\bin\msvcr100.dll
0x00000000742f0000 - 0x0000000074b3b000 	C:\Program Files\Android\Android Studio\jre\jre\bin\server\jvm.dll
0x00007ffbe5a60000 - 0x00007ffbe5a68000 	C:\WINDOWS\System32\PSAPI.DLL
0x00007ffbdf9b0000 - 0x00007ffbdf9d4000 	C:\WINDOWS\SYSTEM32\WINMM.dll
0x00007ffbac920000 - 0x00007ffbac929000 	C:\WINDOWS\SYSTEM32\WSOCK32.dll
0x00007ffbd8f00000 - 0x00007ffbd8f0a000 	C:\WINDOWS\SYSTEM32\VERSION.dll
0x00007ffbe6610000 - 0x00007ffbe667f000 	C:\WINDOWS\System32\WS2_32.dll
0x00007ffbdf980000 - 0x00007ffbdf9ad000 	C:\WINDOWS\SYSTEM32\winmmbase.dll
0x00007ffbe5460000 - 0x00007ffbe54aa000 	C:\WINDOWS\System32\cfgmgr32.dll
0x00007ffbe0c10000 - 0x00007ffbe0c1f000 	C:\Program Files\Android\Android Studio\jre\jre\bin\verify.dll
0x00007ffbdcfa0000 - 0x00007ffbdcfc9000 	C:\Program Files\Android\Android Studio\jre\jre\bin\java.dll
0x00007ffbdd060000 - 0x00007ffbdd076000 	C:\Program Files\Android\Android Studio\jre\jre\bin\zip.dll
0x00007ffbe5f20000 - 0x00007ffbe6607000 	C:\WINDOWS\System32\SHELL32.dll
0x00007ffbe5c10000 - 0x00007ffbe5cb9000 	C:\WINDOWS\System32\shcore.dll
0x00007ffbe4cd0000 - 0x00007ffbe5451000 	C:\WINDOWS\System32\windows.storage.dll
0x00007ffbe4300000 - 0x00007ffbe4323000 	C:\WINDOWS\System32\profapi.dll
0x00007ffbe4330000 - 0x00007ffbe437a000 	C:\WINDOWS\System32\powrprof.dll
0x00007ffbe42b0000 - 0x00007ffbe42c0000 	C:\WINDOWS\System32\UMPDC.dll
0x00007ffbe6960000 - 0x00007ffbe69b2000 	C:\WINDOWS\System32\shlwapi.dll
0x00007ffbe42c0000 - 0x00007ffbe42d1000 	C:\WINDOWS\System32\kernel.appcore.dll
0x00007ffbe4b60000 - 0x00007ffbe4b77000 	C:\WINDOWS\System32\cryptsp.dll
0x00007ffbdcf80000 - 0x00007ffbdcf9a000 	C:\Program Files\Android\Android Studio\jre\jre\bin\net.dll
0x00007ffbe3b00000 - 0x00007ffbe3b67000 	C:\WINDOWS\system32\mswsock.dll
0x00007ffbdcf60000 - 0x00007ffbdcf73000 	C:\Program Files\Android\Android Studio\jre\jre\bin\nio.dll
0x00007ffbe0b70000 - 0x00007ffbe0b97000 	C:\Users\Chau\.gradle\native\f6784746aeab05261644944871eae4fe03e0ef1612fff0a4a95f87b438bc6780\windows-amd64\native-platform.dll
0x00007ffbdfa80000 - 0x00007ffbdfa8d000 	C:\Program Files\Android\Android Studio\jre\jre\bin\management.dll
0x00007ffbe3670000 - 0x00007ffbe36a3000 	C:\WINDOWS\system32\rsaenh.dll
0x00007ffbe4380000 - 0x00007ffbe43a6000 	C:\WINDOWS\System32\bcrypt.dll
0x00007ffbe4190000 - 0x00007ffbe41b5000 	C:\WINDOWS\SYSTEM32\USERENV.dll
0x00007ffbe3cd0000 - 0x00007ffbe3cdc000 	C:\WINDOWS\SYSTEM32\CRYPTBASE.dll
0x00007ffbe3810000 - 0x00007ffbe384a000 	C:\WINDOWS\SYSTEM32\IPHLPAPI.DLL
0x00007ffbe7130000 - 0x00007ffbe7138000 	C:\WINDOWS\System32\NSI.dll
0x00007ffbdb770000 - 0x00007ffbdb786000 	C:\WINDOWS\SYSTEM32\dhcpcsvc6.DLL
0x00007ffbdd370000 - 0x00007ffbdd38c000 	C:\WINDOWS\SYSTEM32\dhcpcsvc.DLL
0x00007ffbe3850000 - 0x00007ffbe391b000 	C:\WINDOWS\SYSTEM32\DNSAPI.dll
0x00007ffbddab0000 - 0x00007ffbddabb000 	C:\WINDOWS\SYSTEM32\WINNSI.DLL

VM Arguments:
jvm_args: -Xmx1536m -Dfile.encoding=windows-1252 -Duser.country=MX -Duser.language=es -Duser.variant 
java_command: org.gradle.launcher.daemon.bootstrap.GradleDaemon 6.5
java_class_path (initial): C:\Users\Chau\.gradle\wrapper\dists\gradle-6.5-all\2oz4ud9k3tuxjg84bbf55q0tn\gradle-6.5\lib\gradle-launcher-6.5.jar
Launcher Type: SUN_STANDARD

Environment Variables:
JAVA_HOME=C:\Program Files\Android\Jdk\microsoft_dist_openjdk_1.8.0.25
PATH=C:\Program Files (x86)\Common Files\Intel\Shared Files\cpp\bin\Intel64;C:\Program Files (x86)\Common Files\Oracle\Java\javapath;C:\WINDOWS\system32;C:\WINDOWS;C:\WINDOWS\System32\Wbem;C:\WINDOWS\System32\WindowsPowerShell\v1.0\;C:\WINDOWS\System32\OpenSSH\;C:\Program Files\Git\cmd;C:\Program Files\dotnet\;C:\Program Files (x86)\IncrediBuild;C:\Program Files\Intel\WiFi\bin\;C:\Program Files\Common Files\Intel\WirelessCommon\;C:\Program Files\Microsoft SQL Server\130\Tools\Binn\;C:\Program Files\Microsoft SQL Server\Client SDK\ODBC\170\Tools\Binn\;C:\Program Files (x86)\Microsoft SQL Server\150\Tools\Binn\;C:\Program Files\Microsoft SQL Server\150\Tools\Binn\;C:\Program Files\Microsoft SQL Server\150\DTS\Binn\;C:\Program Files\nodejs\;C:\xamp\php;C:\ProgramData\ComposerSetup\bin;C:\Program Files (x86)\Intel\Intel(R) Management Engine Components\DAL;C:\Program Files\Intel\Intel(R) Management Engine Components\DAL;C:\Users\Chau\AppData\Local\Programs\Python\Python38\Scripts\;C:\Users\Chau\AppData\Local\Programs\Python\Python38\;C:\Users\Chau\anaconda3;C:\Users\Chau\anaconda3\Library\mingw-w64\bin;C:\Users\Chau\anaconda3\Library\usr\bin;C:\Users\Chau\anaconda3\Library\bin;C:\Users\Chau\anaconda3\Scripts;C:\Users\Chau\AppData\Local\Microsoft\WindowsApps;C:\xampp\php;C:\Users\Chau\AppData\Local\Microsoft\WindowsApps;C:\Users\Chau\AppData\Local\Programs\Microsoft VS Code\bin;C:\Users\Chau\AppData\Roaming\Composer\vendor\bin;C:\seleniumWebdrivers\;C:\Users\Chau\anaconda3\python.exe;"C:\Users\Chau\AppData\Roaming\npm;C:\seleniumWebdrivers\geckodriver.exe";C:\Users\Chau\AppData\Roaming\npm
USERNAME=Chau
OS=Windows_NT
PROCESSOR_IDENTIFIER=Intel64 Family 6 Model 142 Stepping 10, GenuineIntel



---------------  S Y S T E M  ---------------

OS: Windows 10.0 , 64 bit Build 18362 (10.0.18362.1110)

CPU:total 8 (initial active 8) (4 cores per cpu, 2 threads per core) family 6 model 142 stepping 10, cmov, cx8, fxsr, mmx, sse, sse2, sse3, ssse3, sse4.1, sse4.2, popcnt, avx, avx2, aes, clmul, erms, rtm, 3dnowpref, lzcnt, ht, tsc, tscinvbit, bmi1, bmi2, adx

Memory: 4k page, physical 16612328k(816940k free), swap 47706212k(5488k free)

vm_info: OpenJDK 64-Bit Server VM (25.242-b01) for windows-amd64 JRE (1.8.0_242-release-1644-b01), built by "builder" with MS VC++ 10.0 (VS2010)

time: Sun Dec 13 20:50:04 2020
timezone: Hora estándar central (México)
elapsed time: 19 seconds (0d 0h 0m 19s)

