#
# There is insufficient memory for the Java Runtime Environment to continue.
# Native memory allocation (malloc) failed to allocate 1060656 bytes for Chunk::new
# Possible reasons:
#   The system is out of physical RAM or swap space
#   The process is running with CompressedOops enabled, and the Java Heap may be blocking the growth of the native heap
# Possible solutions:
#   Reduce memory load on the system
#   Increase physical memory or swap space
#   Check if swap backing store is full
#   Decrease Java heap size (-Xmx/-Xms)
#   Decrease number of Java threads
#   Decrease Java thread stack sizes (-Xss)
#   Set larger code cache with -XX:ReservedCodeCacheSize=
#   JVM is running with Unscaled Compressed Oops mode in which the Java heap is
#     placed in the first 4GB address space. The Java Heap base address is the
#     maximum limit for the native heap growth. Please use -XX:HeapBaseMinAddress
#     to set the Java Heap base and to place the Java Heap above 4GB virtual address.
# This output file may be truncated or incomplete.
#
#  Out of Memory Error (./src/hotspot/share/memory/arena.cpp:197), pid=5776, tid=13088
#
# JRE version: OpenJDK Runtime Environment (11.0.8+10) (build 11.0.8+10-b944.6842174)
# Java VM: OpenJDK 64-Bit Server VM (11.0.8+10-b944.6842174, mixed mode, tiered, compressed oops, parallel gc, windows-amd64)
# No core dump will be written. Minidumps are not enabled by default on client versions of Windows
#

---------------  S U M M A R Y ------------

Command Line: -XX:+UseParallelGC --add-opens=java.base/java.util=ALL-UNNAMED --add-opens=java.base/java.lang=ALL-UNNAMED --add-opens=java.base/java.lang.invoke=ALL-UNNAMED --add-opens=java.prefs/java.util.prefs=ALL-UNNAMED -Xmx1536m -Dfile.encoding=UTF-8 -Duser.country=MX -Duser.language=es -Duser.variant org.gradle.launcher.daemon.bootstrap.GradleDaemon 6.7.1

Host: Intel(R) Core(TM) i5-8350U CPU @ 1.70GHz, 8 cores, 15G,  Windows 10 , 64 bit Build 19041 (10.0.19041.928)
Time: Fri May 28 16:02:31 2021 Hora de verano central (México) elapsed time: 14 seconds (0d 0h 0m 14s)

---------------  T H R E A D  ---------------

Current thread (0x00000235566ee000):  JavaThread "C2 CompilerThread1" daemon [_thread_in_native, id=13088, stack(0x0000003b4a000000,0x0000003b4a100000)]


Current CompileTask:
C2:  14340 12091   !   4       com.sun.tools.javac.parser.JavaTokenizer::readToken (2179 bytes)

Stack: [0x0000003b4a000000,0x0000003b4a100000]
Native frames: (J=compiled Java code, j=interpreted, Vv=VM code, C=native code)
V  [jvm.dll+0x5de50a]
V  [jvm.dll+0x7122f5]
V  [jvm.dll+0x71384d]
V  [jvm.dll+0x713f03]
V  [jvm.dll+0x23e728]
V  [jvm.dll+0xb899c]
V  [jvm.dll+0xb8e9c]
V  [jvm.dll+0x35024d]
V  [jvm.dll+0x31dea3]
V  [jvm.dll+0x31d39a]
V  [jvm.dll+0x1f7702]
V  [jvm.dll+0x1f68d4]
V  [jvm.dll+0x17f32c]
V  [jvm.dll+0x205047]
V  [jvm.dll+0x203891]
V  [jvm.dll+0x6dad3f]
V  [jvm.dll+0x6d3895]
V  [jvm.dll+0x5dd4a6]
C  [ucrtbase.dll+0x21bb2]
C  [KERNEL32.DLL+0x17034]
C  [ntdll.dll+0x52651]


---------------  P R O C E S S  ---------------

Threads class SMR info:
_java_thread_list=0x0000023556a751d0, length=149, elements={
0x000002353338e000, 0x000002353345f000, 0x000002353346a000, 0x000002354a996800,
0x000002354a998800, 0x000002354a99b800, 0x000002354a99f800, 0x000002354a9a1800,
0x000002354aaf8800, 0x000002354aafb000, 0x000002354d428000, 0x000002354abe4800,
0x000002354dc48800, 0x000002354e9f9000, 0x000002354e9fa000, 0x000002354cd6c800,
0x000002354cd6d800, 0x000002354ccd1000, 0x000002354d8a9800, 0x000002354db2f800,
0x000002354df8b800, 0x000002354df8b000, 0x000002354df8c800, 0x000002354df86800,
0x000002354df8d800, 0x000002354df89000, 0x000002354df88800, 0x0000023551632800,
0x0000023551631000, 0x000002355162f800, 0x0000023551632000, 0x0000023551634000,
0x0000023551630000, 0x000002355162e800, 0x0000023551636800, 0x000002355163b000,
0x0000023551636000, 0x0000023551637800, 0x0000023551638800, 0x0000023551635000,
0x000002355163b800, 0x000002355163a000, 0x0000023551639000, 0x000002355163c800,
0x000002355163d000, 0x000002354f27c000, 0x000002354f27d800, 0x000002354f278000,
0x000002354f27d000, 0x000002354f27e800, 0x000002354f279800, 0x000002354f279000,
0x000002354f27a800, 0x000002354f27f800, 0x000002354f280000, 0x000002354f281000,
0x000002354f27b800, 0x000002354f283800, 0x000002354f286000, 0x000002354f282000,
0x000002354f282800, 0x000002354f284000, 0x000002354f286800, 0x000002354f285000,
0x000002354f2f4000, 0x000002354f2f5000, 0x000002354f2f5800, 0x000002354f2f6800,
0x000002354f2f7800, 0x000002354f2f8000, 0x000002354f2f9000, 0x000002354f2f3800,
0x000002354f2fe800, 0x000002354f2ff800, 0x000002354f2fa000, 0x000002354f2fc800,
0x000002354f300800, 0x000002354f2fa800, 0x000002354f301000, 0x000002354f2fb800,
0x000002354f302000, 0x000002354f2fd000, 0x000002354f2fe000, 0x0000023551e55000,
0x0000023551e56000, 0x0000023551e53800, 0x0000023551e54800, 0x0000023551e50800,
0x0000023551e52800, 0x0000023551e52000, 0x0000023551e57000, 0x0000023551e51000,
0x0000023551e5a000, 0x0000023551e5b000, 0x0000023551e5b800, 0x0000023551e5d800,
0x0000023551e5c800, 0x0000023551e57800, 0x0000023551e5e000, 0x0000023551e58800,
0x0000023551e5f000, 0x0000023551e59800, 0x000002354e32f800, 0x000002354e335800,
0x000002354e330800, 0x000002354e336000, 0x000002354e333800, 0x000002354e337000,
0x000002354e333000, 0x000002354e334800, 0x000002354e331000, 0x000002354e337800,
0x000002354e332000, 0x000002354e338800, 0x000002354e33c800, 0x000002354e339800,
0x000002354e33e800, 0x000002354e33a000, 0x000002354e33c000, 0x000002354e33b000,
0x000002354e33d800, 0x000002354f00d000, 0x000002354f00a800, 0x000002354f00b800,
0x000002354f00c000, 0x000002354f007000, 0x000002354f009000, 0x000002354f00e000,
0x000002354f008000, 0x000002354f00e800, 0x000002354f00f800, 0x000002354f009800,
0x000002354f015000, 0x000002354f011000, 0x000002354f012000, 0x000002354f012800,
0x000002354f013800, 0x000002354f016000, 0x000002354f010000, 0x00000235566e0000,
0x00000235566e8800, 0x00000235566e2800, 0x00000235566e9000, 0x00000235566ea000,
0x00000235566e4800, 0x00000235566eb800, 0x00000235566ec800, 0x00000235566ee000,
0x00000235566eb000
}

Java Threads: ( => current thread )
  0x000002353338e000 JavaThread "main" [_thread_blocked, id=16660, stack(0x0000003b47d00000,0x0000003b47e00000)]
  0x000002353345f000 JavaThread "Reference Handler" daemon [_thread_blocked, id=2012, stack(0x0000003b48000000,0x0000003b48100000)]
  0x000002353346a000 JavaThread "Finalizer" daemon [_thread_blocked, id=13472, stack(0x0000003b48100000,0x0000003b48200000)]
  0x000002354a996800 JavaThread "Signal Dispatcher" daemon [_thread_blocked, id=15760, stack(0x0000003b48200000,0x0000003b48300000)]
  0x000002354a998800 JavaThread "Attach Listener" daemon [_thread_blocked, id=9408, stack(0x0000003b48300000,0x0000003b48400000)]
  0x000002354a99b800 JavaThread "C2 CompilerThread0" daemon [_thread_in_native, id=8988, stack(0x0000003b48400000,0x0000003b48500000)]
  0x000002354a99f800 JavaThread "C1 CompilerThread0" daemon [_thread_in_native, id=2168, stack(0x0000003b48500000,0x0000003b48600000)]
  0x000002354a9a1800 JavaThread "Sweeper thread" daemon [_thread_blocked, id=15296, stack(0x0000003b48600000,0x0000003b48700000)]
  0x000002354aaf8800 JavaThread "Common-Cleaner" daemon [_thread_blocked, id=9748, stack(0x0000003b48700000,0x0000003b48800000)]
  0x000002354aafb000 JavaThread "Service Thread" daemon [_thread_blocked, id=7564, stack(0x0000003b48800000,0x0000003b48900000)]
  0x000002354d428000 JavaThread "Daemon health stats" [_thread_blocked, id=16928, stack(0x0000003b49000000,0x0000003b49100000)]
  0x000002354abe4800 JavaThread "Incoming local TCP Connector on port 50008" [_thread_in_native, id=15980, stack(0x0000003b49100000,0x0000003b49200000)]
  0x000002354dc48800 JavaThread "Daemon periodic checks" [_thread_blocked, id=9716, stack(0x0000003b49200000,0x0000003b49300000)]
  0x000002354e9f9000 JavaThread "Daemon" [_thread_blocked, id=8312, stack(0x0000003b49300000,0x0000003b49400000)]
  0x000002354e9fa000 JavaThread "Handler for socket connection from /127.0.0.1:50008 to /127.0.0.1:50009" [_thread_in_native, id=13168, stack(0x0000003b49400000,0x0000003b49500000)]
  0x000002354cd6c800 JavaThread "Cancel handler" [_thread_blocked, id=9248, stack(0x0000003b49500000,0x0000003b49600000)]
  0x000002354cd6d800 JavaThread "Daemon worker" [_thread_in_Java, id=10852, stack(0x0000003b49600000,0x0000003b49700000)]
  0x000002354ccd1000 JavaThread "Asynchronous log dispatcher for DefaultDaemonConnection: socket connection from /127.0.0.1:50008 to /127.0.0.1:50009" [_thread_blocked, id=12640, stack(0x0000003b49700000,0x0000003b49800000)]
  0x000002354d8a9800 JavaThread "Stdin handler" [_thread_blocked, id=12904, stack(0x0000003b49800000,0x0000003b49900000)]
  0x000002354db2f800 JavaThread "Thread-8" [_thread_blocked, id=3068, stack(0x0000003b49900000,0x0000003b49a00000)]
  0x000002354df8b800 JavaThread "Cache worker for file hash cache (C:\Users\Chau\.gradle\caches\6.7.1\fileHashes)" [_thread_blocked, id=15956, stack(0x0000003b49a00000,0x0000003b49b00000)]
  0x000002354df8b000 JavaThread "File lock request listener" [_thread_in_native, id=8800, stack(0x0000003b49b00000,0x0000003b49c00000)]
  0x000002354df8c800 JavaThread "Cache worker for journal cache (C:\Users\Chau\.gradle\caches\journal-1)" [_thread_blocked, id=4944, stack(0x0000003b49f00000,0x0000003b4a000000)]
  0x000002354df86800 JavaThread "Cache worker for file hash cache (C:\Users\Chau\Desktop\MangoCliente\.gradle\6.7.1\fileHashes)" [_thread_blocked, id=13720, stack(0x0000003b4a200000,0x0000003b4a300000)]
  0x000002354df8d800 JavaThread "Cache worker for checksums cache (C:\Users\Chau\Desktop\MangoCliente\.gradle\checksums)" [_thread_blocked, id=792, stack(0x0000003b4a300000,0x0000003b4a400000)]
  0x000002354df89000 JavaThread "Cache worker for cache directory md-supplier (C:\Users\Chau\.gradle\caches\6.7.1\md-supplier)" [_thread_blocked, id=13900, stack(0x0000003b4a400000,0x0000003b4a500000)]
  0x000002354df88800 JavaThread "Cache worker for cache directory md-rule (C:\Users\Chau\.gradle\caches\6.7.1\md-rule)" [_thread_blocked, id=1196, stack(0x0000003b4a500000,0x0000003b4a600000)]
  0x0000023551632800 JavaThread "Cache worker for execution history cache (C:\Users\Chau\.gradle\caches\6.7.1\executionHistory)" [_thread_blocked, id=4644, stack(0x0000003b4a600000,0x0000003b4a700000)]
  0x0000023551631000 JavaThread "jar transforms" [_thread_blocked, id=13688, stack(0x0000003b4a700000,0x0000003b4a800000)]
  0x000002355162f800 JavaThread "Cache worker for file content cache (C:\Users\Chau\.gradle\caches\6.7.1\fileContent)" [_thread_blocked, id=13864, stack(0x0000003b4a800000,0x0000003b4a900000)]
  0x0000023551632000 JavaThread "Cache worker for Build Output Cleanup Cache (C:\Users\Chau\Desktop\MangoCliente\.gradle\buildOutputCleanup)" [_thread_blocked, id=7616, stack(0x0000003b4a900000,0x0000003b4aa00000)]
  0x0000023551634000 JavaThread "Build operations" [_thread_blocked, id=3492, stack(0x0000003b4aa00000,0x0000003b4ab00000)]
  0x0000023551630000 JavaThread "Build operations Thread 2" [_thread_blocked, id=4484, stack(0x0000003b4ab00000,0x0000003b4ac00000)]
  0x000002355162e800 JavaThread "Build operations Thread 3" [_thread_blocked, id=2336, stack(0x0000003b4ac00000,0x0000003b4ad00000)]
  0x0000023551636800 JavaThread "Build operations Thread 4" [_thread_blocked, id=12624, stack(0x0000003b4ad00000,0x0000003b4ae00000)]
  0x000002355163b000 JavaThread "Build operations Thread 5" [_thread_blocked, id=5952, stack(0x0000003b4ae00000,0x0000003b4af00000)]
  0x0000023551636000 JavaThread "Build operations Thread 6" [_thread_blocked, id=5644, stack(0x0000003b4af00000,0x0000003b4b000000)]
  0x0000023551637800 JavaThread "Build operations Thread 7" [_thread_blocked, id=12884, stack(0x0000003b4b000000,0x0000003b4b100000)]
  0x0000023551638800 JavaThread "Build operations Thread 8" [_thread_blocked, id=12408, stack(0x0000003b4b100000,0x0000003b4b200000)]
  0x0000023551635000 JavaThread "jar transforms Thread 2" [_thread_blocked, id=3992, stack(0x0000003b4b200000,0x0000003b4b300000)]
  0x000002355163b800 JavaThread "jar transforms Thread 3" [_thread_blocked, id=12832, stack(0x0000003b4b300000,0x0000003b4b400000)]
  0x000002355163a000 JavaThread "jar transforms Thread 4" [_thread_blocked, id=9760, stack(0x0000003b4b400000,0x0000003b4b500000)]
  0x0000023551639000 JavaThread "jar transforms Thread 5" [_thread_blocked, id=14548, stack(0x0000003b4b500000,0x0000003b4b600000)]
  0x000002355163c800 JavaThread "jar transforms Thread 6" [_thread_blocked, id=15864, stack(0x0000003b4b600000,0x0000003b4b700000)]
  0x000002355163d000 JavaThread "jar transforms Thread 7" [_thread_blocked, id=16684, stack(0x0000003b4b700000,0x0000003b4b800000)]
  0x000002354f27c000 JavaThread "jar transforms Thread 8" [_thread_blocked, id=15376, stack(0x0000003b4b800000,0x0000003b4b900000)]
  0x000002354f27d800 JavaThread "jar transforms Thread 9" [_thread_blocked, id=14744, stack(0x0000003b4b900000,0x0000003b4ba00000)]
  0x000002354f278000 JavaThread "jar transforms Thread 10" [_thread_blocked, id=15644, stack(0x0000003b4ba00000,0x0000003b4bb00000)]
  0x000002354f27d000 JavaThread "jar transforms Thread 11" [_thread_blocked, id=10844, stack(0x0000003b4bb00000,0x0000003b4bc00000)]
  0x000002354f27e800 JavaThread "jar transforms Thread 12" [_thread_blocked, id=1328, stack(0x0000003b4bc00000,0x0000003b4bd00000)]
  0x000002354f279800 JavaThread "jar transforms Thread 13" [_thread_blocked, id=4604, stack(0x0000003b4bd00000,0x0000003b4be00000)]
  0x000002354f279000 JavaThread "jar transforms Thread 14" [_thread_blocked, id=11380, stack(0x0000003b4be00000,0x0000003b4bf00000)]
  0x000002354f27a800 JavaThread "jar transforms Thread 15" [_thread_blocked, id=11952, stack(0x0000003b4bf00000,0x0000003b4c000000)]
  0x000002354f27f800 JavaThread "jar transforms Thread 16" [_thread_blocked, id=14564, stack(0x0000003b4c000000,0x0000003b4c100000)]
  0x000002354f280000 JavaThread "jar transforms Thread 17" [_thread_blocked, id=2440, stack(0x0000003b4c100000,0x0000003b4c200000)]
  0x000002354f281000 JavaThread "jar transforms Thread 18" [_thread_blocked, id=12836, stack(0x0000003b4c200000,0x0000003b4c300000)]
  0x000002354f27b800 JavaThread "jar transforms Thread 19" [_thread_blocked, id=15464, stack(0x0000003b4c300000,0x0000003b4c400000)]
  0x000002354f283800 JavaThread "jar transforms Thread 20" [_thread_blocked, id=11984, stack(0x0000003b4c400000,0x0000003b4c500000)]
  0x000002354f286000 JavaThread "jar transforms Thread 21" [_thread_blocked, id=11824, stack(0x0000003b4c500000,0x0000003b4c600000)]
  0x000002354f282000 JavaThread "jar transforms Thread 22" [_thread_blocked, id=3600, stack(0x0000003b4c600000,0x0000003b4c700000)]
  0x000002354f282800 JavaThread "jar transforms Thread 23" [_thread_blocked, id=11260, stack(0x0000003b4c700000,0x0000003b4c800000)]
  0x000002354f284000 JavaThread "jar transforms Thread 24" [_thread_blocked, id=7932, stack(0x0000003b4c800000,0x0000003b4c900000)]
  0x000002354f286800 JavaThread "jar transforms Thread 25" [_thread_blocked, id=11828, stack(0x0000003b4c900000,0x0000003b4ca00000)]
  0x000002354f285000 JavaThread "jar transforms Thread 26" [_thread_blocked, id=3232, stack(0x0000003b4ca00000,0x0000003b4cb00000)]
  0x000002354f2f4000 JavaThread "jar transforms Thread 27" [_thread_blocked, id=10416, stack(0x0000003b4cb00000,0x0000003b4cc00000)]
  0x000002354f2f5000 JavaThread "jar transforms Thread 28" [_thread_blocked, id=12960, stack(0x0000003b4cc00000,0x0000003b4cd00000)]
  0x000002354f2f5800 JavaThread "jar transforms Thread 29" [_thread_blocked, id=12328, stack(0x0000003b4cd00000,0x0000003b4ce00000)]
  0x000002354f2f6800 JavaThread "jar transforms Thread 30" [_thread_blocked, id=13604, stack(0x0000003b4ce00000,0x0000003b4cf00000)]
  0x000002354f2f7800 JavaThread "jar transforms Thread 31" [_thread_blocked, id=10880, stack(0x0000003b4cf00000,0x0000003b4d000000)]
  0x000002354f2f8000 JavaThread "jar transforms Thread 32" [_thread_blocked, id=5612, stack(0x0000003b4d000000,0x0000003b4d100000)]
  0x000002354f2f9000 JavaThread "jar transforms Thread 33" [_thread_blocked, id=5364, stack(0x0000003b4d100000,0x0000003b4d200000)]
  0x000002354f2f3800 JavaThread "jar transforms Thread 34" [_thread_blocked, id=12932, stack(0x0000003b4d200000,0x0000003b4d300000)]
  0x000002354f2fe800 JavaThread "jar transforms Thread 35" [_thread_blocked, id=4516, stack(0x0000003b4d300000,0x0000003b4d400000)]
  0x000002354f2ff800 JavaThread "jar transforms Thread 36" [_thread_blocked, id=9656, stack(0x0000003b4d400000,0x0000003b4d500000)]
  0x000002354f2fa000 JavaThread "jar transforms Thread 37" [_thread_blocked, id=828, stack(0x0000003b4d500000,0x0000003b4d600000)]
  0x000002354f2fc800 JavaThread "jar transforms Thread 38" [_thread_blocked, id=9548, stack(0x0000003b4d600000,0x0000003b4d700000)]
  0x000002354f300800 JavaThread "jar transforms Thread 39" [_thread_blocked, id=13712, stack(0x0000003b4d700000,0x0000003b4d800000)]
  0x000002354f2fa800 JavaThread "jar transforms Thread 40" [_thread_blocked, id=2452, stack(0x0000003b4d800000,0x0000003b4d900000)]
  0x000002354f301000 JavaThread "jar transforms Thread 41" [_thread_blocked, id=6736, stack(0x0000003b4d900000,0x0000003b4da00000)]
  0x000002354f2fb800 JavaThread "jar transforms Thread 42" [_thread_blocked, id=12872, stack(0x0000003b4da00000,0x0000003b4db00000)]
  0x000002354f302000 JavaThread "jar transforms Thread 43" [_thread_blocked, id=5416, stack(0x0000003b4db00000,0x0000003b4dc00000)]
  0x000002354f2fd000 JavaThread "jar transforms Thread 44" [_thread_blocked, id=17264, stack(0x0000003b4dc00000,0x0000003b4dd00000)]
  0x000002354f2fe000 JavaThread "jar transforms Thread 45" [_thread_blocked, id=1140, stack(0x0000003b4dd00000,0x0000003b4de00000)]
  0x0000023551e55000 JavaThread "jar transforms Thread 46" [_thread_blocked, id=8292, stack(0x0000003b4de00000,0x0000003b4df00000)]
  0x0000023551e56000 JavaThread "jar transforms Thread 47" [_thread_blocked, id=16308, stack(0x0000003b4df00000,0x0000003b4e000000)]
  0x0000023551e53800 JavaThread "jar transforms Thread 48" [_thread_blocked, id=12348, stack(0x0000003b4e000000,0x0000003b4e100000)]
  0x0000023551e54800 JavaThread "jar transforms Thread 49" [_thread_blocked, id=6280, stack(0x0000003b4e100000,0x0000003b4e200000)]
  0x0000023551e50800 JavaThread "jar transforms Thread 50" [_thread_blocked, id=3196, stack(0x0000003b4e200000,0x0000003b4e300000)]
  0x0000023551e52800 JavaThread "jar transforms Thread 51" [_thread_blocked, id=13264, stack(0x0000003b4e300000,0x0000003b4e400000)]
  0x0000023551e52000 JavaThread "jar transforms Thread 52" [_thread_blocked, id=10924, stack(0x0000003b4e400000,0x0000003b4e500000)]
  0x0000023551e57000 JavaThread "jar transforms Thread 53" [_thread_blocked, id=2732, stack(0x0000003b4e500000,0x0000003b4e600000)]
  0x0000023551e51000 JavaThread "jar transforms Thread 54" [_thread_blocked, id=11568, stack(0x0000003b4e600000,0x0000003b4e700000)]
  0x0000023551e5a000 JavaThread "jar transforms Thread 55" [_thread_blocked, id=10284, stack(0x0000003b4e700000,0x0000003b4e800000)]
  0x0000023551e5b000 JavaThread "jar transforms Thread 56" [_thread_blocked, id=13056, stack(0x0000003b4e800000,0x0000003b4e900000)]
  0x0000023551e5b800 JavaThread "jar transforms Thread 57" [_thread_blocked, id=12324, stack(0x0000003b4e900000,0x0000003b4ea00000)]
  0x0000023551e5d800 JavaThread "jar transforms Thread 58" [_thread_blocked, id=6080, stack(0x0000003b4ea00000,0x0000003b4eb00000)]
  0x0000023551e5c800 JavaThread "jar transforms Thread 59" [_thread_blocked, id=1164, stack(0x0000003b4eb00000,0x0000003b4ec00000)]
  0x0000023551e57800 JavaThread "jar transforms Thread 60" [_thread_blocked, id=11456, stack(0x0000003b4ec00000,0x0000003b4ed00000)]
  0x0000023551e5e000 JavaThread "jar transforms Thread 61" [_thread_blocked, id=14128, stack(0x0000003b4ed00000,0x0000003b4ee00000)]
  0x0000023551e58800 JavaThread "jar transforms Thread 62" [_thread_blocked, id=16724, stack(0x0000003b4ee00000,0x0000003b4ef00000)]
  0x0000023551e5f000 JavaThread "jar transforms Thread 63" [_thread_blocked, id=15524, stack(0x0000003b4ef00000,0x0000003b4f000000)]
  0x0000023551e59800 JavaThread "jar transforms Thread 64" [_thread_blocked, id=11556, stack(0x0000003b4f000000,0x0000003b4f100000)]
  0x000002354e32f800 JavaThread "jar transforms Thread 65" [_thread_blocked, id=9444, stack(0x0000003b4f100000,0x0000003b4f200000)]
  0x000002354e335800 JavaThread "jar transforms Thread 66" [_thread_blocked, id=15256, stack(0x0000003b4f200000,0x0000003b4f300000)]
  0x000002354e330800 JavaThread "jar transforms Thread 67" [_thread_blocked, id=17324, stack(0x0000003b4f300000,0x0000003b4f400000)]
  0x000002354e336000 JavaThread "jar transforms Thread 68" [_thread_blocked, id=2764, stack(0x0000003b4f400000,0x0000003b4f500000)]
  0x000002354e333800 JavaThread "jar transforms Thread 69" [_thread_blocked, id=4020, stack(0x0000003b4f500000,0x0000003b4f600000)]
  0x000002354e337000 JavaThread "jar transforms Thread 70" [_thread_blocked, id=13032, stack(0x0000003b4f600000,0x0000003b4f700000)]
  0x000002354e333000 JavaThread "jar transforms Thread 71" [_thread_blocked, id=2232, stack(0x0000003b4f700000,0x0000003b4f800000)]
  0x000002354e334800 JavaThread "jar transforms Thread 72" [_thread_blocked, id=13172, stack(0x0000003b4f800000,0x0000003b4f900000)]
  0x000002354e331000 JavaThread "jar transforms Thread 73" [_thread_blocked, id=1816, stack(0x0000003b4f900000,0x0000003b4fa00000)]
  0x000002354e337800 JavaThread "jar transforms Thread 74" [_thread_blocked, id=4980, stack(0x0000003b4fa00000,0x0000003b4fb00000)]
  0x000002354e332000 JavaThread "jar transforms Thread 75" [_thread_blocked, id=1896, stack(0x0000003b4fb00000,0x0000003b4fc00000)]
  0x000002354e338800 JavaThread "jar transforms Thread 76" [_thread_blocked, id=16900, stack(0x0000003b4fc00000,0x0000003b4fd00000)]
  0x000002354e33c800 JavaThread "jar transforms Thread 77" [_thread_blocked, id=16460, stack(0x0000003b4fd00000,0x0000003b4fe00000)]
  0x000002354e339800 JavaThread "jar transforms Thread 78" [_thread_blocked, id=15584, stack(0x0000003b4fe00000,0x0000003b4ff00000)]
  0x000002354e33e800 JavaThread "jar transforms Thread 79" [_thread_blocked, id=8740, stack(0x0000003b4ff00000,0x0000003b50000000)]
  0x000002354e33a000 JavaThread "jar transforms Thread 80" [_thread_blocked, id=10612, stack(0x0000003b50000000,0x0000003b50100000)]
  0x000002354e33c000 JavaThread "jar transforms Thread 81" [_thread_blocked, id=4124, stack(0x0000003b50100000,0x0000003b50200000)]
  0x000002354e33b000 JavaThread "jar transforms Thread 82" [_thread_blocked, id=14352, stack(0x0000003b50200000,0x0000003b50300000)]
  0x000002354e33d800 JavaThread "jar transforms Thread 83" [_thread_blocked, id=4972, stack(0x0000003b50300000,0x0000003b50400000)]
  0x000002354f00d000 JavaThread "jar transforms Thread 84" [_thread_blocked, id=1068, stack(0x0000003b50400000,0x0000003b50500000)]
  0x000002354f00a800 JavaThread "jar transforms Thread 85" [_thread_blocked, id=16640, stack(0x0000003b50500000,0x0000003b50600000)]
  0x000002354f00b800 JavaThread "jar transforms Thread 86" [_thread_blocked, id=14732, stack(0x0000003b50600000,0x0000003b50700000)]
  0x000002354f00c000 JavaThread "jar transforms Thread 87" [_thread_blocked, id=5016, stack(0x0000003b50700000,0x0000003b50800000)]
  0x000002354f007000 JavaThread "jar transforms Thread 88" [_thread_blocked, id=13028, stack(0x0000003b50800000,0x0000003b50900000)]
  0x000002354f009000 JavaThread "jar transforms Thread 89" [_thread_blocked, id=15656, stack(0x0000003b50900000,0x0000003b50a00000)]
  0x000002354f00e000 JavaThread "jar transforms Thread 90" [_thread_blocked, id=10452, stack(0x0000003b50a00000,0x0000003b50b00000)]
  0x000002354f008000 JavaThread "jar transforms Thread 91" [_thread_blocked, id=12908, stack(0x0000003b50b00000,0x0000003b50c00000)]
  0x000002354f00e800 JavaThread "jar transforms Thread 92" [_thread_blocked, id=5148, stack(0x0000003b50c00000,0x0000003b50d00000)]
  0x000002354f00f800 JavaThread "jar transforms Thread 93" [_thread_blocked, id=2020, stack(0x0000003b50d00000,0x0000003b50e00000)]
  0x000002354f009800 JavaThread "jar transforms Thread 94" [_thread_blocked, id=10516, stack(0x0000003b50e00000,0x0000003b50f00000)]
  0x000002354f015000 JavaThread "jar transforms Thread 95" [_thread_blocked, id=11384, stack(0x0000003b50f00000,0x0000003b51000000)]
  0x000002354f011000 JavaThread "jar transforms Thread 96" [_thread_blocked, id=13924, stack(0x0000003b51000000,0x0000003b51100000)]
  0x000002354f012000 JavaThread "jar transforms Thread 97" [_thread_blocked, id=15032, stack(0x0000003b51100000,0x0000003b51200000)]
  0x000002354f012800 JavaThread "jar transforms Thread 98" [_thread_blocked, id=9584, stack(0x0000003b51200000,0x0000003b51300000)]
  0x000002354f013800 JavaThread "jar transforms Thread 99" [_thread_blocked, id=13612, stack(0x0000003b51300000,0x0000003b51400000)]
  0x000002354f016000 JavaThread "Memory manager" [_thread_blocked, id=13520, stack(0x0000003b51400000,0x0000003b51500000)]
  0x00000235566e8800 JavaThread "Cache worker for execution history cache (C:\Users\Chau\Desktop\MangoCliente\.gradle\6.7.1\executionHistory)" [_thread_blocked, id=9576, stack(0x0000003b51e00000,0x0000003b51f00000)]
  0x00000235566e2800 JavaThread "WorkerExecutor Queue" [_thread_blocked, id=4568, stack(0x0000003b51f00000,0x0000003b52000000)]
  0x00000235566e9000 JavaThread "pool-4-thread-1" [_thread_blocked, id=4336, stack(0x0000003b52000000,0x0000003b52100000)]
  0x00000235566ea000 JavaThread "stderr" [_thread_in_native, id=9056, stack(0x0000003b52100000,0x0000003b52200000)]
  0x00000235566e4800 JavaThread "stdout" [_thread_in_native, id=6208, stack(0x0000003b52200000,0x0000003b52300000)]
  0x00000235566eb800 JavaThread "Cache worker for Java compile cache (C:\Users\Chau\.gradle\caches\6.7.1\javaCompile)" [_thread_blocked, id=14772, stack(0x0000003b52300000,0x0000003b52400000)]
  0x00000235566ec800 JavaThread "Cache worker for Java compile cache (C:\Users\Chau\Desktop\MangoCliente\.gradle\6.7.1\javaCompile)" [_thread_blocked, id=8896, stack(0x0000003b52400000,0x0000003b52500000)]
=>0x00000235566ee000 JavaThread "C2 CompilerThread1" daemon [_thread_in_native, id=13088, stack(0x0000003b4a000000,0x0000003b4a100000)]
  0x00000235566eb000 JavaThread "C2 CompilerThread2" daemon [_thread_in_native, id=16012, stack(0x0000003b4a100000,0x0000003b4a200000)]
  0x00000235566eb000 JavaThread "C2 CompilerThread2" daemon [_thread_in_native, id=16012, stack(0x0000003b4a100000,0x0000003b4a200000)]

Other Threads:
  0x000002354a951000 VMThread "VM Thread" [stack: 0x0000003b47f00000,0x0000003b48000000] [id=6556]
  0x000002354ab00800 WatcherThread [stack: 0x0000003b48900000,0x0000003b48a00000] [id=5784]
  0x00000235333a7000 GCTaskThread "ParGC Thread#0" [stack: 0x0000003b47e00000,0x0000003b47f00000] [id=15636]
  0x000002354cb8e000 GCTaskThread "ParGC Thread#1" [stack: 0x0000003b48b00000,0x0000003b48c00000] [id=1064]
  0x000002354ca0e800 GCTaskThread "ParGC Thread#2" [stack: 0x0000003b48c00000,0x0000003b48d00000] [id=2992]
  0x000002354ca0f800 GCTaskThread "ParGC Thread#3" [stack: 0x0000003b48d00000,0x0000003b48e00000] [id=12656]
  0x000002354c77c800 GCTaskThread "ParGC Thread#4" [stack: 0x0000003b48e00000,0x0000003b48f00000] [id=10032]
  0x000002354cac2800 GCTaskThread "ParGC Thread#5" [stack: 0x0000003b49c00000,0x0000003b49d00000] [id=16744]
  0x000002354e9ae800 GCTaskThread "ParGC Thread#6" [stack: 0x0000003b49d00000,0x0000003b49e00000] [id=12160]
  0x000002354c88c000 GCTaskThread "ParGC Thread#7" [stack: 0x0000003b49e00000,0x0000003b49f00000] [id=13060]

Threads with active compile tasks:
C2 CompilerThread0  14377 12024       4       com.sun.tools.javac.parser.JavacParser::term3Rest (706 bytes)
C1 CompilerThread0  14377 12158       2       java.lang.invoke.MethodHandles::constant (87 bytes)
C2 CompilerThread1  14377 12091   !   4       com.sun.tools.javac.parser.JavaTokenizer::readToken (2179 bytes)
C2 CompilerThread2  14377 12023       4       com.sun.tools.javac.parser.JavacParser::term3 (2482 bytes)

VM state:not at safepoint (normal execution)

VM Mutex/Monitor currently owned by a thread:  ([mutex/lock_event])
[0x000002353121b6a0] CompiledIC_lock - owner thread: 0x0000000000000000
[0x000002353121a920] Compile_lock - owner thread: 0x000002354a99f800
[0x000002353121b610] MethodCompileQueue_lock - owner thread: 0x000002354a99f800

Heap address: 0x00000000a0000000, size: 1536 MB, Compressed Oops mode: 32-bit
Narrow klass base: 0x0000000000000000, Narrow klass shift: 3
Compressed class space size: 1073741824 Address: 0x0000000100000000

Heap:
 PSYoungGen      total 170496K, used 36345K [0x00000000e0000000, 0x00000000ecd00000, 0x0000000100000000)
  eden space 149504K, 12% used [0x00000000e0000000,0x00000000e127c8b8,0x00000000e9200000)
  from space 20992K, 82% used [0x00000000e9200000,0x00000000ea301cf0,0x00000000ea680000)
  to   space 22016K, 0% used [0x00000000ea680000,0x00000000ea680000,0x00000000ebc00000)
 ParOldGen       total 173568K, used 88158K [0x00000000a0000000, 0x00000000aa980000, 0x00000000e0000000)
  object space 173568K, 50% used [0x00000000a0000000,0x00000000a5617a80,0x00000000aa980000)
 Metaspace       used 91730K, capacity 94034K, committed 94228K, reserved 1130496K
  class space    used 11710K, capacity 12568K, committed 12672K, reserved 1048576K

Card table byte_map: [0x0000023532d50000,0x0000023533060000] _byte_map_base: 0x0000023532850000

Marking Bits: (ParMarkBitMap*) 0x00007ff9d8aed010
 Begin Bits: [0x0000023545d10000, 0x0000023547510000)
 End Bits:   [0x0000023547510000, 0x0000023548d10000)

Polling page: 0x0000023531330000

Metaspace:

Usage:
  Non-class:     79.56 MB capacity,    78.14 MB ( 98%) used,     1.18 MB (  1%) free+waste,   240.81 KB ( <1%) overhead. 
      Class:     12.27 MB capacity,    11.44 MB ( 93%) used,   749.02 KB (  6%) free+waste,   108.31 KB ( <1%) overhead. 
       Both:     91.83 MB capacity,    89.58 MB ( 98%) used,     1.91 MB (  2%) free+waste,   349.13 KB ( <1%) overhead. 

Virtual space:
  Non-class space:       80.00 MB reserved,      79.64 MB (>99%) committed 
      Class space:        1.00 GB reserved,      12.38 MB (  1%) committed 
             Both:        1.08 GB reserved,      92.02 MB (  8%) committed 

Chunk freelists:
   Non-Class:  26.00 KB
       Class:  8.00 KB
        Both:  34.00 KB

MaxMetaspaceSize: 17179869184.00 GB
CompressedClassSpaceSize: 1.00 GB

CodeHeap 'non-profiled nmethods': size=120000Kb used=7520Kb max_used=7520Kb free=112479Kb
 bounds [0x000002353e7e0000, 0x000002353ef40000, 0x0000023545d10000]
CodeHeap 'profiled nmethods': size=120000Kb used=25135Kb max_used=25135Kb free=94864Kb
 bounds [0x00000235372b0000, 0x0000023538b40000, 0x000002353e7e0000]
CodeHeap 'non-nmethods': size=5760Kb used=2271Kb max_used=2346Kb free=3488Kb
 bounds [0x0000023536d10000, 0x0000023536f80000, 0x00000235372b0000]
 total_blobs=12697 nmethods=11823 adapters=787
 compilation: enabled
              stopped_count=0, restarted_count=0
 full_count=0

Compilation events (20 events):
Event: 14.313 Thread 0x000002354a99f800 12114       2       java.util.BitSet::wordIndex (5 bytes)
Event: 14.313 Thread 0x000002354a99f800 nmethod 12114 0x0000023538b27e90 code [0x0000023538b28040, 0x0000023538b28118]
Event: 14.316 Thread 0x000002354a99f800 12115       2       com.sun.tools.javac.tree.TreeMaker::Binary (25 bytes)
Event: 14.317 Thread 0x000002354a99f800 nmethod 12115 0x0000023538b28190 code [0x0000023538b28340, 0x0000023538b284f8]
Event: 14.317 Thread 0x000002354a99f800 12116       2       com.sun.tools.javac.tree.JCTree$JCBinary::<init> (26 bytes)
Event: 14.317 Thread 0x000002354a99f800 nmethod 12116 0x0000023538b28590 code [0x0000023538b28740, 0x0000023538b28878]
Event: 14.318 Thread 0x000002354a99f800 12117       2       com.sun.tools.javac.parser.JavacParser::parseCompilationUnit (630 bytes)
Event: 14.321 Thread 0x000002354a99f800 nmethod 12117 0x0000023538b28910 code [0x0000023538b28dc0, 0x0000023538b2a7d8]
Event: 14.329 Thread 0x000002354a99f800 12119       2       com.sun.tools.javac.parser.JavacParser::peekToken (54 bytes)
Event: 14.329 Thread 0x000002354a99f800 nmethod 12119 0x0000023538b2b990 code [0x0000023538b2bba0, 0x0000023538b2bf18]
Event: 14.334 Thread 0x000002354a99f800 12120       2       java.nio.CharBuffer::flip (7 bytes)
Event: 14.334 Thread 0x000002354a99f800 nmethod 12120 0x0000023538b2c190 code [0x0000023538b2c340, 0x0000023538b2c458]
Event: 14.334 Thread 0x000002354a99f800 12121       2       com.sun.tools.javac.code.DeferredCompletionFailureHandler$2::uninstall (1 bytes)
Event: 14.334 Thread 0x000002354a99f800 nmethod 12121 0x0000023538b2c510 code [0x0000023538b2c6c0, 0x0000023538b2c7b8]
Event: 14.334 Thread 0x000002354a99f800 12122       2       com.sun.tools.javac.code.DeferredCompletionFailureHandler$1::install (20 bytes)
Event: 14.334 Thread 0x000002354a99f800 nmethod 12122 0x0000023538b2c890 code [0x0000023538b2ca60, 0x0000023538b2cbb8]
Event: 14.334 Thread 0x000002354a99f800 12124       2       com.sun.tools.javac.util.Name::getBytes (18 bytes)
Event: 14.334 Thread 0x000002354a99f800 nmethod 12124 0x0000023538b2cc90 code [0x0000023538b2ce80, 0x0000023538b2d0b8]
Event: 14.335 Thread 0x000002354a99f800 12123       1       com.sun.tools.javac.tree.JCTree$JCCompilationUnit::getSourceFile (5 bytes)
Event: 14.335 Thread 0x000002354a99f800 nmethod 12123 0x000002353ef37490 code [0x000002353ef37640, 0x000002353ef376f8]

GC Heap History (20 events):
Event: 5.289 GC heap before
{Heap before GC invocations=11 (full 2):
 PSYoungGen      total 77312K, used 32415K [0x00000000e0000000, 0x00000000ea300000, 0x0000000100000000)
  eden space 57856K, 22% used [0x00000000e0000000,0x00000000e0caba38,0x00000000e3880000)
  from space 19456K, 99% used [0x00000000e4e80000,0x00000000e617c4c0,0x00000000e6180000)
  to   space 22528K, 0% used [0x00000000e3880000,0x00000000e3880000,0x00000000e4e80000)
 ParOldGen       total 173568K, used 21809K [0x00000000a0000000, 0x00000000aa980000, 0x00000000e0000000)
  object space 173568K, 12% used [0x00000000a0000000,0x00000000a154c428,0x00000000aa980000)
 Metaspace       used 57487K, capacity 58851K, committed 59028K, reserved 1099776K
  class space    used 7326K, capacity 7872K, committed 7936K, reserved 1048576K
}
Event: 5.300 GC heap after
{Heap after GC invocations=11 (full 2):
 PSYoungGen      total 80384K, used 14125K [0x00000000e0000000, 0x00000000ea400000, 0x0000000100000000)
  eden space 57856K, 0% used [0x00000000e0000000,0x00000000e0000000,0x00000000e3880000)
  from space 22528K, 62% used [0x00000000e3880000,0x00000000e464b570,0x00000000e4e80000)
  to   space 23040K, 0% used [0x00000000e8d80000,0x00000000e8d80000,0x00000000ea400000)
 ParOldGen       total 173568K, used 28050K [0x00000000a0000000, 0x00000000aa980000, 0x00000000e0000000)
  object space 173568K, 16% used [0x00000000a0000000,0x00000000a1b64a88,0x00000000aa980000)
 Metaspace       used 57487K, capacity 58851K, committed 59028K, reserved 1099776K
  class space    used 7326K, capacity 7872K, committed 7936K, reserved 1048576K
}
Event: 5.300 GC heap before
{Heap before GC invocations=12 (full 3):
 PSYoungGen      total 80384K, used 14125K [0x00000000e0000000, 0x00000000ea400000, 0x0000000100000000)
  eden space 57856K, 0% used [0x00000000e0000000,0x00000000e0000000,0x00000000e3880000)
  from space 22528K, 62% used [0x00000000e3880000,0x00000000e464b570,0x00000000e4e80000)
  to   space 23040K, 0% used [0x00000000e8d80000,0x00000000e8d80000,0x00000000ea400000)
 ParOldGen       total 173568K, used 28050K [0x00000000a0000000, 0x00000000aa980000, 0x00000000e0000000)
  object space 173568K, 16% used [0x00000000a0000000,0x00000000a1b64a88,0x00000000aa980000)
 Metaspace       used 57487K, capacity 58851K, committed 59028K, reserved 1099776K
  class space    used 7326K, capacity 7872K, committed 7936K, reserved 1048576K
}
Event: 5.476 GC heap after
{Heap after GC invocations=12 (full 3):
 PSYoungGen      total 80384K, used 0K [0x00000000e0000000, 0x00000000ea400000, 0x0000000100000000)
  eden space 57856K, 0% used [0x00000000e0000000,0x00000000e0000000,0x00000000e3880000)
  from space 22528K, 0% used [0x00000000e3880000,0x00000000e3880000,0x00000000e4e80000)
  to   space 23040K, 0% used [0x00000000e8d80000,0x00000000e8d80000,0x00000000ea400000)
 ParOldGen       total 173568K, used 41457K [0x00000000a0000000, 0x00000000aa980000, 0x00000000e0000000)
  object space 173568K, 23% used [0x00000000a0000000,0x00000000a287c660,0x00000000aa980000)
 Metaspace       used 57446K, capacity 58782K, committed 59028K, reserved 1099776K
  class space    used 7313K, capacity 7849K, committed 7936K, reserved 1048576K
}
Event: 5.888 GC heap before
{Heap before GC invocations=13 (full 3):
 PSYoungGen      total 80384K, used 57856K [0x00000000e0000000, 0x00000000ea400000, 0x0000000100000000)
  eden space 57856K, 100% used [0x00000000e0000000,0x00000000e3880000,0x00000000e3880000)
  from space 22528K, 0% used [0x00000000e3880000,0x00000000e3880000,0x00000000e4e80000)
  to   space 23040K, 0% used [0x00000000e8d80000,0x00000000e8d80000,0x00000000ea400000)
 ParOldGen       total 173568K, used 41457K [0x00000000a0000000, 0x00000000aa980000, 0x00000000e0000000)
  object space 173568K, 23% used [0x00000000a0000000,0x00000000a287c660,0x00000000aa980000)
 Metaspace       used 60872K, capacity 62429K, committed 62612K, reserved 1103872K
  class space    used 7749K, capacity 8331K, committed 8448K, reserved 1048576K
}
Event: 5.894 GC heap after
{Heap after GC invocations=13 (full 3):
 PSYoungGen      total 97792K, used 4992K [0x00000000e0000000, 0x00000000e9280000, 0x0000000100000000)
  eden space 92672K, 0% used [0x00000000e0000000,0x00000000e0000000,0x00000000e5a80000)
  from space 5120K, 97% used [0x00000000e8d80000,0x00000000e9260000,0x00000000e9280000)
  to   space 22528K, 0% used [0x00000000e6680000,0x00000000e6680000,0x00000000e7c80000)
 ParOldGen       total 173568K, used 41465K [0x00000000a0000000, 0x00000000aa980000, 0x00000000e0000000)
  object space 173568K, 23% used [0x00000000a0000000,0x00000000a287e660,0x00000000aa980000)
 Metaspace       used 60872K, capacity 62429K, committed 62612K, reserved 1103872K
  class space    used 7749K, capacity 8331K, committed 8448K, reserved 1048576K
}
Event: 6.727 GC heap before
{Heap before GC invocations=14 (full 3):
 PSYoungGen      total 97792K, used 97664K [0x00000000e0000000, 0x00000000e9280000, 0x0000000100000000)
  eden space 92672K, 100% used [0x00000000e0000000,0x00000000e5a80000,0x00000000e5a80000)
  from space 5120K, 97% used [0x00000000e8d80000,0x00000000e9260000,0x00000000e9280000)
  to   space 22528K, 0% used [0x00000000e6680000,0x00000000e6680000,0x00000000e7c80000)
 ParOldGen       total 173568K, used 41465K [0x00000000a0000000, 0x00000000aa980000, 0x00000000e0000000)
  object space 173568K, 23% used [0x00000000a0000000,0x00000000a287e660,0x00000000aa980000)
 Metaspace       used 68923K, capacity 70613K, committed 70804K, reserved 1110016K
  class space    used 9079K, capacity 9721K, committed 9728K, reserved 1048576K
}
Event: 6.735 GC heap after
{Heap after GC invocations=14 (full 3):
 PSYoungGen      total 127488K, used 5780K [0x00000000e0000000, 0x00000000ebc00000, 0x0000000100000000)
  eden space 104960K, 0% used [0x00000000e0000000,0x00000000e0000000,0x00000000e6680000)
  from space 22528K, 25% used [0x00000000e6680000,0x00000000e6c25030,0x00000000e7c80000)
  to   space 22016K, 0% used [0x00000000ea680000,0x00000000ea680000,0x00000000ebc00000)
 ParOldGen       total 173568K, used 46293K [0x00000000a0000000, 0x00000000aa980000, 0x00000000e0000000)
  object space 173568K, 26% used [0x00000000a0000000,0x00000000a2d35680,0x00000000aa980000)
 Metaspace       used 68923K, capacity 70613K, committed 70804K, reserved 1110016K
  class space    used 9079K, capacity 9721K, committed 9728K, reserved 1048576K
}
Event: 7.765 GC heap before
{Heap before GC invocations=15 (full 3):
 PSYoungGen      total 127488K, used 110740K [0x00000000e0000000, 0x00000000ebc00000, 0x0000000100000000)
  eden space 104960K, 100% used [0x00000000e0000000,0x00000000e6680000,0x00000000e6680000)
  from space 22528K, 25% used [0x00000000e6680000,0x00000000e6c25030,0x00000000e7c80000)
  to   space 22016K, 0% used [0x00000000ea680000,0x00000000ea680000,0x00000000ebc00000)
 ParOldGen       total 173568K, used 46293K [0x00000000a0000000, 0x00000000aa980000, 0x00000000e0000000)
  object space 173568K, 26% used [0x00000000a0000000,0x00000000a2d35680,0x00000000aa980000)
 Metaspace       used 76282K, capacity 78315K, committed 78484K, reserved 1118208K
  class space    used 9963K, capacity 10702K, committed 10752K, reserved 1048576K
}
Event: 7.777 GC heap after
{Heap after GC invocations=15 (full 3):
 PSYoungGen      total 171520K, used 7800K [0x00000000e0000000, 0x00000000ecd00000, 0x0000000100000000)
  eden space 149504K, 0% used [0x00000000e0000000,0x00000000e0000000,0x00000000e9200000)
  from space 22016K, 35% used [0x00000000ea680000,0x00000000eae1e280,0x00000000ebc00000)
  to   space 20992K, 0% used [0x00000000e9200000,0x00000000e9200000,0x00000000ea680000)
 ParOldGen       total 173568K, used 52037K [0x00000000a0000000, 0x00000000aa980000, 0x00000000e0000000)
  object space 173568K, 29% used [0x00000000a0000000,0x00000000a32d1710,0x00000000aa980000)
 Metaspace       used 76282K, capacity 78315K, committed 78484K, reserved 1118208K
  class space    used 9963K, capacity 10702K, committed 10752K, reserved 1048576K
}
Event: 8.662 GC heap before
{Heap before GC invocations=16 (full 3):
 PSYoungGen      total 171520K, used 157304K [0x00000000e0000000, 0x00000000ecd00000, 0x0000000100000000)
  eden space 149504K, 100% used [0x00000000e0000000,0x00000000e9200000,0x00000000e9200000)
  from space 22016K, 35% used [0x00000000ea680000,0x00000000eae1e280,0x00000000ebc00000)
  to   space 20992K, 0% used [0x00000000e9200000,0x00000000e9200000,0x00000000ea680000)
 ParOldGen       total 173568K, used 52037K [0x00000000a0000000, 0x00000000aa980000, 0x00000000e0000000)
  object space 173568K, 29% used [0x00000000a0000000,0x00000000a32d1710,0x00000000aa980000)
 Metaspace       used 77015K, capacity 78985K, committed 79252K, reserved 1118208K
  class space    used 9985K, capacity 10722K, committed 10752K, reserved 1048576K
}
Event: 8.675 GC heap after
{Heap after GC invocations=16 (full 3):
 PSYoungGen      total 170496K, used 8929K [0x00000000e0000000, 0x00000000ecd00000, 0x0000000100000000)
  eden space 149504K, 0% used [0x00000000e0000000,0x00000000e0000000,0x00000000e9200000)
  from space 20992K, 42% used [0x00000000e9200000,0x00000000e9ab8790,0x00000000ea680000)
  to   space 22016K, 0% used [0x00000000ea680000,0x00000000ea680000,0x00000000ebc00000)
 ParOldGen       total 173568K, used 59370K [0x00000000a0000000, 0x00000000aa980000, 0x00000000e0000000)
  object space 173568K, 34% used [0x00000000a0000000,0x00000000a39fa960,0x00000000aa980000)
 Metaspace       used 77015K, capacity 78985K, committed 79252K, reserved 1118208K
  class space    used 9985K, capacity 10722K, committed 10752K, reserved 1048576K
}
Event: 9.404 GC heap before
{Heap before GC invocations=17 (full 3):
 PSYoungGen      total 170496K, used 158433K [0x00000000e0000000, 0x00000000ecd00000, 0x0000000100000000)
  eden space 149504K, 100% used [0x00000000e0000000,0x00000000e9200000,0x00000000e9200000)
  from space 20992K, 42% used [0x00000000e9200000,0x00000000e9ab8790,0x00000000ea680000)
  to   space 22016K, 0% used [0x00000000ea680000,0x00000000ea680000,0x00000000ebc00000)
 ParOldGen       total 173568K, used 59370K [0x00000000a0000000, 0x00000000aa980000, 0x00000000e0000000)
  object space 173568K, 34% used [0x00000000a0000000,0x00000000a39fa960,0x00000000aa980000)
 Metaspace       used 80717K, capacity 82753K, committed 83092K, reserved 1122304K
  class space    used 10438K, capacity 11150K, committed 11264K, reserved 1048576K
}
Event: 9.419 GC heap after
{Heap after GC invocations=17 (full 3):
 PSYoungGen      total 171520K, used 7296K [0x00000000e0000000, 0x00000000ecd00000, 0x0000000100000000)
  eden space 149504K, 0% used [0x00000000e0000000,0x00000000e0000000,0x00000000e9200000)
  from space 22016K, 33% used [0x00000000ea680000,0x00000000eada0000,0x00000000ebc00000)
  to   space 20992K, 0% used [0x00000000e9200000,0x00000000e9200000,0x00000000ea680000)
 ParOldGen       total 173568K, used 67644K [0x00000000a0000000, 0x00000000aa980000, 0x00000000e0000000)
  object space 173568K, 38% used [0x00000000a0000000,0x00000000a420f3b8,0x00000000aa980000)
 Metaspace       used 80717K, capacity 82753K, committed 83092K, reserved 1122304K
  class space    used 10438K, capacity 11150K, committed 11264K, reserved 1048576K
}
Event: 11.502 GC heap before
{Heap before GC invocations=18 (full 3):
 PSYoungGen      total 171520K, used 156800K [0x00000000e0000000, 0x00000000ecd00000, 0x0000000100000000)
  eden space 149504K, 100% used [0x00000000e0000000,0x00000000e9200000,0x00000000e9200000)
  from space 22016K, 33% used [0x00000000ea680000,0x00000000eada0000,0x00000000ebc00000)
  to   space 20992K, 0% used [0x00000000e9200000,0x00000000e9200000,0x00000000ea680000)
 ParOldGen       total 173568K, used 67644K [0x00000000a0000000, 0x00000000aa980000, 0x00000000e0000000)
  object space 173568K, 38% used [0x00000000a0000000,0x00000000a420f3b8,0x00000000aa980000)
 Metaspace       used 82207K, capacity 84382K, committed 84500K, reserved 1122304K
  class space    used 10602K, capacity 11377K, committed 11392K, reserved 1048576K
}
Event: 11.511 GC heap after
{Heap after GC invocations=18 (full 3):
 PSYoungGen      total 170496K, used 7340K [0x00000000e0000000, 0x00000000ecd00000, 0x0000000100000000)
  eden space 149504K, 0% used [0x00000000e0000000,0x00000000e0000000,0x00000000e9200000)
  from space 20992K, 34% used [0x00000000e9200000,0x00000000e992b3c0,0x00000000ea680000)
  to   space 22016K, 0% used [0x00000000ea680000,0x00000000ea680000,0x00000000ebc00000)
 ParOldGen       total 173568K, used 74367K [0x00000000a0000000, 0x00000000aa980000, 0x00000000e0000000)
  object space 173568K, 42% used [0x00000000a0000000,0x00000000a489fea8,0x00000000aa980000)
 Metaspace       used 82207K, capacity 84382K, committed 84500K, reserved 1122304K
  class space    used 10602K, capacity 11377K, committed 11392K, reserved 1048576K
}
Event: 12.152 GC heap before
{Heap before GC invocations=19 (full 3):
 PSYoungGen      total 170496K, used 156844K [0x00000000e0000000, 0x00000000ecd00000, 0x0000000100000000)
  eden space 149504K, 100% used [0x00000000e0000000,0x00000000e9200000,0x00000000e9200000)
  from space 20992K, 34% used [0x00000000e9200000,0x00000000e992b3c0,0x00000000ea680000)
  to   space 22016K, 0% used [0x00000000ea680000,0x00000000ea680000,0x00000000ebc00000)
 ParOldGen       total 173568K, used 74367K [0x00000000a0000000, 0x00000000aa980000, 0x00000000e0000000)
  object space 173568K, 42% used [0x00000000a0000000,0x00000000a489fea8,0x00000000aa980000)
 Metaspace       used 83342K, capacity 85427K, committed 85652K, reserved 1124352K
  class space    used 10704K, capacity 11489K, committed 11520K, reserved 1048576K
}
Event: 12.166 GC heap after
{Heap after GC invocations=19 (full 3):
 PSYoungGen      total 171520K, used 7946K [0x00000000e0000000, 0x00000000ecd00000, 0x0000000100000000)
  eden space 149504K, 0% used [0x00000000e0000000,0x00000000e0000000,0x00000000e9200000)
  from space 22016K, 36% used [0x00000000ea680000,0x00000000eae42928,0x00000000ebc00000)
  to   space 20992K, 0% used [0x00000000e9200000,0x00000000e9200000,0x00000000ea680000)
 ParOldGen       total 173568K, used 80656K [0x00000000a0000000, 0x00000000aa980000, 0x00000000e0000000)
  object space 173568K, 46% used [0x00000000a0000000,0x00000000a4ec41d8,0x00000000aa980000)
 Metaspace       used 83342K, capacity 85427K, committed 85652K, reserved 1124352K
  class space    used 10704K, capacity 11489K, committed 11520K, reserved 1048576K
}
Event: 14.197 GC heap before
{Heap before GC invocations=20 (full 3):
 PSYoungGen      total 171520K, used 157450K [0x00000000e0000000, 0x00000000ecd00000, 0x0000000100000000)
  eden space 149504K, 100% used [0x00000000e0000000,0x00000000e9200000,0x00000000e9200000)
  from space 22016K, 36% used [0x00000000ea680000,0x00000000eae42928,0x00000000ebc00000)
  to   space 20992K, 0% used [0x00000000e9200000,0x00000000e9200000,0x00000000ea680000)
 ParOldGen       total 173568K, used 80656K [0x00000000a0000000, 0x00000000aa980000, 0x00000000e0000000)
  object space 173568K, 46% used [0x00000000a0000000,0x00000000a4ec41d8,0x00000000aa980000)
 Metaspace       used 91341K, capacity 93597K, committed 93844K, reserved 1130496K
  class space    used 11669K, capacity 12489K, committed 12544K, reserved 1048576K
}
Event: 14.214 GC heap after
{Heap after GC invocations=20 (full 3):
 PSYoungGen      total 170496K, used 17415K [0x00000000e0000000, 0x00000000ecd00000, 0x0000000100000000)
  eden space 149504K, 0% used [0x00000000e0000000,0x00000000e0000000,0x00000000e9200000)
  from space 20992K, 82% used [0x00000000e9200000,0x00000000ea301cf0,0x00000000ea680000)
  to   space 22016K, 0% used [0x00000000ea680000,0x00000000ea680000,0x00000000ebc00000)
 ParOldGen       total 173568K, used 88158K [0x00000000a0000000, 0x00000000aa980000, 0x00000000e0000000)
  object space 173568K, 50% used [0x00000000a0000000,0x00000000a5617a80,0x00000000aa980000)
 Metaspace       used 91341K, capacity 93597K, committed 93844K, reserved 1130496K
  class space    used 11669K, capacity 12489K, committed 12544K, reserved 1048576K
}

Deoptimization events (20 events):
Event: 14.267 Thread 0x00000235566e2000 DEOPT PACKING pc=0x0000023538a6fe17 sp=0x0000003b51af9d00
Event: 14.267 Thread 0x00000235566e2000 DEOPT UNPACKING pc=0x0000023536d36ace sp=0x0000003b51af9288 mode 0
Event: 14.269 Thread 0x00000235566e2000 DEOPT PACKING pc=0x0000023538a6fe17 sp=0x0000003b51af9d00
Event: 14.269 Thread 0x00000235566e2000 DEOPT UNPACKING pc=0x0000023536d36ace sp=0x0000003b51af9288 mode 0
Event: 14.272 Thread 0x00000235566e2000 DEOPT PACKING pc=0x0000023538a6fe17 sp=0x0000003b51af9d00
Event: 14.272 Thread 0x00000235566e2000 DEOPT UNPACKING pc=0x0000023536d36ace sp=0x0000003b51af9288 mode 0
Event: 14.274 Thread 0x00000235566e2000 DEOPT PACKING pc=0x0000023538a6fe17 sp=0x0000003b51af9d00
Event: 14.274 Thread 0x00000235566e2000 DEOPT UNPACKING pc=0x0000023536d36ace sp=0x0000003b51af9288 mode 0
Event: 14.276 Thread 0x00000235566e2000 DEOPT PACKING pc=0x0000023538a6fe17 sp=0x0000003b51af9d00
Event: 14.276 Thread 0x00000235566e2000 DEOPT UNPACKING pc=0x0000023536d36ace sp=0x0000003b51af9288 mode 0
Event: 14.279 Thread 0x00000235566e2000 DEOPT PACKING pc=0x0000023538a6fe17 sp=0x0000003b51af9d00
Event: 14.279 Thread 0x00000235566e2000 DEOPT UNPACKING pc=0x0000023536d36ace sp=0x0000003b51af9288 mode 0
Event: 14.301 Thread 0x00000235566e2000 Uncommon trap: trap_request=0xffffff4d fr.pc=0x000002353ed3357c relative=0x000000000000043c
Event: 14.301 Thread 0x00000235566e2000 Uncommon trap: reason=unstable_if action=reinterpret pc=0x000002353ed3357c method=java.lang.StringLatin1.regionMatchesCI([BI[BII)Z @ 66 c2
Event: 14.301 Thread 0x00000235566e2000 DEOPT PACKING pc=0x000002353ed3357c sp=0x0000003b51af9f90
Event: 14.301 Thread 0x00000235566e2000 DEOPT UNPACKING pc=0x0000023536d36caf sp=0x0000003b51af9e08 mode 2
Event: 14.301 Thread 0x00000235566e2000 Uncommon trap: trap_request=0xffffff4d fr.pc=0x000002353e8323f4 relative=0x00000000000003b4
Event: 14.302 Thread 0x00000235566e2000 Uncommon trap: reason=unstable_if action=reinterpret pc=0x000002353e8323f4 method=java.lang.StringLatin1.regionMatchesCI([BI[BII)Z @ 66 c2
Event: 14.302 Thread 0x00000235566e2000 DEOPT PACKING pc=0x000002353e8323f4 sp=0x0000003b51af9e70
Event: 14.302 Thread 0x00000235566e2000 DEOPT UNPACKING pc=0x0000023536d36caf sp=0x0000003b51af9dd8 mode 2

Classes redefined (0 events):
No events

Internal exceptions (20 events):
Event: 9.755 Thread 0x00000235566e2800 Exception <a 'java/lang/NoSuchMethodError'{0x00000000e516b060}: 'java.lang.Object java.lang.invoke.DirectMethodHandle$Holder.invokeStatic(java.lang.Object, java.lang.Object, long)'> (0x00000000e516b060) thrown at [./src/hotspot/share/interpreter/linkResolver.cpp, line 773]
Event: 9.756 Thread 0x00000235566e2800 Exception <a 'java/lang/NoSuchMethodError'{0x00000000e51715d8}: 'java.lang.Object java.lang.invoke.Invokers$Holder.linkToTargetMethod(java.lang.Object, long, java.lang.Object)'> (0x00000000e51715d8) thrown at [./src/hotspot/share/interpreter/linkResolver.cpp, line 773]
Event: 10.017 Thread 0x00000235566e3800 Exception <a 'java/lang/NoSuchMethodError'{0x00000000e8b5e718}: 'int java.lang.invoke.DirectMethodHandle$Holder.invokeSpecial(java.lang.Object, java.lang.Object, java.lang.Object, java.lang.Object, java.lang.Object)'> (0x00000000e8b5e718) thrown at [./src/hotspot/share/interpreter/linkResolver.cpp, line 773]
Event: 10.054 Thread 0x000002354f016000 Exception <a 'java/lang/NoSuchMethodError'{0x00000000e8ca6b98}: 'int java.lang.invoke.DirectMethodHandle$Holder.invokeVirtual(java.lang.Object, java.lang.Object)'> (0x00000000e8ca6b98) thrown at [./src/hotspot/share/interpreter/linkResolver.cpp, line 773]
Event: 10.188 Thread 0x00000235566e2800 Exception <a 'java/lang/NoSuchMethodError'{0x00000000e8d558b8}: 'int java.lang.invoke.DirectMethodHandle$Holder.invokeSpecialIFC(java.lang.Object, java.lang.Object, java.lang.Object)'> (0x00000000e8d558b8) thrown at [./src/hotspot/share/interpreter/linkResolver.cpp, line 773]
Event: 11.761 Thread 0x00000235566e2800 Exception <a 'sun/nio/fs/WindowsException'{0x00000000e31ea8d8}> (0x00000000e31ea8d8) thrown at [./src/hotspot/share/prims/jni.cpp, line 615]
Event: 11.763 Thread 0x00000235566e2800 Exception <a 'sun/nio/fs/WindowsException'{0x00000000e3200208}> (0x00000000e3200208) thrown at [./src/hotspot/share/prims/jni.cpp, line 615]
Event: 11.763 Thread 0x00000235566e2800 Exception <a 'sun/nio/fs/WindowsException'{0x00000000e32002f0}> (0x00000000e32002f0) thrown at [./src/hotspot/share/prims/jni.cpp, line 615]
Event: 12.315 Thread 0x00000235566e2000 Exception <a 'sun/nio/fs/WindowsException'{0x00000000e2174bf8}> (0x00000000e2174bf8) thrown at [./src/hotspot/share/prims/jni.cpp, line 615]
Event: 12.316 Thread 0x00000235566e2000 Exception <a 'sun/nio/fs/WindowsException'{0x00000000e2175f98}> (0x00000000e2175f98) thrown at [./src/hotspot/share/prims/jni.cpp, line 615]
Event: 12.317 Thread 0x00000235566e2000 Exception <a 'sun/nio/fs/WindowsException'{0x00000000e2180900}> (0x00000000e2180900) thrown at [./src/hotspot/share/prims/jni.cpp, line 615]
Event: 12.318 Thread 0x00000235566e2000 Exception <a 'sun/nio/fs/WindowsException'{0x00000000e2181818}> (0x00000000e2181818) thrown at [./src/hotspot/share/prims/jni.cpp, line 615]
Event: 12.318 Thread 0x00000235566e2000 Exception <a 'sun/nio/fs/WindowsException'{0x00000000e2183ca8}> (0x00000000e2183ca8) thrown at [./src/hotspot/share/prims/jni.cpp, line 615]
Event: 12.318 Thread 0x00000235566e2000 Exception <a 'sun/nio/fs/WindowsException'{0x00000000e2184bd0}> (0x00000000e2184bd0) thrown at [./src/hotspot/share/prims/jni.cpp, line 615]
Event: 13.863 Thread 0x00000235566e2000 Exception <a 'java/lang/NoSuchMethodError'{0x00000000e73a55a8}: 'java.lang.Object java.lang.invoke.Invokers$Holder.linkToTargetMethod(java.lang.Object, java.lang.Object, java.lang.Object, int, int, java.lang.Object)'> (0x00000000e73a55a8) thrown at [./src/hotspot/share/interpreter/linkResolver.cpp, line 773]
Event: 13.901 Thread 0x00000235566e2000 Exception <a 'java/lang/NoSuchMethodError'{0x00000000e7725558}: 'int java.lang.invoke.DirectMethodHandle$Holder.invokeVirtual(java.lang.Object, java.lang.Object, java.lang.Object)'> (0x00000000e7725558) thrown at [./src/hotspot/share/interpreter/linkResolver.cpp, line 773]
Event: 14.217 Thread 0x00000235566e2000 Implicit null exception at 0x000002353ef22e30 to 0x000002353ef23520
Event: 14.236 Thread 0x00000235566e2000 Implicit null exception at 0x000002353ef205a7 to 0x000002353ef20cd4
Event: 14.337 Thread 0x00000235566e2000 Exception <a 'sun/nio/fs/WindowsException'{0x00000000e0c17d80}> (0x00000000e0c17d80) thrown at [./src/hotspot/share/prims/jni.cpp, line 615]
Event: 14.338 Thread 0x00000235566e2000 Exception <a 'sun/nio/fs/WindowsException'{0x00000000e0c17e88}> (0x00000000e0c17e88) thrown at [./src/hotspot/share/prims/jni.cpp, line 615]

Events (20 events):
Event: 14.066 loading class com/sun/tools/javac/util/Filter done
Event: 14.073 Executing VM operation: Deoptimize
Event: 14.074 Executing VM operation: Deoptimize done
Event: 14.076 loading class com/sun/tools/javac/tree/JCTree
Event: 14.076 loading class com/sun/tools/javac/tree/JCTree done
Event: 14.076 loading class com/sun/tools/javac/tree/JCTree
Event: 14.076 loading class com/sun/tools/javac/tree/JCTree done
Event: 14.114 Thread 0x00000235566eb000 Thread added: 0x00000235566eb000
Event: 14.122 loading class com/sun/tools/javac/tree/JCTree$JCLiteral
Event: 14.122 loading class com/sun/tools/javac/tree/JCTree$JCLiteral done
Event: 14.122 loading class com/sun/tools/javac/tree/JCTree$JCLiteral
Event: 14.122 loading class com/sun/tools/javac/tree/JCTree$JCLiteral done
Event: 14.178 Executing VM operation: ICBufferFull
Event: 14.179 Executing VM operation: ICBufferFull done
Event: 14.196 Executing VM operation: ParallelGCFailedAllocation
Event: 14.214 Executing VM operation: ParallelGCFailedAllocation done
Event: 14.334 loading class com/sun/tools/javac/comp/Modules
Event: 14.334 loading class com/sun/tools/javac/comp/Modules done
Event: 14.334 loading class com/sun/tools/javac/code/Symbol$PackageSymbol
Event: 14.334 loading class com/sun/tools/javac/code/Symbol$PackageSymbol done


Dynamic libraries:
0x00007ff70de60000 - 0x00007ff70de6a000 	C:\Program Files\Android\Android Studio\jre\bin\java.exe
0x00007ffa1e7f0000 - 0x00007ffa1e9e5000 	C:\WINDOWS\SYSTEM32\ntdll.dll
0x00007ffa1d570000 - 0x00007ffa1d62d000 	C:\WINDOWS\System32\KERNEL32.DLL
0x00007ffa1c1f0000 - 0x00007ffa1c4b8000 	C:\WINDOWS\System32\KERNELBASE.dll
0x00007ffa1bf80000 - 0x00007ffa1c080000 	C:\WINDOWS\System32\ucrtbase.dll
0x00007ffa17040000 - 0x00007ffa17059000 	C:\Program Files\Android\Android Studio\jre\bin\jli.dll
0x00007ffa0d6a0000 - 0x00007ffa0d6b7000 	C:\Program Files\Android\Android Studio\jre\bin\VCRUNTIME140.dll
0x00007ffa1cd30000 - 0x00007ffa1ced0000 	C:\WINDOWS\System32\USER32.dll
0x00007ffa1c7f0000 - 0x00007ffa1c812000 	C:\WINDOWS\System32\win32u.dll
0x00007ffa1d460000 - 0x00007ffa1d48a000 	C:\WINDOWS\System32\GDI32.dll
0x00007ffa1c080000 - 0x00007ffa1c18b000 	C:\WINDOWS\System32\gdi32full.dll
0x00007ffa1c6a0000 - 0x00007ffa1c73d000 	C:\WINDOWS\System32\msvcp_win.dll
0x00007ffa09bf0000 - 0x00007ffa09e8a000 	C:\WINDOWS\WinSxS\amd64_microsoft.windows.common-controls_6595b64144ccf1df_6.0.19041.844_none_ca00b6081b84eb1d\COMCTL32.dll
0x00007ffa1e3b0000 - 0x00007ffa1e44e000 	C:\WINDOWS\System32\msvcrt.dll
0x00007ffa1e320000 - 0x00007ffa1e350000 	C:\WINDOWS\System32\IMM32.DLL
0x00007ff9f7120000 - 0x00007ff9f71bd000 	C:\Program Files\Android\Android Studio\jre\bin\msvcp140.dll
0x00007ff9d80f0000 - 0x00007ff9d8bac000 	C:\Program Files\Android\Android Studio\jre\bin\server\jvm.dll
0x00007ffa1c850000 - 0x00007ffa1c8fc000 	C:\WINDOWS\System32\ADVAPI32.dll
0x00007ffa1d340000 - 0x00007ffa1d3db000 	C:\WINDOWS\System32\sechost.dll
0x00007ffa1d630000 - 0x00007ffa1d75b000 	C:\WINDOWS\System32\RPCRT4.dll
0x00007ffa1d440000 - 0x00007ffa1d448000 	C:\WINDOWS\System32\PSAPI.DLL
0x00007ffa05300000 - 0x00007ffa05309000 	C:\WINDOWS\SYSTEM32\WSOCK32.dll
0x00007ffa0d7b0000 - 0x00007ffa0d7d7000 	C:\WINDOWS\SYSTEM32\WINMM.dll
0x00007ffa1cfe0000 - 0x00007ffa1d04b000 	C:\WINDOWS\System32\WS2_32.dll
0x00007ffa15360000 - 0x00007ffa1536a000 	C:\WINDOWS\SYSTEM32\VERSION.dll
0x00007ffa19e80000 - 0x00007ffa19e92000 	C:\WINDOWS\SYSTEM32\kernel.appcore.dll
0x00007ffa16320000 - 0x00007ffa16331000 	C:\Program Files\Android\Android Studio\jre\bin\verify.dll
0x00007ffa0a0e0000 - 0x00007ffa0a2c4000 	C:\WINDOWS\SYSTEM32\DBGHELP.DLL
0x00007ffa05370000 - 0x00007ffa0539c000 	C:\WINDOWS\SYSTEM32\dbgcore.DLL
0x00007ffa1c4c0000 - 0x00007ffa1c540000 	C:\WINDOWS\System32\bcryptPrimitives.dll
0x00007ffa0d660000 - 0x00007ffa0d689000 	C:\Program Files\Android\Android Studio\jre\bin\java.dll
0x00007ffa17260000 - 0x00007ffa1726b000 	C:\Program Files\Android\Android Studio\jre\bin\jimage.dll
0x00007ffa08d10000 - 0x00007ffa08d28000 	C:\Program Files\Android\Android Studio\jre\bin\zip.dll
0x00007ffa1d760000 - 0x00007ffa1dea2000 	C:\WINDOWS\System32\SHELL32.dll
0x00007ffa1a080000 - 0x00007ffa1a810000 	C:\WINDOWS\SYSTEM32\windows.storage.dll
0x00007ffa1e450000 - 0x00007ffa1e7a5000 	C:\WINDOWS\System32\combase.dll
0x00007ffa1b9a0000 - 0x00007ffa1b9cc000 	C:\WINDOWS\SYSTEM32\Wldp.dll
0x00007ffa1cf30000 - 0x00007ffa1cfde000 	C:\WINDOWS\System32\SHCORE.dll
0x00007ffa1e350000 - 0x00007ffa1e3a5000 	C:\WINDOWS\System32\shlwapi.dll
0x00007ffa1be70000 - 0x00007ffa1be8f000 	C:\WINDOWS\SYSTEM32\profapi.dll
0x00007ffa07b20000 - 0x00007ffa07b3a000 	C:\Program Files\Android\Android Studio\jre\bin\net.dll
0x00007ffa0df70000 - 0x00007ffa0e07b000 	C:\WINDOWS\SYSTEM32\WINHTTP.dll
0x00007ffa1b710000 - 0x00007ffa1b77a000 	C:\WINDOWS\system32\mswsock.dll
0x00007ffa05720000 - 0x00007ffa05734000 	C:\Program Files\Android\Android Studio\jre\bin\nio.dll
0x00007ffa05830000 - 0x00007ffa05857000 	C:\Users\Chau\.gradle\native\fdc75f09e3144964f2cf3f50f0aa648679c211496f362492102eb8c894070792\windows-amd64\native-platform.dll
0x00007ff9eaae0000 - 0x00007ff9eac76000 	C:\Users\Chau\.gradle\native\12488b8bf47d2d4c9fbf2f6322a914ad602e24e48041cd04a747c6da556b65c4\windows-amd64\native-platform-file-events.dll
0x00007ffa17120000 - 0x00007ffa1712a000 	C:\Program Files\Android\Android Studio\jre\bin\management.dll
0x00007ffa17080000 - 0x00007ffa1708c000 	C:\Program Files\Android\Android Studio\jre\bin\management_ext.dll
0x00007ffa1b8f0000 - 0x00007ffa1b908000 	C:\WINDOWS\SYSTEM32\CRYPTSP.dll
0x00007ffa1b040000 - 0x00007ffa1b074000 	C:\WINDOWS\system32\rsaenh.dll
0x00007ffa1c820000 - 0x00007ffa1c847000 	C:\WINDOWS\System32\bcrypt.dll
0x00007ffa1be30000 - 0x00007ffa1be5e000 	C:\WINDOWS\SYSTEM32\USERENV.dll
0x00007ffa1b8e0000 - 0x00007ffa1b8ec000 	C:\WINDOWS\SYSTEM32\CRYPTBASE.dll
0x00007ffa1b3b0000 - 0x00007ffa1b3eb000 	C:\WINDOWS\SYSTEM32\IPHLPAPI.DLL
0x00007ffa1d450000 - 0x00007ffa1d458000 	C:\WINDOWS\System32\NSI.dll
0x00007ffa14570000 - 0x00007ffa14587000 	C:\WINDOWS\SYSTEM32\dhcpcsvc6.DLL
0x00007ffa14f70000 - 0x00007ffa14f8d000 	C:\WINDOWS\SYSTEM32\dhcpcsvc.DLL
0x00007ffa1b3f0000 - 0x00007ffa1b4bc000 	C:\WINDOWS\SYSTEM32\DNSAPI.dll
0x00007ffa15370000 - 0x00007ffa1537b000 	C:\WINDOWS\SYSTEM32\WINNSI.DLL

dbghelp: loaded successfully - version: 4.0.5 - missing functions: none
symbol engine: initialized successfully - sym options: 0x614 - pdb path: .;C:\Program Files\Android\Android Studio\jre\bin;C:\WINDOWS\SYSTEM32;C:\WINDOWS\WinSxS\amd64_microsoft.windows.common-controls_6595b64144ccf1df_6.0.19041.844_none_ca00b6081b84eb1d;C:\Program Files\Android\Android Studio\jre\bin\server;C:\Users\Chau\.gradle\native\fdc75f09e3144964f2cf3f50f0aa648679c211496f362492102eb8c894070792\windows-amd64;C:\Users\Chau\.gradle\native\12488b8bf47d2d4c9fbf2f6322a914ad602e24e48041cd04a747c6da556b65c4\windows-amd64

VM Arguments:
jvm_args: -XX:+UseParallelGC --add-opens=java.base/java.util=ALL-UNNAMED --add-opens=java.base/java.lang=ALL-UNNAMED --add-opens=java.base/java.lang.invoke=ALL-UNNAMED --add-opens=java.prefs/java.util.prefs=ALL-UNNAMED -Xmx1536m -Dfile.encoding=UTF-8 -Duser.country=MX -Duser.language=es -Duser.variant 
java_command: org.gradle.launcher.daemon.bootstrap.GradleDaemon 6.7.1
java_class_path (initial): C:\Users\Chau\.gradle\wrapper\dists\gradle-6.7.1-all\2moa8rlfac5eqlcfgk98k0deb\gradle-6.7.1\lib\gradle-launcher-6.7.1.jar
Launcher Type: SUN_STANDARD

[Global flags]
     intx CICompilerCount                          = 4                                         {product} {ergonomic}
   size_t InitialHeapSize                          = 266338304                                 {product} {ergonomic}
   size_t MaxHeapSize                              = 1610612736                                {product} {command line}
   size_t MaxNewSize                               = 536870912                                 {product} {ergonomic}
   size_t MinHeapDeltaBytes                        = 524288                                    {product} {ergonomic}
   size_t NewSize                                  = 88604672                                  {product} {ergonomic}
    uintx NonNMethodCodeHeapSize                   = 5836300                                {pd product} {ergonomic}
    uintx NonProfiledCodeHeapSize                  = 122910970                              {pd product} {ergonomic}
   size_t OldSize                                  = 177733632                                 {product} {ergonomic}
    uintx ProfiledCodeHeapSize                     = 122910970                              {pd product} {ergonomic}
    uintx ReservedCodeCacheSize                    = 251658240                              {pd product} {ergonomic}
     bool SegmentedCodeCache                       = true                                      {product} {ergonomic}
     bool UseCompressedClassPointers               = true                                 {lp64_product} {ergonomic}
     bool UseCompressedOops                        = true                                 {lp64_product} {ergonomic}
     bool UseLargePagesIndividualAllocation        = false                                  {pd product} {ergonomic}
     bool UseParallelGC                            = true                                      {product} {command line}

Logging:
Log output configuration:
 #0: stdout all=warning uptime,level,tags
 #1: stderr all=off uptime,level,tags

Environment Variables:
JAVA_HOME=C:\Program Files\Android\Jdk\microsoft_dist_openjdk_1.8.0.25
PATH=C:\Program Files (x86)\Common Files\Intel\Shared Files\cpp\bin\Intel64;C:\WINDOWS\system32;C:\WINDOWS;C:\WINDOWS\System32\Wbem;C:\WINDOWS\System32\WindowsPowerShell\v1.0\;C:\WINDOWS\System32\OpenSSH\;C:\Program Files\Git\cmd;C:\Program Files\dotnet\;C:\Program Files (x86)\IncrediBuild;C:\Program Files\Intel\WiFi\bin\;C:\Program Files\Common Files\Intel\WirelessCommon\;C:\Program Files\Microsoft SQL Server\130\Tools\Binn\;C:\Program Files\Microsoft SQL Server\Client SDK\ODBC\170\Tools\Binn\;C:\Program Files (x86)\Microsoft SQL Server\150\Tools\Binn\;C:\Program Files\Microsoft SQL Server\150\Tools\Binn\;C:\Program Files\Microsoft SQL Server\150\DTS\Binn\;C:\Program Files\nodejs\;C:\xamp\php;C:\ProgramData\ComposerSetup\bin;C:\Program Files (x86)\dotnet\;C:\Program Files (x86)\Intel\Intel(R) Management Engine Components\DAL;C:\Program Files\Intel\Intel(R) Management Engine Components\DAL;C:\Users\Chau\AppData\Local\Programs\Python\Python39\Scripts\;C:\Users\Chau\AppData\Local\Programs\Python\Python39\;C:\Users\Chau\anaconda;C:\Users\Chau\anaconda\Library\mingw-w64\bin;C:\Users\Chau\anaconda\Library\usr\bin;C:\Users\Chau\anaconda\Library\bin;C:\Users\Chau\anaconda\Scripts;C:\Users\Chau\AppData\Local\Programs\Python\Python38\Scripts\;C:\Users\Chau\AppData\Local\Programs\Python\Python38\;C:\Users\Chau\anaconda3;C:\Users\Chau\anaconda3\Library\mingw-w64\bin;C:\Users\Chau\anaconda3\Library\usr\bin;C:\Users\Chau\anaconda3\Library\bin;C:\Users\Chau\anaconda3\Scripts;C:\Users\Chau\AppData\Local\Microsoft\WindowsApps;C:\xampp\php;C:\Users\Chau\AppData\Local\Programs\Microsoft VS Code\bin;C:\Users\Chau\AppData\Roaming\Composer\vendor\bin;C:\seleniumWebdrivers\;C:\Users\Chau\anaconda3\python.exe;C:\Users\Chau\AppData\Roaming\npm;C:\seleniumWebdrivers\geckodriver.exe;C:\Users\Chau\AppData\Local\Microsoft\WindowsApps;C:\Gradle\gradle-6.8.3\bin;
USERNAME=Chau
OS=Windows_NT
PROCESSOR_IDENTIFIER=Intel64 Family 6 Model 142 Stepping 10, GenuineIntel



---------------  S Y S T E M  ---------------

OS: Windows 10 , 64 bit Build 19041 (10.0.19041.928)
OS uptime: 1 days 13:54 hours

CPU:total 8 (initial active 8) (4 cores per cpu, 2 threads per core) family 6 model 142 stepping 10, cmov, cx8, fxsr, mmx, sse, sse2, sse3, ssse3, sse4.1, sse4.2, popcnt, avx, avx2, aes, clmul, erms, rtm, 3dnowpref, lzcnt, ht, tsc, tscinvbit, bmi1, bmi2, adx, fma

Memory: 4k page, system-wide physical 16222M (786M free)
TotalPageFile size 46588M (AvailPageFile size 6M)
current process WorkingSet (physical memory assigned to process): 534M, peak: 534M
current process commit charge ("private bytes"): 714M, peak: 764M

vm_info: OpenJDK 64-Bit Server VM (11.0.8+10-b944.6842174) for windows-amd64 JRE (11.0.8+10-b944.6842174), built on Sep 19 2020 01:11:42 by "builder" with MS VC++ 14.0 (VS2015)

END.
