#
# There is insufficient memory for the Java Runtime Environment to continue.
# Native memory allocation (malloc) failed to allocate 1049216 bytes for Chunk::new
# Possible reasons:
#   The system is out of physical RAM or swap space
#   The process is running with CompressedOops enabled, and the Java Heap may be blocking the growth of the native heap
# Possible solutions:
#   Reduce memory load on the system
#   Increase physical memory or swap space
#   Check if swap backing store is full
#   Decrease Java heap size (-Xmx/-Xms)
#   Decrease number of Java threads
#   Decrease Java thread stack sizes (-Xss)
#   Set larger code cache with -XX:ReservedCodeCacheSize=
#   JVM is running with Unscaled Compressed Oops mode in which the Java heap is
#     placed in the first 4GB address space. The Java Heap base address is the
#     maximum limit for the native heap growth. Please use -XX:HeapBaseMinAddress
#     to set the Java Heap base and to place the Java Heap above 4GB virtual address.
# This output file may be truncated or incomplete.
#
#  Out of Memory Error (allocation.cpp:389), pid=23828, tid=0x0000000000003948
#
# JRE version: OpenJDK Runtime Environment (8.0_242-b01) (build 1.8.0_242-release-1644-b01)
# Java VM: OpenJDK 64-Bit Server VM (25.242-b01 mixed mode windows-amd64 compressed oops)
# Failed to write core dump. Minidumps are not enabled by default on client versions of Windows
#

---------------  T H R E A D  ---------------

Current thread (0x0000000018931800):  JavaThread "C2 CompilerThread0" daemon [_thread_in_native, id=14664, stack(0x0000000019220000,0x0000000019320000)]

Stack: [0x0000000019220000,0x0000000019320000]
[error occurred during error reporting (printing stack bounds), id 0xc0000005]

Native frames: (J=compiled Java code, j=interpreted, Vv=VM code, C=native code)


Current CompileTask:
C2:1584081 37606       4       com.android.tools.r8.ir.regalloc.a::a (3992 bytes)


---------------  P R O C E S S  ---------------

Java Threads: ( => current thread )
  0x000000003172a800 JavaThread "WorkerExecutor Queue Thread 6" [_thread_blocked, id=21288, stack(0x000000003a270000,0x000000003a370000)]
  0x0000000031728800 JavaThread "WorkerExecutor Queue Thread 5" [_thread_in_native, id=13912, stack(0x000000003a060000,0x000000003a160000)]
  0x000000003172c000 JavaThread "WorkerExecutor Queue Thread 4" [_thread_blocked, id=4140, stack(0x0000000039d50000,0x0000000039e50000)]
  0x000000003172a000 JavaThread "WorkerExecutor Queue Thread 3" [_thread_blocked, id=23928, stack(0x0000000039c50000,0x0000000039d50000)]
  0x000000003172b800 JavaThread "WorkerExecutor Queue Thread 2" [_thread_blocked, id=12144, stack(0x0000000039b50000,0x0000000039c50000)]
  0x0000000031721000 JavaThread "WorkerExecutor Queue" [_thread_blocked, id=992, stack(0x0000000039a50000,0x0000000039b50000)]
  0x0000000031722800 JavaThread "ForkJoinPool.commonPool-worker-5" daemon [_thread_blocked, id=10868, stack(0x0000000039950000,0x0000000039a50000)]
  0x0000000031724000 JavaThread "ForkJoinPool.commonPool-worker-4" daemon [_thread_blocked, id=15092, stack(0x0000000039850000,0x0000000039950000)]
  0x0000000031726000 JavaThread "ForkJoinPool.commonPool-worker-0" daemon [_thread_blocked, id=5360, stack(0x0000000039750000,0x0000000039850000)]
  0x0000000031723000 JavaThread "ForkJoinPool.commonPool-worker-2" daemon [_thread_blocked, id=12488, stack(0x0000000038c10000,0x0000000038d10000)]
  0x0000000031727800 JavaThread "Cache worker for Java compile cache (C:\Users\Chau\Desktop\MangoCliente\.gradle\6.5\javaCompile)" [_thread_blocked, id=14940, stack(0x0000000037950000,0x0000000037a50000)]
  0x0000000031725800 JavaThread "Cache worker for execution history cache (C:\Users\Chau\Desktop\MangoCliente\.gradle\6.5\executionHistory)" [_thread_blocked, id=17312, stack(0x0000000036fb0000,0x00000000370b0000)]
  0x0000000031727000 JavaThread "Execution worker for ':' Thread 7" [_thread_blocked, id=19828, stack(0x0000000036c30000,0x0000000036d30000)]
  0x0000000031719800 JavaThread "Execution worker for ':' Thread 6" [_thread_blocked, id=11932, stack(0x0000000036b30000,0x0000000036c30000)]
  0x000000003171c800 JavaThread "Execution worker for ':' Thread 5" [_thread_blocked, id=13128, stack(0x00000000365b0000,0x00000000366b0000)]
  0x0000000031720000 JavaThread "Execution worker for ':' Thread 4" [_thread_blocked, id=3188, stack(0x0000000032e50000,0x0000000032f50000)]
  0x000000003171f800 JavaThread "Execution worker for ':' Thread 3" [_thread_blocked, id=21632, stack(0x000000002f0d0000,0x000000002f1d0000)]
  0x000000003171a000 JavaThread "Execution worker for ':' Thread 2" [_thread_blocked, id=22436, stack(0x000000002ed90000,0x000000002ee90000)]
  0x000000003171e800 JavaThread "Execution worker for ':'" [_thread_blocked, id=7396, stack(0x000000002e7c0000,0x000000002e8c0000)]
  0x000000003171b800 JavaThread "Cache worker for file content cache (C:\Users\Chau\Desktop\MangoCliente\.gradle\6.5\fileContent)" [_thread_blocked, id=24132, stack(0x000000002e430000,0x000000002e530000)]
  0x000000003171b000 JavaThread "Cache worker for Build Output Cleanup Cache (C:\Users\Chau\Desktop\MangoCliente\.gradle\buildOutputCleanup)" [_thread_blocked, id=1616, stack(0x000000002db10000,0x000000002dc10000)]
  0x000000003171e000 JavaThread "Build operations Thread 8" [_thread_blocked, id=20304, stack(0x0000000023e60000,0x0000000023f60000)]
  0x000000003171d000 JavaThread "Build operations Thread 7" [_thread_blocked, id=19012, stack(0x0000000023d60000,0x0000000023e60000)]
  0x0000000031711800 JavaThread "Build operations Thread 6" [_thread_blocked, id=25060, stack(0x0000000023c60000,0x0000000023d60000)]
  0x0000000031718800 JavaThread "Build operations Thread 5" [_thread_blocked, id=15212, stack(0x0000000023b60000,0x0000000023c60000)]
  0x0000000031718000 JavaThread "Build operations Thread 4" [_thread_blocked, id=14776, stack(0x0000000023a60000,0x0000000023b60000)]
  0x0000000031712800 JavaThread "Build operations Thread 3" [_thread_blocked, id=8232, stack(0x0000000023960000,0x0000000023a60000)]
  0x0000000031716800 JavaThread "Build operations Thread 2" [_thread_blocked, id=10296, stack(0x0000000023860000,0x0000000023960000)]
  0x0000000031715800 JavaThread "Build operations" [_thread_blocked, id=2292, stack(0x0000000023760000,0x0000000023860000)]
  0x0000000031717000 JavaThread "Cache worker for cache directory md-rule (C:\Users\Chau\.gradle\caches\6.5\md-rule)" [_thread_blocked, id=14388, stack(0x0000000023660000,0x0000000023760000)]
  0x0000000031713000 JavaThread "Cache worker for cache directory md-supplier (C:\Users\Chau\.gradle\caches\6.5\md-supplier)" [_thread_blocked, id=13808, stack(0x0000000023560000,0x0000000023660000)]
  0x000000003170f800 JavaThread "Cache worker for checksums cache (C:\Users\Chau\Desktop\MangoCliente\.gradle\checksums)" [_thread_blocked, id=20748, stack(0x0000000021b90000,0x0000000021c90000)]
  0x0000000031714000 JavaThread "Cache worker for file hash cache (C:\Users\Chau\Desktop\MangoCliente\.gradle\6.5\fileHashes)" [_thread_blocked, id=18812, stack(0x0000000021390000,0x0000000021490000)]
  0x0000000031715000 JavaThread "Thread-1538" [_thread_blocked, id=20040, stack(0x000000001ec40000,0x000000001ed40000)]
  0x000000003170e000 JavaThread "Stdin handler" [_thread_blocked, id=23920, stack(0x000000001d470000,0x000000001d570000)]
  0x0000000031711000 JavaThread "Asynchronous log dispatcher for DefaultDaemonConnection: socket connection from /127.0.0.1:57998 to /127.0.0.1:58737" [_thread_blocked, id=19832, stack(0x000000001d170000,0x000000001d270000)]
  0x000000003170e800 JavaThread "Cancel handler" [_thread_blocked, id=18108, stack(0x000000001c700000,0x000000001c800000)]
  0x0000000031710000 JavaThread "Handler for socket connection from /127.0.0.1:57998 to /127.0.0.1:58737" [_thread_in_native, id=16624, stack(0x000000001c600000,0x000000001c700000)]
  0x000000001dd22000 JavaThread "ForkJoinPool.commonPool-worker-3" daemon [_thread_blocked, id=22640, stack(0x0000000037e50000,0x0000000037f50000)]
  0x000000001b97f000 JavaThread "jar transforms Thread 1034" [_thread_blocked, id=17120, stack(0x000000002d810000,0x000000002d910000)]
  0x000000001b97e000 JavaThread "jar transforms Thread 1033" [_thread_blocked, id=6116, stack(0x000000002d510000,0x000000002d610000)]
  0x000000001b97d800 JavaThread "jar transforms Thread 1032" [_thread_blocked, id=17820, stack(0x000000002ca10000,0x000000002cb10000)]
  0x000000001b97a800 JavaThread "jar transforms Thread 1031" [_thread_blocked, id=11476, stack(0x000000002b4b0000,0x000000002b5b0000)]
  0x000000002b8c7800 JavaThread "jar transforms Thread 1030" [_thread_blocked, id=7732, stack(0x000000002adb0000,0x000000002aeb0000)]
  0x000000002b8c7000 JavaThread "jar transforms Thread 1029" [_thread_blocked, id=16980, stack(0x0000000029b90000,0x0000000029c90000)]
  0x000000002b8c6000 JavaThread "jar transforms Thread 1028" [_thread_blocked, id=10492, stack(0x0000000029660000,0x0000000029760000)]
  0x000000002b8ca800 JavaThread "jar transforms Thread 1027" [_thread_blocked, id=17224, stack(0x0000000029560000,0x0000000029660000)]
  0x000000002b8c9000 JavaThread "jar transforms Thread 1026" [_thread_blocked, id=22908, stack(0x0000000029460000,0x0000000029560000)]
  0x000000002b8c5800 JavaThread "jar transforms Thread 1025" [_thread_blocked, id=18900, stack(0x0000000029360000,0x0000000029460000)]
  0x000000002b8c8800 JavaThread "jar transforms Thread 1024" [_thread_blocked, id=1852, stack(0x0000000029260000,0x0000000029360000)]
  0x000000002b8ca000 JavaThread "jar transforms Thread 1023" [_thread_blocked, id=13032, stack(0x0000000029160000,0x0000000029260000)]
  0x000000002b8be000 JavaThread "jar transforms Thread 1022" [_thread_blocked, id=2520, stack(0x0000000029060000,0x0000000029160000)]
  0x000000002b8c4000 JavaThread "jar transforms Thread 1021" [_thread_blocked, id=12468, stack(0x0000000028f60000,0x0000000029060000)]
  0x000000002b8c4800 JavaThread "jar transforms Thread 1020" [_thread_blocked, id=12588, stack(0x0000000028e60000,0x0000000028f60000)]
  0x000000002b8c2800 JavaThread "jar transforms Thread 1019" [_thread_blocked, id=1552, stack(0x0000000028d60000,0x0000000028e60000)]
  0x000000002b8c1800 JavaThread "jar transforms Thread 1018" [_thread_blocked, id=5044, stack(0x0000000028c60000,0x0000000028d60000)]
  0x000000002b8bd000 JavaThread "jar transforms Thread 1017" [_thread_blocked, id=22036, stack(0x0000000028b60000,0x0000000028c60000)]
  0x000000002b8c1000 JavaThread "jar transforms Thread 1016" [_thread_blocked, id=16692, stack(0x0000000028a60000,0x0000000028b60000)]
  0x000000002b8c0000 JavaThread "jar transforms Thread 1015" [_thread_blocked, id=1324, stack(0x0000000028960000,0x0000000028a60000)]
  0x000000002b8bc000 JavaThread "jar transforms Thread 1014" [_thread_blocked, id=20604, stack(0x0000000028860000,0x0000000028960000)]
  0x000000002b742800 JavaThread "jar transforms Thread 1013" [_thread_blocked, id=11212, stack(0x0000000028760000,0x0000000028860000)]
  0x000000002b745000 JavaThread "jar transforms Thread 1012" [_thread_blocked, id=14184, stack(0x0000000028660000,0x0000000028760000)]
  0x000000002b73e000 JavaThread "jar transforms Thread 1011" [_thread_blocked, id=14784, stack(0x0000000028560000,0x0000000028660000)]
  0x000000002b744000 JavaThread "jar transforms Thread 1010" [_thread_blocked, id=17076, stack(0x0000000028460000,0x0000000028560000)]
  0x000000002b742000 JavaThread "jar transforms Thread 1009" [_thread_blocked, id=2060, stack(0x0000000028360000,0x0000000028460000)]
  0x000000002b743800 JavaThread "jar transforms Thread 1008" [_thread_blocked, id=7308, stack(0x0000000028260000,0x0000000028360000)]
  0x000000002b73a000 JavaThread "jar transforms Thread 1007" [_thread_blocked, id=24000, stack(0x0000000028160000,0x0000000028260000)]
  0x000000002b73f000 JavaThread "jar transforms Thread 1006" [_thread_blocked, id=10016, stack(0x0000000028060000,0x0000000028160000)]
  0x000000002b740800 JavaThread "jar transforms Thread 1005" [_thread_blocked, id=4316, stack(0x0000000027f60000,0x0000000028060000)]
  0x000000002b73d800 JavaThread "jar transforms Thread 1004" [_thread_blocked, id=19100, stack(0x0000000027e60000,0x0000000027f60000)]
  0x000000002b73b800 JavaThread "jar transforms Thread 1003" [_thread_blocked, id=17892, stack(0x0000000027d60000,0x0000000027e60000)]
  0x000000002b73f800 JavaThread "jar transforms Thread 1002" [_thread_blocked, id=24596, stack(0x0000000027c60000,0x0000000027d60000)]
  0x000000002b73b000 JavaThread "jar transforms Thread 1001" [_thread_blocked, id=7156, stack(0x0000000027b60000,0x0000000027c60000)]
  0x000000002b741000 JavaThread "jar transforms Thread 1000" [_thread_blocked, id=22160, stack(0x0000000027a60000,0x0000000027b60000)]
  0x000000002b735800 JavaThread "jar transforms Thread 999" [_thread_blocked, id=13528, stack(0x0000000027960000,0x0000000027a60000)]
  0x000000002b738800 JavaThread "jar transforms Thread 998" [_thread_blocked, id=16136, stack(0x0000000027860000,0x0000000027960000)]
  0x000000002b73c800 JavaThread "jar transforms Thread 997" [_thread_blocked, id=6996, stack(0x0000000027760000,0x0000000027860000)]
  0x000000002b739800 JavaThread "jar transforms Thread 996" [_thread_blocked, id=21468, stack(0x0000000027660000,0x0000000027760000)]
  0x000000002b736800 JavaThread "jar transforms Thread 995" [_thread_blocked, id=12348, stack(0x0000000027560000,0x0000000027660000)]
  0x0000000019ed7000 JavaThread "jar transforms Thread 994" [_thread_blocked, id=23344, stack(0x0000000027460000,0x0000000027560000)]
  0x0000000019ed6000 JavaThread "jar transforms Thread 993" [_thread_blocked, id=15368, stack(0x0000000027360000,0x0000000027460000)]
  0x0000000019ed5800 JavaThread "jar transforms Thread 992" [_thread_blocked, id=22248, stack(0x0000000027260000,0x0000000027360000)]
  0x0000000019ed4800 JavaThread "jar transforms Thread 991" [_thread_blocked, id=8004, stack(0x0000000027160000,0x0000000027260000)]
  0x0000000019ed7800 JavaThread "jar transforms Thread 990" [_thread_blocked, id=24972, stack(0x0000000027060000,0x0000000027160000)]
  0x0000000019ecc000 JavaThread "jar transforms Thread 989" [_thread_blocked, id=10592, stack(0x0000000026f60000,0x0000000027060000)]
  0x0000000019ed3000 JavaThread "jar transforms Thread 988" [_thread_blocked, id=13708, stack(0x0000000026e60000,0x0000000026f60000)]
  0x0000000019ed2800 JavaThread "jar transforms Thread 987" [_thread_blocked, id=15080, stack(0x0000000026d60000,0x0000000026e60000)]
  0x0000000019eca800 JavaThread "jar transforms Thread 986" [_thread_blocked, id=20248, stack(0x0000000026c60000,0x0000000026d60000)]
  0x0000000019ed1800 JavaThread "jar transforms Thread 985" [_thread_blocked, id=856, stack(0x0000000026b60000,0x0000000026c60000)]
  0x0000000019ecd000 JavaThread "jar transforms Thread 984" [_thread_blocked, id=17588, stack(0x0000000026a60000,0x0000000026b60000)]
  0x0000000019eca000 JavaThread "jar transforms Thread 983" [_thread_blocked, id=14056, stack(0x0000000026960000,0x0000000026a60000)]
  0x0000000019ed0800 JavaThread "jar transforms Thread 982" [_thread_blocked, id=6984, stack(0x0000000026860000,0x0000000026960000)]
  0x0000000019ec9000 JavaThread "jar transforms Thread 981" [_thread_blocked, id=3764, stack(0x0000000026760000,0x0000000026860000)]
  0x0000000019ecb800 JavaThread "jar transforms Thread 980" [_thread_blocked, id=20936, stack(0x0000000026660000,0x0000000026760000)]
  0x0000000019ed0000 JavaThread "jar transforms Thread 979" [_thread_blocked, id=18380, stack(0x0000000026560000,0x0000000026660000)]
  0x0000000019ec8800 JavaThread "jar transforms Thread 978" [_thread_blocked, id=23708, stack(0x0000000026460000,0x0000000026560000)]
  0x0000000019ecd800 JavaThread "jar transforms Thread 977" [_thread_blocked, id=24256, stack(0x0000000026360000,0x0000000026460000)]
  0x0000000019ecf000 JavaThread "jar transforms Thread 976" [_thread_blocked, id=22416, stack(0x0000000026260000,0x0000000026360000)]
  0x0000000019ece800 JavaThread "jar transforms Thread 975" [_thread_blocked, id=25464, stack(0x0000000026160000,0x0000000026260000)]
  0x000000001fc30800 JavaThread "jar transforms Thread 974" [_thread_blocked, id=17260, stack(0x0000000026060000,0x0000000026160000)]
  0x000000001fc37800 JavaThread "jar transforms Thread 973" [_thread_blocked, id=23148, stack(0x0000000025f60000,0x0000000026060000)]
  0x000000001fc30000 JavaThread "jar transforms Thread 972" [_thread_blocked, id=11532, stack(0x0000000025e60000,0x0000000025f60000)]
  0x000000001fc37000 JavaThread "jar transforms Thread 971" [_thread_blocked, id=20580, stack(0x0000000025d60000,0x0000000025e60000)]
  0x000000001fc36000 JavaThread "jar transforms Thread 970" [_thread_blocked, id=25480, stack(0x0000000025c60000,0x0000000025d60000)]
  0x000000001fc2e800 JavaThread "jar transforms Thread 969" [_thread_blocked, id=24104, stack(0x0000000025b60000,0x0000000025c60000)]
  0x000000001fc35800 JavaThread "jar transforms Thread 968" [_thread_blocked, id=16220, stack(0x0000000025a60000,0x0000000025b60000)]
  0x000000001fc33000 JavaThread "jar transforms Thread 967" [_thread_blocked, id=21656, stack(0x0000000025960000,0x0000000025a60000)]
  0x000000001fc32000 JavaThread "jar transforms Thread 966" [_thread_blocked, id=23432, stack(0x0000000025860000,0x0000000025960000)]
  0x000000001fc34800 JavaThread "jar transforms Thread 965" [_thread_blocked, id=20912, stack(0x0000000025760000,0x0000000025860000)]
  0x000000001fc31800 JavaThread "jar transforms Thread 964" [_thread_blocked, id=15608, stack(0x0000000025660000,0x0000000025760000)]
  0x000000001fc34000 JavaThread "jar transforms Thread 963" [_thread_blocked, id=17524, stack(0x0000000025560000,0x0000000025660000)]
  0x000000001fc2f000 JavaThread "jar transforms Thread 962" [_thread_blocked, id=1368, stack(0x0000000025460000,0x0000000025560000)]
  0x000000001fc27000 JavaThread "jar transforms Thread 961" [_thread_blocked, id=23516, stack(0x0000000025360000,0x0000000025460000)]
  0x000000001fc2a800 JavaThread "jar transforms Thread 960" [_thread_blocked, id=21456, stack(0x0000000025260000,0x0000000025360000)]
  0x000000001fc2d000 JavaThread "jar transforms Thread 959" [_thread_blocked, id=9688, stack(0x0000000025160000,0x0000000025260000)]
  0x000000001fc2a000 JavaThread "jar transforms Thread 958" [_thread_blocked, id=4260, stack(0x0000000025060000,0x0000000025160000)]
  0x000000001fc2d800 JavaThread "jar transforms Thread 957" [_thread_blocked, id=3664, stack(0x0000000024f60000,0x0000000025060000)]
  0x000000001fc28800 JavaThread "jar transforms Thread 956" [_thread_blocked, id=8488, stack(0x0000000024e60000,0x0000000024f60000)]
  0x000000001fc2c000 JavaThread "jar transforms Thread 955" [_thread_blocked, id=20976, stack(0x0000000024d60000,0x0000000024e60000)]
  0x000000001fc27800 JavaThread "jar transforms Thread 954" [_thread_blocked, id=1212, stack(0x0000000024c60000,0x0000000024d60000)]
  0x000000001fc25800 JavaThread "jar transforms Thread 953" [_thread_blocked, id=15864, stack(0x0000000024b60000,0x0000000024c60000)]
  0x000000001fc26000 JavaThread "jar transforms Thread 952" [_thread_blocked, id=23460, stack(0x0000000024a60000,0x0000000024b60000)]
  0x000000001fc2b800 JavaThread "jar transforms Thread 951" [_thread_blocked, id=5808, stack(0x0000000024960000,0x0000000024a60000)]
  0x000000001fc24800 JavaThread "jar transforms Thread 950" [_thread_blocked, id=7368, stack(0x0000000024860000,0x0000000024960000)]
  0x000000001fc29000 JavaThread "jar transforms Thread 949" [_thread_blocked, id=24492, stack(0x0000000024760000,0x0000000024860000)]
  0x000000001fc1d000 JavaThread "jar transforms Thread 948" [_thread_blocked, id=9196, stack(0x0000000024660000,0x0000000024760000)]
  0x000000001fc24000 JavaThread "jar transforms Thread 947" [_thread_blocked, id=11800, stack(0x0000000024560000,0x0000000024660000)]
  0x000000001fc1c800 JavaThread "jar transforms Thread 946" [_thread_blocked, id=5844, stack(0x0000000024460000,0x0000000024560000)]
  0x000000001fc23000 JavaThread "jar transforms Thread 945" [_thread_blocked, id=15168, stack(0x0000000024360000,0x0000000024460000)]
  0x000000001fc22800 JavaThread "jar transforms Thread 944" [_thread_blocked, id=16848, stack(0x0000000024260000,0x0000000024360000)]
  0x000000001fc21800 JavaThread "jar transforms Thread 943" [_thread_blocked, id=15852, stack(0x0000000024160000,0x0000000024260000)]
  0x000000001fc19800 JavaThread "jar transforms Thread 942" [_thread_blocked, id=5556, stack(0x0000000024060000,0x0000000024160000)]
  0x000000001fc1e800 JavaThread "jar transforms Thread 941" [_thread_blocked, id=8660, stack(0x0000000023f60000,0x0000000024060000)]
  0x0000000021206800 JavaThread "Daemon worker Thread 11" [_thread_in_native, id=24172, stack(0x000000001cd70000,0x000000001ce70000)]
  0x0000000021205000 JavaThread "Daemon Thread 11" [_thread_blocked, id=12960, stack(0x0000000000fa0000,0x00000000010a0000)]
  0x000000002bd7f800 JavaThread "Cache worker for Java compile cache (C:\Users\Chau\.gradle\caches\6.5\javaCompile)" [_thread_blocked, id=11668, stack(0x000000002d410000,0x000000002d510000)]
  0x0000000021207800 JavaThread "Memory manager" [_thread_blocked, id=17792, stack(0x000000002a290000,0x000000002a390000)]
  0x0000000018946000 JavaThread "Cache worker for file content cache (C:\Users\Chau\.gradle\caches\6.5\fileContent)" [_thread_blocked, id=3884, stack(0x0000000021c90000,0x0000000021d90000)]
  0x0000000018945000 JavaThread "Cache worker for execution history cache (C:\Users\Chau\.gradle\caches\6.5\executionHistory)" [_thread_blocked, id=18420, stack(0x0000000021490000,0x0000000021590000)]
  0x0000000018949000 JavaThread "Cache worker for file hash cache (C:\Users\Chau\.gradle\caches\6.5\fileHashes)" [_thread_blocked, id=19680, stack(0x000000001d970000,0x000000001da70000)]
  0x000000001894a800 JavaThread "File lock request listener" [_thread_in_native, id=20948, stack(0x000000001d870000,0x000000001d970000)]
  0x000000001b5cd800 JavaThread "Cache worker for journal cache (C:\Users\Chau\.gradle\caches\journal-1)" [_thread_blocked, id=1240, stack(0x000000001d770000,0x000000001d870000)]
  0x000000001b4d0800 JavaThread "Daemon periodic checks" [_thread_blocked, id=11300, stack(0x000000001ca70000,0x000000001cb70000)]
  0x000000001b479800 JavaThread "Incoming local TCP Connector on port 57998" [_thread_in_native, id=18728, stack(0x000000001c800000,0x000000001c900000)]
  0x000000001b40d000 JavaThread "Daemon health stats" [_thread_blocked, id=15624, stack(0x000000001c1c0000,0x000000001c2c0000)]
  0x00000000189d9800 JavaThread "Service Thread" daemon [_thread_blocked, id=4028, stack(0x0000000019620000,0x0000000019720000)]
  0x0000000018946800 JavaThread "C1 CompilerThread3" daemon [_thread_in_vm, id=8184, stack(0x0000000019520000,0x0000000019620000)]
  0x000000001893c800 JavaThread "C2 CompilerThread2" daemon [_thread_in_native, id=24012, stack(0x0000000019420000,0x0000000019520000)]
  0x0000000018937000 JavaThread "C2 CompilerThread1" daemon [_thread_in_native, id=12500, stack(0x0000000019320000,0x0000000019420000)]
=>0x0000000018931800 JavaThread "C2 CompilerThread0" daemon [_thread_in_native, id=14664, stack(0x0000000019220000,0x0000000019320000)]
  0x0000000018930800 JavaThread "Attach Listener" daemon [_thread_blocked, id=25444, stack(0x0000000019120000,0x0000000019220000)]
  0x000000001892f000 JavaThread "Signal Dispatcher" daemon [_thread_blocked, id=12928, stack(0x0000000019020000,0x0000000019120000)]
  0x0000000018920800 JavaThread "Finalizer" daemon [_thread_blocked, id=24148, stack(0x0000000018e00000,0x0000000018f00000)]
  0x0000000002c68800 JavaThread "Reference Handler" daemon [_thread_blocked, id=18744, stack(0x0000000018d00000,0x0000000018e00000)]
  0x0000000000e9e800 JavaThread "main" [_thread_blocked, id=25200, stack(0x00000000012a0000,0x00000000013a0000)]

Other Threads:
  0x0000000016b07800 VMThread [stack: 0x0000000018800000,0x0000000018900000] [id=11644]
  0x0000000018982000 WatcherThread [stack: 0x0000000019720000,0x0000000019820000] [id=19168]

VM state:not at safepoint (normal execution)

VM Mutex/Monitor currently owned by a thread:  ([mutex/lock_event])
[0x0000000002b71b50] CompiledIC_lock - owner thread: 0x0000000000000000

heap address: 0x00000000a0000000, size: 1536 MB, Compressed Oops mode: 32-bit
Narrow klass base: 0x0000000000000000, Narrow klass shift: 3
Compressed class space size: 1073741824 Address: 0x0000000100000000

Heap:
 PSYoungGen      total 360448K, used 128309K [0x00000000e0000000, 0x00000000fe780000, 0x0000000100000000)
  eden space 221696K, 48% used [0x00000000e0000000,0x00000000e68ba040,0x00000000ed880000)
  from space 138752K, 15% used [0x00000000ed880000,0x00000000eed135d8,0x00000000f6000000)
  to   space 133632K, 0% used [0x00000000f6500000,0x00000000f6500000,0x00000000fe780000)
 ParOldGen       total 542720K, used 168596K [0x00000000a0000000, 0x00000000c1200000, 0x00000000e0000000)
  object space 542720K, 31% used [0x00000000a0000000,0x00000000aa4a53c8,0x00000000c1200000)
 Metaspace       used 200670K, capacity 212360K, committed 212628K, reserved 1234944K
  class space    used 24938K, capacity 27206K, committed 27324K, reserved 1048576K

Card table byte_map: [0x0000000012110000,0x0000000012420000] byte_map_base: 0x0000000011c10000

Marking Bits: (ParMarkBitMap*) 0x000000005ec9f030
 Begin Bits: [0x0000000012e20000, 0x0000000014620000)
 End Bits:   [0x0000000014620000, 0x0000000015e20000)

Polling page: 0x00000000013a0000

CodeCache: size=245760Kb used=103614Kb max_used=103668Kb free=142145Kb
 bounds [0x0000000002d50000, 0x0000000009330000, 0x0000000011d50000]
 total_blobs=28372 nmethods=27478 adapters=803
 compilation: enabled

Compilation events (10 events):
Event: 1584.003 Thread 0x0000000018946800 37669       3       java.util.zip.Adler32::getValue (10 bytes)
Event: 1584.003 Thread 0x0000000018946800 nmethod 37669 0x00000000092e0950 code [0x00000000092e0aa0, 0x00000000092e0c10]
Event: 1584.006 Thread 0x0000000018946800 37670   !   3       com.google.common.util.concurrent.MoreExecutors$DirectExecutorService::execute (25 bytes)
Event: 1584.006 Thread 0x0000000018946800 nmethod 37670 0x00000000092e0350 code [0x00000000092e04e0, 0x00000000092e07f8]
Event: 1584.006 Thread 0x0000000018946800 37671 %     3       com.android.tools.r8.dex.r::b @ 140 (204 bytes)
Event: 1584.010 Thread 0x0000000018946800 nmethod 37671% 0x00000000092f8ad0 code [0x00000000092f9080, 0x00000000092fca08]
Event: 1584.033 Thread 0x0000000018937000 nmethod 37544 0x000000000930d4d0 code [0x000000000930da60, 0x0000000009311d68]
Event: 1584.033 Thread 0x0000000018937000 37565 %     4       com.android.tools.r8.ir.optimize.a0::a @ 13 (425 bytes)
Event: 1584.033 Thread 0x000000001893c800 nmethod 37545 0x000000000931b810 code [0x000000000931bd80, 0x000000000931ff68]
Event: 1584.033 Thread 0x000000001893c800 37642 %     4       com.android.tools.r8.ir.regalloc.a::a @ 1479 (1761 bytes)

GC Heap History (10 events):
Event: 1578.780 GC heap before
{Heap before GC invocations=95 (full 7):
 PSYoungGen      total 350208K, used 233910K [0x00000000e0000000, 0x00000000fea80000, 0x0000000100000000)
  eden space 211456K, 100% used [0x00000000e0000000,0x00000000ece80000,0x00000000ece80000)
  from space 138752K, 16% used [0x00000000f6300000,0x00000000f78edb58,0x00000000fea80000)
  to   space 145408K, 0% used [0x00000000ece80000,0x00000000ece80000,0x00000000f5c80000)
 ParOldGen       total 542720K, used 168292K [0x00000000a0000000, 0x00000000c1200000, 0x00000000e0000000)
  object space 542720K, 31% used [0x00000000a0000000,0x00000000aa4593c8,0x00000000c1200000)
 Metaspace       used 197380K, capacity 208664K, committed 208916K, reserved 1230848K
  class space    used 24604K, capacity 26816K, committed 26940K, reserved 1048576K
Event: 1578.788 GC heap after
Heap after GC invocations=95 (full 7):
 PSYoungGen      total 356864K, used 9689K [0x00000000e0000000, 0x00000000ff080000, 0x0000000100000000)
  eden space 211456K, 0% used [0x00000000e0000000,0x00000000e0000000,0x00000000ece80000)
  from space 145408K, 6% used [0x00000000ece80000,0x00000000ed7f6718,0x00000000f5c80000)
  to   space 142848K, 0% used [0x00000000f6500000,0x00000000f6500000,0x00000000ff080000)
 ParOldGen       total 542720K, used 168340K [0x00000000a0000000, 0x00000000c1200000, 0x00000000e0000000)
  object space 542720K, 31% used [0x00000000a0000000,0x00000000aa4653c8,0x00000000c1200000)
 Metaspace       used 197380K, capacity 208664K, committed 208916K, reserved 1230848K
  class space    used 24604K, capacity 26816K, committed 26940K, reserved 1048576K
}
Event: 1579.561 GC heap before
{Heap before GC invocations=96 (full 7):
 PSYoungGen      total 356864K, used 221145K [0x00000000e0000000, 0x00000000ff080000, 0x0000000100000000)
  eden space 211456K, 100% used [0x00000000e0000000,0x00000000ece80000,0x00000000ece80000)
  from space 145408K, 6% used [0x00000000ece80000,0x00000000ed7f6718,0x00000000f5c80000)
  to   space 142848K, 0% used [0x00000000f6500000,0x00000000f6500000,0x00000000ff080000)
 ParOldGen       total 542720K, used 168340K [0x00000000a0000000, 0x00000000c1200000, 0x00000000e0000000)
  object space 542720K, 31% used [0x00000000a0000000,0x00000000aa4653c8,0x00000000c1200000)
 Metaspace       used 197455K, capacity 208920K, committed 209172K, reserved 1230848K
  class space    used 24621K, capacity 26848K, committed 26940K, reserved 1048576K
Event: 1579.569 GC heap after
Heap after GC invocations=96 (full 7):
 PSYoungGen      total 355328K, used 12176K [0x00000000e0000000, 0x00000000fe780000, 0x0000000100000000)
  eden space 221696K, 0% used [0x00000000e0000000,0x00000000e0000000,0x00000000ed880000)
  from space 133632K, 9% used [0x00000000f6500000,0x00000000f70e41a8,0x00000000fe780000)
  to   space 138752K, 0% used [0x00000000ed880000,0x00000000ed880000,0x00000000f6000000)
 ParOldGen       total 542720K, used 168404K [0x00000000a0000000, 0x00000000c1200000, 0x00000000e0000000)
  object space 542720K, 31% used [0x00000000a0000000,0x00000000aa4753c8,0x00000000c1200000)
 Metaspace       used 197455K, capacity 208920K, committed 209172K, reserved 1230848K
  class space    used 24621K, capacity 26848K, committed 26940K, reserved 1048576K
}
Event: 1580.988 GC heap before
{Heap before GC invocations=97 (full 7):
 PSYoungGen      total 355328K, used 233872K [0x00000000e0000000, 0x00000000fe780000, 0x0000000100000000)
  eden space 221696K, 100% used [0x00000000e0000000,0x00000000ed880000,0x00000000ed880000)
  from space 133632K, 9% used [0x00000000f6500000,0x00000000f70e41a8,0x00000000fe780000)
  to   space 138752K, 0% used [0x00000000ed880000,0x00000000ed880000,0x00000000f6000000)
 ParOldGen       total 542720K, used 168404K [0x00000000a0000000, 0x00000000c1200000, 0x00000000e0000000)
  object space 542720K, 31% used [0x00000000a0000000,0x00000000aa4753c8,0x00000000c1200000)
 Metaspace       used 200434K, capacity 212044K, committed 212244K, reserved 1234944K
  class space    used 24926K, capacity 27186K, committed 27196K, reserved 1048576K
Event: 1581.025 GC heap after
Heap after GC invocations=97 (full 7):
 PSYoungGen      total 360448K, used 99009K [0x00000000e0000000, 0x00000000fe780000, 0x0000000100000000)
  eden space 221696K, 0% used [0x00000000e0000000,0x00000000e0000000,0x00000000ed880000)
  from space 138752K, 71% used [0x00000000ed880000,0x00000000f3930740,0x00000000f6000000)
  to   space 133632K, 0% used [0x00000000f6500000,0x00000000f6500000,0x00000000fe780000)
 ParOldGen       total 542720K, used 168460K [0x00000000a0000000, 0x00000000c1200000, 0x00000000e0000000)
  object space 542720K, 31% used [0x00000000a0000000,0x00000000aa4833c8,0x00000000c1200000)
 Metaspace       used 200434K, capacity 212044K, committed 212244K, reserved 1234944K
  class space    used 24926K, capacity 27186K, committed 27196K, reserved 1048576K
}
Event: 1581.456 GC heap before
{Heap before GC invocations=98 (full 7):
 PSYoungGen      total 360448K, used 320705K [0x00000000e0000000, 0x00000000fe780000, 0x0000000100000000)
  eden space 221696K, 100% used [0x00000000e0000000,0x00000000ed880000,0x00000000ed880000)
  from space 138752K, 71% used [0x00000000ed880000,0x00000000f3930740,0x00000000f6000000)
  to   space 133632K, 0% used [0x00000000f6500000,0x00000000f6500000,0x00000000fe780000)
 ParOldGen       total 542720K, used 168460K [0x00000000a0000000, 0x00000000c1200000, 0x00000000e0000000)
  object space 542720K, 31% used [0x00000000a0000000,0x00000000aa4833c8,0x00000000c1200000)
 Metaspace       used 200496K, capacity 212108K, committed 212244K, reserved 1234944K
  class space    used 24927K, capacity 27186K, committed 27196K, reserved 1048576K
Event: 1581.481 GC heap after
Heap after GC invocations=98 (full 7):
 PSYoungGen      total 355328K, used 68314K [0x00000000e0000000, 0x00000000fe780000, 0x0000000100000000)
  eden space 221696K, 0% used [0x00000000e0000000,0x00000000e0000000,0x00000000ed880000)
  from space 133632K, 51% used [0x00000000f6500000,0x00000000fa7b6b00,0x00000000fe780000)
  to   space 138752K, 0% used [0x00000000ed880000,0x00000000ed880000,0x00000000f6000000)
 ParOldGen       total 542720K, used 168532K [0x00000000a0000000, 0x00000000c1200000, 0x00000000e0000000)
  object space 542720K, 31% used [0x00000000a0000000,0x00000000aa4953c8,0x00000000c1200000)
 Metaspace       used 200496K, capacity 212108K, committed 212244K, reserved 1234944K
  class space    used 24927K, capacity 27186K, committed 27196K, reserved 1048576K
}
Event: 1583.615 GC heap before
{Heap before GC invocations=99 (full 7):
 PSYoungGen      total 355328K, used 290010K [0x00000000e0000000, 0x00000000fe780000, 0x0000000100000000)
  eden space 221696K, 100% used [0x00000000e0000000,0x00000000ed880000,0x00000000ed880000)
  from space 133632K, 51% used [0x00000000f6500000,0x00000000fa7b6b00,0x00000000fe780000)
  to   space 138752K, 0% used [0x00000000ed880000,0x00000000ed880000,0x00000000f6000000)
 ParOldGen       total 542720K, used 168532K [0x00000000a0000000, 0x00000000c1200000, 0x00000000e0000000)
  object space 542720K, 31% used [0x00000000a0000000,0x00000000aa4953c8,0x00000000c1200000)
 Metaspace       used 200550K, capacity 212214K, committed 212500K, reserved 1234944K
  class space    used 24931K, capacity 27193K, committed 27196K, reserved 1048576K
Event: 1583.630 GC heap after
Heap after GC invocations=99 (full 7):
 PSYoungGen      total 360448K, used 21069K [0x00000000e0000000, 0x00000000fe780000, 0x0000000100000000)
  eden space 221696K, 0% used [0x00000000e0000000,0x00000000e0000000,0x00000000ed880000)
  from space 138752K, 15% used [0x00000000ed880000,0x00000000eed135d8,0x00000000f6000000)
  to   space 133632K, 0% used [0x00000000f6500000,0x00000000f6500000,0x00000000fe780000)
 ParOldGen       total 542720K, used 168596K [0x00000000a0000000, 0x00000000c1200000, 0x00000000e0000000)
  object space 542720K, 31% used [0x00000000a0000000,0x00000000aa4a53c8,0x00000000c1200000)
 Metaspace       used 200550K, capacity 212214K, committed 212500K, reserved 1234944K
  class space    used 24931K, capacity 27193K, committed 27196K, reserved 1048576K
}

Deoptimization events (10 events):
Event: 1386.039 Thread 0x0000000021212800 Uncommon trap: reason=class_check action=maybe_recompile pc=0x000000000739c8ec method=com.sun.tools.javac.comp.Lower.boxIfNeeded(Lcom/sun/tools/javac/tree/JCTree;Lcom/sun/tools/javac/code/Type;)Lcom/sun/tools/javac/tree/JCTree; @ 77
Event: 1386.127 Thread 0x0000000021212800 Uncommon trap: reason=class_check action=maybe_recompile pc=0x00000000071ca3b0 method=com.sun.tools.javac.comp.Attr$TypeAnnotationsValidator.validateAnnotatedType(Lcom/sun/tools/javac/tree/JCTree;Lcom/sun/tools/javac/code/Type;)V @ 538
Event: 1388.344 Thread 0x000000002bd77800 Uncommon trap: reason=unstable_if action=reinterpret pc=0x0000000007a03138 method=java.util.concurrent.ForkJoinTask.setCompletion(I)I @ 25
Event: 1388.351 Thread 0x000000002bd7a800 Uncommon trap: reason=null_check action=make_not_entrant pc=0x0000000005c45334 method=com.android.tools.r8.q.a.b.h.b(Ljava/lang/Object;)V @ 71
Event: 1526.883 Thread 0x000000001b986800 Uncommon trap: reason=unstable_if action=reinterpret pc=0x00000000054396c8 method=com.google.gson.stream.JsonReader.nextNonWhitespace(Z)I @ 61
Event: 1527.222 Thread 0x000000001b986800 Uncommon trap: reason=unstable_if action=reinterpret pc=0x0000000006019624 method=android.databinding.tool.reflection.SdkUtil$ApiChecker.buildFullLookup()V @ 49
Event: 1527.749 Thread 0x000000001b986800 Uncommon trap: reason=class_check action=maybe_recompile pc=0x000000000739c8ec method=com.sun.tools.javac.comp.Lower.boxIfNeeded(Lcom/sun/tools/javac/tree/JCTree;Lcom/sun/tools/javac/code/Type;)Lcom/sun/tools/javac/tree/JCTree; @ 77
Event: 1580.869 Thread 0x000000003171e800 Uncommon trap: reason=unstable_if action=reinterpret pc=0x0000000002ee01c8 method=com.google.gson.stream.JsonReader.nextNonWhitespace(Z)I @ 61
Event: 1581.160 Thread 0x000000003171e800 Uncommon trap: reason=unstable_if action=reinterpret pc=0x000000000919f298 method=android.databinding.tool.reflection.SdkUtil$ApiChecker.buildFullLookup()V @ 49
Event: 1582.103 Thread 0x000000003171e800 Uncommon trap: reason=class_check action=maybe_recompile pc=0x000000000739c8ec method=com.sun.tools.javac.comp.Lower.boxIfNeeded(Lcom/sun/tools/javac/tree/JCTree;Lcom/sun/tools/javac/code/Type;)Lcom/sun/tools/javac/tree/JCTree; @ 77

Classes redefined (0 events):
No events

Internal exceptions (10 events):
Event: 1583.998 Thread 0x000000003172c000 Exception <a 'sun/nio/fs/WindowsException'> (0x00000000e642c2f8) thrown at [C:\src\AOSP-openjdk-git\hotspot\src\share\vm\prims\jni.cpp, line 710]
Event: 1584.000 Thread 0x000000003172c000 Exception <a 'sun/nio/fs/WindowsException'> (0x00000000e6434040) thrown at [C:\src\AOSP-openjdk-git\hotspot\src\share\vm\prims\jni.cpp, line 710]
Event: 1584.001 Thread 0x000000003172c000 Exception <a 'sun/nio/fs/WindowsException'> (0x00000000e643dfe0) thrown at [C:\src\AOSP-openjdk-git\hotspot\src\share\vm\prims\jni.cpp, line 710]
Event: 1584.003 Thread 0x000000003172c000 Exception <a 'sun/nio/fs/WindowsException'> (0x00000000e6547aa8) thrown at [C:\src\AOSP-openjdk-git\hotspot\src\share\vm\prims\jni.cpp, line 710]
Event: 1584.005 Thread 0x000000003172c000 Exception <a 'sun/nio/fs/WindowsException'> (0x00000000e6551c00) thrown at [C:\src\AOSP-openjdk-git\hotspot\src\share\vm\prims\jni.cpp, line 710]
Event: 1584.008 Thread 0x000000003172c000 Exception <a 'sun/nio/fs/WindowsException'> (0x00000000e66696d0) thrown at [C:\src\AOSP-openjdk-git\hotspot\src\share\vm\prims\jni.cpp, line 710]
Event: 1584.010 Thread 0x000000003172c000 Exception <a 'sun/nio/fs/WindowsException'> (0x00000000e66711c8) thrown at [C:\src\AOSP-openjdk-git\hotspot\src\share\vm\prims\jni.cpp, line 710]
Event: 1584.012 Thread 0x000000003172c000 Exception <a 'sun/nio/fs/WindowsException'> (0x00000000e667b368) thrown at [C:\src\AOSP-openjdk-git\hotspot\src\share\vm\prims\jni.cpp, line 710]
Event: 1584.014 Thread 0x000000003172c000 Exception <a 'sun/nio/fs/WindowsException'> (0x00000000e6704db0) thrown at [C:\src\AOSP-openjdk-git\hotspot\src\share\vm\prims\jni.cpp, line 710]
Event: 1584.015 Thread 0x000000003172c000 Exception <a 'sun/nio/fs/WindowsException'> (0x00000000e67100e8) thrown at [C:\src\AOSP-openjdk-git\hotspot\src\share\vm\prims\jni.cpp, line 710]

Events (10 events):
Event: 1583.901 Thread 0x000000003172c000 DEOPT PACKING pc=0x0000000008746cdc sp=0x0000000039e4c9d0
Event: 1583.901 Thread 0x000000003172c000 DEOPT UNPACKING pc=0x0000000002d975d0 sp=0x0000000039e4ca20 mode 0
Event: 1583.916 Thread 0x000000003172c000 DEOPT PACKING pc=0x0000000008746c71 sp=0x0000000039e4c990
Event: 1583.916 Thread 0x000000003172c000 DEOPT UNPACKING pc=0x0000000002d975d0 sp=0x0000000039e4c9d8 mode 0
Event: 1583.930 loading class com/android/tools/r8/graph/X
Event: 1583.930 loading class com/android/tools/r8/graph/X done
Event: 1583.930 loading class com/android/tools/r8/ir/optimize/g0
Event: 1583.930 loading class com/android/tools/r8/ir/optimize/g0 done
Event: 1583.930 loading class com/android/tools/r8/graph/X
Event: 1583.930 loading class com/android/tools/r8/graph/X done


Dynamic libraries:
0x00007ff660700000 - 0x00007ff660731000 	C:\Program Files\Android\Android Studio\jre\bin\java.exe
0x00007ffa9a980000 - 0x00007ffa9ab70000 	C:\WINDOWS\SYSTEM32\ntdll.dll
0x00007ffa9a420000 - 0x00007ffa9a4d2000 	C:\WINDOWS\System32\KERNEL32.DLL
0x00007ffa97ee0000 - 0x00007ffa98185000 	C:\WINDOWS\System32\KERNELBASE.dll
0x00007ffa98df0000 - 0x00007ffa98e93000 	C:\WINDOWS\System32\ADVAPI32.dll
0x00007ffa9a6a0000 - 0x00007ffa9a73e000 	C:\WINDOWS\System32\msvcrt.dll
0x00007ffa9a7d0000 - 0x00007ffa9a867000 	C:\WINDOWS\System32\sechost.dll
0x00007ffa99650000 - 0x00007ffa9976f000 	C:\WINDOWS\System32\RPCRT4.dll
0x00007ffa99770000 - 0x00007ffa99904000 	C:\WINDOWS\System32\USER32.dll
0x00007ffa97c20000 - 0x00007ffa97c41000 	C:\WINDOWS\System32\win32u.dll
0x00007ffa9a340000 - 0x00007ffa9a366000 	C:\WINDOWS\System32\GDI32.dll
0x00007ffa979e0000 - 0x00007ffa97b78000 	C:\WINDOWS\System32\gdi32full.dll
0x00007ffa97b80000 - 0x00007ffa97c1e000 	C:\WINDOWS\System32\msvcp_win.dll
0x00007ffa981b0000 - 0x00007ffa982aa000 	C:\WINDOWS\System32\ucrtbase.dll
0x00007ffa85780000 - 0x00007ffa85a04000 	C:\WINDOWS\WinSxS\amd64_microsoft.windows.common-controls_6595b64144ccf1df_6.0.18362.1316_none_9e7a364fe461dbd7\COMCTL32.dll
0x00007ffa98ab0000 - 0x00007ffa98de7000 	C:\WINDOWS\System32\combase.dll
0x00007ffa97c50000 - 0x00007ffa97cd1000 	C:\WINDOWS\System32\bcryptPrimitives.dll
0x00007ffa9a3f0000 - 0x00007ffa9a41e000 	C:\WINDOWS\System32\IMM32.DLL
0x000000005f210000 - 0x000000005f2e2000 	C:\Program Files\Android\Android Studio\jre\jre\bin\msvcr100.dll
0x000000005e4d0000 - 0x000000005ed1b000 	C:\Program Files\Android\Android Studio\jre\jre\bin\server\jvm.dll
0x00007ffa98a30000 - 0x00007ffa98a38000 	C:\WINDOWS\System32\PSAPI.DLL
0x00007ffa79520000 - 0x00007ffa79529000 	C:\WINDOWS\SYSTEM32\WSOCK32.dll
0x00007ffa91530000 - 0x00007ffa91554000 	C:\WINDOWS\SYSTEM32\WINMM.dll
0x00007ffa8c740000 - 0x00007ffa8c74a000 	C:\WINDOWS\SYSTEM32\VERSION.dll
0x00007ffa99530000 - 0x00007ffa9959f000 	C:\WINDOWS\System32\WS2_32.dll
0x00007ffa91500000 - 0x00007ffa9152d000 	C:\WINDOWS\SYSTEM32\winmmbase.dll
0x00007ffa97900000 - 0x00007ffa9794a000 	C:\WINDOWS\System32\cfgmgr32.dll
0x00007ffa91020000 - 0x00007ffa9102f000 	C:\Program Files\Android\Android Studio\jre\jre\bin\verify.dll
0x00007ffa8ef30000 - 0x00007ffa8ef59000 	C:\Program Files\Android\Android Studio\jre\jre\bin\java.dll
0x00007ffa8b160000 - 0x00007ffa8b176000 	C:\Program Files\Android\Android Studio\jre\jre\bin\zip.dll
0x00007ffa99ba0000 - 0x00007ffa9a288000 	C:\WINDOWS\System32\SHELL32.dll
0x00007ffa9a290000 - 0x00007ffa9a337000 	C:\WINDOWS\System32\shcore.dll
0x00007ffa982b0000 - 0x00007ffa98a2b000 	C:\WINDOWS\System32\windows.storage.dll
0x00007ffa97860000 - 0x00007ffa97883000 	C:\WINDOWS\System32\profapi.dll
0x00007ffa978b0000 - 0x00007ffa978fa000 	C:\WINDOWS\System32\powrprof.dll
0x00007ffa97830000 - 0x00007ffa97840000 	C:\WINDOWS\System32\UMPDC.dll
0x00007ffa99b40000 - 0x00007ffa99b92000 	C:\WINDOWS\System32\shlwapi.dll
0x00007ffa97890000 - 0x00007ffa978a1000 	C:\WINDOWS\System32\kernel.appcore.dll
0x00007ffa98190000 - 0x00007ffa981a7000 	C:\WINDOWS\System32\cryptsp.dll
0x00007ffa8b0b0000 - 0x00007ffa8b0ca000 	C:\Program Files\Android\Android Studio\jre\jre\bin\net.dll
0x00007ffa97070000 - 0x00007ffa970d7000 	C:\WINDOWS\system32\mswsock.dll
0x00007ffa8b090000 - 0x00007ffa8b0a3000 	C:\Program Files\Android\Android Studio\jre\jre\bin\nio.dll
0x00007ffa8dd40000 - 0x00007ffa8dd67000 	C:\Users\Chau\.gradle\native\f6784746aeab05261644944871eae4fe03e0ef1612fff0a4a95f87b438bc6780\windows-amd64\native-platform.dll
0x00007ffa906c0000 - 0x00007ffa906cd000 	C:\Program Files\Android\Android Studio\jre\jre\bin\management.dll
0x00007ffa96bf0000 - 0x00007ffa96c23000 	C:\WINDOWS\system32\rsaenh.dll
0x00007ffa979b0000 - 0x00007ffa979d6000 	C:\WINDOWS\System32\bcrypt.dll
0x00007ffa97750000 - 0x00007ffa97775000 	C:\WINDOWS\SYSTEM32\USERENV.dll
0x00007ffa97240000 - 0x00007ffa9724c000 	C:\WINDOWS\SYSTEM32\CRYPTBASE.dll
0x00007ffa96d80000 - 0x00007ffa96dba000 	C:\WINDOWS\SYSTEM32\IPHLPAPI.DLL
0x00007ffa9a740000 - 0x00007ffa9a748000 	C:\WINDOWS\System32\NSI.dll
0x00007ffa8d8f0000 - 0x00007ffa8d906000 	C:\WINDOWS\SYSTEM32\dhcpcsvc6.DLL
0x00007ffa8e060000 - 0x00007ffa8e07c000 	C:\WINDOWS\SYSTEM32\dhcpcsvc.DLL
0x00007ffa96dc0000 - 0x00007ffa96e8b000 	C:\WINDOWS\SYSTEM32\DNSAPI.dll
0x00007ffa8fa10000 - 0x00007ffa8fa1b000 	C:\WINDOWS\SYSTEM32\WINNSI.DLL

VM Arguments:
jvm_args: -Xmx1536m -Dfile.encoding=windows-1252 -Duser.country=MX -Duser.language=es -Duser.variant 
java_command: org.gradle.launcher.daemon.bootstrap.GradleDaemon 6.5
java_class_path (initial): C:\Users\Chau\.gradle\wrapper\dists\gradle-6.5-all\2oz4ud9k3tuxjg84bbf55q0tn\gradle-6.5\lib\gradle-launcher-6.5.jar
Launcher Type: SUN_STANDARD

Environment Variables:
JAVA_HOME=C:\Program Files\Android\Jdk\microsoft_dist_openjdk_1.8.0.25
PATH=C:\Program Files (x86)\Common Files\Intel\Shared Files\cpp\bin\Intel64;C:\Program Files (x86)\Common Files\Oracle\Java\javapath;C:\WINDOWS\system32;C:\WINDOWS;C:\WINDOWS\System32\Wbem;C:\WINDOWS\System32\WindowsPowerShell\v1.0\;C:\WINDOWS\System32\OpenSSH\;C:\Program Files\Git\cmd;C:\Program Files\dotnet\;C:\Program Files (x86)\IncrediBuild;C:\Program Files\Intel\WiFi\bin\;C:\Program Files\Common Files\Intel\WirelessCommon\;C:\Program Files\Microsoft SQL Server\130\Tools\Binn\;C:\Program Files\Microsoft SQL Server\Client SDK\ODBC\170\Tools\Binn\;C:\Program Files (x86)\Microsoft SQL Server\150\Tools\Binn\;C:\Program Files\Microsoft SQL Server\150\Tools\Binn\;C:\Program Files\Microsoft SQL Server\150\DTS\Binn\;C:\Program Files\nodejs\;C:\xamp\php;C:\ProgramData\ComposerSetup\bin;C:\Program Files (x86)\Intel\Intel(R) Management Engine Components\DAL;C:\Program Files\Intel\Intel(R) Management Engine Components\DAL;C:\Program Files (x86)\dotnet\;C:\Users\Chau\AppData\Local\Programs\Python\Python39\Scripts\;C:\Users\Chau\AppData\Local\Programs\Python\Python39\;C:\Users\Chau\anaconda;C:\Users\Chau\anaconda\Library\mingw-w64\bin;C:\Users\Chau\anaconda\Library\usr\bin;C:\Users\Chau\anaconda\Library\bin;C:\Users\Chau\anaconda\Scripts;C:\Users\Chau\AppData\Local\Programs\Python\Python38\Scripts\;C:\Users\Chau\AppData\Local\Programs\Python\Python38\;C:\Users\Chau\anaconda3;C:\Users\Chau\anaconda3\Library\mingw-w64\bin;C:\Users\Chau\anaconda3\Library\usr\bin;C:\Users\Chau\anaconda3\Library\bin;C:\Users\Chau\anaconda3\Scripts;C:\Users\Chau\AppData\Local\Microsoft\WindowsApps;C:\xampp\php;C:\Users\Chau\AppData\Local\Microsoft\WindowsApps;C:\Users\Chau\AppData\Local\Programs\Microsoft VS Code\bin;C:\Users\Chau\AppData\Roaming\Composer\vendor\bin;C:\seleniumWebdrivers\;C:\Users\Chau\anaconda3\python.exe;C:\Users\Chau\AppData\Roaming\npm;C:\seleniumWebdrivers\geckodriver.exe;C:\Users\Chau\AppData\Roaming\npm
USERNAME=Chau
OS=Windows_NT
PROCESSOR_IDENTIFIER=Intel64 Family 6 Model 142 Stepping 10, GenuineIntel



---------------  S Y S T E M  ---------------

OS: Windows 10.0 , 64 bit Build 18362 (10.0.18362.1316)

CPU:total 8 (initial active 8) (4 cores per cpu, 2 threads per core) family 6 model 142 stepping 10, cmov, cx8, fxsr, mmx, sse, sse2, sse3, ssse3, sse4.1, sse4.2, popcnt, avx, avx2, aes, clmul, erms, rtm, 3dnowpref, lzcnt, ht, tsc, tscinvbit, bmi1, bmi2, adx

Memory: 4k page, physical 16612328k(820396k free), swap 47706212k(3644k free)

vm_info: OpenJDK 64-Bit Server VM (25.242-b01) for windows-amd64 JRE (1.8.0_242-release-1644-b01), built by "builder" with MS VC++ 10.0 (VS2010)

time: Thu Feb 04 11:16:33 2021
timezone: Hora estándar central (México)
elapsed time: 1584 seconds (0d 0h 26m 24s)

