#
# There is insufficient memory for the Java Runtime Environment to continue.
# Native memory allocation (malloc) failed to allocate 1563088 bytes for Chunk::new
# Possible reasons:
#   The system is out of physical RAM or swap space
#   The process is running with CompressedOops enabled, and the Java Heap may be blocking the growth of the native heap
# Possible solutions:
#   Reduce memory load on the system
#   Increase physical memory or swap space
#   Check if swap backing store is full
#   Decrease Java heap size (-Xmx/-Xms)
#   Decrease number of Java threads
#   Decrease Java thread stack sizes (-Xss)
#   Set larger code cache with -XX:ReservedCodeCacheSize=
#   JVM is running with Unscaled Compressed Oops mode in which the Java heap is
#     placed in the first 4GB address space. The Java Heap base address is the
#     maximum limit for the native heap growth. Please use -XX:HeapBaseMinAddress
#     to set the Java Heap base and to place the Java Heap above 4GB virtual address.
# This output file may be truncated or incomplete.
#
#  Out of Memory Error (allocation.cpp:389), pid=10028, tid=0x0000000000002fb0
#
# JRE version: OpenJDK Runtime Environment (8.0_242-b01) (build 1.8.0_242-release-1644-b01)
# Java VM: OpenJDK 64-Bit Server VM (25.242-b01 mixed mode windows-amd64 compressed oops)
# Failed to write core dump. Minidumps are not enabled by default on client versions of Windows
#

---------------  T H R E A D  ---------------

Current thread (0x0000000017f81800):  JavaThread "C2 CompilerThread0" daemon [_thread_in_native, id=12208, stack(0x0000000018870000,0x0000000018970000)]

Stack: [0x0000000018870000,0x0000000018970000]
[error occurred during error reporting (printing stack bounds), id 0xc0000005]

Native frames: (J=compiled Java code, j=interpreted, Vv=VM code, C=native code)


Current CompileTask:
C2:   9693 4766       4       com.sun.beans.TypeResolver::resolve (37 bytes)


---------------  P R O C E S S  ---------------

Java Threads: ( => current thread )
  0x000000001b570800 JavaThread "Cache worker for Build Output Cleanup Cache (C:\Users\Chau\Desktop\MangoCliente\.gradle\buildOutputCleanup)" [_thread_blocked, id=16424, stack(0x0000000025850000,0x0000000025950000)]
  0x000000001b56c000 JavaThread "jar transforms Thread 94" [_thread_blocked, id=10148, stack(0x00000000281d0000,0x00000000282d0000)]
  0x000000001b56e800 JavaThread "jar transforms Thread 93" [_thread_blocked, id=16640, stack(0x00000000280d0000,0x00000000281d0000)]
  0x000000001d396800 JavaThread "jar transforms Thread 92" [_thread_blocked, id=10200, stack(0x0000000027fd0000,0x00000000280d0000)]
  0x000000001d396000 JavaThread "jar transforms Thread 91" [_thread_blocked, id=8120, stack(0x0000000027ed0000,0x0000000027fd0000)]
  0x000000001d395000 JavaThread "jar transforms Thread 90" [_thread_blocked, id=2208, stack(0x0000000027dd0000,0x0000000027ed0000)]
  0x000000001d394800 JavaThread "jar transforms Thread 89" [_thread_blocked, id=10704, stack(0x0000000027cd0000,0x0000000027dd0000)]
  0x000000001d393800 JavaThread "jar transforms Thread 88" [_thread_blocked, id=19996, stack(0x0000000027bd0000,0x0000000027cd0000)]
  0x000000001d392800 JavaThread "jar transforms Thread 87" [_thread_blocked, id=15752, stack(0x0000000027ad0000,0x0000000027bd0000)]
  0x000000001d392000 JavaThread "jar transforms Thread 86" [_thread_blocked, id=15148, stack(0x00000000279d0000,0x0000000027ad0000)]
  0x000000001d397800 JavaThread "jar transforms Thread 85" [_thread_blocked, id=9312, stack(0x00000000278d0000,0x00000000279d0000)]
  0x000000001d38c800 JavaThread "jar transforms Thread 84" [_thread_blocked, id=15900, stack(0x00000000277d0000,0x00000000278d0000)]
  0x000000001d38c000 JavaThread "jar transforms Thread 83" [_thread_blocked, id=8364, stack(0x00000000276d0000,0x00000000277d0000)]
  0x000000001d391000 JavaThread "jar transforms Thread 82" [_thread_blocked, id=13740, stack(0x00000000275d0000,0x00000000276d0000)]
  0x000000001d390800 JavaThread "jar transforms Thread 81" [_thread_blocked, id=13204, stack(0x00000000274d0000,0x00000000275d0000)]
  0x000000001d38f000 JavaThread "jar transforms Thread 80" [_thread_blocked, id=21044, stack(0x00000000273d0000,0x00000000274d0000)]
  0x000000001d38f800 JavaThread "jar transforms Thread 79" [_thread_blocked, id=15692, stack(0x00000000272d0000,0x00000000273d0000)]
  0x000000001d38b000 JavaThread "jar transforms Thread 78" [_thread_blocked, id=4532, stack(0x00000000271d0000,0x00000000272d0000)]
  0x000000001d388000 JavaThread "jar transforms Thread 77" [_thread_blocked, id=7624, stack(0x00000000270d0000,0x00000000271d0000)]
  0x000000001d389800 JavaThread "jar transforms Thread 76" [_thread_blocked, id=19000, stack(0x0000000026fd0000,0x00000000270d0000)]
  0x000000001d389000 JavaThread "jar transforms Thread 75" [_thread_blocked, id=17380, stack(0x0000000026ed0000,0x0000000026fd0000)]
  0x000000001d38e000 JavaThread "jar transforms Thread 74" [_thread_blocked, id=5740, stack(0x0000000026dd0000,0x0000000026ed0000)]
  0x000000001d38a800 JavaThread "jar transforms Thread 73" [_thread_blocked, id=14184, stack(0x0000000026cd0000,0x0000000026dd0000)]
  0x000000001d38d800 JavaThread "jar transforms Thread 72" [_thread_blocked, id=8452, stack(0x0000000026bd0000,0x0000000026cd0000)]
  0x000000001dbb3000 JavaThread "jar transforms Thread 71" [_thread_blocked, id=15880, stack(0x0000000026ad0000,0x0000000026bd0000)]
  0x000000001dbb1800 JavaThread "jar transforms Thread 70" [_thread_blocked, id=21100, stack(0x00000000269d0000,0x0000000026ad0000)]
  0x000000001dbb2800 JavaThread "jar transforms Thread 69" [_thread_blocked, id=13452, stack(0x00000000268d0000,0x00000000269d0000)]
  0x000000001dbb1000 JavaThread "jar transforms Thread 68" [_thread_blocked, id=5988, stack(0x00000000267d0000,0x00000000268d0000)]
  0x000000001dbb4000 JavaThread "jar transforms Thread 67" [_thread_blocked, id=21264, stack(0x00000000266d0000,0x00000000267d0000)]
  0x000000001dbaf000 JavaThread "jar transforms Thread 66" [_thread_blocked, id=1432, stack(0x00000000265d0000,0x00000000266d0000)]
  0x000000001dbb0000 JavaThread "jar transforms Thread 65" [_thread_blocked, id=13776, stack(0x00000000264d0000,0x00000000265d0000)]
  0x000000001dbb4800 JavaThread "jar transforms Thread 64" [_thread_blocked, id=1516, stack(0x00000000263d0000,0x00000000264d0000)]
  0x000000001dbae800 JavaThread "jar transforms Thread 63" [_thread_blocked, id=19684, stack(0x00000000262d0000,0x00000000263d0000)]
  0x000000001dba7800 JavaThread "jar transforms Thread 62" [_thread_blocked, id=20796, stack(0x00000000261d0000,0x00000000262d0000)]
  0x000000001dba7000 JavaThread "jar transforms Thread 61" [_thread_blocked, id=12712, stack(0x00000000260d0000,0x00000000261d0000)]
  0x000000001dbad800 JavaThread "jar transforms Thread 60" [_thread_blocked, id=10924, stack(0x0000000025fd0000,0x00000000260d0000)]
  0x000000001dba6000 JavaThread "jar transforms Thread 59" [_thread_blocked, id=20992, stack(0x0000000025ed0000,0x0000000025fd0000)]
  0x000000001dbac000 JavaThread "jar transforms Thread 58" [_thread_blocked, id=2108, stack(0x0000000025dd0000,0x0000000025ed0000)]
  0x000000001dbaa000 JavaThread "jar transforms Thread 57" [_thread_blocked, id=9316, stack(0x0000000025cd0000,0x0000000025dd0000)]
  0x000000001dbab800 JavaThread "jar transforms Thread 56" [_thread_blocked, id=19480, stack(0x0000000025bd0000,0x0000000025cd0000)]
  0x000000001dbad000 JavaThread "jar transforms Thread 55" [_thread_blocked, id=16404, stack(0x0000000025ad0000,0x0000000025bd0000)]
  0x000000001dba5800 JavaThread "jar transforms Thread 54" [_thread_blocked, id=9872, stack(0x00000000259d0000,0x0000000025ad0000)]
  0x000000001dbaa800 JavaThread "jar transforms Thread 53" [_thread_blocked, id=8276, stack(0x00000000223e0000,0x00000000224e0000)]
  0x000000001dba8800 JavaThread "jar transforms Thread 52" [_thread_blocked, id=10676, stack(0x0000000025750000,0x0000000025850000)]
  0x000000001dba9000 JavaThread "jar transforms Thread 51" [_thread_blocked, id=20184, stack(0x0000000025650000,0x0000000025750000)]
  0x0000000019725800 JavaThread "jar transforms Thread 50" [_thread_blocked, id=11376, stack(0x0000000025550000,0x0000000025650000)]
  0x0000000019729000 JavaThread "jar transforms Thread 49" [_thread_blocked, id=19316, stack(0x0000000025450000,0x0000000025550000)]
  0x0000000019726000 JavaThread "jar transforms Thread 48" [_thread_blocked, id=8384, stack(0x0000000025350000,0x0000000025450000)]
  0x0000000019728800 JavaThread "jar transforms Thread 47" [_thread_blocked, id=6796, stack(0x0000000025250000,0x0000000025350000)]
  0x0000000019727800 JavaThread "jar transforms Thread 46" [_thread_blocked, id=19964, stack(0x0000000025150000,0x0000000025250000)]
  0x0000000019724800 JavaThread "jar transforms Thread 45" [_thread_blocked, id=20540, stack(0x0000000025050000,0x0000000025150000)]
  0x0000000019727000 JavaThread "jar transforms Thread 44" [_thread_blocked, id=21324, stack(0x0000000024f50000,0x0000000025050000)]
  0x000000001971d000 JavaThread "jar transforms Thread 43" [_thread_blocked, id=9468, stack(0x0000000024e50000,0x0000000024f50000)]
  0x0000000019724000 JavaThread "jar transforms Thread 42" [_thread_blocked, id=15668, stack(0x0000000024d50000,0x0000000024e50000)]
  0x000000001971f800 JavaThread "jar transforms Thread 41" [_thread_blocked, id=19244, stack(0x0000000024c50000,0x0000000024d50000)]
  0x0000000019722800 JavaThread "jar transforms Thread 40" [_thread_blocked, id=9256, stack(0x0000000024b50000,0x0000000024c50000)]
  0x0000000019721800 JavaThread "jar transforms Thread 39" [_thread_blocked, id=1072, stack(0x0000000024a50000,0x0000000024b50000)]
  0x0000000019723000 JavaThread "jar transforms Thread 38" [_thread_blocked, id=7480, stack(0x0000000024950000,0x0000000024a50000)]
  0x000000001971b000 JavaThread "jar transforms Thread 37" [_thread_blocked, id=11056, stack(0x0000000024850000,0x0000000024950000)]
  0x000000001971c800 JavaThread "jar transforms Thread 36" [_thread_blocked, id=12160, stack(0x0000000024750000,0x0000000024850000)]
  0x000000001971e000 JavaThread "jar transforms Thread 35" [_thread_blocked, id=2684, stack(0x0000000024650000,0x0000000024750000)]
  0x000000001971e800 JavaThread "jar transforms Thread 34" [_thread_blocked, id=20004, stack(0x0000000024550000,0x0000000024650000)]
  0x0000000019721000 JavaThread "jar transforms Thread 33" [_thread_blocked, id=17028, stack(0x0000000024450000,0x0000000024550000)]
  0x0000000019720000 JavaThread "jar transforms Thread 32" [_thread_blocked, id=13864, stack(0x0000000024350000,0x0000000024450000)]
  0x000000001971b800 JavaThread "jar transforms Thread 31" [_thread_blocked, id=4984, stack(0x0000000024250000,0x0000000024350000)]
  0x000000001971a000 JavaThread "jar transforms Thread 30" [_thread_blocked, id=13136, stack(0x0000000024150000,0x0000000024250000)]
  0x000000001ff78800 JavaThread "jar transforms Thread 29" [_thread_blocked, id=16664, stack(0x0000000024050000,0x0000000024150000)]
  0x000000001ff78000 JavaThread "jar transforms Thread 28" [_thread_blocked, id=3300, stack(0x0000000023f50000,0x0000000024050000)]
  0x000000001ff77000 JavaThread "jar transforms Thread 27" [_thread_blocked, id=12652, stack(0x0000000023e50000,0x0000000023f50000)]
  0x000000001ff76800 JavaThread "jar transforms Thread 26" [_thread_blocked, id=18724, stack(0x0000000023d50000,0x0000000023e50000)]
  0x000000001ff75800 JavaThread "jar transforms Thread 25" [_thread_blocked, id=17944, stack(0x0000000023c50000,0x0000000023d50000)]
  0x000000001ff75000 JavaThread "jar transforms Thread 24" [_thread_blocked, id=20384, stack(0x0000000023b50000,0x0000000023c50000)]
  0x000000001ff6d000 JavaThread "jar transforms Thread 23" [_thread_blocked, id=10708, stack(0x0000000023a50000,0x0000000023b50000)]
  0x000000001ff74000 JavaThread "jar transforms Thread 22" [_thread_blocked, id=9396, stack(0x0000000023950000,0x0000000023a50000)]
  0x000000001ff73800 JavaThread "jar transforms Thread 21" [_thread_blocked, id=4440, stack(0x0000000023850000,0x0000000023950000)]
  0x000000001ff72800 JavaThread "jar transforms Thread 20" [_thread_blocked, id=20660, stack(0x0000000023750000,0x0000000023850000)]
  0x000000001ff71800 JavaThread "jar transforms Thread 19" [_thread_blocked, id=14456, stack(0x0000000023650000,0x0000000023750000)]
  0x000000001ff71000 JavaThread "jar transforms Thread 18" [_thread_blocked, id=5628, stack(0x0000000023550000,0x0000000023650000)]
  0x000000001ff70000 JavaThread "jar transforms Thread 17" [_thread_blocked, id=14712, stack(0x0000000023450000,0x0000000023550000)]
  0x000000001ff69800 JavaThread "jar transforms Thread 16" [_thread_blocked, id=9372, stack(0x0000000023350000,0x0000000023450000)]
  0x000000001ff6f800 JavaThread "jar transforms Thread 15" [_thread_blocked, id=20708, stack(0x0000000023250000,0x0000000023350000)]
  0x000000001ff6e800 JavaThread "jar transforms Thread 14" [_thread_blocked, id=20124, stack(0x0000000023150000,0x0000000023250000)]
  0x000000001ff6c800 JavaThread "jar transforms Thread 13" [_thread_blocked, id=13608, stack(0x0000000023050000,0x0000000023150000)]
  0x000000001ff6b000 JavaThread "jar transforms Thread 12" [_thread_blocked, id=20260, stack(0x0000000022f50000,0x0000000023050000)]
  0x000000001ff6e000 JavaThread "jar transforms Thread 11" [_thread_blocked, id=15100, stack(0x0000000022e50000,0x0000000022f50000)]
  0x000000001ff6b800 JavaThread "jar transforms Thread 10" [_thread_blocked, id=12272, stack(0x0000000022d50000,0x0000000022e50000)]
  0x000000001ff6a000 JavaThread "jar transforms Thread 9" [_thread_blocked, id=17092, stack(0x0000000022c50000,0x0000000022d50000)]
  0x0000000018f7a000 JavaThread "jar transforms Thread 8" [_thread_blocked, id=13488, stack(0x0000000022b50000,0x0000000022c50000)]
  0x0000000018f81000 JavaThread "jar transforms Thread 7" [_thread_blocked, id=12276, stack(0x0000000022a50000,0x0000000022b50000)]
  0x0000000018f7b000 JavaThread "jar transforms Thread 6" [_thread_blocked, id=7464, stack(0x0000000022950000,0x0000000022a50000)]
  0x0000000018f7e800 JavaThread "jar transforms Thread 5" [_thread_blocked, id=16868, stack(0x0000000022850000,0x0000000022950000)]
  0x0000000018f80000 JavaThread "jar transforms Thread 4" [_thread_blocked, id=15944, stack(0x0000000022750000,0x0000000022850000)]
  0x0000000018f7c800 JavaThread "jar transforms Thread 3" [_thread_blocked, id=3456, stack(0x0000000022650000,0x0000000022750000)]
  0x0000000018f7f800 JavaThread "jar transforms Thread 2" [_thread_blocked, id=972, stack(0x0000000022550000,0x0000000022650000)]
  0x0000000018f7d000 JavaThread "Build operations Thread 8" [_thread_blocked, id=10920, stack(0x00000000220d0000,0x00000000221d0000)]
  0x0000000018f7e000 JavaThread "Build operations Thread 7" [_thread_blocked, id=19968, stack(0x0000000021fd0000,0x00000000220d0000)]
  0x0000000018f7b800 JavaThread "Build operations Thread 6" [_thread_blocked, id=14908, stack(0x0000000021ed0000,0x0000000021fd0000)]
  0x0000000018f72800 JavaThread "Build operations Thread 5" [_thread_blocked, id=21284, stack(0x0000000021dd0000,0x0000000021ed0000)]
  0x0000000018f79800 JavaThread "Build operations Thread 4" [_thread_blocked, id=9864, stack(0x0000000021cd0000,0x0000000021dd0000)]
  0x0000000018f78800 JavaThread "Build operations Thread 3" [_thread_blocked, id=20872, stack(0x0000000021bd0000,0x0000000021cd0000)]
  0x0000000018f78000 JavaThread "Build operations Thread 2" [_thread_blocked, id=10052, stack(0x0000000021ad0000,0x0000000021bd0000)]
  0x0000000018f77000 JavaThread "Build operations" [_thread_blocked, id=5688, stack(0x00000000219d0000,0x0000000021ad0000)]
  0x0000000017fe7000 JavaThread "Cache worker for file content cache (C:\Users\Chau\.gradle\caches\6.5\fileContent)" [_thread_blocked, id=14308, stack(0x00000000212d0000,0x00000000213d0000)]
  0x0000000017fe6000 JavaThread "jar transforms" [_thread_blocked, id=16672, stack(0x00000000211d0000,0x00000000212d0000)]
  0x0000000017fe4800 JavaThread "Cache worker for execution history cache (C:\Users\Chau\.gradle\caches\6.5\executionHistory)" [_thread_blocked, id=17056, stack(0x0000000020ad0000,0x0000000020bd0000)]
  0x0000000017fe3000 JavaThread "Cache worker for cache directory md-rule (C:\Users\Chau\.gradle\caches\6.5\md-rule)" [_thread_blocked, id=4392, stack(0x00000000209d0000,0x0000000020ad0000)]
  0x0000000017fe5800 JavaThread "Cache worker for cache directory md-supplier (C:\Users\Chau\.gradle\caches\6.5\md-supplier)" [_thread_blocked, id=20748, stack(0x000000001f680000,0x000000001f780000)]
  0x0000000017fe4000 JavaThread "Cache worker for checksums cache (C:\Users\Chau\Desktop\MangoCliente\.gradle\checksums)" [_thread_blocked, id=21476, stack(0x000000001f580000,0x000000001f680000)]
  0x0000000017fe8800 JavaThread "Cache worker for file hash cache (C:\Users\Chau\Desktop\MangoCliente\.gradle\6.5\fileHashes)" [_thread_blocked, id=14296, stack(0x000000001e290000,0x000000001e390000)]
  0x0000000017fe9000 JavaThread "Cache worker for file hash cache (C:\Users\Chau\.gradle\caches\6.5\fileHashes)" [_thread_blocked, id=15392, stack(0x000000001cfc0000,0x000000001d0c0000)]
  0x0000000017fea000 JavaThread "File lock request listener" [_thread_in_native, id=14752, stack(0x000000001cec0000,0x000000001cfc0000)]
  0x00000000180a9800 JavaThread "Cache worker for journal cache (C:\Users\Chau\.gradle\caches\journal-1)" [_thread_blocked, id=11308, stack(0x000000001cdc0000,0x000000001cec0000)]
  0x000000001ab77800 JavaThread "Thread-9" [_thread_blocked, id=6012, stack(0x000000001cac0000,0x000000001cbc0000)]
  0x000000001ab2b800 JavaThread "Stdin handler" [_thread_blocked, id=2008, stack(0x000000001c9c0000,0x000000001cac0000)]
  0x000000001ab2a800 JavaThread "Asynchronous log dispatcher for DefaultDaemonConnection: socket connection from /127.0.0.1:50578 to /127.0.0.1:50579" [_thread_blocked, id=21088, stack(0x000000001c8c0000,0x000000001c9c0000)]
  0x000000001ab5c000 JavaThread "Daemon worker" [_thread_in_vm, id=21140, stack(0x000000001c7c0000,0x000000001c8c0000)]
  0x000000001ab5b000 JavaThread "Cancel handler" [_thread_blocked, id=19872, stack(0x000000001c5c0000,0x000000001c6c0000)]
  0x000000001aaa1000 JavaThread "Handler for socket connection from /127.0.0.1:50578 to /127.0.0.1:50579" [_thread_in_native, id=12472, stack(0x000000001c4c0000,0x000000001c5c0000)]
  0x000000001aa98800 JavaThread "Daemon" [_thread_blocked, id=20180, stack(0x000000001c3c0000,0x000000001c4c0000)]
  0x000000001aa84000 JavaThread "Daemon periodic checks" [_thread_blocked, id=2424, stack(0x000000001c0c0000,0x000000001c1c0000)]
  0x000000001aad2800 JavaThread "Incoming local TCP Connector on port 50578" [_thread_in_native, id=9756, stack(0x000000001be50000,0x000000001bf50000)]
  0x000000001aa18800 JavaThread "Daemon health stats" [_thread_blocked, id=288, stack(0x000000001b810000,0x000000001b910000)]
  0x0000000017ff5800 JavaThread "Service Thread" daemon [_thread_blocked, id=19536, stack(0x0000000018c70000,0x0000000018d70000)]
  0x0000000017fe7800 JavaThread "C1 CompilerThread3" daemon [_thread_blocked, id=5484, stack(0x0000000018b70000,0x0000000018c70000)]
  0x0000000017fde000 JavaThread "C2 CompilerThread2" daemon [_thread_in_native, id=20800, stack(0x0000000018a70000,0x0000000018b70000)]
  0x0000000017f85000 JavaThread "C2 CompilerThread1" daemon [_thread_in_native, id=20772, stack(0x0000000018970000,0x0000000018a70000)]
=>0x0000000017f81800 JavaThread "C2 CompilerThread0" daemon [_thread_in_native, id=12208, stack(0x0000000018870000,0x0000000018970000)]
  0x0000000017f80000 JavaThread "Attach Listener" daemon [_thread_blocked, id=4740, stack(0x0000000018770000,0x0000000018870000)]
  0x0000000017f7f000 JavaThread "Signal Dispatcher" daemon [_thread_blocked, id=17656, stack(0x0000000018670000,0x0000000018770000)]
  0x000000001616d000 JavaThread "Finalizer" daemon [_thread_blocked, id=21432, stack(0x0000000018450000,0x0000000018550000)]
  0x0000000017f70800 JavaThread "Reference Handler" daemon [_thread_blocked, id=20492, stack(0x0000000018350000,0x0000000018450000)]
  0x000000000080e800 JavaThread "main" [_thread_blocked, id=9520, stack(0x0000000002010000,0x0000000002110000)]

Other Threads:
  0x0000000016168000 VMThread [stack: 0x0000000017e50000,0x0000000017f50000] [id=12576]
  0x0000000017ff6800 WatcherThread [stack: 0x0000000018d70000,0x0000000018e70000] [id=14992]

VM state:not at safepoint (normal execution)

VM Mutex/Monitor currently owned by a thread: None

heap address: 0x00000000a0000000, size: 1536 MB, Compressed Oops mode: 32-bit
Narrow klass base: 0x0000000000000000, Narrow klass shift: 3
Compressed class space size: 1073741824 Address: 0x0000000100000000

Heap:
 PSYoungGen      total 203776K, used 46873K [0x00000000e0000000, 0x00000000ef380000, 0x0000000100000000)
  eden space 192000K, 18% used [0x00000000e0000000,0x00000000e22494e0,0x00000000ebb80000)
  from space 11776K, 99% used [0x00000000ebb80000,0x00000000ec6fd300,0x00000000ec700000)
  to   space 18944K, 0% used [0x00000000ee100000,0x00000000ee100000,0x00000000ef380000)
 ParOldGen       total 135168K, used 30702K [0x00000000a0000000, 0x00000000a8400000, 0x00000000e0000000)
  object space 135168K, 22% used [0x00000000a0000000,0x00000000a1dfb998,0x00000000a8400000)
 Metaspace       used 54084K, capacity 56282K, committed 56536K, reserved 1097728K
  class space    used 7328K, capacity 7816K, committed 7936K, reserved 1048576K

Card table byte_map: [0x0000000011770000,0x0000000011a80000] byte_map_base: 0x0000000011270000

Marking Bits: (ParMarkBitMap*) 0x000000005363f030
 Begin Bits: [0x0000000012480000, 0x0000000013c80000)
 End Bits:   [0x0000000013c80000, 0x0000000015480000)

Polling page: 0x00000000007c0000

CodeCache: size=245760Kb used=15697Kb max_used=15917Kb free=230062Kb
 bounds [0x00000000023b0000, 0x0000000003350000, 0x00000000113b0000]
 total_blobs=5352 nmethods=4588 adapters=677
 compilation: enabled

Compilation events (10 events):
Event: 9.687 Thread 0x0000000017fe7800 4983       3       org.gradle.api.internal.project.DefaultProject::getIdentityPath (10 bytes)
Event: 9.688 Thread 0x0000000017fe7800 nmethod 4983 0x00000000025b3bd0 code [0x00000000025b3d40, 0x00000000025b3ef0]
Event: 9.688 Thread 0x0000000017fe7800 4984       3       org.gradle.internal.ImmutableActionSet$EmptySet::execute (1 bytes)
Event: 9.688 Thread 0x0000000017fe7800 nmethod 4984 0x00000000025b3890 code [0x00000000025b39e0, 0x00000000025b3b30]
Event: 9.690 Thread 0x0000000017fe7800 4985       3       org.gradle.api.internal.DefaultNamedDomainObjectCollection::hasWithName (32 bytes)
Event: 9.690 Thread 0x0000000017fe7800 nmethod 4985 0x00000000025b3250 code [0x00000000025b33e0, 0x00000000025b3778]
Event: 9.690 Thread 0x0000000017fe7800 4986       1       org.gradle.api.internal.DefaultNamedDomainObjectCollection::getInstantiator (5 bytes)
Event: 9.690 Thread 0x0000000017fe7800 nmethod 4986 0x00000000025b2f90 code [0x00000000025b30e0, 0x00000000025b31f0]
Event: 9.691 Thread 0x0000000017fe7800 4987       1       org.gradle.api.internal.provider.FlatMapProvider::getType (2 bytes)
Event: 9.691 Thread 0x0000000017fe7800 nmethod 4987 0x00000000025f0e50 code [0x00000000025f0fa0, 0x00000000025f10b0]

GC Heap History (10 events):
Event: 6.037 GC heap before
{Heap before GC invocations=7 (full 1):
 PSYoungGen      total 75776K, used 73275K [0x00000000e0000000, 0x00000000e8380000, 0x0000000100000000)
  eden space 65024K, 100% used [0x00000000e0000000,0x00000000e3f80000,0x00000000e3f80000)
  from space 10752K, 76% used [0x00000000e3f80000,0x00000000e478ef50,0x00000000e4a00000)
  to   space 11776K, 0% used [0x00000000e7800000,0x00000000e7800000,0x00000000e8380000)
 ParOldGen       total 90112K, used 7158K [0x00000000a0000000, 0x00000000a5800000, 0x00000000e0000000)
  object space 90112K, 7% used [0x00000000a0000000,0x00000000a06fd870,0x00000000a5800000)
 Metaspace       used 32700K, capacity 33776K, committed 33920K, reserved 1079296K
  class space    used 4458K, capacity 4722K, committed 4736K, reserved 1048576K
Event: 6.046 GC heap after
Heap after GC invocations=7 (full 1):
 PSYoungGen      total 120832K, used 9405K [0x00000000e0000000, 0x00000000e8280000, 0x0000000100000000)
  eden space 110080K, 0% used [0x00000000e0000000,0x00000000e0000000,0x00000000e6b80000)
  from space 10752K, 87% used [0x00000000e7800000,0x00000000e812f540,0x00000000e8280000)
  to   space 11776K, 0% used [0x00000000e6b80000,0x00000000e6b80000,0x00000000e7700000)
 ParOldGen       total 90112K, used 7166K [0x00000000a0000000, 0x00000000a5800000, 0x00000000e0000000)
  object space 90112K, 7% used [0x00000000a0000000,0x00000000a06ff870,0x00000000a5800000)
 Metaspace       used 32700K, capacity 33776K, committed 33920K, reserved 1079296K
  class space    used 4458K, capacity 4722K, committed 4736K, reserved 1048576K
}
Event: 6.313 GC heap before
{Heap before GC invocations=8 (full 1):
 PSYoungGen      total 120832K, used 44121K [0x00000000e0000000, 0x00000000e8280000, 0x0000000100000000)
  eden space 110080K, 31% used [0x00000000e0000000,0x00000000e21e6f50,0x00000000e6b80000)
  from space 10752K, 87% used [0x00000000e7800000,0x00000000e812f540,0x00000000e8280000)
  to   space 11776K, 0% used [0x00000000e6b80000,0x00000000e6b80000,0x00000000e7700000)
 ParOldGen       total 90112K, used 7166K [0x00000000a0000000, 0x00000000a5800000, 0x00000000e0000000)
  object space 90112K, 7% used [0x00000000a0000000,0x00000000a06ff870,0x00000000a5800000)
 Metaspace       used 34113K, capacity 35328K, committed 35416K, reserved 1079296K
  class space    used 4684K, capacity 4973K, committed 4992K, reserved 1048576K
Event: 6.327 GC heap after
Heap after GC invocations=8 (full 1):
 PSYoungGen      total 121856K, used 8411K [0x00000000e0000000, 0x00000000ed480000, 0x0000000100000000)
  eden space 110080K, 0% used [0x00000000e0000000,0x00000000e0000000,0x00000000e6b80000)
  from space 11776K, 71% used [0x00000000e6b80000,0x00000000e73b6c58,0x00000000e7700000)
  to   space 11776K, 0% used [0x00000000ec900000,0x00000000ec900000,0x00000000ed480000)
 ParOldGen       total 90112K, used 7174K [0x00000000a0000000, 0x00000000a5800000, 0x00000000e0000000)
  object space 90112K, 7% used [0x00000000a0000000,0x00000000a0701870,0x00000000a5800000)
 Metaspace       used 34113K, capacity 35328K, committed 35416K, reserved 1079296K
  class space    used 4684K, capacity 4973K, committed 4992K, reserved 1048576K
}
Event: 6.327 GC heap before
{Heap before GC invocations=9 (full 2):
 PSYoungGen      total 121856K, used 8411K [0x00000000e0000000, 0x00000000ed480000, 0x0000000100000000)
  eden space 110080K, 0% used [0x00000000e0000000,0x00000000e0000000,0x00000000e6b80000)
  from space 11776K, 71% used [0x00000000e6b80000,0x00000000e73b6c58,0x00000000e7700000)
  to   space 11776K, 0% used [0x00000000ec900000,0x00000000ec900000,0x00000000ed480000)
 ParOldGen       total 90112K, used 7174K [0x00000000a0000000, 0x00000000a5800000, 0x00000000e0000000)
  object space 90112K, 7% used [0x00000000a0000000,0x00000000a0701870,0x00000000a5800000)
 Metaspace       used 34113K, capacity 35328K, committed 35416K, reserved 1079296K
  class space    used 4684K, capacity 4973K, committed 4992K, reserved 1048576K
Event: 6.389 GC heap after
Heap after GC invocations=9 (full 2):
 PSYoungGen      total 121856K, used 0K [0x00000000e0000000, 0x00000000ed480000, 0x0000000100000000)
  eden space 110080K, 0% used [0x00000000e0000000,0x00000000e0000000,0x00000000e6b80000)
  from space 11776K, 0% used [0x00000000e6b80000,0x00000000e6b80000,0x00000000e7700000)
  to   space 11776K, 0% used [0x00000000ec900000,0x00000000ec900000,0x00000000ed480000)
 ParOldGen       total 135168K, used 14765K [0x00000000a0000000, 0x00000000a8400000, 0x00000000e0000000)
  object space 135168K, 10% used [0x00000000a0000000,0x00000000a0e6b6d8,0x00000000a8400000)
 Metaspace       used 34113K, capacity 35328K, committed 35416K, reserved 1079296K
  class space    used 4684K, capacity 4973K, committed 4992K, reserved 1048576K
}
Event: 7.266 GC heap before
{Heap before GC invocations=10 (full 2):
 PSYoungGen      total 121856K, used 110080K [0x00000000e0000000, 0x00000000ed480000, 0x0000000100000000)
  eden space 110080K, 100% used [0x00000000e0000000,0x00000000e6b80000,0x00000000e6b80000)
  from space 11776K, 0% used [0x00000000e6b80000,0x00000000e6b80000,0x00000000e7700000)
  to   space 11776K, 0% used [0x00000000ec900000,0x00000000ec900000,0x00000000ed480000)
 ParOldGen       total 135168K, used 14765K [0x00000000a0000000, 0x00000000a8400000, 0x00000000e0000000)
  object space 135168K, 10% used [0x00000000a0000000,0x00000000a0e6b6d8,0x00000000a8400000)
 Metaspace       used 36825K, capacity 38550K, committed 38744K, reserved 1083392K
  class space    used 5063K, capacity 5464K, committed 5504K, reserved 1048576K
Event: 7.275 GC heap after
Heap after GC invocations=10 (full 2):
 PSYoungGen      total 175104K, used 9623K [0x00000000e0000000, 0x00000000ed280000, 0x0000000100000000)
  eden space 165376K, 0% used [0x00000000e0000000,0x00000000e0000000,0x00000000ea180000)
  from space 9728K, 98% used [0x00000000ec900000,0x00000000ed265fc0,0x00000000ed280000)
  to   space 11776K, 0% used [0x00000000ebb80000,0x00000000ebb80000,0x00000000ec700000)
 ParOldGen       total 135168K, used 14773K [0x00000000a0000000, 0x00000000a8400000, 0x00000000e0000000)
  object space 135168K, 10% used [0x00000000a0000000,0x00000000a0e6d6d8,0x00000000a8400000)
 Metaspace       used 36825K, capacity 38550K, committed 38744K, reserved 1083392K
  class space    used 5063K, capacity 5464K, committed 5504K, reserved 1048576K
}
Event: 9.311 GC heap before
{Heap before GC invocations=11 (full 2):
 PSYoungGen      total 175104K, used 174999K [0x00000000e0000000, 0x00000000ed280000, 0x0000000100000000)
  eden space 165376K, 100% used [0x00000000e0000000,0x00000000ea180000,0x00000000ea180000)
  from space 9728K, 98% used [0x00000000ec900000,0x00000000ed265fc0,0x00000000ed280000)
  to   space 11776K, 0% used [0x00000000ebb80000,0x00000000ebb80000,0x00000000ec700000)
 ParOldGen       total 135168K, used 14773K [0x00000000a0000000, 0x00000000a8400000, 0x00000000e0000000)
  object space 135168K, 10% used [0x00000000a0000000,0x00000000a0e6d6d8,0x00000000a8400000)
 Metaspace       used 50979K, capacity 52986K, committed 53080K, reserved 1095680K
  class space    used 6811K, capacity 7272K, committed 7296K, reserved 1048576K
Event: 9.328 GC heap after
Heap after GC invocations=11 (full 2):
 PSYoungGen      total 203776K, used 11764K [0x00000000e0000000, 0x00000000ef380000, 0x0000000100000000)
  eden space 192000K, 0% used [0x00000000e0000000,0x00000000e0000000,0x00000000ebb80000)
  from space 11776K, 99% used [0x00000000ebb80000,0x00000000ec6fd300,0x00000000ec700000)
  to   space 18944K, 0% used [0x00000000ee100000,0x00000000ee100000,0x00000000ef380000)
 ParOldGen       total 135168K, used 30702K [0x00000000a0000000, 0x00000000a8400000, 0x00000000e0000000)
  object space 135168K, 22% used [0x00000000a0000000,0x00000000a1dfb998,0x00000000a8400000)
 Metaspace       used 50979K, capacity 52986K, committed 53080K, reserved 1095680K
  class space    used 6811K, capacity 7272K, committed 7296K, reserved 1048576K
}

Deoptimization events (10 events):
Event: 9.079 Thread 0x000000001ab5c000 Uncommon trap: reason=unstable_if action=reinterpret pc=0x000000000256f7b4 method=com.sun.org.apache.xerces.internal.impl.XMLEntityScanner.checkBeforeLoad(Lcom/sun/xml/internal/stream/Entity$ScannedEntity;II)I @ 18
Event: 9.146 Thread 0x000000001ab5c000 Uncommon trap: reason=unstable_if action=reinterpret pc=0x0000000003148870 method=org.gradle.internal.instantiation.generator.AbstractClassGenerator$InjectionAnnotationValidator.validateMethod(Ljava/lang/reflect/Method;Lorg/gradle/internal/reflect/Propert
Event: 9.146 Thread 0x000000001ab5c000 Uncommon trap: reason=unstable_if action=reinterpret pc=0x0000000003189afc method=org.gradle.internal.instantiation.generator.AbstractClassGenerator$InjectionAnnotationValidator.validateMethod(Ljava/lang/reflect/Method;Lorg/gradle/internal/reflect/Propert
Event: 9.200 Thread 0x000000001ab5c000 Uncommon trap: reason=null_check action=make_not_entrant pc=0x0000000002b72d50 method=java.lang.Class.searchMethods([Ljava/lang/reflect/Method;Ljava/lang/String;[Ljava/lang/Class;)Ljava/lang/reflect/Method; @ 59
Event: 9.301 Thread 0x000000001ab5c000 Uncommon trap: reason=unstable_if action=reinterpret pc=0x0000000003181f8c method=groovy.lang.MetaClassImpl.checkIfStdMethod(Lgroovy/lang/MetaMethod;)V @ 55
Event: 9.301 Thread 0x000000001ab5c000 Uncommon trap: reason=unstable_if action=reinterpret pc=0x000000000314ab38 method=groovy.lang.MetaClassImpl.checkIfStdMethod(Lgroovy/lang/MetaMethod;)V @ 55
Event: 9.340 Thread 0x000000001ab5c000 Uncommon trap: reason=unstable_if action=reinterpret pc=0x0000000003130a68 method=org.codehaus.groovy.runtime.metaclass.MetaMethodIndex.isNonRealMethod(Lgroovy/lang/MetaMethod;)Z @ 4
Event: 9.340 Thread 0x000000001ab5c000 Uncommon trap: reason=unstable_if action=reinterpret pc=0x000000000302058c method=groovy.lang.MetaClassImpl$1MOPIter.methodNameAction(Ljava/lang/Class;Lorg/codehaus/groovy/runtime/metaclass/MetaMethodIndex$Entry;)V @ 182
Event: 9.349 Thread 0x000000001ab5c000 Uncommon trap: reason=class_check action=maybe_recompile pc=0x0000000002b01190 method=java.util.WeakHashMap.eq(Ljava/lang/Object;Ljava/lang/Object;)Z @ 7
Event: 9.350 Thread 0x000000001ab5c000 Uncommon trap: reason=unstable_if action=reinterpret pc=0x0000000003260ddc method=java.lang.ClassLoader.checkCerts(Ljava/lang/String;Ljava/security/CodeSource;)V @ 29

Classes redefined (0 events):
No events

Internal exceptions (10 events):
Event: 9.349 Thread 0x000000001ab5c000 Exception <a 'java/lang/ClassNotFoundException': java/util/ArrayListCustomizer> (0x00000000e0412e68) thrown at [C:\src\AOSP-openjdk-git\hotspot\src\share\vm\classfile\systemDictionary.cpp, line 210]
Event: 9.350 Thread 0x000000001ab5c000 Implicit null exception at 0x00000000032601af to 0x0000000003260dc5
Event: 9.355 Thread 0x000000001ab5c000 Exception <a 'java/lang/ClassNotFoundException': org/gradle/api/internal/plugins/DefaultPluginContainerBeanInfo> (0x00000000e05b42c0) thrown at [C:\src\AOSP-openjdk-git\hotspot\src\share\vm\classfile\systemDictionary.cpp, line 210]
Event: 9.355 Thread 0x000000001ab5c000 Exception <a 'java/lang/ClassNotFoundException': org/gradle/api/internal/plugins/DefaultPluginCollectionBeanInfo> (0x00000000e05f3238) thrown at [C:\src\AOSP-openjdk-git\hotspot\src\share\vm\classfile\systemDictionary.cpp, line 210]
Event: 9.356 Thread 0x000000001ab5c000 Exception <a 'java/lang/ClassNotFoundException': org/gradle/api/internal/DefaultDomainObjectSetBeanInfo> (0x00000000e062c040) thrown at [C:\src\AOSP-openjdk-git\hotspot\src\share\vm\classfile\systemDictionary.cpp, line 210]
Event: 9.357 Thread 0x000000001ab5c000 Exception <a 'java/lang/ClassNotFoundException': org/gradle/api/internal/DefaultDomainObjectSetCustomizer> (0x00000000e0666838) thrown at [C:\src\AOSP-openjdk-git\hotspot\src\share\vm\classfile\systemDictionary.cpp, line 210]
Event: 9.358 Thread 0x000000001ab5c000 Exception <a 'java/lang/ClassNotFoundException': org/gradle/api/internal/plugins/DefaultPluginCollectionCustomizer> (0x00000000e06b7830) thrown at [C:\src\AOSP-openjdk-git\hotspot\src\share\vm\classfile\systemDictionary.cpp, line 210]
Event: 9.360 Thread 0x000000001ab5c000 Exception <a 'java/lang/ClassNotFoundException': org/gradle/api/internal/plugins/DefaultPluginContainerCustomizer> (0x00000000e072a178) thrown at [C:\src\AOSP-openjdk-git\hotspot\src\share\vm\classfile\systemDictionary.cpp, line 210]
Event: 9.367 Thread 0x000000001ab5c000 Exception <a 'java/lang/ClassNotFoundException': org/gradle/api/internal/DefaultDomainObjectSet_DecoratedBeanInfo> (0x00000000e0972848) thrown at [C:\src\AOSP-openjdk-git\hotspot\src\share\vm\classfile\systemDictionary.cpp, line 210]
Event: 9.368 Thread 0x000000001ab5c000 Exception <a 'java/lang/ClassNotFoundException': org/gradle/api/internal/DefaultDomainObjectSet_DecoratedCustomizer> (0x00000000e09b3088) thrown at [C:\src\AOSP-openjdk-git\hotspot\src\share\vm\classfile\systemDictionary.cpp, line 210]

Events (10 events):
Event: 9.689 loading class com/android/build/gradle/internal/tasks/PackageBundleTask
Event: 9.689 loading class com/android/build/gradle/internal/tasks/PackageBundleTask done
Event: 9.690 loading class com/android/build/gradle/internal/tasks/PackageBundleTask$CreationAction$handleProvider$1
Event: 9.690 loading class com/android/build/gradle/internal/tasks/PackageBundleTask$CreationAction$handleProvider$1 done
Event: 9.690 loading class com/android/build/gradle/internal/scope/InternalArtifactType$INTERMEDIARY_BUNDLE
Event: 9.690 loading class com/android/build/gradle/internal/scope/InternalArtifactType$INTERMEDIARY_BUNDLE done
Event: 9.691 loading class com/android/build/gradle/internal/tasks/FinalizeBundleTask$CreationAction
Event: 9.691 loading class com/android/build/gradle/internal/tasks/FinalizeBundleTask$CreationAction done
Event: 9.691 loading class com/android/build/gradle/internal/tasks/FinalizeBundleTask
Event: 9.691 loading class com/android/build/gradle/internal/tasks/FinalizeBundleTask done


Dynamic libraries:
0x00007ff67f7e0000 - 0x00007ff67f811000 	C:\Program Files\Android\Android Studio\jre\bin\java.exe
0x00007ffdcf4b0000 - 0x00007ffdcf6a5000 	C:\WINDOWS\SYSTEM32\ntdll.dll
0x00007ffdceaa0000 - 0x00007ffdceb5d000 	C:\WINDOWS\System32\KERNEL32.DLL
0x00007ffdcce00000 - 0x00007ffdcd0c8000 	C:\WINDOWS\System32\KERNELBASE.dll
0x00007ffdcde10000 - 0x00007ffdcdebc000 	C:\WINDOWS\System32\ADVAPI32.dll
0x00007ffdcdc60000 - 0x00007ffdcdcfe000 	C:\WINDOWS\System32\msvcrt.dll
0x00007ffdcf3d0000 - 0x00007ffdcf46b000 	C:\WINDOWS\System32\sechost.dll
0x00007ffdcda70000 - 0x00007ffdcdb9b000 	C:\WINDOWS\System32\RPCRT4.dll
0x00007ffdcec10000 - 0x00007ffdcedb0000 	C:\WINDOWS\System32\USER32.dll
0x00007ffdcd330000 - 0x00007ffdcd352000 	C:\WINDOWS\System32\win32u.dll
0x00007ffdcd510000 - 0x00007ffdcd53a000 	C:\WINDOWS\System32\GDI32.dll
0x00007ffdcd1d0000 - 0x00007ffdcd2db000 	C:\WINDOWS\System32\gdi32full.dll
0x00007ffdcd3f0000 - 0x00007ffdcd48d000 	C:\WINDOWS\System32\msvcp_win.dll
0x00007ffdcd0d0000 - 0x00007ffdcd1d0000 	C:\WINDOWS\System32\ucrtbase.dll
0x00007ffdb5f40000 - 0x00007ffdb61da000 	C:\WINDOWS\WinSxS\amd64_microsoft.windows.common-controls_6595b64144ccf1df_6.0.19041.844_none_ca00b6081b84eb1d\COMCTL32.dll
0x00007ffdcdde0000 - 0x00007ffdcde10000 	C:\WINDOWS\System32\IMM32.DLL
0x0000000054240000 - 0x0000000054312000 	C:\Program Files\Android\Android Studio\jre\jre\bin\msvcr100.dll
0x0000000052e70000 - 0x00000000536bb000 	C:\Program Files\Android\Android Studio\jre\jre\bin\server\jvm.dll
0x00007ffdcd540000 - 0x00007ffdcd548000 	C:\WINDOWS\System32\PSAPI.DLL
0x00007ffdb2a40000 - 0x00007ffdb2a49000 	C:\WINDOWS\SYSTEM32\WSOCK32.dll
0x00007ffdcf1c0000 - 0x00007ffdcf22b000 	C:\WINDOWS\System32\WS2_32.dll
0x00007ffdb9740000 - 0x00007ffdb9767000 	C:\WINDOWS\SYSTEM32\WINMM.dll
0x00007ffdc39d0000 - 0x00007ffdc39da000 	C:\WINDOWS\SYSTEM32\VERSION.dll
0x00007ffdc5850000 - 0x00007ffdc585f000 	C:\Program Files\Android\Android Studio\jre\jre\bin\verify.dll
0x00007ffdbea60000 - 0x00007ffdbea89000 	C:\Program Files\Android\Android Studio\jre\jre\bin\java.dll
0x00007ffdc5680000 - 0x00007ffdc5696000 	C:\Program Files\Android\Android Studio\jre\jre\bin\zip.dll
0x00007ffdcdf40000 - 0x00007ffdce682000 	C:\WINDOWS\System32\SHELL32.dll
0x00007ffdcad30000 - 0x00007ffdcb4c1000 	C:\WINDOWS\SYSTEM32\windows.storage.dll
0x00007ffdce690000 - 0x00007ffdce9e5000 	C:\WINDOWS\System32\combase.dll
0x00007ffdcc660000 - 0x00007ffdcc68c000 	C:\WINDOWS\SYSTEM32\Wldp.dll
0x00007ffdce9f0000 - 0x00007ffdcea9e000 	C:\WINDOWS\System32\SHCORE.dll
0x00007ffdcdc00000 - 0x00007ffdcdc55000 	C:\WINDOWS\System32\shlwapi.dll
0x00007ffdccb30000 - 0x00007ffdccb4f000 	C:\WINDOWS\SYSTEM32\profapi.dll
0x00007ffdc4ef0000 - 0x00007ffdc4f0a000 	C:\Program Files\Android\Android Studio\jre\jre\bin\net.dll
0x00007ffdcc3d0000 - 0x00007ffdcc43a000 	C:\WINDOWS\system32\mswsock.dll
0x00007ffdbea20000 - 0x00007ffdbea33000 	C:\Program Files\Android\Android Studio\jre\jre\bin\nio.dll
0x00007ffdbe4a0000 - 0x00007ffdbe4c7000 	C:\Users\Chau\.gradle\native\f6784746aeab05261644944871eae4fe03e0ef1612fff0a4a95f87b438bc6780\windows-amd64\native-platform.dll
0x00007ffdc41c0000 - 0x00007ffdc41cd000 	C:\Program Files\Android\Android Studio\jre\jre\bin\management.dll
0x00007ffdcc5a0000 - 0x00007ffdcc5b8000 	C:\WINDOWS\SYSTEM32\CRYPTSP.dll
0x00007ffdcbd00000 - 0x00007ffdcbd34000 	C:\WINDOWS\system32\rsaenh.dll
0x00007ffdcd360000 - 0x00007ffdcd387000 	C:\WINDOWS\System32\bcrypt.dll
0x00007ffdccab0000 - 0x00007ffdccade000 	C:\WINDOWS\SYSTEM32\USERENV.dll
0x00007ffdcd490000 - 0x00007ffdcd510000 	C:\WINDOWS\System32\bcryptprimitives.dll
0x00007ffdcc5c0000 - 0x00007ffdcc5cc000 	C:\WINDOWS\SYSTEM32\CRYPTBASE.dll
0x00007ffdcc070000 - 0x00007ffdcc0ab000 	C:\WINDOWS\SYSTEM32\IPHLPAPI.DLL
0x00007ffdcdf30000 - 0x00007ffdcdf38000 	C:\WINDOWS\System32\NSI.dll
0x00007ffdc20a0000 - 0x00007ffdc20b7000 	C:\WINDOWS\SYSTEM32\dhcpcsvc6.DLL
0x00007ffdc2360000 - 0x00007ffdc237d000 	C:\WINDOWS\SYSTEM32\dhcpcsvc.DLL
0x00007ffdcc0b0000 - 0x00007ffdcc17c000 	C:\WINDOWS\SYSTEM32\DNSAPI.dll
0x00007ffdc32d0000 - 0x00007ffdc32db000 	C:\WINDOWS\SYSTEM32\WINNSI.DLL

VM Arguments:
jvm_args: -XX:+UseParallelGC -Xmx1536m -Dfile.encoding=UTF-8 -Duser.country=MX -Duser.language=es -Duser.variant 
java_command: org.gradle.launcher.daemon.bootstrap.GradleDaemon 6.5
java_class_path (initial): C:\Users\Chau\.gradle\wrapper\dists\gradle-6.5-all\2oz4ud9k3tuxjg84bbf55q0tn\gradle-6.5\lib\gradle-launcher-6.5.jar
Launcher Type: SUN_STANDARD

Environment Variables:
JAVA_HOME=C:\Program Files\Android\Jdk\microsoft_dist_openjdk_1.8.0.25
PATH=C:\Program Files (x86)\Common Files\Intel\Shared Files\cpp\bin\Intel64;C:\Program Files (x86)\Common Files\Oracle\Java\javapath;C:\WINDOWS\system32;C:\WINDOWS;C:\WINDOWS\System32\Wbem;C:\WINDOWS\System32\WindowsPowerShell\v1.0\;C:\WINDOWS\System32\OpenSSH\;C:\Program Files\Git\cmd;C:\Program Files\dotnet\;C:\Program Files (x86)\IncrediBuild;C:\Program Files\Intel\WiFi\bin\;C:\Program Files\Common Files\Intel\WirelessCommon\;C:\Program Files\Microsoft SQL Server\130\Tools\Binn\;C:\Program Files\Microsoft SQL Server\Client SDK\ODBC\170\Tools\Binn\;C:\Program Files (x86)\Microsoft SQL Server\150\Tools\Binn\;C:\Program Files\Microsoft SQL Server\150\Tools\Binn\;C:\Program Files\Microsoft SQL Server\150\DTS\Binn\;C:\Program Files\nodejs\;C:\xamp\php;C:\ProgramData\ComposerSetup\bin;C:\Program Files (x86)\Intel\Intel(R) Management Engine Components\DAL;C:\Program Files\Intel\Intel(R) Management Engine Components\DAL;C:\Program Files (x86)\dotnet\;C:\Users\Chau\AppData\Local\Programs\Python\Python39\Scripts\;C:\Users\Chau\AppData\Local\Programs\Python\Python39\;C:\Users\Chau\anaconda;C:\Users\Chau\anaconda\Library\mingw-w64\bin;C:\Users\Chau\anaconda\Library\usr\bin;C:\Users\Chau\anaconda\Library\bin;C:\Users\Chau\anaconda\Scripts;C:\Users\Chau\AppData\Local\Programs\Python\Python38\Scripts\;C:\Users\Chau\AppData\Local\Programs\Python\Python38\;C:\Users\Chau\anaconda3;C:\Users\Chau\anaconda3\Library\mingw-w64\bin;C:\Users\Chau\anaconda3\Library\usr\bin;C:\Users\Chau\anaconda3\Library\bin;C:\Users\Chau\anaconda3\Scripts;C:\Users\Chau\AppData\Local\Microsoft\WindowsApps;C:\xampp\php;C:\Users\Chau\AppData\Local\Programs\Microsoft VS Code\bin;C:\Users\Chau\AppData\Roaming\Composer\vendor\bin;C:\seleniumWebdrivers\;C:\Users\Chau\anaconda3\python.exe;C:\Users\Chau\AppData\Roaming\npm;C:\seleniumWebdrivers\geckodriver.exe;C:\Users\Chau\AppData\Local\Microsoft\WindowsApps;C:\Gradle\gradle-6.8.3\bin;
USERNAME=Chau
OS=Windows_NT
PROCESSOR_IDENTIFIER=Intel64 Family 6 Model 142 Stepping 10, GenuineIntel



---------------  S Y S T E M  ---------------

OS: Windows 10.0 , 64 bit Build 19041 (10.0.19041.928)

CPU:total 8 (initial active 8) (4 cores per cpu, 2 threads per core) family 6 model 142 stepping 10, cmov, cx8, fxsr, mmx, sse, sse2, sse3, ssse3, sse4.1, sse4.2, popcnt, avx, avx2, aes, clmul, erms, rtm, 3dnowpref, lzcnt, ht, tsc, tscinvbit, bmi1, bmi2, adx

Memory: 4k page, physical 16612328k(446460k free), swap 47706212k(5800k free)

vm_info: OpenJDK 64-Bit Server VM (25.242-b01) for windows-amd64 JRE (1.8.0_242-release-1644-b01), built by "builder" with MS VC++ 10.0 (VS2010)

time: Fri Apr 23 15:50:31 2021
timezone: Hora de verano central (México)
elapsed time: 9 seconds (0d 0h 0m 9s)

