#
# There is insufficient memory for the Java Runtime Environment to continue.
# Native memory allocation (malloc) failed to allocate 131088 bytes for Chunk::new
# Possible reasons:
#   The system is out of physical RAM or swap space
#   The process is running with CompressedOops enabled, and the Java Heap may be blocking the growth of the native heap
# Possible solutions:
#   Reduce memory load on the system
#   Increase physical memory or swap space
#   Check if swap backing store is full
#   Decrease Java heap size (-Xmx/-Xms)
#   Decrease number of Java threads
#   Decrease Java thread stack sizes (-Xss)
#   Set larger code cache with -XX:ReservedCodeCacheSize=
#   JVM is running with Unscaled Compressed Oops mode in which the Java heap is
#     placed in the first 4GB address space. The Java Heap base address is the
#     maximum limit for the native heap growth. Please use -XX:HeapBaseMinAddress
#     to set the Java Heap base and to place the Java Heap above 4GB virtual address.
# This output file may be truncated or incomplete.
#
#  Out of Memory Error (./src/hotspot/share/memory/arena.cpp:197), pid=16432, tid=14384
#
# JRE version: OpenJDK Runtime Environment (11.0.8+10) (build 11.0.8+10-b944.6842174)
# Java VM: OpenJDK 64-Bit Server VM (11.0.8+10-b944.6842174, mixed mode, tiered, compressed oops, parallel gc, windows-amd64)
# No core dump will be written. Minidumps are not enabled by default on client versions of Windows
#

---------------  S U M M A R Y ------------

Command Line: -XX:+UseParallelGC --add-opens=java.base/java.util=ALL-UNNAMED --add-opens=java.base/java.lang=ALL-UNNAMED --add-opens=java.base/java.lang.invoke=ALL-UNNAMED --add-opens=java.prefs/java.util.prefs=ALL-UNNAMED -Xmx1536m -Dfile.encoding=UTF-8 -Duser.country=MX -Duser.language=es -Duser.variant org.gradle.launcher.daemon.bootstrap.GradleDaemon 6.7.1

Host: Intel(R) Core(TM) i5-8350U CPU @ 1.70GHz, 8 cores, 15G,  Windows 10 , 64 bit Build 19041 (10.0.19041.1023)
Time: Thu Jul 22 20:09:13 2021 Hora de verano central (México) elapsed time: 2 seconds (0d 0h 0m 2s)

---------------  T H R E A D  ---------------

Current thread (0x000001a976a26800):  JavaThread "C2 CompilerThread0" daemon [_thread_in_native, id=14384, stack(0x0000009571a00000,0x0000009571b00000)]


Current CompileTask:
C2:   2582 2132       4       java.net.URLClassLoader$1::run (5 bytes)

Stack: [0x0000009571a00000,0x0000009571b00000]
Native frames: (J=compiled Java code, j=interpreted, Vv=VM code, C=native code)
V  [jvm.dll+0x5de50a]
V  [jvm.dll+0x7122f5]
V  [jvm.dll+0x71384d]
V  [jvm.dll+0x713f03]
V  [jvm.dll+0x23e728]
V  [jvm.dll+0xb899c]
V  [jvm.dll+0xb8e9c]
V  [jvm.dll+0xb8a98]
V  [jvm.dll+0x5be3b0]
V  [jvm.dll+0x4f00ee]
V  [jvm.dll+0x4efee3]
V  [jvm.dll+0x4ef511]
V  [jvm.dll+0x4f213c]
V  [jvm.dll+0x4f1bfb]
V  [jvm.dll+0x4f13cf]
V  [jvm.dll+0x4f13e3]
V  [jvm.dll+0x4f13e3]
V  [jvm.dll+0x4f13e3]
V  [jvm.dll+0x4f1396]
V  [jvm.dll+0x4f13e3]
V  [jvm.dll+0x4f13e3]
V  [jvm.dll+0x4f13e3]
V  [jvm.dll+0x4f13e3]
V  [jvm.dll+0x502606]
V  [jvm.dll+0x1f8df6]
V  [jvm.dll+0x1f685f]
V  [jvm.dll+0x17f32c]
V  [jvm.dll+0x205047]
V  [jvm.dll+0x203891]
V  [jvm.dll+0x6dad3f]
V  [jvm.dll+0x6d3895]
V  [jvm.dll+0x5dd4a6]
C  [ucrtbase.dll+0x21bb2]
C  [KERNEL32.DLL+0x17034]
C  [ntdll.dll+0x52651]


---------------  P R O C E S S  ---------------

Threads class SMR info:
_java_thread_list=0x000001a97aa7bcf0, length=25, elements={
0x000001a9603bb800, 0x000001a96048d000, 0x000001a960498000, 0x000001a976a1f800,
0x000001a976a25800, 0x000001a976a26800, 0x000001a976a2a800, 0x000001a976a2c800,
0x000001a977b16000, 0x000001a977b2c800, 0x000001a97a3d5800, 0x000001a979fcf000,
0x000001a979e94800, 0x000001a979e60800, 0x000001a979c36800, 0x000001a979b4e800,
0x000001a979b4f800, 0x000001a979b51000, 0x000001a97a3b4000, 0x000001a97a3fa000,
0x000001a97a3ad800, 0x000001a97a3b0800, 0x000001a97a3ae800, 0x000001a97ad4c800,
0x000001a97a3af000
}

Java Threads: ( => current thread )
  0x000001a9603bb800 JavaThread "main" [_thread_blocked, id=16624, stack(0x0000009571300000,0x0000009571400000)]
  0x000001a96048d000 JavaThread "Reference Handler" daemon [_thread_blocked, id=16492, stack(0x0000009571600000,0x0000009571700000)]
  0x000001a960498000 JavaThread "Finalizer" daemon [_thread_blocked, id=13288, stack(0x0000009571700000,0x0000009571800000)]
  0x000001a976a1f800 JavaThread "Signal Dispatcher" daemon [_thread_blocked, id=13852, stack(0x0000009571800000,0x0000009571900000)]
  0x000001a976a25800 JavaThread "Attach Listener" daemon [_thread_blocked, id=15136, stack(0x0000009571900000,0x0000009571a00000)]
=>0x000001a976a26800 JavaThread "C2 CompilerThread0" daemon [_thread_in_native, id=14384, stack(0x0000009571a00000,0x0000009571b00000)]
  0x000001a976a2a800 JavaThread "C1 CompilerThread0" daemon [_thread_in_native, id=16540, stack(0x0000009571b00000,0x0000009571c00000)]
  0x000001a976a2c800 JavaThread "Sweeper thread" daemon [_thread_blocked, id=18064, stack(0x0000009571c00000,0x0000009571d00000)]
  0x000001a977b16000 JavaThread "Common-Cleaner" daemon [_thread_blocked, id=17980, stack(0x0000009571d00000,0x0000009571e00000)]
  0x000001a977b2c800 JavaThread "Service Thread" daemon [_thread_blocked, id=9700, stack(0x0000009571e00000,0x0000009571f00000)]
  0x000001a97a3d5800 JavaThread "Daemon health stats" [_thread_blocked, id=13544, stack(0x0000009572600000,0x0000009572700000)]
  0x000001a979fcf000 JavaThread "Incoming local TCP Connector on port 54517" [_thread_in_native, id=16284, stack(0x0000009572700000,0x0000009572800000)]
  0x000001a979e94800 JavaThread "Daemon periodic checks" [_thread_blocked, id=8116, stack(0x0000009572800000,0x0000009572900000)]
  0x000001a979e60800 JavaThread "Daemon" [_thread_blocked, id=2120, stack(0x0000009572900000,0x0000009572a00000)]
  0x000001a979c36800 JavaThread "Handler for socket connection from /127.0.0.1:54517 to /127.0.0.1:54518" [_thread_in_native, id=11540, stack(0x0000009572a00000,0x0000009572b00000)]
  0x000001a979b4e800 JavaThread "Cancel handler" [_thread_blocked, id=14884, stack(0x0000009572b00000,0x0000009572c00000)]
  0x000001a979b4f800 JavaThread "Daemon worker" [_thread_in_vm, id=15720, stack(0x0000009572c00000,0x0000009572d00000)]
  0x000001a979b51000 JavaThread "Asynchronous log dispatcher for DefaultDaemonConnection: socket connection from /127.0.0.1:54517 to /127.0.0.1:54518" [_thread_blocked, id=4236, stack(0x0000009572d00000,0x0000009572e00000)]
  0x000001a97a3b4000 JavaThread "Stdin handler" [_thread_blocked, id=9924, stack(0x0000009572e00000,0x0000009572f00000)]
  0x000001a97a3fa000 JavaThread "Thread-8" [_thread_blocked, id=1076, stack(0x0000009572f00000,0x0000009573000000)]
  0x000001a97a3ad800 JavaThread "Cache worker for file hash cache (C:\Users\Chau\.gradle\caches\6.7.1\fileHashes)" [_thread_blocked, id=16320, stack(0x0000009573000000,0x0000009573100000)]
  0x000001a97a3b0800 JavaThread "File lock request listener" [_thread_in_native, id=1796, stack(0x0000009573100000,0x0000009573200000)]
  0x000001a97a3ae800 JavaThread "Cache worker for journal cache (C:\Users\Chau\.gradle\caches\journal-1)" [_thread_blocked, id=18184, stack(0x0000009573500000,0x0000009573600000)]
  0x000001a97ad4c800 JavaThread "C2 CompilerThread1" daemon [_thread_in_native, id=16272, stack(0x0000009573600000,0x0000009573700000)]
  0x000001a97a3af000 JavaThread "Cache worker for file hash cache (C:\Users\Chau\Desktop\MangoCliente\.gradle\6.7.1\fileHashes)" [_thread_blocked, id=11276, stack(0x0000009573700000,0x0000009573800000)]

Other Threads:
  0x000001a977971000 VMThread "VM Thread" [stack: 0x0000009571500000,0x0000009571600000] [id=14748]
  0x000001a977b30000 WatcherThread [stack: 0x0000009571f00000,0x0000009572000000] [id=17736]
  0x000001a9603d6800 GCTaskThread "ParGC Thread#0" [stack: 0x0000009571400000,0x0000009571500000] [id=18552]
  0x000001a97a0cb000 GCTaskThread "ParGC Thread#1" [stack: 0x0000009572100000,0x0000009572200000] [id=17680]
  0x000001a979f27000 GCTaskThread "ParGC Thread#2" [stack: 0x0000009572200000,0x0000009572300000] [id=12772]
  0x000001a979e4c000 GCTaskThread "ParGC Thread#3" [stack: 0x0000009572300000,0x0000009572400000] [id=9844]
  0x000001a979e4d000 GCTaskThread "ParGC Thread#4" [stack: 0x0000009572400000,0x0000009572500000] [id=15516]
  0x000001a97a610000 GCTaskThread "ParGC Thread#5" [stack: 0x0000009573200000,0x0000009573300000] [id=4176]
  0x000001a97a3fb000 GCTaskThread "ParGC Thread#6" [stack: 0x0000009573300000,0x0000009573400000] [id=14804]
  0x000001a97ac2c800 GCTaskThread "ParGC Thread#7" [stack: 0x0000009573400000,0x0000009573500000] [id=1108]

Threads with active compile tasks:
C2 CompilerThread0   2616 2132       4       java.net.URLClassLoader$1::run (5 bytes)
C1 CompilerThread0   2616 2175       3       java.util.Properties$LineReader::readLine (635 bytes)
C2 CompilerThread1   2616 2133   !   4       java.net.URLClassLoader$1::run (63 bytes)

VM state:not at safepoint (normal execution)

VM Mutex/Monitor currently owned by a thread: None

Heap address: 0x00000000a0000000, size: 1536 MB, Compressed Oops mode: 32-bit
Narrow klass base: 0x0000000000000000, Narrow klass shift: 3
Compressed class space size: 1073741824 Address: 0x0000000100000000

Heap:
 PSYoungGen      total 75776K, used 48821K [0x00000000e0000000, 0x00000000e5480000, 0x0000000100000000)
  eden space 65024K, 75% used [0x00000000e0000000,0x00000000e2fad7d8,0x00000000e3f80000)
  from space 10752K, 0% used [0x00000000e4a00000,0x00000000e4a00000,0x00000000e5480000)
  to   space 10752K, 0% used [0x00000000e3f80000,0x00000000e3f80000,0x00000000e4a00000)
 ParOldGen       total 173568K, used 14751K [0x00000000a0000000, 0x00000000aa980000, 0x00000000e0000000)
  object space 173568K, 8% used [0x00000000a0000000,0x00000000a0e67f10,0x00000000aa980000)
 Metaspace       used 25929K, capacity 26517K, committed 26752K, reserved 1073152K
  class space    used 3384K, capacity 3602K, committed 3712K, reserved 1048576K

Card table byte_map: [0x000001a95fd80000,0x000001a960090000] _byte_map_base: 0x000001a95f880000

Marking Bits: (ParMarkBitMap*) 0x00007fffc5e4d010
 Begin Bits: [0x000001a972d40000, 0x000001a974540000)
 End Bits:   [0x000001a974540000, 0x000001a975d40000)

Polling page: 0x000001a95e280000

Metaspace:

Usage:
  Non-class:     22.38 MB capacity,    22.02 MB ( 98%) used,   322.96 KB (  1%) free+waste,    47.13 KB ( <1%) overhead. 
      Class:      3.52 MB capacity,     3.31 MB ( 94%) used,   193.68 KB (  5%) free+waste,    23.50 KB ( <1%) overhead. 
       Both:     25.90 MB capacity,    25.32 MB ( 98%) used,   516.64 KB (  2%) free+waste,    70.63 KB ( <1%) overhead. 

Virtual space:
  Non-class space:       24.00 MB reserved,      22.50 MB ( 94%) committed 
      Class space:        1.00 GB reserved,       3.63 MB ( <1%) committed 
             Both:        1.02 GB reserved,      26.13 MB (  2%) committed 

Chunk freelists:
   Non-Class:  61.00 KB
       Class:  14.00 KB
        Both:  75.00 KB

MaxMetaspaceSize: 17179869184.00 GB
CompressedClassSpaceSize: 1.00 GB

CodeHeap 'non-profiled nmethods': size=120000Kb used=922Kb max_used=922Kb free=119077Kb
 bounds [0x000001a96b810000, 0x000001a96ba80000, 0x000001a972d40000]
CodeHeap 'profiled nmethods': size=120000Kb used=4031Kb max_used=4031Kb free=115968Kb
 bounds [0x000001a9642e0000, 0x000001a9646e0000, 0x000001a96b810000]
CodeHeap 'non-nmethods': size=5760Kb used=1138Kb max_used=1179Kb free=4621Kb
 bounds [0x000001a963d40000, 0x000001a963fb0000, 0x000001a9642e0000]
 total_blobs=2485 nmethods=2002 adapters=396
 compilation: enabled
              stopped_count=0, restarted_count=0
 full_count=0

Compilation events (20 events):
Event: 2.553 Thread 0x000001a976a2a800 2157       3       jdk.internal.misc.VM::isSystemDomainLoader (17 bytes)
Event: 2.553 Thread 0x000001a976a2a800 nmethod 2157 0x000001a9646cad90 code [0x000001a9646cafe0, 0x000001a9646cb958]
Event: 2.556 Thread 0x000001a976a2a800 2159       3       com.google.common.base.CharMatcher$IsEither::matches (22 bytes)
Event: 2.557 Thread 0x000001a976a2a800 nmethod 2159 0x000001a9646cbc90 code [0x000001a9646cbe40, 0x000001a9646cbfd8]
Event: 2.558 Thread 0x000001a976a2a800 2160       3       com.google.common.base.Preconditions::checkElementIndex (8 bytes)
Event: 2.558 Thread 0x000001a976a2a800 nmethod 2160 0x000001a9646cc090 code [0x000001a9646cc260, 0x000001a9646cc518]
Event: 2.558 Thread 0x000001a976a2a800 2161       3       com.google.common.base.Preconditions::checkElementIndex (25 bytes)
Event: 2.558 Thread 0x000001a976a2a800 nmethod 2161 0x000001a9646cc690 code [0x000001a9646cc860, 0x000001a9646ccab8]
Event: 2.558 Thread 0x000001a976a2a800 2162       3       java.util.Collections$UnmodifiableCollection::size (10 bytes)
Event: 2.558 Thread 0x000001a976a2a800 nmethod 2162 0x000001a9646ccc10 code [0x000001a9646ccdc0, 0x000001a9646ccf88]
Event: 2.558 Thread 0x000001a976a2a800 2164       3       java.util.Collections$UnmodifiableList::get (11 bytes)
Event: 2.558 Thread 0x000001a976a2a800 nmethod 2164 0x000001a9646cd090 code [0x000001a9646cd240, 0x000001a9646cd408]
Event: 2.558 Thread 0x000001a976a2a800 2166       3       org.gradle.api.internal.file.pattern.PatternMatcherFactory::compile (117 bytes)
Event: 2.559 Thread 0x000001a976a2a800 nmethod 2166 0x000001a9646cd510 code [0x000001a9646cd7c0, 0x000001a9646ce418]
Event: 2.559 Thread 0x000001a976a2a800 2165       1       org.gradle.api.internal.file.pattern.EndOfPathMatcher::getMaxSegments (2 bytes)
Event: 2.559 Thread 0x000001a976a2a800 nmethod 2165 0x000001a96b8f5c10 code [0x000001a96b8f5dc0, 0x000001a96b8f5e78]
Event: 2.569 Thread 0x000001a976a2a800 2171   !   3       java.util.concurrent.ConcurrentHashMap::replaceNode (437 bytes)
Event: 2.571 Thread 0x000001a976a2a800 nmethod 2171 0x000001a9646ce790 code [0x000001a9646ceb20, 0x000001a9646d09b8]
Event: 2.573 Thread 0x000001a976a2a800 2172       3       java.util.Arrays::rangeCheck (74 bytes)
Event: 2.573 Thread 0x000001a976a2a800 nmethod 2172 0x000001a9646d1790 code [0x000001a9646d1a60, 0x000001a9646d25e8]

GC Heap History (6 events):
Event: 1.021 GC heap before
{Heap before GC invocations=1 (full 0):
 PSYoungGen      total 75776K, used 65024K [0x00000000e0000000, 0x00000000e5480000, 0x0000000100000000)
  eden space 65024K, 100% used [0x00000000e0000000,0x00000000e3f80000,0x00000000e3f80000)
  from space 10752K, 0% used [0x00000000e4a00000,0x00000000e4a00000,0x00000000e5480000)
  to   space 10752K, 0% used [0x00000000e3f80000,0x00000000e3f80000,0x00000000e4a00000)
 ParOldGen       total 173568K, used 0K [0x00000000a0000000, 0x00000000aa980000, 0x00000000e0000000)
  object space 173568K, 0% used [0x00000000a0000000,0x00000000a0000000,0x00000000aa980000)
 Metaspace       used 11101K, capacity 11490K, committed 11520K, reserved 1058816K
  class space    used 1164K, capacity 1275K, committed 1280K, reserved 1048576K
}
Event: 1.026 GC heap after
{Heap after GC invocations=1 (full 0):
 PSYoungGen      total 75776K, used 10748K [0x00000000e0000000, 0x00000000e5480000, 0x0000000100000000)
  eden space 65024K, 0% used [0x00000000e0000000,0x00000000e0000000,0x00000000e3f80000)
  from space 10752K, 99% used [0x00000000e3f80000,0x00000000e49ff350,0x00000000e4a00000)
  to   space 10752K, 0% used [0x00000000e4a00000,0x00000000e4a00000,0x00000000e5480000)
 ParOldGen       total 173568K, used 1483K [0x00000000a0000000, 0x00000000aa980000, 0x00000000e0000000)
  object space 173568K, 0% used [0x00000000a0000000,0x00000000a0172fe0,0x00000000aa980000)
 Metaspace       used 11101K, capacity 11490K, committed 11520K, reserved 1058816K
  class space    used 1164K, capacity 1275K, committed 1280K, reserved 1048576K
}
Event: 2.169 GC heap before
{Heap before GC invocations=2 (full 0):
 PSYoungGen      total 75776K, used 65875K [0x00000000e0000000, 0x00000000e5480000, 0x0000000100000000)
  eden space 65024K, 84% used [0x00000000e0000000,0x00000000e35d5968,0x00000000e3f80000)
  from space 10752K, 99% used [0x00000000e3f80000,0x00000000e49ff350,0x00000000e4a00000)
  to   space 10752K, 0% used [0x00000000e4a00000,0x00000000e4a00000,0x00000000e5480000)
 ParOldGen       total 173568K, used 1483K [0x00000000a0000000, 0x00000000aa980000, 0x00000000e0000000)
  object space 173568K, 0% used [0x00000000a0000000,0x00000000a0172fe0,0x00000000aa980000)
 Metaspace       used 20572K, capacity 21111K, committed 21248K, reserved 1067008K
  class space    used 2525K, capacity 2712K, committed 2816K, reserved 1048576K
}
Event: 2.175 GC heap after
{Heap after GC invocations=2 (full 0):
 PSYoungGen      total 75776K, used 10742K [0x00000000e0000000, 0x00000000e5480000, 0x0000000100000000)
  eden space 65024K, 0% used [0x00000000e0000000,0x00000000e0000000,0x00000000e3f80000)
  from space 10752K, 99% used [0x00000000e4a00000,0x00000000e547db40,0x00000000e5480000)
  to   space 10752K, 0% used [0x00000000e3f80000,0x00000000e3f80000,0x00000000e4a00000)
 ParOldGen       total 173568K, used 4306K [0x00000000a0000000, 0x00000000aa980000, 0x00000000e0000000)
  object space 173568K, 2% used [0x00000000a0000000,0x00000000a04349a8,0x00000000aa980000)
 Metaspace       used 20572K, capacity 21111K, committed 21248K, reserved 1067008K
  class space    used 2525K, capacity 2712K, committed 2816K, reserved 1048576K
}
Event: 2.175 GC heap before
{Heap before GC invocations=3 (full 1):
 PSYoungGen      total 75776K, used 10742K [0x00000000e0000000, 0x00000000e5480000, 0x0000000100000000)
  eden space 65024K, 0% used [0x00000000e0000000,0x00000000e0000000,0x00000000e3f80000)
  from space 10752K, 99% used [0x00000000e4a00000,0x00000000e547db40,0x00000000e5480000)
  to   space 10752K, 0% used [0x00000000e3f80000,0x00000000e3f80000,0x00000000e4a00000)
 ParOldGen       total 173568K, used 4306K [0x00000000a0000000, 0x00000000aa980000, 0x00000000e0000000)
  object space 173568K, 2% used [0x00000000a0000000,0x00000000a04349a8,0x00000000aa980000)
 Metaspace       used 20572K, capacity 21111K, committed 21248K, reserved 1067008K
  class space    used 2525K, capacity 2712K, committed 2816K, reserved 1048576K
}
Event: 2.209 GC heap after
{Heap after GC invocations=3 (full 1):
 PSYoungGen      total 75776K, used 0K [0x00000000e0000000, 0x00000000e5480000, 0x0000000100000000)
  eden space 65024K, 0% used [0x00000000e0000000,0x00000000e0000000,0x00000000e3f80000)
  from space 10752K, 0% used [0x00000000e4a00000,0x00000000e4a00000,0x00000000e5480000)
  to   space 10752K, 0% used [0x00000000e3f80000,0x00000000e3f80000,0x00000000e4a00000)
 ParOldGen       total 173568K, used 14751K [0x00000000a0000000, 0x00000000aa980000, 0x00000000e0000000)
  object space 173568K, 8% used [0x00000000a0000000,0x00000000a0e67f10,0x00000000aa980000)
 Metaspace       used 20572K, capacity 21111K, committed 21248K, reserved 1067008K
  class space    used 2525K, capacity 2712K, committed 2816K, reserved 1048576K
}

Deoptimization events (20 events):
Event: 2.364 Thread 0x000001a979b4f800 Uncommon trap: trap_request=0xffffffcc fr.pc=0x000001a96b8da9f8 relative=0x00000000000002b8
Event: 2.364 Thread 0x000001a979b4f800 Uncommon trap: reason=intrinsic_or_type_checked_inlining action=make_not_entrant pc=0x000001a96b8da9f8 method=java.util.Arrays.copyOf([Ljava/lang/Object;ILjava/lang/Class;)[Ljava/lang/Object; @ 35 c2
Event: 2.364 Thread 0x000001a979b4f800 DEOPT PACKING pc=0x000001a96b8da9f8 sp=0x0000009572cfb660
Event: 2.364 Thread 0x000001a979b4f800 DEOPT UNPACKING pc=0x000001a963d66caf sp=0x0000009572cfb5f0 mode 2
Event: 2.461 Thread 0x000001a979b4f800 Uncommon trap: trap_request=0xffffff4d fr.pc=0x000001a96b8670e0 relative=0x00000000000001a0
Event: 2.461 Thread 0x000001a979b4f800 Uncommon trap: reason=unstable_if action=reinterpret pc=0x000001a96b8670e0 method=java.util.HashMap.getNode(ILjava/lang/Object;)Ljava/util/HashMap$Node; @ 129 c2
Event: 2.461 Thread 0x000001a979b4f800 DEOPT PACKING pc=0x000001a96b8670e0 sp=0x0000009572cfd0f0
Event: 2.461 Thread 0x000001a979b4f800 DEOPT UNPACKING pc=0x000001a963d66caf sp=0x0000009572cfd000 mode 2
Event: 2.555 Thread 0x000001a979b4f800 Uncommon trap: trap_request=0xffffff7e fr.pc=0x000001a96b8db630 relative=0x0000000000000150
Event: 2.555 Thread 0x000001a979b4f800 Uncommon trap: reason=predicate action=maybe_recompile pc=0x000001a96b8db630 method=com.google.common.base.CharMatcher.indexIn(Ljava/lang/CharSequence;I)I @ 19 c2
Event: 2.555 Thread 0x000001a979b4f800 DEOPT PACKING pc=0x000001a96b8db630 sp=0x0000009572cfbe10
Event: 2.555 Thread 0x000001a979b4f800 DEOPT UNPACKING pc=0x000001a963d66caf sp=0x0000009572cfbda0 mode 2
Event: 2.569 Thread 0x000001a979b4f800 Uncommon trap: trap_request=0xffffffde fr.pc=0x000001a96b86809c relative=0x00000000000001dc
Event: 2.569 Thread 0x000001a979b4f800 Uncommon trap: reason=class_check action=maybe_recompile pc=0x000001a96b86809c method=java.util.Collections$SetFromMap.remove(Ljava/lang/Object;)Z @ 5 c2
Event: 2.569 Thread 0x000001a979b4f800 DEOPT PACKING pc=0x000001a96b86809c sp=0x0000009572cfc880
Event: 2.569 Thread 0x000001a979b4f800 DEOPT UNPACKING pc=0x000001a963d66caf sp=0x0000009572cfc848 mode 2
Event: 2.569 Thread 0x000001a979b4f800 Uncommon trap: trap_request=0xffffffde fr.pc=0x000001a96b86809c relative=0x00000000000001dc
Event: 2.569 Thread 0x000001a979b4f800 Uncommon trap: reason=class_check action=maybe_recompile pc=0x000001a96b86809c method=java.util.Collections$SetFromMap.remove(Ljava/lang/Object;)Z @ 5 c2
Event: 2.569 Thread 0x000001a979b4f800 DEOPT PACKING pc=0x000001a96b86809c sp=0x0000009572cfc800
Event: 2.569 Thread 0x000001a979b4f800 DEOPT UNPACKING pc=0x000001a963d66caf sp=0x0000009572cfc7c8 mode 2

Classes redefined (0 events):
No events

Internal exceptions (20 events):
Event: 1.898 Thread 0x000001a979c36800 Exception <a 'java/lang/NoSuchMethodError'{0x00000000e16a0f98}: <clinit>> (0x00000000e16a0f98) thrown at [./src/hotspot/share/prims/jni.cpp, line 1362]
Event: 1.902 Thread 0x000001a979c36800 Exception <a 'java/lang/NoSuchMethodError'{0x00000000e16d39d0}: <clinit>> (0x00000000e16d39d0) thrown at [./src/hotspot/share/prims/jni.cpp, line 1362]
Event: 1.946 Thread 0x000001a979b4f800 Exception <a 'java/lang/NoSuchMethodError'{0x00000000e1b47608}: 'void java.lang.invoke.DelegatingMethodHandle$Holder.reinvoke_L(java.lang.Object, java.lang.Object, java.lang.Object, java.lang.Object)'> (0x00000000e1b47608) thrown at [./src/hotspot/share/interpreter/linkResolver.cpp, line 773]
Event: 1.951 Thread 0x000001a979b4f800 Exception <a 'java/lang/NoSuchMethodError'{0x00000000e1b7e310}: 'long java.lang.invoke.DirectMethodHandle$Holder.invokeInterface(java.lang.Object, java.lang.Object)'> (0x00000000e1b7e310) thrown at [./src/hotspot/share/interpreter/linkResolver.cpp, line 773]
Event: 1.952 Thread 0x000001a979b4f800 Exception <a 'java/lang/NoSuchMethodError'{0x00000000e1b9fe60}: 'void java.lang.invoke.DelegatingMethodHandle$Holder.reinvoke_L(java.lang.Object, java.lang.Object, java.lang.Object, java.lang.Object, java.lang.Object, java.lang.Object, java.lang.Object)'> (0x00000000e1b9fe60) thrown at [./src/hotspot/share/interpreter/linkResolver.cpp, line 773]
Event: 2.071 Thread 0x000001a979b4f800 Exception <a 'java/lang/NoSuchMethodError'{0x00000000e29ed5e8}: 'java.lang.Object java.lang.invoke.DirectMethodHandle$Holder.invokeVirtual(java.lang.Object, java.lang.Object, java.lang.Object)'> (0x00000000e29ed5e8) thrown at [./src/hotspot/share/interpreter/linkResolver.cpp, line 773]
Event: 2.091 Thread 0x000001a979b4f800 Exception <a 'java/lang/NoSuchMethodError'{0x00000000e2d4a4f8}: 'void java.lang.invoke.DirectMethodHandle$Holder.invokeStaticInit(java.lang.Object)'> (0x00000000e2d4a4f8) thrown at [./src/hotspot/share/interpreter/linkResolver.cpp, line 773]
Event: 2.162 Thread 0x000001a979b4f800 Exception <a 'java/lang/NoSuchMethodError'{0x00000000e3499ba0}: 'int java.lang.invoke.DirectMethodHandle$Holder.invokeSpecialIFC(java.lang.Object, java.lang.Object, java.lang.Object, java.lang.Object)'> (0x00000000e3499ba0) thrown at [./src/hotspot/share/interpreter/linkResolver.cpp, line 773]
Event: 2.163 Thread 0x000001a979b4f800 Exception <a 'java/lang/NoSuchMethodError'{0x00000000e34a78c0}: 'java.lang.Object java.lang.invoke.DirectMethodHandle$Holder.invokeInterface(java.lang.Object, java.lang.Object, java.lang.Object)'> (0x00000000e34a78c0) thrown at [./src/hotspot/share/interpreter/linkResolver.cpp, line 773]
Event: 2.163 Thread 0x000001a979b4f800 Exception <a 'java/lang/IncompatibleClassChangeError'{0x00000000e34aad98}: Found class java.lang.Object, but interface was expected> (0x00000000e34aad98) thrown at [./src/hotspot/share/interpreter/linkResolver.cpp, line 839]
Event: 2.245 Thread 0x000001a979b4f800 Exception <a 'java/lang/NoSuchMethodError'{0x00000000e04ac9a0}: 'void java.lang.invoke.DirectMethodHandle$Holder.invokeSpecial(java.lang.Object, java.lang.Object)'> (0x00000000e04ac9a0) thrown at [./src/hotspot/share/interpreter/linkResolver.cpp, line 773]
Event: 2.308 Thread 0x000001a979b4f800 Exception <a 'java/lang/NoSuchMethodError'{0x00000000e0eb17c0}: 'java.lang.Object java.lang.invoke.DirectMethodHandle$Holder.invokeVirtual(java.lang.Object, java.lang.Object, java.lang.Object, java.lang.Object)'> (0x00000000e0eb17c0) thrown at [./src/hotspot/share/interpreter/linkResolver.cpp, line 773]
Event: 2.436 Thread 0x000001a979b4f800 Exception <a 'java/lang/NoSuchMethodError'{0x00000000e1b41558}: 'void java.lang.invoke.DirectMethodHandle$Holder.invokeSpecial(java.lang.Object, java.lang.Object, java.lang.Object, java.lang.Object, java.lang.Object, java.lang.Object)'> (0x00000000e1b41558) thrown at [./src/hotspot/share/interpreter/linkResolver.cpp, line 773]
Event: 2.456 Thread 0x000001a979b4f800 Exception <a 'java/lang/NoSuchMethodError'{0x00000000e1cea198}: 'java.lang.Object java.lang.invoke.Invokers$Holder.invoker(java.lang.Object, java.lang.Object, java.lang.Object)'> (0x00000000e1cea198) thrown at [./src/hotspot/share/interpreter/linkResolver.cpp, line 773]
Event: 2.470 Thread 0x000001a979b4f800 Exception <a 'java/lang/NoSuchMethodError'{0x00000000e1de8eb8}: 'void java.lang.invoke.DirectMethodHandle$Holder.invokeSpecial(java.lang.Object, java.lang.Object, java.lang.Object, java.lang.Object, java.lang.Object, java.lang.Object, java.lang.Object)'> (0x00000000e1de8eb8) thrown at [./src/hotspot/share/interpreter/linkResolver.cpp, line 773]
Event: 2.471 Thread 0x000001a979b4f800 Exception <a 'java/lang/NoSuchMethodError'{0x00000000e1df1100}: 'java.lang.Object java.lang.invoke.Invokers$Holder.linkToTargetMethod(java.lang.Object, java.lang.Object, java.lang.Object, java.lang.Object, java.lang.Object, java.lang.Object)'> (0x00000000e1df1100) thrown at [./src/hotspot/share/interpreter/linkResolver.cpp, line 773]
Event: 2.482 Thread 0x000001a979b4f800 Exception <a 'java/lang/NoSuchMethodError'{0x00000000e1f12fa8}: 'java.lang.Object java.lang.invoke.DirectMethodHandle$Holder.invokeVirtual(java.lang.Object, java.lang.Object, java.lang.Object, java.lang.Object, java.lang.Object, java.lang.Object, java.lang.Object, java.lang.Object, java.lang.Object, java.lang.Object, java.lang.Object, java.lang.Object, java.lang.Object, java.lang.Object, java.lang.Object, java.lang.Object, java.lang.Object)'> (0x00000000e1f12fa8) thrown at [./src/hotspot/share/interpreter/
Event: 2.483 Thread 0x000001a979b4f800 Exception <a 'java/lang/NoSuchMethodError'{0x00000000e1f436d8}: 'java.lang.Object java.lang.invoke.DirectMethodHandle$Holder.invokeSpecial(java.lang.Object, java.lang.Object, java.lang.Object, java.lang.Object, java.lang.Object, java.lang.Object, java.lang.Object, java.lang.Object, java.lang.Object)'> (0x00000000e1f436d8) thrown at [./src/hotspot/share/interpreter/linkResolver.cpp, line 773]
Event: 2.566 Thread 0x000001a979b4f800 Exception <a 'java/lang/NoSuchMethodError'{0x00000000e289eed8}: 'java.lang.Object java.lang.invoke.DirectMethodHandle$Holder.invokeStatic(java.lang.Object, java.lang.Object, java.lang.Object, int, java.lang.Object, java.lang.Object)'> (0x00000000e289eed8) thrown at [./src/hotspot/share/interpreter/linkResolver.cpp, line 773]
Event: 2.567 Thread 0x000001a979b4f800 Exception <a 'java/lang/NoSuchMethodError'{0x00000000e28a6240}: 'java.lang.Object java.lang.invoke.Invokers$Holder.linkToTargetMethod(java.lang.Object, java.lang.Object, int, java.lang.Object, java.lang.Object, java.lang.Object)'> (0x00000000e28a6240) thrown at [./src/hotspot/share/interpreter/linkResolver.cpp, line 773]

Events (20 events):
Event: 2.579 loading class org/gradle/initialization/BuildOptionBuildOperationProgressEventsEmitter$1
Event: 2.579 loading class org/gradle/initialization/BuildOptionBuildOperationProgressEventsEmitter$1 done
Event: 2.579 loading class org/gradle/internal/configurationcache/options/ConfigurationCacheSettingsFinalizedProgressDetails
Event: 2.579 loading class org/gradle/internal/configurationcache/options/ConfigurationCacheSettingsFinalizedProgressDetails done
Event: 2.579 loading class org/gradle/internal/operations/OperationProgressEvent
Event: 2.579 loading class org/gradle/internal/operations/OperationProgressEvent done
Event: 2.579 loading class org/gradle/internal/operations/notify/BuildOperationNotificationBridge$Progress
Event: 2.579 loading class org/gradle/internal/operations/notify/BuildOperationNotificationBridge$Progress done
Event: 2.580 loading class org/gradle/initialization/BuildOptionBuildOperationProgressEventsEmitter$2
Event: 2.580 loading class org/gradle/initialization/BuildOptionBuildOperationProgressEventsEmitter$2 done
Event: 2.580 loading class org/gradle/internal/watch/options/FileSystemWatchingSettingsFinalizedProgressDetails
Event: 2.580 loading class org/gradle/internal/watch/options/FileSystemWatchingSettingsFinalizedProgressDetails done
Event: 2.580 loading class org/gradle/api/invocation/Gradle
Event: 2.580 loading class org/gradle/api/invocation/Gradle done
Event: 2.580 loading class org/gradle/api/invocation/Gradle
Event: 2.580 loading class org/gradle/api/invocation/Gradle done
Event: 2.580 loading class org/gradle/internal/operations/notify/BuildOperationNotificationBridge$2
Event: 2.580 loading class org/gradle/internal/operations/notify/BuildOperationNotificationBridge$2 done
Event: 2.580 loading class org/gradle/internal/event/BroadcastDispatch$ActionInvocationHandler
Event: 2.580 loading class org/gradle/internal/event/BroadcastDispatch$ActionInvocationHandler done


Dynamic libraries:
0x00007ff7a1720000 - 0x00007ff7a172a000 	C:\Program Files\Android\Android Studio\jre\bin\java.exe
0x00007ff809970000 - 0x00007ff809b65000 	C:\WINDOWS\SYSTEM32\ntdll.dll
0x00007ff808ef0000 - 0x00007ff808fad000 	C:\WINDOWS\System32\KERNEL32.DLL
0x00007ff807530000 - 0x00007ff8077f9000 	C:\WINDOWS\System32\KERNELBASE.dll
0x00007ff8070b0000 - 0x00007ff8071b0000 	C:\WINDOWS\System32\ucrtbase.dll
0x00007ff802cd0000 - 0x00007ff802ce9000 	C:\Program Files\Android\Android Studio\jre\bin\jli.dll
0x00007ff8026a0000 - 0x00007ff8026b7000 	C:\Program Files\Android\Android Studio\jre\bin\VCRUNTIME140.dll
0x00007ff8091b0000 - 0x00007ff809350000 	C:\WINDOWS\System32\USER32.dll
0x00007ff807340000 - 0x00007ff807362000 	C:\WINDOWS\System32\win32u.dll
0x00007ff809180000 - 0x00007ff8091aa000 	C:\WINDOWS\System32\GDI32.dll
0x00007ff807420000 - 0x00007ff80752b000 	C:\WINDOWS\System32\gdi32full.dll
0x00007ff8071b0000 - 0x00007ff80724d000 	C:\WINDOWS\System32\msvcp_win.dll
0x00007ffff2fd0000 - 0x00007ffff326a000 	C:\WINDOWS\WinSxS\amd64_microsoft.windows.common-controls_6595b64144ccf1df_6.0.19041.1110_none_60b5254171f9507e\COMCTL32.dll
0x00007ff807fb0000 - 0x00007ff80804e000 	C:\WINDOWS\System32\msvcrt.dll
0x00007ff8090a0000 - 0x00007ff8090d0000 	C:\WINDOWS\System32\IMM32.DLL
0x00007fffe0160000 - 0x00007fffe01fd000 	C:\Program Files\Android\Android Studio\jre\bin\msvcp140.dll
0x00007fffc5450000 - 0x00007fffc5f0c000 	C:\Program Files\Android\Android Studio\jre\bin\server\jvm.dll
0x00007ff8079f0000 - 0x00007ff807a9c000 	C:\WINDOWS\System32\ADVAPI32.dll
0x00007ff807f10000 - 0x00007ff807fab000 	C:\WINDOWS\System32\sechost.dll
0x00007ff809590000 - 0x00007ff8096ba000 	C:\WINDOWS\System32\RPCRT4.dll
0x00007ff8079e0000 - 0x00007ff8079e8000 	C:\WINDOWS\System32\PSAPI.DLL
0x00007fffeb140000 - 0x00007fffeb149000 	C:\WINDOWS\SYSTEM32\WSOCK32.dll
0x00007ff8098b0000 - 0x00007ff80991b000 	C:\WINDOWS\System32\WS2_32.dll
0x00007ffff2ae0000 - 0x00007ffff2b07000 	C:\WINDOWS\SYSTEM32\WINMM.dll
0x00007fffffd70000 - 0x00007fffffd7a000 	C:\WINDOWS\SYSTEM32\VERSION.dll
0x00007ff804fe0000 - 0x00007ff804ff2000 	C:\WINDOWS\SYSTEM32\kernel.appcore.dll
0x00007ff800750000 - 0x00007ff800761000 	C:\Program Files\Android\Android Studio\jre\bin\verify.dll
0x00007ffff4850000 - 0x00007ffff4a34000 	C:\WINDOWS\SYSTEM32\DBGHELP.DLL
0x00007fffeb4d0000 - 0x00007fffeb4fc000 	C:\WINDOWS\SYSTEM32\dbgcore.DLL
0x00007ff8072b0000 - 0x00007ff807333000 	C:\WINDOWS\System32\bcryptPrimitives.dll
0x00007ffffb5d0000 - 0x00007ffffb5f9000 	C:\Program Files\Android\Android Studio\jre\bin\java.dll
0x00007ff802050000 - 0x00007ff80205b000 	C:\Program Files\Android\Android Studio\jre\bin\jimage.dll
0x00007ffffad90000 - 0x00007ffffada8000 	C:\Program Files\Android\Android Studio\jre\bin\zip.dll
0x00007ff8083b0000 - 0x00007ff808aef000 	C:\WINDOWS\System32\SHELL32.dll
0x00007ff8051e0000 - 0x00007ff805971000 	C:\WINDOWS\SYSTEM32\windows.storage.dll
0x00007ff808050000 - 0x00007ff8083a5000 	C:\WINDOWS\System32\combase.dll
0x00007ff806b20000 - 0x00007ff806b4c000 	C:\WINDOWS\SYSTEM32\Wldp.dll
0x00007ff8090d0000 - 0x00007ff80917e000 	C:\WINDOWS\System32\SHCORE.dll
0x00007ff8094a0000 - 0x00007ff8094f5000 	C:\WINDOWS\System32\shlwapi.dll
0x00007ff806ff0000 - 0x00007ff80700f000 	C:\WINDOWS\SYSTEM32\profapi.dll
0x00007ffffa810000 - 0x00007ffffa82a000 	C:\Program Files\Android\Android Studio\jre\bin\net.dll
0x00007ffffb8e0000 - 0x00007ffffb9ea000 	C:\WINDOWS\SYSTEM32\WINHTTP.dll
0x00007ff806880000 - 0x00007ff8068ea000 	C:\WINDOWS\system32\mswsock.dll
0x00007ffff64d0000 - 0x00007ffff64e4000 	C:\Program Files\Android\Android Studio\jre\bin\nio.dll
0x00007ff802500000 - 0x00007ff802527000 	C:\Users\Chau\.gradle\native\fdc75f09e3144964f2cf3f50f0aa648679c211496f362492102eb8c894070792\windows-amd64\native-platform.dll
0x00007fffd4790000 - 0x00007fffd4926000 	C:\Users\Chau\.gradle\native\12488b8bf47d2d4c9fbf2f6322a914ad602e24e48041cd04a747c6da556b65c4\windows-amd64\native-platform-file-events.dll
0x00007ffff64c0000 - 0x00007ffff64ca000 	C:\Program Files\Android\Android Studio\jre\bin\management.dll
0x00007ffff2fb0000 - 0x00007ffff2fbc000 	C:\Program Files\Android\Android Studio\jre\bin\management_ext.dll
0x00007ff806a60000 - 0x00007ff806a78000 	C:\WINDOWS\SYSTEM32\CRYPTSP.dll
0x00007ff8061b0000 - 0x00007ff8061e4000 	C:\WINDOWS\system32\rsaenh.dll
0x00007ff807800000 - 0x00007ff807827000 	C:\WINDOWS\System32\bcrypt.dll
0x00007ff806fb0000 - 0x00007ff806fde000 	C:\WINDOWS\SYSTEM32\USERENV.dll
0x00007ff806a80000 - 0x00007ff806a8c000 	C:\WINDOWS\SYSTEM32\CRYPTBASE.dll
0x00007ff806520000 - 0x00007ff80655b000 	C:\WINDOWS\SYSTEM32\IPHLPAPI.DLL
0x00007ff809920000 - 0x00007ff809928000 	C:\WINDOWS\System32\NSI.dll
0x00007ffffee80000 - 0x00007ffffee97000 	C:\WINDOWS\SYSTEM32\dhcpcsvc6.DLL
0x00007fffffe00000 - 0x00007fffffe1d000 	C:\WINDOWS\SYSTEM32\dhcpcsvc.DLL
0x00007ff806560000 - 0x00007ff80662c000 	C:\WINDOWS\SYSTEM32\DNSAPI.dll
0x00007ff800000000 - 0x00007ff80000b000 	C:\WINDOWS\SYSTEM32\WINNSI.DLL

dbghelp: loaded successfully - version: 4.0.5 - missing functions: none
symbol engine: initialized successfully - sym options: 0x614 - pdb path: .;C:\Program Files\Android\Android Studio\jre\bin;C:\WINDOWS\SYSTEM32;C:\WINDOWS\WinSxS\amd64_microsoft.windows.common-controls_6595b64144ccf1df_6.0.19041.1110_none_60b5254171f9507e;C:\Program Files\Android\Android Studio\jre\bin\server;C:\Users\Chau\.gradle\native\fdc75f09e3144964f2cf3f50f0aa648679c211496f362492102eb8c894070792\windows-amd64;C:\Users\Chau\.gradle\native\12488b8bf47d2d4c9fbf2f6322a914ad602e24e48041cd04a747c6da556b65c4\windows-amd64

VM Arguments:
jvm_args: -XX:+UseParallelGC --add-opens=java.base/java.util=ALL-UNNAMED --add-opens=java.base/java.lang=ALL-UNNAMED --add-opens=java.base/java.lang.invoke=ALL-UNNAMED --add-opens=java.prefs/java.util.prefs=ALL-UNNAMED -Xmx1536m -Dfile.encoding=UTF-8 -Duser.country=MX -Duser.language=es -Duser.variant 
java_command: org.gradle.launcher.daemon.bootstrap.GradleDaemon 6.7.1
java_class_path (initial): C:\Users\Chau\.gradle\wrapper\dists\gradle-6.7.1-all\2moa8rlfac5eqlcfgk98k0deb\gradle-6.7.1\lib\gradle-launcher-6.7.1.jar
Launcher Type: SUN_STANDARD

[Global flags]
     intx CICompilerCount                          = 4                                         {product} {ergonomic}
   size_t InitialHeapSize                          = 266338304                                 {product} {ergonomic}
   size_t MaxHeapSize                              = 1610612736                                {product} {command line}
   size_t MaxNewSize                               = 536870912                                 {product} {ergonomic}
   size_t MinHeapDeltaBytes                        = 524288                                    {product} {ergonomic}
   size_t NewSize                                  = 88604672                                  {product} {ergonomic}
    uintx NonNMethodCodeHeapSize                   = 5836300                                {pd product} {ergonomic}
    uintx NonProfiledCodeHeapSize                  = 122910970                              {pd product} {ergonomic}
   size_t OldSize                                  = 177733632                                 {product} {ergonomic}
    uintx ProfiledCodeHeapSize                     = 122910970                              {pd product} {ergonomic}
    uintx ReservedCodeCacheSize                    = 251658240                              {pd product} {ergonomic}
     bool SegmentedCodeCache                       = true                                      {product} {ergonomic}
     bool UseCompressedClassPointers               = true                                 {lp64_product} {ergonomic}
     bool UseCompressedOops                        = true                                 {lp64_product} {ergonomic}
     bool UseLargePagesIndividualAllocation        = false                                  {pd product} {ergonomic}
     bool UseParallelGC                            = true                                      {product} {command line}

Logging:
Log output configuration:
 #0: stdout all=warning uptime,level,tags
 #1: stderr all=off uptime,level,tags

Environment Variables:
JAVA_HOME=C:\Program Files\Android\Jdk\microsoft_dist_openjdk_1.8.0.25
PATH=C:\Program Files (x86)\Common Files\Intel\Shared Files\cpp\bin\Intel64;C:\WINDOWS\system32;C:\WINDOWS;C:\WINDOWS\System32\Wbem;C:\WINDOWS\System32\WindowsPowerShell\v1.0\;C:\WINDOWS\System32\OpenSSH\;C:\Program Files\Git\cmd;C:\Program Files\dotnet\;C:\Program Files (x86)\IncrediBuild;C:\Program Files\Intel\WiFi\bin\;C:\Program Files\Common Files\Intel\WirelessCommon\;C:\Program Files\Microsoft SQL Server\130\Tools\Binn\;C:\Program Files\Microsoft SQL Server\Client SDK\ODBC\170\Tools\Binn\;C:\Program Files (x86)\Microsoft SQL Server\150\Tools\Binn\;C:\Program Files\Microsoft SQL Server\150\Tools\Binn\;C:\Program Files\Microsoft SQL Server\150\DTS\Binn\;C:\Program Files\nodejs\;C:\xamp\php;C:\ProgramData\ComposerSetup\bin;C:\Program Files (x86)\dotnet\;C:\Program Files (x86)\Intel\Intel(R) Management Engine Components\DAL;C:\Program Files\Intel\Intel(R) Management Engine Components\DAL;C:\Users\Chau\AppData\Local\Programs\Python\Python39\Scripts\;C:\Users\Chau\AppData\Local\Programs\Python\Python39\;C:\Users\Chau\anaconda;C:\Users\Chau\anaconda\Library\mingw-w64\bin;C:\Users\Chau\anaconda\Library\usr\bin;C:\Users\Chau\anaconda\Library\bin;C:\Users\Chau\anaconda\Scripts;C:\Users\Chau\AppData\Local\Programs\Python\Python38\Scripts\;C:\Users\Chau\AppData\Local\Programs\Python\Python38\;C:\Users\Chau\anaconda3;C:\Users\Chau\anaconda3\Library\mingw-w64\bin;C:\Users\Chau\anaconda3\Library\usr\bin;C:\Users\Chau\anaconda3\Library\bin;C:\Users\Chau\anaconda3\Scripts;C:\Users\Chau\AppData\Local\Microsoft\WindowsApps;C:\xampp\php;C:\Users\Chau\AppData\Local\Programs\Microsoft VS Code\bin;C:\Users\Chau\AppData\Roaming\Composer\vendor\bin;C:\seleniumWebdrivers\;C:\Users\Chau\anaconda3\python.exe;C:\Users\Chau\AppData\Roaming\npm;C:\seleniumWebdrivers\geckodriver.exe;C:\Users\Chau\AppData\Local\Microsoft\WindowsApps;C:\Gradle\gradle-6.8.3\bin;
USERNAME=Chau
OS=Windows_NT
PROCESSOR_IDENTIFIER=Intel64 Family 6 Model 142 Stepping 10, GenuineIntel



---------------  S Y S T E M  ---------------

OS: Windows 10 , 64 bit Build 19041 (10.0.19041.1023)
OS uptime: 1 days 13:41 hours

CPU:total 8 (initial active 8) (4 cores per cpu, 2 threads per core) family 6 model 142 stepping 10, cmov, cx8, fxsr, mmx, sse, sse2, sse3, ssse3, sse4.1, sse4.2, popcnt, avx, avx2, aes, clmul, erms, rtm, 3dnowpref, lzcnt, ht, tsc, tscinvbit, bmi1, bmi2, adx, fma

Memory: 4k page, system-wide physical 16222M (549M free)
TotalPageFile size 46588M (AvailPageFile size 3M)
current process WorkingSet (physical memory assigned to process): 205M, peak: 205M
current process commit charge ("private bytes"): 427M, peak: 427M

vm_info: OpenJDK 64-Bit Server VM (11.0.8+10-b944.6842174) for windows-amd64 JRE (11.0.8+10-b944.6842174), built on Sep 19 2020 01:11:42 by "builder" with MS VC++ 14.0 (VS2015)

END.
