#
# There is insufficient memory for the Java Runtime Environment to continue.
# Native memory allocation (malloc) failed to allocate 1292976 bytes for Chunk::new
# Possible reasons:
#   The system is out of physical RAM or swap space
#   The process is running with CompressedOops enabled, and the Java Heap may be blocking the growth of the native heap
# Possible solutions:
#   Reduce memory load on the system
#   Increase physical memory or swap space
#   Check if swap backing store is full
#   Decrease Java heap size (-Xmx/-Xms)
#   Decrease number of Java threads
#   Decrease Java thread stack sizes (-Xss)
#   Set larger code cache with -XX:ReservedCodeCacheSize=
#   JVM is running with Unscaled Compressed Oops mode in which the Java heap is
#     placed in the first 4GB address space. The Java Heap base address is the
#     maximum limit for the native heap growth. Please use -XX:HeapBaseMinAddress
#     to set the Java Heap base and to place the Java Heap above 4GB virtual address.
# This output file may be truncated or incomplete.
#
#  Out of Memory Error (allocation.cpp:389), pid=23652, tid=0x0000000000003dc0
#
# JRE version: OpenJDK Runtime Environment (8.0_242-b01) (build 1.8.0_242-release-1644-b01)
# Java VM: OpenJDK 64-Bit Server VM (25.242-b01 mixed mode windows-amd64 compressed oops)
# Failed to write core dump. Minidumps are not enabled by default on client versions of Windows
#

---------------  T H R E A D  ---------------

Current thread (0x0000000018886800):  JavaThread "C2 CompilerThread2" daemon [_thread_in_native, id=15808, stack(0x0000000019370000,0x0000000019470000)]

Stack: [0x0000000019370000,0x0000000019470000]
[error occurred during error reporting (printing stack bounds), id 0xc0000005]

Native frames: (J=compiled Java code, j=interpreted, Vv=VM code, C=native code)


Current CompileTask:
C2: 500294 21269       4       com.android.utils.XmlUtils::append (639 bytes)


---------------  P R O C E S S  ---------------

Java Threads: ( => current thread )
  0x000000001b76b800 JavaThread "Cache worker for execution history cache (C:\Users\Chau\Desktop\MangoCliente\.gradle\6.5\executionHistory)" [_thread_blocked, id=21916, stack(0x000000002d050000,0x000000002d150000)]
  0x000000001b76a800 JavaThread "Execution worker for ':' Thread 7" [_thread_blocked, id=24248, stack(0x000000002cf50000,0x000000002d050000)]
  0x000000001b765800 JavaThread "Execution worker for ':' Thread 6" [_thread_blocked, id=9612, stack(0x000000002c850000,0x000000002c950000)]
  0x000000001b767800 JavaThread "Execution worker for ':' Thread 5" [_thread_blocked, id=18512, stack(0x000000002c750000,0x000000002c850000)]
  0x000000001b764800 JavaThread "Execution worker for ':' Thread 4" [_thread_blocked, id=5848, stack(0x000000002c650000,0x000000002c750000)]
  0x000000001e23e800 JavaThread "Execution worker for ':' Thread 3" [_thread_blocked, id=992, stack(0x000000002c250000,0x000000002c350000)]
  0x000000001e23d800 JavaThread "Execution worker for ':' Thread 2" [_thread_blocked, id=24404, stack(0x000000002bf50000,0x000000002c050000)]
  0x000000001e23d000 JavaThread "Execution worker for ':'" [_thread_in_Java, id=11272, stack(0x000000002ab80000,0x000000002ac80000)]
  0x000000001e235800 JavaThread "Cache worker for file content cache (C:\Users\Chau\Desktop\MangoCliente\.gradle\6.5\fileContent)" [_thread_blocked, id=20540, stack(0x0000000029980000,0x0000000029a80000)]
  0x000000001e238800 JavaThread "Cache worker for Build Output Cleanup Cache (C:\Users\Chau\Desktop\MangoCliente\.gradle\buildOutputCleanup)" [_thread_blocked, id=6464, stack(0x0000000029680000,0x0000000029780000)]
  0x000000001e237800 JavaThread "jar transforms Thread 376" [_thread_blocked, id=23800, stack(0x0000000029580000,0x0000000029680000)]
  0x000000001e237000 JavaThread "jar transforms Thread 375" [_thread_blocked, id=9872, stack(0x0000000029480000,0x0000000029580000)]
  0x000000001e23c000 JavaThread "jar transforms Thread 374" [_thread_blocked, id=4668, stack(0x0000000029380000,0x0000000029480000)]
  0x000000001e234800 JavaThread "jar transforms Thread 373" [_thread_blocked, id=15668, stack(0x0000000029280000,0x0000000029380000)]
  0x000000001e23b800 JavaThread "jar transforms Thread 372" [_thread_blocked, id=15596, stack(0x0000000029180000,0x0000000029280000)]
  0x000000001e23a000 JavaThread "jar transforms Thread 371" [_thread_blocked, id=14828, stack(0x0000000029080000,0x0000000029180000)]
  0x000000001e233000 JavaThread "jar transforms Thread 370" [_thread_blocked, id=10680, stack(0x0000000028f80000,0x0000000029080000)]
  0x000000001e236000 JavaThread "jar transforms Thread 369" [_thread_blocked, id=17160, stack(0x0000000028e80000,0x0000000028f80000)]
  0x00000000198d0800 JavaThread "jar transforms Thread 368" [_thread_blocked, id=22828, stack(0x0000000028d80000,0x0000000028e80000)]
  0x00000000198d5000 JavaThread "jar transforms Thread 367" [_thread_blocked, id=20180, stack(0x0000000028c80000,0x0000000028d80000)]
  0x00000000198d6800 JavaThread "jar transforms Thread 366" [_thread_blocked, id=16316, stack(0x0000000028b80000,0x0000000028c80000)]
  0x00000000198d0000 JavaThread "jar transforms Thread 365" [_thread_blocked, id=19688, stack(0x0000000028a80000,0x0000000028b80000)]
  0x00000000198d4800 JavaThread "jar transforms Thread 364" [_thread_blocked, id=20360, stack(0x0000000028980000,0x0000000028a80000)]
  0x00000000198d6000 JavaThread "jar transforms Thread 363" [_thread_blocked, id=20840, stack(0x0000000028880000,0x0000000028980000)]
  0x00000000198d3800 JavaThread "jar transforms Thread 362" [_thread_blocked, id=12640, stack(0x0000000028780000,0x0000000028880000)]
  0x00000000198d1800 JavaThread "jar transforms Thread 361" [_thread_blocked, id=12588, stack(0x0000000028680000,0x0000000028780000)]
  0x00000000198d3000 JavaThread "jar transforms Thread 360" [_thread_blocked, id=24052, stack(0x0000000028580000,0x0000000028680000)]
  0x00000000198d2000 JavaThread "jar transforms Thread 359" [_thread_blocked, id=18540, stack(0x0000000028480000,0x0000000028580000)]
  0x00000000198c8800 JavaThread "jar transforms Thread 358" [_thread_blocked, id=14308, stack(0x0000000028380000,0x0000000028480000)]
  0x00000000198cf000 JavaThread "jar transforms Thread 357" [_thread_blocked, id=19692, stack(0x0000000028280000,0x0000000028380000)]
  0x00000000198cb800 JavaThread "jar transforms Thread 356" [_thread_blocked, id=9076, stack(0x0000000028180000,0x0000000028280000)]
  0x00000000198c7800 JavaThread "jar transforms Thread 355" [_thread_blocked, id=21452, stack(0x0000000028080000,0x0000000028180000)]
  0x000000001ef14000 JavaThread "jar transforms Thread 354" [_thread_blocked, id=21528, stack(0x0000000027f80000,0x0000000028080000)]
  0x000000001ef13000 JavaThread "jar transforms Thread 353" [_thread_blocked, id=8860, stack(0x0000000027e80000,0x0000000027f80000)]
  0x000000001ef16000 JavaThread "jar transforms Thread 352" [_thread_blocked, id=3584, stack(0x0000000027d80000,0x0000000027e80000)]
  0x000000001ef12800 JavaThread "jar transforms Thread 351" [_thread_blocked, id=18688, stack(0x0000000027c80000,0x0000000027d80000)]
  0x000000001ef15800 JavaThread "jar transforms Thread 350" [_thread_blocked, id=1584, stack(0x0000000027b80000,0x0000000027c80000)]
  0x000000001ef14800 JavaThread "jar transforms Thread 349" [_thread_blocked, id=22816, stack(0x0000000027a80000,0x0000000027b80000)]
  0x000000001ef11800 JavaThread "jar transforms Thread 348" [_thread_blocked, id=4720, stack(0x0000000027980000,0x0000000027a80000)]
  0x000000001ef17000 JavaThread "jar transforms Thread 347" [_thread_blocked, id=17956, stack(0x0000000027880000,0x0000000027980000)]
  0x000000001ef0a000 JavaThread "jar transforms Thread 346" [_thread_blocked, id=1644, stack(0x0000000027780000,0x0000000027880000)]
  0x000000001ef10800 JavaThread "jar transforms Thread 345" [_thread_blocked, id=22092, stack(0x0000000027680000,0x0000000027780000)]
  0x000000001ef10000 JavaThread "jar transforms Thread 344" [_thread_blocked, id=22308, stack(0x0000000027580000,0x0000000027680000)]
  0x000000001ef0f000 JavaThread "jar transforms Thread 343" [_thread_blocked, id=5044, stack(0x0000000027480000,0x0000000027580000)]
  0x000000001ef0b800 JavaThread "jar transforms Thread 342" [_thread_blocked, id=20592, stack(0x0000000027380000,0x0000000027480000)]
  0x000000001ef07800 JavaThread "jar transforms Thread 341" [_thread_blocked, id=23924, stack(0x0000000027280000,0x0000000027380000)]
  0x000000001ef0d800 JavaThread "jar transforms Thread 340" [_thread_blocked, id=17968, stack(0x0000000027180000,0x0000000027280000)]
  0x0000000020f96800 JavaThread "jar transforms Thread 339" [_thread_blocked, id=25456, stack(0x0000000027080000,0x0000000027180000)]
  0x0000000020f96000 JavaThread "jar transforms Thread 338" [_thread_blocked, id=23060, stack(0x0000000026f80000,0x0000000027080000)]
  0x0000000020f95000 JavaThread "jar transforms Thread 337" [_thread_blocked, id=21620, stack(0x0000000026e80000,0x0000000026f80000)]
  0x0000000020f8c000 JavaThread "jar transforms Thread 336" [_thread_blocked, id=15444, stack(0x0000000026d80000,0x0000000026e80000)]
  0x0000000020f93000 JavaThread "jar transforms Thread 335" [_thread_blocked, id=20432, stack(0x0000000026c80000,0x0000000026d80000)]
  0x0000000020f8b800 JavaThread "jar transforms Thread 334" [_thread_blocked, id=7468, stack(0x0000000026b80000,0x0000000026c80000)]
  0x0000000020f91800 JavaThread "jar transforms Thread 333" [_thread_blocked, id=12784, stack(0x0000000026a80000,0x0000000026b80000)]
  0x0000000020f90800 JavaThread "jar transforms Thread 332" [_thread_blocked, id=792, stack(0x0000000026980000,0x0000000026a80000)]
  0x0000000020f92000 JavaThread "jar transforms Thread 331" [_thread_blocked, id=8496, stack(0x0000000026880000,0x0000000026980000)]
  0x0000000020f88800 JavaThread "jar transforms Thread 330" [_thread_blocked, id=15496, stack(0x0000000026780000,0x0000000026880000)]
  0x0000000020f8a800 JavaThread "jar transforms Thread 329" [_thread_blocked, id=19524, stack(0x0000000026680000,0x0000000026780000)]
  0x0000000020f8a000 JavaThread "jar transforms Thread 328" [_thread_blocked, id=21376, stack(0x0000000026580000,0x0000000026680000)]
  0x0000000020f8d000 JavaThread "jar transforms Thread 327" [_thread_blocked, id=10016, stack(0x0000000026480000,0x0000000026580000)]
  0x0000000020f8f000 JavaThread "jar transforms Thread 326" [_thread_blocked, id=24120, stack(0x0000000026380000,0x0000000026480000)]
  0x0000000020f89000 JavaThread "jar transforms Thread 325" [_thread_blocked, id=9864, stack(0x0000000026280000,0x0000000026380000)]
  0x0000000020f8e800 JavaThread "jar transforms Thread 324" [_thread_blocked, id=6328, stack(0x0000000026180000,0x0000000026280000)]
  0x000000001a73e800 JavaThread "jar transforms Thread 323" [_thread_blocked, id=604, stack(0x0000000026080000,0x0000000026180000)]
  0x000000001a73d800 JavaThread "jar transforms Thread 322" [_thread_blocked, id=11736, stack(0x0000000025f80000,0x0000000026080000)]
  0x000000001a73d000 JavaThread "jar transforms Thread 321" [_thread_blocked, id=10276, stack(0x0000000025e80000,0x0000000025f80000)]
  0x000000001a73a000 JavaThread "jar transforms Thread 320" [_thread_blocked, id=25340, stack(0x0000000025d80000,0x0000000025e80000)]
  0x000000001a73b800 JavaThread "jar transforms Thread 319" [_thread_blocked, id=8452, stack(0x0000000025c80000,0x0000000025d80000)]
  0x000000001a738800 JavaThread "jar transforms Thread 318" [_thread_blocked, id=24668, stack(0x0000000025b80000,0x0000000025c80000)]
  0x000000001a73a800 JavaThread "jar transforms Thread 317" [_thread_blocked, id=14508, stack(0x0000000025a80000,0x0000000025b80000)]
  0x000000001a73c000 JavaThread "jar transforms Thread 316" [_thread_blocked, id=11244, stack(0x0000000025980000,0x0000000025a80000)]
  0x000000001a730800 JavaThread "jar transforms Thread 315" [_thread_blocked, id=10592, stack(0x0000000025880000,0x0000000025980000)]
  0x000000001a737800 JavaThread "jar transforms Thread 314" [_thread_blocked, id=12196, stack(0x0000000025780000,0x0000000025880000)]
  0x000000001a730000 JavaThread "jar transforms Thread 313" [_thread_blocked, id=22968, stack(0x0000000025680000,0x0000000025780000)]
  0x000000001a737000 JavaThread "jar transforms Thread 312" [_thread_blocked, id=17580, stack(0x0000000025580000,0x0000000025680000)]
  0x000000001a72f000 JavaThread "jar transforms Thread 311" [_thread_blocked, id=11068, stack(0x0000000025480000,0x0000000025580000)]
  0x000000001a736000 JavaThread "jar transforms Thread 310" [_thread_blocked, id=16360, stack(0x0000000025380000,0x0000000025480000)]
  0x000000001a734800 JavaThread "jar transforms Thread 309" [_thread_blocked, id=21772, stack(0x0000000025280000,0x0000000025380000)]
  0x000000001a732000 JavaThread "jar transforms Thread 308" [_thread_blocked, id=12228, stack(0x0000000025180000,0x0000000025280000)]
  0x000000001a733800 JavaThread "jar transforms Thread 307" [_thread_blocked, id=2884, stack(0x0000000025080000,0x0000000025180000)]
  0x000000001a733000 JavaThread "jar transforms Thread 306" [_thread_blocked, id=25172, stack(0x0000000024f80000,0x0000000025080000)]
  0x000000001a735000 JavaThread "jar transforms Thread 305" [_thread_blocked, id=17080, stack(0x0000000024e80000,0x0000000024f80000)]
  0x000000001a731800 JavaThread "jar transforms Thread 304" [_thread_blocked, id=21060, stack(0x0000000024d80000,0x0000000024e80000)]
  0x000000001eba3800 JavaThread "jar transforms Thread 303" [_thread_blocked, id=17264, stack(0x0000000024c80000,0x0000000024d80000)]
  0x000000001eba7800 JavaThread "jar transforms Thread 302" [_thread_blocked, id=23808, stack(0x0000000024b80000,0x0000000024c80000)]
  0x000000001eba6000 JavaThread "jar transforms Thread 301" [_thread_blocked, id=13800, stack(0x0000000024a80000,0x0000000024b80000)]
  0x000000001eba2000 JavaThread "jar transforms Thread 300" [_thread_blocked, id=20868, stack(0x0000000024980000,0x0000000024a80000)]
  0x000000001eba5000 JavaThread "jar transforms Thread 299" [_thread_blocked, id=8968, stack(0x0000000024880000,0x0000000024980000)]
  0x000000001eba4800 JavaThread "jar transforms Thread 298" [_thread_blocked, id=25196, stack(0x0000000024780000,0x0000000024880000)]
  0x000000001eba1800 JavaThread "jar transforms Thread 297" [_thread_blocked, id=10420, stack(0x0000000024680000,0x0000000024780000)]
  0x000000001eba0800 JavaThread "jar transforms Thread 296" [_thread_blocked, id=23312, stack(0x0000000024580000,0x0000000024680000)]
  0x000000001eba6800 JavaThread "jar transforms Thread 295" [_thread_blocked, id=21760, stack(0x0000000024480000,0x0000000024580000)]
  0x000000001eb99000 JavaThread "jar transforms Thread 294" [_thread_blocked, id=5136, stack(0x0000000024380000,0x0000000024480000)]
  0x000000001eba0000 JavaThread "jar transforms Thread 293" [_thread_blocked, id=11164, stack(0x0000000024280000,0x0000000024380000)]
  0x000000001eb98800 JavaThread "jar transforms Thread 292" [_thread_blocked, id=24836, stack(0x0000000024180000,0x0000000024280000)]
  0x000000001eb9f000 JavaThread "jar transforms Thread 291" [_thread_blocked, id=22480, stack(0x0000000024080000,0x0000000024180000)]
  0x000000001eb9d800 JavaThread "jar transforms Thread 290" [_thread_blocked, id=8008, stack(0x0000000023f80000,0x0000000024080000)]
  0x000000001eb9d000 JavaThread "jar transforms Thread 289" [_thread_blocked, id=3424, stack(0x0000000023e80000,0x0000000023f80000)]
  0x000000001eb9b800 JavaThread "jar transforms Thread 288" [_thread_blocked, id=2940, stack(0x0000000023d80000,0x0000000023e80000)]
  0x000000001eb9e800 JavaThread "jar transforms Thread 287" [_thread_blocked, id=19748, stack(0x0000000023c80000,0x0000000023d80000)]
  0x000000001eb9c000 JavaThread "jar transforms Thread 286" [_thread_blocked, id=24372, stack(0x0000000023b80000,0x0000000023c80000)]
  0x000000001eb9a000 JavaThread "jar transforms Thread 285" [_thread_blocked, id=25160, stack(0x0000000023a80000,0x0000000023b80000)]
  0x000000001eb9a800 JavaThread "jar transforms Thread 284" [_thread_blocked, id=15156, stack(0x0000000023980000,0x0000000023a80000)]
  0x0000000020c39800 JavaThread "jar transforms Thread 283" [_thread_blocked, id=21736, stack(0x0000000023880000,0x0000000023980000)]
  0x0000000020c3c000 JavaThread "Build operations Thread 8" [_thread_blocked, id=20032, stack(0x0000000023780000,0x0000000023880000)]
  0x0000000020c39000 JavaThread "Build operations Thread 7" [_thread_blocked, id=7236, stack(0x0000000023680000,0x0000000023780000)]
  0x0000000020c38000 JavaThread "Build operations Thread 6" [_thread_blocked, id=10260, stack(0x0000000023580000,0x0000000023680000)]
  0x0000000020c3b000 JavaThread "Build operations Thread 5" [_thread_blocked, id=12316, stack(0x0000000023480000,0x0000000023580000)]
  0x0000000020c30800 JavaThread "Build operations Thread 4" [_thread_blocked, id=16456, stack(0x0000000023380000,0x0000000023480000)]
  0x0000000020c37800 JavaThread "Build operations Thread 3" [_thread_blocked, id=14716, stack(0x0000000023280000,0x0000000023380000)]
  0x0000000020c30000 JavaThread "Build operations Thread 2" [_thread_blocked, id=19280, stack(0x0000000021ab0000,0x0000000021bb0000)]
  0x0000000020c36800 JavaThread "Build operations" [_thread_blocked, id=21272, stack(0x00000000215b0000,0x00000000216b0000)]
  0x0000000020c36000 JavaThread "Cache worker for cache directory md-rule (C:\Users\Chau\.gradle\caches\6.5\md-rule)" [_thread_blocked, id=25028, stack(0x00000000211b0000,0x00000000212b0000)]
  0x0000000020c35000 JavaThread "Cache worker for cache directory md-supplier (C:\Users\Chau\.gradle\caches\6.5\md-supplier)" [_thread_blocked, id=25496, stack(0x000000001fe60000,0x000000001ff60000)]
  0x0000000020c2e800 JavaThread "Cache worker for checksums cache (C:\Users\Chau\Desktop\MangoCliente\.gradle\checksums)" [_thread_blocked, id=14300, stack(0x000000001fd60000,0x000000001fe60000)]
  0x0000000020c34800 JavaThread "Cache worker for file hash cache (C:\Users\Chau\Desktop\MangoCliente\.gradle\6.5\fileHashes)" [_thread_blocked, id=2344, stack(0x000000001d3c0000,0x000000001d4c0000)]
  0x0000000020c2d000 JavaThread "Thread-401" [_thread_blocked, id=5256, stack(0x000000001d2c0000,0x000000001d3c0000)]
  0x0000000020c31800 JavaThread "Stdin handler" [_thread_blocked, id=2788, stack(0x000000001d1c0000,0x000000001d2c0000)]
  0x0000000020c2f000 JavaThread "Asynchronous log dispatcher for DefaultDaemonConnection: socket connection from /127.0.0.1:60354 to /127.0.0.1:60588" [_thread_blocked, id=17616, stack(0x000000001d0c0000,0x000000001d1c0000)]
  0x0000000020c32000 JavaThread "Daemon worker Thread 3" [_thread_blocked, id=24588, stack(0x000000001ccc0000,0x000000001cdc0000)]
  0x0000000020c33800 JavaThread "Cancel handler" [_thread_blocked, id=22624, stack(0x0000000001000000,0x0000000001100000)]
  0x0000000020c33000 JavaThread "Handler for socket connection from /127.0.0.1:60354 to /127.0.0.1:60588" [_thread_in_native, id=19552, stack(0x0000000000f00000,0x0000000001000000)]
  0x0000000020c2d800 JavaThread "Daemon Thread 3" [_thread_blocked, id=20844, stack(0x0000000000e00000,0x0000000000f00000)]
  0x000000001e234000 JavaThread "Cache worker for Java compile cache (C:\Users\Chau\.gradle\caches\6.5\javaCompile)" [_thread_blocked, id=7684, stack(0x000000002be50000,0x000000002bf50000)]
  0x000000001eba3000 JavaThread "Memory manager" [_thread_blocked, id=964, stack(0x000000002aa80000,0x000000002ab80000)]
  0x00000000198cd800 JavaThread "Cache worker for file content cache (C:\Users\Chau\.gradle\caches\6.5\fileContent)" [_thread_blocked, id=408, stack(0x0000000021bb0000,0x0000000021cb0000)]
  0x00000000198c9000 JavaThread "Cache worker for execution history cache (C:\Users\Chau\.gradle\caches\6.5\executionHistory)" [_thread_blocked, id=22592, stack(0x00000000212b0000,0x00000000213b0000)]
  0x000000001b4a6000 JavaThread "Cache worker for file hash cache (C:\Users\Chau\.gradle\caches\6.5\fileHashes)" [_thread_blocked, id=6332, stack(0x000000001d8c0000,0x000000001d9c0000)]
  0x000000001b4a6800 JavaThread "File lock request listener" [_thread_in_native, id=16108, stack(0x000000001d7c0000,0x000000001d8c0000)]
  0x00000000189ad000 JavaThread "Cache worker for journal cache (C:\Users\Chau\.gradle\caches\journal-1)" [_thread_blocked, id=16664, stack(0x000000001d6c0000,0x000000001d7c0000)]
  0x000000001b3c4800 JavaThread "Daemon periodic checks" [_thread_blocked, id=9404, stack(0x000000001c9c0000,0x000000001cac0000)]
  0x000000001b348000 JavaThread "Incoming local TCP Connector on port 60354" [_thread_in_native, id=9708, stack(0x000000001c750000,0x000000001c850000)]
  0x000000001b333800 JavaThread "Daemon health stats" [_thread_blocked, id=5592, stack(0x000000001c110000,0x000000001c210000)]
  0x0000000018920000 JavaThread "Service Thread" daemon [_thread_blocked, id=17872, stack(0x0000000019570000,0x0000000019670000)]
  0x000000001888c800 JavaThread "C1 CompilerThread3" daemon [_thread_in_vm, id=16640, stack(0x0000000019470000,0x0000000019570000)]
=>0x0000000018886800 JavaThread "C2 CompilerThread2" daemon [_thread_in_native, id=15808, stack(0x0000000019370000,0x0000000019470000)]
  0x0000000018884000 JavaThread "C2 CompilerThread1" daemon [_thread_in_native, id=19984, stack(0x0000000019270000,0x0000000019370000)]
  0x0000000018881000 JavaThread "C2 CompilerThread0" daemon [_thread_in_native, id=13332, stack(0x0000000019170000,0x0000000019270000)]
  0x000000001887f000 JavaThread "Attach Listener" daemon [_thread_blocked, id=18480, stack(0x0000000019070000,0x0000000019170000)]
  0x000000001887e000 JavaThread "Signal Dispatcher" daemon [_thread_blocked, id=14428, stack(0x0000000018f70000,0x0000000019070000)]
  0x0000000018870800 JavaThread "Finalizer" daemon [_thread_blocked, id=22340, stack(0x0000000018d50000,0x0000000018e50000)]
  0x0000000002bd8800 JavaThread "Reference Handler" daemon [_thread_blocked, id=6016, stack(0x0000000018c50000,0x0000000018d50000)]
  0x0000000002cae800 JavaThread "main" [_thread_blocked, id=24804, stack(0x0000000002990000,0x0000000002a90000)]

Other Threads:
  0x0000000016a67800 VMThread [stack: 0x0000000018750000,0x0000000018850000] [id=16596]
  0x0000000018920800 WatcherThread [stack: 0x0000000019670000,0x0000000019770000] [id=21716]

VM state:not at safepoint (normal execution)

VM Mutex/Monitor currently owned by a thread: None

heap address: 0x00000000a0000000, size: 1536 MB, Compressed Oops mode: 32-bit
Narrow klass base: 0x0000000000000000, Narrow klass shift: 3
Compressed class space size: 1073741824 Address: 0x0000000100000000

Heap:
 PSYoungGen      total 376832K, used 293466K [0x00000000e0000000, 0x0000000100000000, 0x0000000100000000)
  eden space 307200K, 72% used [0x00000000e0000000,0x00000000edad0ba0,0x00000000f2c00000)
  from space 69632K, 99% used [0x00000000f2c00000,0x00000000f6fc5c70,0x00000000f7000000)
  to   space 111616K, 0% used [0x00000000f9300000,0x00000000f9300000,0x0000000100000000)
 ParOldGen       total 214016K, used 171003K [0x00000000a0000000, 0x00000000ad100000, 0x00000000e0000000)
  object space 214016K, 79% used [0x00000000a0000000,0x00000000aa6fef20,0x00000000ad100000)
 Metaspace       used 101949K, capacity 106846K, committed 108632K, reserved 1142784K
  class space    used 13045K, capacity 14048K, committed 14464K, reserved 1048576K

Card table byte_map: [0x0000000012070000,0x0000000012380000] byte_map_base: 0x0000000011b70000

Marking Bits: (ParMarkBitMap*) 0x000000005ec9f030
 Begin Bits: [0x0000000012d80000, 0x0000000014580000)
 End Bits:   [0x0000000014580000, 0x0000000015d80000)

Polling page: 0x0000000000c20000

CodeCache: size=245760Kb used=59042Kb max_used=59054Kb free=186717Kb
 bounds [0x0000000002cb0000, 0x00000000066b0000, 0x0000000011cb0000]
 total_blobs=17578 nmethods=16691 adapters=798
 compilation: enabled

Compilation events (10 events):
Event: 500.287 Thread 0x000000001888c800 21415       2       com.sun.org.apache.xerces.internal.dom.ElementNSImpl::setPrefix (222 bytes)
Event: 500.288 Thread 0x000000001888c800 nmethod 21415 0x000000000668fad0 code [0x000000000668fd60, 0x00000000066906d8]
Event: 500.288 Thread 0x000000001888c800 21416       2       com.sun.org.apache.xerces.internal.dom.CoreDocumentImpl::checkDOMNSErr (132 bytes)
Event: 500.289 Thread 0x000000001888c800 nmethod 21416 0x0000000006690d50 code [0x0000000006690f80, 0x00000000066914f8]
Event: 500.290 Thread 0x000000001888c800 21418       2       com.android.ide.common.resources.DataFile::hasNotRemovedItems (48 bytes)
Event: 500.290 Thread 0x000000001888c800 nmethod 21418 0x00000000066918d0 code [0x0000000006691a60, 0x0000000006691d18]
Event: 500.290 Thread 0x000000001888c800 21419       2       com.android.ide.common.resources.DataSet::createFileElement (81 bytes)
Event: 500.291 Thread 0x000000001888c800 nmethod 21419 0x0000000006691e90 code [0x0000000006692080, 0x0000000006692478]
Event: 500.293 Thread 0x0000000018881000 nmethod 21337 0x0000000006699050 code [0x0000000006699340, 0x000000000669cf00]
Event: 500.293 Thread 0x0000000018881000 21420       4       com.sun.org.apache.xerces.internal.dom.AttrImpl::getValue (176 bytes)

GC Heap History (10 events):
Event: 84.473 GC heap before
{Heap before GC invocations=23 (full 4):
 PSYoungGen      total 419840K, used 389674K [0x00000000e0000000, 0x00000000fd380000, 0x0000000100000000)
  eden space 359936K, 100% used [0x00000000e0000000,0x00000000f5f80000,0x00000000f5f80000)
  from space 59904K, 49% used [0x00000000f9800000,0x00000000fb50aab8,0x00000000fd280000)
  to   space 57856K, 0% used [0x00000000f5f80000,0x00000000f5f80000,0x00000000f9800000)
 ParOldGen       total 214016K, used 118837K [0x00000000a0000000, 0x00000000ad100000, 0x00000000e0000000)
  object space 214016K, 55% used [0x00000000a0000000,0x00000000a740d638,0x00000000ad100000)
 Metaspace       used 96463K, capacity 100958K, committed 103256K, reserved 1138688K
  class space    used 12548K, capacity 13428K, committed 13952K, reserved 1048576K
Event: 84.500 GC heap after
Heap after GC invocations=23 (full 4):
 PSYoungGen      total 417792K, used 48658K [0x00000000e0000000, 0x00000000fd380000, 0x0000000100000000)
  eden space 359936K, 0% used [0x00000000e0000000,0x00000000e0000000,0x00000000f5f80000)
  from space 57856K, 84% used [0x00000000f5f80000,0x00000000f8f04bb0,0x00000000f9800000)
  to   space 59904K, 0% used [0x00000000f9800000,0x00000000f9800000,0x00000000fd280000)
 ParOldGen       total 214016K, used 118845K [0x00000000a0000000, 0x00000000ad100000, 0x00000000e0000000)
  object space 214016K, 55% used [0x00000000a0000000,0x00000000a740f638,0x00000000ad100000)
 Metaspace       used 96463K, capacity 100958K, committed 103256K, reserved 1138688K
  class space    used 12548K, capacity 13428K, committed 13952K, reserved 1048576K
}
Event: 151.315 GC heap before
{Heap before GC invocations=24 (full 4):
 PSYoungGen      total 417792K, used 408594K [0x00000000e0000000, 0x00000000fd380000, 0x0000000100000000)
  eden space 359936K, 100% used [0x00000000e0000000,0x00000000f5f80000,0x00000000f5f80000)
  from space 57856K, 84% used [0x00000000f5f80000,0x00000000f8f04bb0,0x00000000f9800000)
  to   space 59904K, 0% used [0x00000000f9800000,0x00000000f9800000,0x00000000fd280000)
 ParOldGen       total 214016K, used 118845K [0x00000000a0000000, 0x00000000ad100000, 0x00000000e0000000)
  object space 214016K, 55% used [0x00000000a0000000,0x00000000a740f638,0x00000000ad100000)
 Metaspace       used 96886K, capacity 101280K, committed 103512K, reserved 1138688K
  class space    used 12555K, capacity 13437K, committed 13952K, reserved 1048576K
Event: 151.344 GC heap after
Heap after GC invocations=24 (full 4):
 PSYoungGen      total 407040K, used 56345K [0x00000000e0000000, 0x0000000100000000, 0x0000000100000000)
  eden space 347136K, 0% used [0x00000000e0000000,0x00000000e0000000,0x00000000f5300000)
  from space 59904K, 94% used [0x00000000f9800000,0x00000000fcf06750,0x00000000fd280000)
  to   space 70656K, 0% used [0x00000000f5300000,0x00000000f5300000,0x00000000f9800000)
 ParOldGen       total 214016K, used 118853K [0x00000000a0000000, 0x00000000ad100000, 0x00000000e0000000)
  object space 214016K, 55% used [0x00000000a0000000,0x00000000a7411638,0x00000000ad100000)
 Metaspace       used 96886K, capacity 101280K, committed 103512K, reserved 1138688K
  class space    used 12555K, capacity 13437K, committed 13952K, reserved 1048576K
}
Event: 153.116 GC heap before
{Heap before GC invocations=25 (full 4):
 PSYoungGen      total 407040K, used 403481K [0x00000000e0000000, 0x0000000100000000, 0x0000000100000000)
  eden space 347136K, 100% used [0x00000000e0000000,0x00000000f5300000,0x00000000f5300000)
  from space 59904K, 94% used [0x00000000f9800000,0x00000000fcf06750,0x00000000fd280000)
  to   space 70656K, 0% used [0x00000000f5300000,0x00000000f5300000,0x00000000f9800000)
 ParOldGen       total 214016K, used 118853K [0x00000000a0000000, 0x00000000ad100000, 0x00000000e0000000)
  object space 214016K, 55% used [0x00000000a0000000,0x00000000a7411638,0x00000000ad100000)
 Metaspace       used 99912K, capacity 104536K, committed 106712K, reserved 1142784K
  class space    used 12866K, capacity 13785K, committed 14336K, reserved 1048576K
Event: 153.182 GC heap after
Heap after GC invocations=25 (full 4):
 PSYoungGen      total 417792K, used 70627K [0x00000000e0000000, 0x0000000100000000, 0x0000000100000000)
  eden space 347136K, 0% used [0x00000000e0000000,0x00000000e0000000,0x00000000f5300000)
  from space 70656K, 99% used [0x00000000f5300000,0x00000000f97f8c80,0x00000000f9800000)
  to   space 100864K, 0% used [0x00000000f9d80000,0x00000000f9d80000,0x0000000100000000)
 ParOldGen       total 214016K, used 170987K [0x00000000a0000000, 0x00000000ad100000, 0x00000000e0000000)
  object space 214016K, 79% used [0x00000000a0000000,0x00000000aa6faf20,0x00000000ad100000)
 Metaspace       used 99912K, capacity 104536K, committed 106712K, reserved 1142784K
  class space    used 12866K, capacity 13785K, committed 14336K, reserved 1048576K
}
Event: 154.440 GC heap before
{Heap before GC invocations=26 (full 4):
 PSYoungGen      total 417792K, used 417763K [0x00000000e0000000, 0x0000000100000000, 0x0000000100000000)
  eden space 347136K, 100% used [0x00000000e0000000,0x00000000f5300000,0x00000000f5300000)
  from space 70656K, 99% used [0x00000000f5300000,0x00000000f97f8c80,0x00000000f9800000)
  to   space 100864K, 0% used [0x00000000f9d80000,0x00000000f9d80000,0x0000000100000000)
 ParOldGen       total 214016K, used 170987K [0x00000000a0000000, 0x00000000ad100000, 0x00000000e0000000)
  object space 214016K, 79% used [0x00000000a0000000,0x00000000aa6faf20,0x00000000ad100000)
 Metaspace       used 100040K, capacity 104650K, committed 106968K, reserved 1142784K
  class space    used 12874K, capacity 13794K, committed 14336K, reserved 1048576K
Event: 154.485 GC heap after
Heap after GC invocations=26 (full 4):
 PSYoungGen      total 408064K, used 77399K [0x00000000e0000000, 0x0000000100000000, 0x0000000100000000)
  eden space 307200K, 0% used [0x00000000e0000000,0x00000000e0000000,0x00000000f2c00000)
  from space 100864K, 76% used [0x00000000f9d80000,0x00000000fe915eb0,0x0000000100000000)
  to   space 108544K, 0% used [0x00000000f2c00000,0x00000000f2c00000,0x00000000f9600000)
 ParOldGen       total 214016K, used 170995K [0x00000000a0000000, 0x00000000ad100000, 0x00000000e0000000)
  object space 214016K, 79% used [0x00000000a0000000,0x00000000aa6fcf20,0x00000000ad100000)
 Metaspace       used 100040K, capacity 104650K, committed 106968K, reserved 1142784K
  class space    used 12874K, capacity 13794K, committed 14336K, reserved 1048576K
}
Event: 498.550 GC heap before
{Heap before GC invocations=27 (full 4):
 PSYoungGen      total 408064K, used 384599K [0x00000000e0000000, 0x0000000100000000, 0x0000000100000000)
  eden space 307200K, 100% used [0x00000000e0000000,0x00000000f2c00000,0x00000000f2c00000)
  from space 100864K, 76% used [0x00000000f9d80000,0x00000000fe915eb0,0x0000000100000000)
  to   space 108544K, 0% used [0x00000000f2c00000,0x00000000f2c00000,0x00000000f9600000)
 ParOldGen       total 214016K, used 170995K [0x00000000a0000000, 0x00000000ad100000, 0x00000000e0000000)
  object space 214016K, 79% used [0x00000000a0000000,0x00000000aa6fcf20,0x00000000ad100000)
 Metaspace       used 100562K, capacity 105394K, committed 107224K, reserved 1142784K
  class space    used 12900K, capacity 13868K, committed 14336K, reserved 1048576K
Event: 498.580 GC heap after
Heap after GC invocations=27 (full 4):
 PSYoungGen      total 376832K, used 69399K [0x00000000e0000000, 0x0000000100000000, 0x0000000100000000)
  eden space 307200K, 0% used [0x00000000e0000000,0x00000000e0000000,0x00000000f2c00000)
  from space 69632K, 99% used [0x00000000f2c00000,0x00000000f6fc5c70,0x00000000f7000000)
  to   space 111616K, 0% used [0x00000000f9300000,0x00000000f9300000,0x0000000100000000)
 ParOldGen       total 214016K, used 171003K [0x00000000a0000000, 0x00000000ad100000, 0x00000000e0000000)
  object space 214016K, 79% used [0x00000000a0000000,0x00000000aa6fef20,0x00000000ad100000)
 Metaspace       used 100562K, capacity 105394K, committed 107224K, reserved 1142784K
  class space    used 12900K, capacity 13868K, committed 14336K, reserved 1048576K
}

Deoptimization events (10 events):
Event: 500.263 Thread 0x000000001e23d000 Uncommon trap: reason=unstable_if action=reinterpret pc=0x00000000058ce9e8 method=sun.nio.cs.SingleByte$Encoder.encodeArrayLoop(Ljava/nio/CharBuffer;Ljava/nio/ByteBuffer;)Ljava/nio/charset/CoderResult; @ 70
Event: 500.265 Thread 0x000000001e23d000 Uncommon trap: reason=unstable_if action=reinterpret pc=0x0000000003114ad8 method=sun.nio.cs.SingleByte$Encoder.encodeArrayLoop(Ljava/nio/CharBuffer;Ljava/nio/ByteBuffer;)Ljava/nio/charset/CoderResult; @ 70
Event: 500.279 Thread 0x000000001e23d000 Uncommon trap: reason=bimorphic action=maybe_recompile pc=0x0000000006535798 method=com.sun.org.apache.xerces.internal.dom.NodeImpl.ownerDocument()Lcom/sun/org/apache/xerces/internal/dom/CoreDocumentImpl; @ 11
Event: 500.279 Thread 0x000000001e23d000 Uncommon trap: reason=bimorphic action=maybe_recompile pc=0x0000000006535798 method=com.sun.org.apache.xerces.internal.dom.NodeImpl.ownerDocument()Lcom/sun/org/apache/xerces/internal/dom/CoreDocumentImpl; @ 11
Event: 500.279 Thread 0x000000001e23d000 Uncommon trap: reason=bimorphic action=maybe_recompile pc=0x0000000006535798 method=com.sun.org.apache.xerces.internal.dom.NodeImpl.ownerDocument()Lcom/sun/org/apache/xerces/internal/dom/CoreDocumentImpl; @ 11
Event: 500.279 Thread 0x000000001e23d000 Uncommon trap: reason=bimorphic action=maybe_recompile pc=0x0000000006535798 method=com.sun.org.apache.xerces.internal.dom.NodeImpl.ownerDocument()Lcom/sun/org/apache/xerces/internal/dom/CoreDocumentImpl; @ 11
Event: 500.283 Thread 0x000000001e23d000 Uncommon trap: reason=bimorphic action=maybe_recompile pc=0x00000000065e4f34 method=com.sun.org.apache.xerces.internal.dom.ElementImpl.getAttributes()Lorg/w3c/dom/NamedNodeMap; @ 8
Event: 500.283 Thread 0x000000001e23d000 Uncommon trap: reason=bimorphic action=maybe_recompile pc=0x00000000065e4f34 method=com.sun.org.apache.xerces.internal.dom.ElementImpl.getAttributes()Lorg/w3c/dom/NamedNodeMap; @ 8
Event: 500.283 Thread 0x000000001e23d000 Uncommon trap: reason=bimorphic action=maybe_recompile pc=0x00000000065e4f34 method=com.sun.org.apache.xerces.internal.dom.ElementImpl.getAttributes()Lorg/w3c/dom/NamedNodeMap; @ 8
Event: 500.283 Thread 0x000000001e23d000 Uncommon trap: reason=bimorphic action=maybe_recompile pc=0x00000000065e4f34 method=com.sun.org.apache.xerces.internal.dom.ElementImpl.getAttributes()Lorg/w3c/dom/NamedNodeMap; @ 8

Classes redefined (0 events):
No events

Internal exceptions (10 events):
Event: 155.039 Thread 0x000000001ef10000 Exception <a 'sun/nio/fs/WindowsException'> (0x00000000e690cc08) thrown at [C:\src\AOSP-openjdk-git\hotspot\src\share\vm\prims\jni.cpp, line 710]
Event: 155.357 Thread 0x000000001ef12800 Exception <a 'sun/nio/fs/WindowsException'> (0x00000000e8eaa030) thrown at [C:\src\AOSP-openjdk-git\hotspot\src\share\vm\prims\jni.cpp, line 710]
Event: 155.748 Thread 0x000000001f2c7800 Exception <a 'sun/nio/fs/WindowsException'> (0x00000000ee173c98) thrown at [C:\src\AOSP-openjdk-git\hotspot\src\share\vm\prims\jni.cpp, line 710]
Event: 155.751 Thread 0x000000001f2c6800 Exception <a 'java/lang/InterruptedException'> (0x00000000ec1393a8) thrown at [C:\src\AOSP-openjdk-git\hotspot\src\share\vm\runtime\objectMonitor.cpp, line 1491]
Event: 498.517 Thread 0x0000000020c32000 Exception <a 'sun/nio/fs/WindowsException'> (0x00000000f27409f0) thrown at [C:\src\AOSP-openjdk-git\hotspot\src\share\vm\prims\jni.cpp, line 710]
Event: 499.350 Thread 0x000000001e23d000 Implicit null exception at 0x0000000003bfd65e to 0x0000000003bfd7e1
Event: 499.465 Thread 0x000000001e23d000 Implicit null exception at 0x000000000645d9bc to 0x000000000645dbc1
Event: 499.466 Thread 0x000000001e23d000 Implicit null exception at 0x0000000003be205a to 0x0000000003be20ad
Event: 499.499 Thread 0x000000001e23d000 Exception <a 'java/lang/NoSuchMethodError': java.lang.Object.lambda$codePoints$1()Ljava/util/Spliterator$OfInt;> (0x00000000e92130c8) thrown at [C:\src\AOSP-openjdk-git\hotspot\src\share\vm\interpreter\linkResolver.cpp, line 620]
Event: 499.514 Thread 0x000000001e23d000 Implicit null exception at 0x000000000648d5b5 to 0x000000000648d639

Events (10 events):
Event: 500.283 Thread 0x000000001e23d000 DEOPT UNPACKING pc=0x0000000002cf557b sp=0x000000002ac7c578 mode 2
Event: 500.283 Thread 0x000000001e23d000 Uncommon trap: trap_request=0xffffffc6 fr.pc=0x00000000065e4f34
Event: 500.283 Thread 0x000000001e23d000 DEOPT PACKING pc=0x00000000065e4f34 sp=0x000000002ac7c5b0
Event: 500.283 Thread 0x000000001e23d000 DEOPT UNPACKING pc=0x0000000002cf557b sp=0x000000002ac7c578 mode 2
Event: 500.283 Thread 0x000000001e23d000 Uncommon trap: trap_request=0xffffffc6 fr.pc=0x00000000065e4f34
Event: 500.283 Thread 0x000000001e23d000 DEOPT PACKING pc=0x00000000065e4f34 sp=0x000000002ac7c5b0
Event: 500.283 Thread 0x000000001e23d000 DEOPT UNPACKING pc=0x0000000002cf557b sp=0x000000002ac7c578 mode 2
Event: 500.283 Thread 0x000000001e23d000 Uncommon trap: trap_request=0xffffffc6 fr.pc=0x00000000065e4f34
Event: 500.283 Thread 0x000000001e23d000 DEOPT PACKING pc=0x00000000065e4f34 sp=0x000000002ac7c5b0
Event: 500.283 Thread 0x000000001e23d000 DEOPT UNPACKING pc=0x0000000002cf557b sp=0x000000002ac7c578 mode 2


Dynamic libraries:
0x00007ff795d60000 - 0x00007ff795d91000 	C:\Program Files\Android\Android Studio\jre\bin\java.exe
0x00007ffa9a980000 - 0x00007ffa9ab70000 	C:\WINDOWS\SYSTEM32\ntdll.dll
0x00007ffa9a420000 - 0x00007ffa9a4d2000 	C:\WINDOWS\System32\KERNEL32.DLL
0x00007ffa97ee0000 - 0x00007ffa98185000 	C:\WINDOWS\System32\KERNELBASE.dll
0x00007ffa98df0000 - 0x00007ffa98e93000 	C:\WINDOWS\System32\ADVAPI32.dll
0x00007ffa9a6a0000 - 0x00007ffa9a73e000 	C:\WINDOWS\System32\msvcrt.dll
0x00007ffa9a7d0000 - 0x00007ffa9a867000 	C:\WINDOWS\System32\sechost.dll
0x00007ffa99650000 - 0x00007ffa9976f000 	C:\WINDOWS\System32\RPCRT4.dll
0x00007ffa99770000 - 0x00007ffa99904000 	C:\WINDOWS\System32\USER32.dll
0x00007ffa97c20000 - 0x00007ffa97c41000 	C:\WINDOWS\System32\win32u.dll
0x00007ffa9a340000 - 0x00007ffa9a366000 	C:\WINDOWS\System32\GDI32.dll
0x00007ffa979e0000 - 0x00007ffa97b78000 	C:\WINDOWS\System32\gdi32full.dll
0x00007ffa97b80000 - 0x00007ffa97c1e000 	C:\WINDOWS\System32\msvcp_win.dll
0x00007ffa981b0000 - 0x00007ffa982aa000 	C:\WINDOWS\System32\ucrtbase.dll
0x00007ffa85780000 - 0x00007ffa85a04000 	C:\WINDOWS\WinSxS\amd64_microsoft.windows.common-controls_6595b64144ccf1df_6.0.18362.1316_none_9e7a364fe461dbd7\COMCTL32.dll
0x00007ffa98ab0000 - 0x00007ffa98de7000 	C:\WINDOWS\System32\combase.dll
0x00007ffa97c50000 - 0x00007ffa97cd1000 	C:\WINDOWS\System32\bcryptPrimitives.dll
0x00007ffa9a3f0000 - 0x00007ffa9a41e000 	C:\WINDOWS\System32\IMM32.DLL
0x000000005f320000 - 0x000000005f3f2000 	C:\Program Files\Android\Android Studio\jre\jre\bin\msvcr100.dll
0x000000005e4d0000 - 0x000000005ed1b000 	C:\Program Files\Android\Android Studio\jre\jre\bin\server\jvm.dll
0x00007ffa98a30000 - 0x00007ffa98a38000 	C:\WINDOWS\System32\PSAPI.DLL
0x00007ffa79520000 - 0x00007ffa79529000 	C:\WINDOWS\SYSTEM32\WSOCK32.dll
0x00007ffa99530000 - 0x00007ffa9959f000 	C:\WINDOWS\System32\WS2_32.dll
0x00007ffa8c740000 - 0x00007ffa8c74a000 	C:\WINDOWS\SYSTEM32\VERSION.dll
0x00007ffa91530000 - 0x00007ffa91554000 	C:\WINDOWS\SYSTEM32\WINMM.dll
0x00007ffa91500000 - 0x00007ffa9152d000 	C:\WINDOWS\SYSTEM32\winmmbase.dll
0x00007ffa97900000 - 0x00007ffa9794a000 	C:\WINDOWS\System32\cfgmgr32.dll
0x00007ffa92090000 - 0x00007ffa9209f000 	C:\Program Files\Android\Android Studio\jre\jre\bin\verify.dll
0x00007ffa8b640000 - 0x00007ffa8b669000 	C:\Program Files\Android\Android Studio\jre\jre\bin\java.dll
0x00007ffa90470000 - 0x00007ffa90486000 	C:\Program Files\Android\Android Studio\jre\jre\bin\zip.dll
0x00007ffa99ba0000 - 0x00007ffa9a288000 	C:\WINDOWS\System32\SHELL32.dll
0x00007ffa9a290000 - 0x00007ffa9a337000 	C:\WINDOWS\System32\shcore.dll
0x00007ffa982b0000 - 0x00007ffa98a2b000 	C:\WINDOWS\System32\windows.storage.dll
0x00007ffa97860000 - 0x00007ffa97883000 	C:\WINDOWS\System32\profapi.dll
0x00007ffa978b0000 - 0x00007ffa978fa000 	C:\WINDOWS\System32\powrprof.dll
0x00007ffa97830000 - 0x00007ffa97840000 	C:\WINDOWS\System32\UMPDC.dll
0x00007ffa99b40000 - 0x00007ffa99b92000 	C:\WINDOWS\System32\shlwapi.dll
0x00007ffa97890000 - 0x00007ffa978a1000 	C:\WINDOWS\System32\kernel.appcore.dll
0x00007ffa98190000 - 0x00007ffa981a7000 	C:\WINDOWS\System32\cryptsp.dll
0x00007ffa8b590000 - 0x00007ffa8b5aa000 	C:\Program Files\Android\Android Studio\jre\jre\bin\net.dll
0x00007ffa97070000 - 0x00007ffa970d7000 	C:\WINDOWS\system32\mswsock.dll
0x00007ffa8b570000 - 0x00007ffa8b583000 	C:\Program Files\Android\Android Studio\jre\jre\bin\nio.dll
0x00007ffa8bfe0000 - 0x00007ffa8c007000 	C:\Users\Chau\.gradle\native\f6784746aeab05261644944871eae4fe03e0ef1612fff0a4a95f87b438bc6780\windows-amd64\native-platform.dll
0x00007ffa8f480000 - 0x00007ffa8f48d000 	C:\Program Files\Android\Android Studio\jre\jre\bin\management.dll
0x00007ffa96bf0000 - 0x00007ffa96c23000 	C:\WINDOWS\system32\rsaenh.dll
0x00007ffa979b0000 - 0x00007ffa979d6000 	C:\WINDOWS\System32\bcrypt.dll
0x00007ffa97750000 - 0x00007ffa97775000 	C:\WINDOWS\SYSTEM32\USERENV.dll
0x00007ffa97240000 - 0x00007ffa9724c000 	C:\WINDOWS\SYSTEM32\CRYPTBASE.dll
0x00007ffa96d80000 - 0x00007ffa96dba000 	C:\WINDOWS\SYSTEM32\IPHLPAPI.DLL
0x00007ffa9a740000 - 0x00007ffa9a748000 	C:\WINDOWS\System32\NSI.dll
0x00007ffa8d8f0000 - 0x00007ffa8d906000 	C:\WINDOWS\SYSTEM32\dhcpcsvc6.DLL
0x00007ffa8e060000 - 0x00007ffa8e07c000 	C:\WINDOWS\SYSTEM32\dhcpcsvc.DLL
0x00007ffa96dc0000 - 0x00007ffa96e8b000 	C:\WINDOWS\SYSTEM32\DNSAPI.dll
0x00007ffa8fa10000 - 0x00007ffa8fa1b000 	C:\WINDOWS\SYSTEM32\WINNSI.DLL

VM Arguments:
jvm_args: -Xmx1536m -Dfile.encoding=windows-1252 -Duser.country=MX -Duser.language=es -Duser.variant 
java_command: org.gradle.launcher.daemon.bootstrap.GradleDaemon 6.5
java_class_path (initial): C:\Users\Chau\.gradle\wrapper\dists\gradle-6.5-all\2oz4ud9k3tuxjg84bbf55q0tn\gradle-6.5\lib\gradle-launcher-6.5.jar
Launcher Type: SUN_STANDARD

Environment Variables:
JAVA_HOME=C:\Program Files\Android\Jdk\microsoft_dist_openjdk_1.8.0.25
PATH=C:\Program Files (x86)\Common Files\Intel\Shared Files\cpp\bin\Intel64;C:\Program Files (x86)\Common Files\Oracle\Java\javapath;C:\WINDOWS\system32;C:\WINDOWS;C:\WINDOWS\System32\Wbem;C:\WINDOWS\System32\WindowsPowerShell\v1.0\;C:\WINDOWS\System32\OpenSSH\;C:\Program Files\Git\cmd;C:\Program Files\dotnet\;C:\Program Files (x86)\IncrediBuild;C:\Program Files\Intel\WiFi\bin\;C:\Program Files\Common Files\Intel\WirelessCommon\;C:\Program Files\Microsoft SQL Server\130\Tools\Binn\;C:\Program Files\Microsoft SQL Server\Client SDK\ODBC\170\Tools\Binn\;C:\Program Files (x86)\Microsoft SQL Server\150\Tools\Binn\;C:\Program Files\Microsoft SQL Server\150\Tools\Binn\;C:\Program Files\Microsoft SQL Server\150\DTS\Binn\;C:\Program Files\nodejs\;C:\xamp\php;C:\ProgramData\ComposerSetup\bin;C:\Program Files (x86)\Intel\Intel(R) Management Engine Components\DAL;C:\Program Files\Intel\Intel(R) Management Engine Components\DAL;C:\Program Files (x86)\dotnet\;C:\Users\Chau\AppData\Local\Programs\Python\Python39\Scripts\;C:\Users\Chau\AppData\Local\Programs\Python\Python39\;C:\Users\Chau\anaconda;C:\Users\Chau\anaconda\Library\mingw-w64\bin;C:\Users\Chau\anaconda\Library\usr\bin;C:\Users\Chau\anaconda\Library\bin;C:\Users\Chau\anaconda\Scripts;C:\Users\Chau\AppData\Local\Programs\Python\Python38\Scripts\;C:\Users\Chau\AppData\Local\Programs\Python\Python38\;C:\Users\Chau\anaconda3;C:\Users\Chau\anaconda3\Library\mingw-w64\bin;C:\Users\Chau\anaconda3\Library\usr\bin;C:\Users\Chau\anaconda3\Library\bin;C:\Users\Chau\anaconda3\Scripts;C:\Users\Chau\AppData\Local\Microsoft\WindowsApps;C:\xampp\php;C:\Users\Chau\AppData\Local\Microsoft\WindowsApps;C:\Users\Chau\AppData\Local\Programs\Microsoft VS Code\bin;C:\Users\Chau\AppData\Roaming\Composer\vendor\bin;C:\seleniumWebdrivers\;C:\Users\Chau\anaconda3\python.exe;C:\Users\Chau\AppData\Roaming\npm;C:\seleniumWebdrivers\geckodriver.exe;C:\Users\Chau\AppData\Roaming\npm
USERNAME=Chau
OS=Windows_NT
PROCESSOR_IDENTIFIER=Intel64 Family 6 Model 142 Stepping 10, GenuineIntel



---------------  S Y S T E M  ---------------

OS: Windows 10.0 , 64 bit Build 18362 (10.0.18362.1316)

CPU:total 8 (initial active 8) (4 cores per cpu, 2 threads per core) family 6 model 142 stepping 10, cmov, cx8, fxsr, mmx, sse, sse2, sse3, ssse3, sse4.1, sse4.2, popcnt, avx, avx2, aes, clmul, erms, rtm, 3dnowpref, lzcnt, ht, tsc, tscinvbit, bmi1, bmi2, adx

Memory: 4k page, physical 16612328k(1127012k free), swap 47706212k(3912k free)

vm_info: OpenJDK 64-Bit Server VM (25.242-b01) for windows-amd64 JRE (1.8.0_242-release-1644-b01), built by "builder" with MS VC++ 10.0 (VS2010)

time: Thu Feb 04 13:45:50 2021
timezone: Hora estándar central (México)
elapsed time: 500 seconds (0d 0h 8m 20s)

