#
# There is insufficient memory for the Java Runtime Environment to continue.
# Native memory allocation (malloc) failed to allocate 869360 bytes for Chunk::new
# Possible reasons:
#   The system is out of physical RAM or swap space
#   The process is running with CompressedOops enabled, and the Java Heap may be blocking the growth of the native heap
# Possible solutions:
#   Reduce memory load on the system
#   Increase physical memory or swap space
#   Check if swap backing store is full
#   Decrease Java heap size (-Xmx/-Xms)
#   Decrease number of Java threads
#   Decrease Java thread stack sizes (-Xss)
#   Set larger code cache with -XX:ReservedCodeCacheSize=
#   JVM is running with Unscaled Compressed Oops mode in which the Java heap is
#     placed in the first 4GB address space. The Java Heap base address is the
#     maximum limit for the native heap growth. Please use -XX:HeapBaseMinAddress
#     to set the Java Heap base and to place the Java Heap above 4GB virtual address.
# This output file may be truncated or incomplete.
#
#  Out of Memory Error (allocation.cpp:389), pid=19620, tid=0x00000000000029c0
#
# JRE version: OpenJDK Runtime Environment (8.0_242-b01) (build 1.8.0_242-release-1644-b01)
# Java VM: OpenJDK 64-Bit Server VM (25.242-b01 mixed mode windows-amd64 compressed oops)
# Failed to write core dump. Minidumps are not enabled by default on client versions of Windows
#

---------------  T H R E A D  ---------------

Current thread (0x0000000017fd1000):  JavaThread "C2 CompilerThread0" daemon [_thread_in_native, id=10688, stack(0x00000000188c0000,0x00000000189c0000)]

Stack: [0x00000000188c0000,0x00000000189c0000]
[error occurred during error reporting (printing stack bounds), id 0xc0000005]

Native frames: (J=compiled Java code, j=interpreted, Vv=VM code, C=native code)


Current CompileTask:
C2:  17575 12563       4       org.gradle.api.internal.artifacts.transform.ConsumerProvidedVariantFinder::matchAttributes (68 bytes)


---------------  P R O C E S S  ---------------

Java Threads: ( => current thread )
  0x0000000021f79800 JavaThread "Cache worker for Java compile cache (C:\Users\Chau\Desktop\MangoCliente\.gradle\6.5\javaCompile)" [_thread_blocked, id=21272, stack(0x000000002c8f0000,0x000000002c9f0000)]
  0x0000000021f79000 JavaThread "Cache worker for Java compile cache (C:\Users\Chau\.gradle\caches\6.5\javaCompile)" [_thread_blocked, id=7024, stack(0x000000002ac00000,0x000000002ad00000)]
  0x0000000021f72000 JavaThread "Cache worker for execution history cache (C:\Users\Chau\Desktop\MangoCliente\.gradle\6.5\executionHistory)" [_thread_blocked, id=1092, stack(0x000000002b420000,0x000000002b520000)]
  0x0000000021f6a800 JavaThread "Execution worker for ':' Thread 7" [_thread_blocked, id=25180, stack(0x000000002b320000,0x000000002b420000)]
  0x0000000021f6c000 JavaThread "Execution worker for ':' Thread 6" [_thread_blocked, id=6500, stack(0x000000002b220000,0x000000002b320000)]
  0x0000000021f6e000 JavaThread "Execution worker for ':' Thread 5" [_thread_blocked, id=13188, stack(0x000000002b020000,0x000000002b120000)]
  0x0000000021f6c800 JavaThread "Execution worker for ':' Thread 4" [_thread_blocked, id=14864, stack(0x000000002af20000,0x000000002b020000)]
  0x0000000021f70800 JavaThread "Execution worker for ':' Thread 3" [_thread_in_vm, id=19732, stack(0x000000002ae20000,0x000000002af20000)]
  0x0000000021f6f000 JavaThread "Execution worker for ':' Thread 2" [_thread_blocked, id=23740, stack(0x000000002ad20000,0x000000002ae20000)]
  0x0000000021f71000 JavaThread "Execution worker for ':'" [_thread_blocked, id=24832, stack(0x000000002a700000,0x000000002a800000)]
  0x000000001e3c1800 JavaThread "Cache worker for file content cache (C:\Users\Chau\Desktop\MangoCliente\.gradle\6.5\fileContent)" [_thread_blocked, id=19628, stack(0x000000002a200000,0x000000002a300000)]
  0x000000001e3be800 JavaThread "Memory manager" [_thread_blocked, id=8976, stack(0x00000000291e0000,0x00000000292e0000)]
  0x000000001e3c0800 JavaThread "Cache worker for Build Output Cleanup Cache (C:\Users\Chau\Desktop\MangoCliente\.gradle\buildOutputCleanup)" [_thread_blocked, id=17592, stack(0x0000000029300000,0x0000000029400000)]
  0x000000001e3bf000 JavaThread "jar transforms Thread 94" [_thread_blocked, id=12832, stack(0x0000000028ee0000,0x0000000028fe0000)]
  0x000000001e3bd000 JavaThread "jar transforms Thread 93" [_thread_blocked, id=25508, stack(0x0000000028de0000,0x0000000028ee0000)]
  0x000000001e3b5800 JavaThread "jar transforms Thread 92" [_thread_blocked, id=19608, stack(0x0000000028ce0000,0x0000000028de0000)]
  0x000000001e3b7800 JavaThread "jar transforms Thread 91" [_thread_blocked, id=17412, stack(0x0000000028be0000,0x0000000028ce0000)]
  0x000000001e3b7000 JavaThread "jar transforms Thread 90" [_thread_blocked, id=3692, stack(0x0000000028ae0000,0x0000000028be0000)]
  0x000000001e3bb800 JavaThread "jar transforms Thread 89" [_thread_blocked, id=1536, stack(0x00000000289e0000,0x0000000028ae0000)]
  0x000000001e3b6000 JavaThread "jar transforms Thread 88" [_thread_blocked, id=20196, stack(0x00000000288e0000,0x00000000289e0000)]
  0x000000001e3ba800 JavaThread "jar transforms Thread 87" [_thread_blocked, id=2256, stack(0x0000000024d60000,0x0000000024e60000)]
  0x000000001e3ba000 JavaThread "jar transforms Thread 86" [_thread_blocked, id=23368, stack(0x00000000233d0000,0x00000000234d0000)]
  0x000000001e3b8800 JavaThread "jar transforms Thread 85" [_thread_blocked, id=5200, stack(0x00000000232d0000,0x00000000233d0000)]
  0x000000001e3b9000 JavaThread "jar transforms Thread 84" [_thread_blocked, id=20640, stack(0x00000000287e0000,0x00000000288e0000)]
  0x000000001e3bc000 JavaThread "jar transforms Thread 83" [_thread_blocked, id=10080, stack(0x00000000286e0000,0x00000000287e0000)]
  0x000000001e3b3000 JavaThread "jar transforms Thread 82" [_thread_blocked, id=16748, stack(0x00000000285e0000,0x00000000286e0000)]
  0x000000001e3b4800 JavaThread "jar transforms Thread 81" [_thread_blocked, id=12716, stack(0x00000000284e0000,0x00000000285e0000)]
  0x000000001e3b4000 JavaThread "jar transforms Thread 80" [_thread_blocked, id=13340, stack(0x00000000283e0000,0x00000000284e0000)]
  0x000000001e6cb800 JavaThread "jar transforms Thread 79" [_thread_blocked, id=19336, stack(0x00000000282e0000,0x00000000283e0000)]
  0x000000001e6ca800 JavaThread "jar transforms Thread 78" [_thread_blocked, id=16520, stack(0x00000000281e0000,0x00000000282e0000)]
  0x000000001e6ca000 JavaThread "jar transforms Thread 77" [_thread_blocked, id=11588, stack(0x00000000280e0000,0x00000000281e0000)]
  0x000000001e6cc000 JavaThread "jar transforms Thread 76" [_thread_blocked, id=20908, stack(0x0000000027fe0000,0x00000000280e0000)]
  0x000000001e6c9000 JavaThread "jar transforms Thread 75" [_thread_blocked, id=21460, stack(0x0000000027ee0000,0x0000000027fe0000)]
  0x000000001e6c1800 JavaThread "jar transforms Thread 74" [_thread_blocked, id=15676, stack(0x0000000027de0000,0x0000000027ee0000)]
  0x000000001e6c8800 JavaThread "jar transforms Thread 73" [_thread_blocked, id=22544, stack(0x0000000027ce0000,0x0000000027de0000)]
  0x000000001e6c7800 JavaThread "jar transforms Thread 72" [_thread_blocked, id=21088, stack(0x0000000027be0000,0x0000000027ce0000)]
  0x000000001e6c5800 JavaThread "jar transforms Thread 71" [_thread_blocked, id=7368, stack(0x0000000027ae0000,0x0000000027be0000)]
  0x000000001e6c4800 JavaThread "jar transforms Thread 70" [_thread_blocked, id=7960, stack(0x00000000279e0000,0x0000000027ae0000)]
  0x000000001e6c1000 JavaThread "jar transforms Thread 69" [_thread_blocked, id=24260, stack(0x00000000278e0000,0x00000000279e0000)]
  0x000000001e6c0000 JavaThread "jar transforms Thread 68" [_thread_blocked, id=18348, stack(0x00000000277e0000,0x00000000278e0000)]
  0x000000001e6c7000 JavaThread "jar transforms Thread 67" [_thread_blocked, id=20136, stack(0x00000000276e0000,0x00000000277e0000)]
  0x000000001e6bf800 JavaThread "jar transforms Thread 66" [_thread_blocked, id=13448, stack(0x00000000275e0000,0x00000000276e0000)]
  0x000000001e6c6000 JavaThread "jar transforms Thread 65" [_thread_blocked, id=23528, stack(0x00000000274e0000,0x00000000275e0000)]
  0x000000001e6be000 JavaThread "jar transforms Thread 64" [_thread_blocked, id=13992, stack(0x00000000273e0000,0x00000000274e0000)]
  0x000000001e6bd000 JavaThread "jar transforms Thread 63" [_thread_blocked, id=13556, stack(0x00000000272e0000,0x00000000273e0000)]
  0x000000001e6c3000 JavaThread "jar transforms Thread 62" [_thread_blocked, id=11620, stack(0x00000000271e0000,0x00000000272e0000)]
  0x000000001e6c2800 JavaThread "jar transforms Thread 61" [_thread_blocked, id=628, stack(0x00000000270e0000,0x00000000271e0000)]
  0x000000001e6be800 JavaThread "jar transforms Thread 60" [_thread_blocked, id=604, stack(0x0000000026fe0000,0x00000000270e0000)]
  0x000000001e6c4000 JavaThread "jar transforms Thread 59" [_thread_blocked, id=22712, stack(0x0000000026ee0000,0x0000000026fe0000)]
  0x0000000020098800 JavaThread "jar transforms Thread 58" [_thread_blocked, id=11244, stack(0x0000000026de0000,0x0000000026ee0000)]
  0x000000002009f800 JavaThread "jar transforms Thread 57" [_thread_blocked, id=12196, stack(0x0000000026ce0000,0x0000000026de0000)]
  0x0000000020099800 JavaThread "jar transforms Thread 56" [_thread_blocked, id=25340, stack(0x0000000026be0000,0x0000000026ce0000)]
  0x000000002009e800 JavaThread "jar transforms Thread 55" [_thread_blocked, id=10276, stack(0x0000000026ae0000,0x0000000026be0000)]
  0x000000002009d000 JavaThread "jar transforms Thread 54" [_thread_blocked, id=10592, stack(0x00000000269e0000,0x0000000026ae0000)]
  0x0000000020098000 JavaThread "jar transforms Thread 53" [_thread_blocked, id=14508, stack(0x00000000268e0000,0x00000000269e0000)]
  0x0000000020097000 JavaThread "jar transforms Thread 52" [_thread_blocked, id=24668, stack(0x00000000267e0000,0x00000000268e0000)]
  0x000000002009c800 JavaThread "jar transforms Thread 51" [_thread_blocked, id=8452, stack(0x00000000266e0000,0x00000000267e0000)]
  0x000000002009e000 JavaThread "jar transforms Thread 50" [_thread_blocked, id=15260, stack(0x00000000265e0000,0x00000000266e0000)]
  0x000000002009b800 JavaThread "jar transforms Thread 49" [_thread_blocked, id=10964, stack(0x00000000264e0000,0x00000000265e0000)]
  0x000000002009a000 JavaThread "jar transforms Thread 48" [_thread_blocked, id=7820, stack(0x00000000263e0000,0x00000000264e0000)]
  0x000000002009b000 JavaThread "jar transforms Thread 47" [_thread_blocked, id=16148, stack(0x00000000262e0000,0x00000000263e0000)]
  0x0000000020092000 JavaThread "jar transforms Thread 46" [_thread_blocked, id=12152, stack(0x00000000261e0000,0x00000000262e0000)]
  0x0000000020093800 JavaThread "jar transforms Thread 45" [_thread_blocked, id=21844, stack(0x00000000260e0000,0x00000000261e0000)]
  0x0000000020096800 JavaThread "jar transforms Thread 44" [_thread_blocked, id=12700, stack(0x0000000025fe0000,0x00000000260e0000)]
  0x0000000020091000 JavaThread "jar transforms Thread 43" [_thread_blocked, id=4232, stack(0x0000000025ee0000,0x0000000025fe0000)]
  0x0000000020095000 JavaThread "jar transforms Thread 42" [_thread_blocked, id=15848, stack(0x0000000025de0000,0x0000000025ee0000)]
  0x0000000020094000 JavaThread "jar transforms Thread 41" [_thread_blocked, id=1612, stack(0x0000000025ce0000,0x0000000025de0000)]
  0x0000000020092800 JavaThread "jar transforms Thread 40" [_thread_blocked, id=19216, stack(0x0000000025be0000,0x0000000025ce0000)]
  0x0000000020090800 JavaThread "jar transforms Thread 39" [_thread_blocked, id=16232, stack(0x0000000025ae0000,0x0000000025be0000)]
  0x0000000020095800 JavaThread "jar transforms Thread 38" [_thread_blocked, id=22364, stack(0x00000000259e0000,0x0000000025ae0000)]
  0x000000001b414000 JavaThread "jar transforms Thread 37" [_thread_blocked, id=21100, stack(0x00000000258e0000,0x00000000259e0000)]
  0x000000001b415000 JavaThread "jar transforms Thread 36" [_thread_blocked, id=22892, stack(0x00000000257e0000,0x00000000258e0000)]
  0x000000001b413800 JavaThread "jar transforms Thread 35" [_thread_blocked, id=1596, stack(0x00000000256e0000,0x00000000257e0000)]
  0x000000001b412800 JavaThread "jar transforms Thread 34" [_thread_blocked, id=7184, stack(0x00000000255e0000,0x00000000256e0000)]
  0x000000001b40b000 JavaThread "jar transforms Thread 33" [_thread_blocked, id=18808, stack(0x00000000254e0000,0x00000000255e0000)]
  0x000000001b412000 JavaThread "jar transforms Thread 32" [_thread_blocked, id=3712, stack(0x00000000253e0000,0x00000000254e0000)]
  0x000000001b411000 JavaThread "jar transforms Thread 31" [_thread_blocked, id=21820, stack(0x00000000252e0000,0x00000000253e0000)]
  0x000000001b409800 JavaThread "jar transforms Thread 30" [_thread_blocked, id=22148, stack(0x00000000251e0000,0x00000000252e0000)]
  0x000000001b40e000 JavaThread "jar transforms Thread 29" [_thread_blocked, id=22196, stack(0x00000000250e0000,0x00000000251e0000)]
  0x000000001b410800 JavaThread "jar transforms Thread 28" [_thread_blocked, id=16396, stack(0x0000000024fe0000,0x00000000250e0000)]
  0x000000001b40d800 JavaThread "jar transforms Thread 27" [_thread_blocked, id=25248, stack(0x0000000024ee0000,0x0000000024fe0000)]
  0x000000001b40f800 JavaThread "jar transforms Thread 26" [_thread_blocked, id=23932, stack(0x00000000231d0000,0x00000000232d0000)]
  0x000000001b40f000 JavaThread "jar transforms Thread 25" [_thread_blocked, id=15220, stack(0x0000000024c60000,0x0000000024d60000)]
  0x000000001b406000 JavaThread "jar transforms Thread 24" [_thread_blocked, id=3284, stack(0x0000000024b60000,0x0000000024c60000)]
  0x000000001b409000 JavaThread "jar transforms Thread 23" [_thread_blocked, id=4576, stack(0x0000000024a60000,0x0000000024b60000)]
  0x000000001b40c800 JavaThread "jar transforms Thread 22" [_thread_blocked, id=14032, stack(0x0000000024960000,0x0000000024a60000)]
  0x000000001b408000 JavaThread "jar transforms Thread 21" [_thread_blocked, id=17664, stack(0x0000000024860000,0x0000000024960000)]
  0x000000001b40a800 JavaThread "jar transforms Thread 20" [_thread_blocked, id=4768, stack(0x0000000024760000,0x0000000024860000)]
  0x000000001b40c000 JavaThread "jar transforms Thread 19" [_thread_blocked, id=22152, stack(0x0000000024660000,0x0000000024760000)]
  0x000000001b407800 JavaThread "jar transforms Thread 18" [_thread_blocked, id=22360, stack(0x0000000024560000,0x0000000024660000)]
  0x000000001b406800 JavaThread "jar transforms Thread 17" [_thread_blocked, id=17532, stack(0x0000000024460000,0x0000000024560000)]
  0x0000000019016800 JavaThread "jar transforms Thread 16" [_thread_blocked, id=3796, stack(0x0000000024360000,0x0000000024460000)]
  0x000000001901d800 JavaThread "jar transforms Thread 15" [_thread_blocked, id=18136, stack(0x0000000024260000,0x0000000024360000)]
  0x000000001901a800 JavaThread "jar transforms Thread 14" [_thread_blocked, id=25132, stack(0x0000000024160000,0x0000000024260000)]
  0x0000000019018000 JavaThread "jar transforms Thread 13" [_thread_blocked, id=14020, stack(0x0000000024060000,0x0000000024160000)]
  0x000000001901c800 JavaThread "jar transforms Thread 12" [_thread_blocked, id=3924, stack(0x0000000023f60000,0x0000000024060000)]
  0x0000000019017800 JavaThread "jar transforms Thread 11" [_thread_blocked, id=15060, stack(0x0000000023e60000,0x0000000023f60000)]
  0x000000001901b000 JavaThread "jar transforms Thread 10" [_thread_blocked, id=12880, stack(0x0000000023d60000,0x0000000023e60000)]
  0x0000000019019800 JavaThread "jar transforms Thread 9" [_thread_blocked, id=23388, stack(0x0000000023c60000,0x0000000023d60000)]
  0x0000000019019000 JavaThread "jar transforms Thread 8" [_thread_blocked, id=5912, stack(0x0000000023b60000,0x0000000023c60000)]
  0x000000001901c000 JavaThread "jar transforms Thread 7" [_thread_blocked, id=20596, stack(0x0000000023a60000,0x0000000023b60000)]
  0x000000001923b000 JavaThread "jar transforms Thread 6" [_thread_blocked, id=12356, stack(0x0000000023960000,0x0000000023a60000)]
  0x000000001923a000 JavaThread "jar transforms Thread 5" [_thread_blocked, id=12428, stack(0x0000000023860000,0x0000000023960000)]
  0x000000001923c800 JavaThread "jar transforms Thread 4" [_thread_blocked, id=22816, stack(0x0000000023760000,0x0000000023860000)]
  0x000000001923b800 JavaThread "jar transforms Thread 3" [_thread_blocked, id=4720, stack(0x0000000023660000,0x0000000023760000)]
  0x0000000019239800 JavaThread "jar transforms Thread 2" [_thread_blocked, id=1584, stack(0x0000000023560000,0x0000000023660000)]
  0x0000000019232000 JavaThread "Build operations Thread 8" [_thread_blocked, id=17956, stack(0x00000000230d0000,0x00000000231d0000)]
  0x0000000019238800 JavaThread "Build operations Thread 7" [_thread_blocked, id=18688, stack(0x0000000022fd0000,0x00000000230d0000)]
  0x0000000019236800 JavaThread "Build operations Thread 6" [_thread_blocked, id=14812, stack(0x0000000022ed0000,0x0000000022fd0000)]
  0x0000000019238000 JavaThread "Build operations Thread 5" [_thread_blocked, id=15084, stack(0x0000000022dd0000,0x0000000022ed0000)]
  0x0000000019237000 JavaThread "Build operations Thread 4" [_thread_blocked, id=21256, stack(0x0000000022cd0000,0x0000000022dd0000)]
  0x000000001922f000 JavaThread "Build operations Thread 3" [_thread_blocked, id=22744, stack(0x0000000022bd0000,0x0000000022cd0000)]
  0x0000000019235800 JavaThread "Build operations Thread 2" [_thread_blocked, id=22788, stack(0x0000000022ad0000,0x0000000022bd0000)]
  0x0000000019235000 JavaThread "Build operations" [_thread_blocked, id=6088, stack(0x00000000229d0000,0x0000000022ad0000)]
  0x000000001aeb7000 JavaThread "Cache worker for file content cache (C:\Users\Chau\.gradle\caches\6.5\fileContent)" [_thread_blocked, id=20232, stack(0x0000000021300000,0x0000000021400000)]
  0x000000001aeb8000 JavaThread "jar transforms" [_thread_blocked, id=13552, stack(0x0000000021200000,0x0000000021300000)]
  0x000000001aeb9800 JavaThread "Cache worker for execution history cache (C:\Users\Chau\.gradle\caches\6.5\executionHistory)" [_thread_blocked, id=15320, stack(0x0000000020b00000,0x0000000020c00000)]
  0x000000001aeb6800 JavaThread "Cache worker for cache directory md-rule (C:\Users\Chau\.gradle\caches\6.5\md-rule)" [_thread_blocked, id=14468, stack(0x0000000020a00000,0x0000000020b00000)]
  0x000000001aeba000 JavaThread "Cache worker for cache directory md-supplier (C:\Users\Chau\.gradle\caches\6.5\md-supplier)" [_thread_blocked, id=24432, stack(0x000000001f5b0000,0x000000001f6b0000)]
  0x000000001aeb4800 JavaThread "Cache worker for checksums cache (C:\Users\Chau\Desktop\MangoCliente\.gradle\checksums)" [_thread_blocked, id=15992, stack(0x000000001f4b0000,0x000000001f5b0000)]
  0x000000001aeb4000 JavaThread "Cache worker for file hash cache (C:\Users\Chau\Desktop\MangoCliente\.gradle\6.5\fileHashes)" [_thread_blocked, id=9052, stack(0x0000000020900000,0x0000000020a00000)]
  0x000000001aebb000 JavaThread "Cache worker for file hash cache (C:\Users\Chau\.gradle\caches\6.5\fileHashes)" [_thread_blocked, id=1160, stack(0x000000001d010000,0x000000001d110000)]
  0x000000001aeb5800 JavaThread "File lock request listener" [_thread_in_native, id=8296, stack(0x000000001cf10000,0x000000001d010000)]
  0x000000001aed8000 JavaThread "Cache worker for journal cache (C:\Users\Chau\.gradle\caches\journal-1)" [_thread_blocked, id=3876, stack(0x000000001ce10000,0x000000001cf10000)]
  0x000000001ac68000 JavaThread "Thread-9" [_thread_blocked, id=11956, stack(0x000000001cb10000,0x000000001cc10000)]
  0x000000001ac03800 JavaThread "Stdin handler" [_thread_blocked, id=3984, stack(0x000000001ca10000,0x000000001cb10000)]
  0x000000001abf9000 JavaThread "Asynchronous log dispatcher for DefaultDaemonConnection: socket connection from /127.0.0.1:60344 to /127.0.0.1:60345" [_thread_blocked, id=13560, stack(0x000000001c910000,0x000000001ca10000)]
  0x000000001abf8000 JavaThread "Daemon worker" [_thread_blocked, id=21512, stack(0x000000001c810000,0x000000001c910000)]
  0x000000001abef800 JavaThread "Cancel handler" [_thread_blocked, id=856, stack(0x000000001c610000,0x000000001c710000)]
  0x000000001abe7800 JavaThread "Handler for socket connection from /127.0.0.1:60344 to /127.0.0.1:60345" [_thread_in_native, id=5064, stack(0x000000001c510000,0x000000001c610000)]
  0x000000001abd8800 JavaThread "Daemon" [_thread_blocked, id=6040, stack(0x000000001c410000,0x000000001c510000)]
  0x000000001ab56800 JavaThread "Daemon periodic checks" [_thread_blocked, id=4608, stack(0x000000001c110000,0x000000001c210000)]
  0x000000001ab54000 JavaThread "Incoming local TCP Connector on port 60344" [_thread_in_native, id=10272, stack(0x000000001bea0000,0x000000001bfa0000)]
  0x000000001aaff800 JavaThread "Daemon health stats" [_thread_blocked, id=2676, stack(0x000000001b860000,0x000000001b960000)]
  0x000000001806e000 JavaThread "Service Thread" daemon [_thread_blocked, id=23916, stack(0x0000000018cc0000,0x0000000018dc0000)]
  0x0000000017fde800 JavaThread "C1 CompilerThread3" daemon [_thread_blocked, id=24680, stack(0x0000000018bc0000,0x0000000018cc0000)]
  0x0000000017fda000 JavaThread "C2 CompilerThread2" daemon [_thread_in_native, id=6892, stack(0x0000000018ac0000,0x0000000018bc0000)]
  0x0000000017fd7800 JavaThread "C2 CompilerThread1" daemon [_thread_in_native, id=23700, stack(0x00000000189c0000,0x0000000018ac0000)]
=>0x0000000017fd1000 JavaThread "C2 CompilerThread0" daemon [_thread_in_native, id=10688, stack(0x00000000188c0000,0x00000000189c0000)]
  0x0000000017fcf000 JavaThread "Attach Listener" daemon [_thread_blocked, id=13620, stack(0x00000000187c0000,0x00000000188c0000)]
  0x0000000017fce000 JavaThread "Signal Dispatcher" daemon [_thread_blocked, id=24616, stack(0x00000000186c0000,0x00000000187c0000)]
  0x0000000017fc1800 JavaThread "Finalizer" daemon [_thread_blocked, id=5876, stack(0x00000000184a0000,0x00000000185a0000)]
  0x0000000017fc0800 JavaThread "Reference Handler" daemon [_thread_blocked, id=23668, stack(0x00000000183a0000,0x00000000184a0000)]
  0x000000000229e800 JavaThread "main" [_thread_blocked, id=18876, stack(0x0000000002190000,0x0000000002290000)]

Other Threads:
  0x00000000161c7800 VMThread [stack: 0x0000000017ea0000,0x0000000017fa0000] [id=14440]
  0x000000001806e800 WatcherThread [stack: 0x0000000018dc0000,0x0000000018ec0000] [id=5632]

VM state:not at safepoint (normal execution)

VM Mutex/Monitor currently owned by a thread: None

heap address: 0x00000000a0000000, size: 1536 MB, Compressed Oops mode: 32-bit
Narrow klass base: 0x0000000000000000, Narrow klass shift: 3
Compressed class space size: 1073741824 Address: 0x0000000100000000

Heap:
 PSYoungGen      total 401920K, used 87592K [0x00000000e0000000, 0x00000000fe000000, 0x0000000100000000)
  eden space 328704K, 26% used [0x00000000e0000000,0x00000000e558a080,0x00000000f4100000)
  from space 73216K, 0% used [0x00000000f9880000,0x00000000f9880000,0x00000000fe000000)
  to   space 81408K, 0% used [0x00000000f4100000,0x00000000f4100000,0x00000000f9080000)
 ParOldGen       total 374272K, used 90384K [0x00000000a0000000, 0x00000000b6d80000, 0x00000000e0000000)
  object space 374272K, 24% used [0x00000000a0000000,0x00000000a5844278,0x00000000b6d80000)
 Metaspace       used 77630K, capacity 80850K, committed 82216K, reserved 1120256K
  class space    used 10256K, capacity 11006K, committed 11312K, reserved 1048576K

Card table byte_map: [0x00000000117d0000,0x0000000011ae0000] byte_map_base: 0x00000000112d0000

Marking Bits: (ParMarkBitMap*) 0x000000005ec9f030
 Begin Bits: [0x00000000124e0000, 0x0000000013ce0000)
 End Bits:   [0x0000000013ce0000, 0x00000000154e0000)

Polling page: 0x00000000004a0000

CodeCache: size=245760Kb used=37285Kb max_used=37981Kb free=208474Kb
 bounds [0x0000000002410000, 0x0000000004960000, 0x0000000011410000]
 total_blobs=11352 nmethods=10516 adapters=748
 compilation: enabled

Compilation events (10 events):
Event: 17.556 Thread 0x0000000017fd7800 12655       4       org.gradle.api.internal.cache.StringInterner::intern (20 bytes)
Event: 17.556 Thread 0x0000000017fde800 nmethod 12657 0x0000000004946710 code [0x0000000004946860, 0x00000000049469b0]
Event: 17.566 Thread 0x0000000017fde800 12659       1       org.gradle.internal.execution.history.changes.ClasspathCompareStrategy$TrackingVisitor::isConsumeMore (5 bytes)
Event: 17.566 Thread 0x0000000017fde800 nmethod 12659 0x0000000004283950 code [0x0000000004283aa0, 0x0000000004283bb0]
Event: 17.566 Thread 0x0000000017fde800 12660       3       org.gradle.internal.execution.history.changes.ClasspathCompareStrategy$ChangeState::nextEntry (20 bytes)
Event: 17.567 Thread 0x0000000017fde800 nmethod 12660 0x0000000004283390 code [0x0000000004283520, 0x0000000004283858]
Event: 17.567 Thread 0x0000000017fde800 12661       3       org.gradle.internal.execution.history.changes.ClasspathCompareStrategy$ChangeState::hasMoreToProcess (20 bytes)
Event: 17.567 Thread 0x0000000017fde800 nmethod 12661 0x0000000004193590 code [0x00000000041936e0, 0x00000000041938d0]
Event: 17.567 Thread 0x0000000017fde800 12662       3       org.gradle.internal.execution.history.changes.ClasspathCompareStrategy$ChangeState::processChange (257 bytes)
Event: 17.568 Thread 0x0000000017fde800 nmethod 12662 0x0000000004275bd0 code [0x0000000004275f80, 0x0000000004277c08]

GC Heap History (10 events):
Event: 10.782 GC heap before
{Heap before GC invocations=16 (full 3):
 PSYoungGen      total 252416K, used 252388K [0x00000000e0000000, 0x00000000f1780000, 0x0000000100000000)
  eden space 228864K, 100% used [0x00000000e0000000,0x00000000edf80000,0x00000000edf80000)
  from space 23552K, 99% used [0x00000000efa00000,0x00000000f10f91d8,0x00000000f1100000)
  to   space 27136K, 0% used [0x00000000edf80000,0x00000000edf80000,0x00000000efa00000)
 ParOldGen       total 231936K, used 47749K [0x00000000a0000000, 0x00000000ae280000, 0x00000000e0000000)
  object space 231936K, 20% used [0x00000000a0000000,0x00000000a2ea1648,0x00000000ae280000)
 Metaspace       used 66124K, capacity 69978K, committed 70056K, reserved 1110016K
  class space    used 9120K, capacity 9883K, committed 9904K, reserved 1048576K
Event: 10.809 GC heap after
Heap after GC invocations=16 (full 3):
 PSYoungGen      total 256000K, used 27128K [0x00000000e0000000, 0x00000000f5400000, 0x0000000100000000)
  eden space 228864K, 0% used [0x00000000e0000000,0x00000000e0000000,0x00000000edf80000)
  from space 27136K, 99% used [0x00000000edf80000,0x00000000ef9fe2f0,0x00000000efa00000)
  to   space 36352K, 0% used [0x00000000f3080000,0x00000000f3080000,0x00000000f5400000)
 ParOldGen       total 231936K, used 62831K [0x00000000a0000000, 0x00000000ae280000, 0x00000000e0000000)
  object space 231936K, 27% used [0x00000000a0000000,0x00000000a3d5bc58,0x00000000ae280000)
 Metaspace       used 66124K, capacity 69978K, committed 70056K, reserved 1110016K
  class space    used 9120K, capacity 9883K, committed 9904K, reserved 1048576K
}
Event: 13.127 GC heap before
{Heap before GC invocations=17 (full 3):
 PSYoungGen      total 256000K, used 255992K [0x00000000e0000000, 0x00000000f5400000, 0x0000000100000000)
  eden space 228864K, 100% used [0x00000000e0000000,0x00000000edf80000,0x00000000edf80000)
  from space 27136K, 99% used [0x00000000edf80000,0x00000000ef9fe2f0,0x00000000efa00000)
  to   space 36352K, 0% used [0x00000000f3080000,0x00000000f3080000,0x00000000f5400000)
 ParOldGen       total 231936K, used 62831K [0x00000000a0000000, 0x00000000ae280000, 0x00000000e0000000)
  object space 231936K, 27% used [0x00000000a0000000,0x00000000a3d5bc58,0x00000000ae280000)
 Metaspace       used 74812K, capacity 78650K, committed 79016K, reserved 1118208K
  class space    used 10115K, capacity 10846K, committed 10928K, reserved 1048576K
Event: 13.173 GC heap after
Heap after GC invocations=17 (full 3):
 PSYoungGen      total 296960K, used 36344K [0x00000000e0000000, 0x00000000f7180000, 0x0000000100000000)
  eden space 260608K, 0% used [0x00000000e0000000,0x00000000e0000000,0x00000000efe80000)
  from space 36352K, 99% used [0x00000000f3080000,0x00000000f53fe070,0x00000000f5400000)
  to   space 51200K, 0% used [0x00000000efe80000,0x00000000efe80000,0x00000000f3080000)
 ParOldGen       total 231936K, used 89211K [0x00000000a0000000, 0x00000000ae280000, 0x00000000e0000000)
  object space 231936K, 38% used [0x00000000a0000000,0x00000000a571ece0,0x00000000ae280000)
 Metaspace       used 74812K, capacity 78650K, committed 79016K, reserved 1118208K
  class space    used 10115K, capacity 10846K, committed 10928K, reserved 1048576K
}
Event: 14.102 GC heap before
{Heap before GC invocations=18 (full 3):
 PSYoungGen      total 296960K, used 296952K [0x00000000e0000000, 0x00000000f7180000, 0x0000000100000000)
  eden space 260608K, 100% used [0x00000000e0000000,0x00000000efe80000,0x00000000efe80000)
  from space 36352K, 99% used [0x00000000f3080000,0x00000000f53fe070,0x00000000f5400000)
  to   space 51200K, 0% used [0x00000000efe80000,0x00000000efe80000,0x00000000f3080000)
 ParOldGen       total 231936K, used 89211K [0x00000000a0000000, 0x00000000ae280000, 0x00000000e0000000)
  object space 231936K, 38% used [0x00000000a0000000,0x00000000a571ece0,0x00000000ae280000)
 Metaspace       used 75898K, capacity 79872K, committed 80168K, reserved 1118208K
  class space    used 10211K, capacity 11015K, committed 11056K, reserved 1048576K
Event: 14.174 GC heap after
Heap after GC invocations=18 (full 3):
 PSYoungGen      total 311808K, used 51184K [0x00000000e0000000, 0x00000000feb80000, 0x0000000100000000)
  eden space 260608K, 0% used [0x00000000e0000000,0x00000000e0000000,0x00000000efe80000)
  from space 51200K, 99% used [0x00000000efe80000,0x00000000f307c170,0x00000000f3080000)
  to   space 84992K, 0% used [0x00000000f9880000,0x00000000f9880000,0x00000000feb80000)
 ParOldGen       total 231936K, used 157407K [0x00000000a0000000, 0x00000000ae280000, 0x00000000e0000000)
  object space 231936K, 67% used [0x00000000a0000000,0x00000000a99b7d98,0x00000000ae280000)
 Metaspace       used 75898K, capacity 79872K, committed 80168K, reserved 1118208K
  class space    used 10211K, capacity 11015K, committed 11056K, reserved 1048576K
}
Event: 16.934 GC heap before
{Heap before GC invocations=19 (full 3):
 PSYoungGen      total 311808K, used 311792K [0x00000000e0000000, 0x00000000feb80000, 0x0000000100000000)
  eden space 260608K, 100% used [0x00000000e0000000,0x00000000efe80000,0x00000000efe80000)
  from space 51200K, 99% used [0x00000000efe80000,0x00000000f307c170,0x00000000f3080000)
  to   space 84992K, 0% used [0x00000000f9880000,0x00000000f9880000,0x00000000feb80000)
 ParOldGen       total 231936K, used 157407K [0x00000000a0000000, 0x00000000ae280000, 0x00000000e0000000)
  object space 231936K, 67% used [0x00000000a0000000,0x00000000a99b7d98,0x00000000ae280000)
 Metaspace       used 77837K, capacity 81788K, committed 82088K, reserved 1120256K
  class space    used 10356K, capacity 11171K, committed 11184K, reserved 1048576K
Event: 16.980 GC heap after
Heap after GC invocations=19 (full 3):
 PSYoungGen      total 401920K, used 36889K [0x00000000e0000000, 0x00000000fe000000, 0x0000000100000000)
  eden space 328704K, 0% used [0x00000000e0000000,0x00000000e0000000,0x00000000f4100000)
  from space 73216K, 50% used [0x00000000f9880000,0x00000000fbc867c8,0x00000000fe000000)
  to   space 81408K, 0% used [0x00000000f4100000,0x00000000f4100000,0x00000000f9080000)
 ParOldGen       total 231936K, used 194221K [0x00000000a0000000, 0x00000000ae280000, 0x00000000e0000000)
  object space 231936K, 83% used [0x00000000a0000000,0x00000000abdab738,0x00000000ae280000)
 Metaspace       used 77837K, capacity 81788K, committed 82088K, reserved 1120256K
  class space    used 10356K, capacity 11171K, committed 11184K, reserved 1048576K
}
Event: 16.980 GC heap before
{Heap before GC invocations=20 (full 4):
 PSYoungGen      total 401920K, used 36889K [0x00000000e0000000, 0x00000000fe000000, 0x0000000100000000)
  eden space 328704K, 0% used [0x00000000e0000000,0x00000000e0000000,0x00000000f4100000)
  from space 73216K, 50% used [0x00000000f9880000,0x00000000fbc867c8,0x00000000fe000000)
  to   space 81408K, 0% used [0x00000000f4100000,0x00000000f4100000,0x00000000f9080000)
 ParOldGen       total 231936K, used 194221K [0x00000000a0000000, 0x00000000ae280000, 0x00000000e0000000)
  object space 231936K, 83% used [0x00000000a0000000,0x00000000abdab738,0x00000000ae280000)
 Metaspace       used 77837K, capacity 81788K, committed 82088K, reserved 1120256K
  class space    used 10356K, capacity 11171K, committed 11184K, reserved 1048576K
Event: 17.183 GC heap after
Heap after GC invocations=20 (full 4):
 PSYoungGen      total 401920K, used 0K [0x00000000e0000000, 0x00000000fe000000, 0x0000000100000000)
  eden space 328704K, 0% used [0x00000000e0000000,0x00000000e0000000,0x00000000f4100000)
  from space 73216K, 0% used [0x00000000f9880000,0x00000000f9880000,0x00000000fe000000)
  to   space 81408K, 0% used [0x00000000f4100000,0x00000000f4100000,0x00000000f9080000)
 ParOldGen       total 374272K, used 90384K [0x00000000a0000000, 0x00000000b6d80000, 0x00000000e0000000)
  object space 374272K, 24% used [0x00000000a0000000,0x00000000a5844278,0x00000000b6d80000)
 Metaspace       used 77484K, capacity 80736K, committed 82088K, reserved 1120256K
  class space    used 10243K, capacity 10973K, committed 11184K, reserved 1048576K
}

Deoptimization events (10 events):
Event: 16.499 Thread 0x0000000021f72000 Uncommon trap: reason=unstable_if action=reinterpret pc=0x0000000003e1e254 method=java.io.BufferedOutputStream.write([BII)V @ 6
Event: 16.506 Thread 0x0000000021f70800 Uncommon trap: reason=null_check action=make_not_entrant pc=0x0000000003d277b0 method=sun.nio.fs.NativeBuffers.getNativeBufferFromCache(I)Lsun/nio/fs/NativeBuffer; @ 6
Event: 16.506 Thread 0x0000000021f70800 Uncommon trap: reason=null_check action=make_not_entrant pc=0x0000000002800d0c method=sun.nio.fs.NativeBuffers.releaseNativeBuffer(Lsun/nio/fs/NativeBuffer;)V @ 6
Event: 16.674 Thread 0x0000000019232000 Uncommon trap: reason=unstable_if action=reinterpret pc=0x00000000030bbe2c method=java.util.concurrent.ConcurrentLinkedQueue.offer(Ljava/lang/Object;)Z @ 72
Event: 17.186 Thread 0x0000000019238000 Uncommon trap: reason=unstable_if action=reinterpret pc=0x0000000003a38a14 method=com.google.common.collect.MapMakerInternalMap$Segment.drainKeyReferenceQueue(Ljava/lang/ref/ReferenceQueue;)V @ 8
Event: 17.186 Thread 0x0000000019238000 Uncommon trap: reason=unstable_if action=reinterpret pc=0x0000000002948bbc method=com.google.common.collect.MapMakerInternalMap$Segment.drainKeyReferenceQueue(Ljava/lang/ref/ReferenceQueue;)V @ 8
Event: 17.188 Thread 0x000000001922f000 Uncommon trap: reason=unstable_if action=reinterpret pc=0x0000000003a44020 method=com.google.common.collect.MapMakerInternalMap$Segment.drainKeyReferenceQueue(Ljava/lang/ref/ReferenceQueue;)V @ 8
Event: 17.190 Thread 0x0000000019237000 Uncommon trap: reason=unstable_if action=reinterpret pc=0x0000000003a337c4 method=com.google.common.collect.MapMakerInternalMap$Segment.drainKeyReferenceQueue(Ljava/lang/ref/ReferenceQueue;)V @ 8
Event: 17.301 Thread 0x0000000021f70800 Uncommon trap: reason=predicate action=maybe_recompile pc=0x0000000003cf3fd4 method=java.util.TimSort.binarySort([Ljava/lang/Object;IIILjava/util/Comparator;)V @ 37
Event: 17.395 Thread 0x0000000019235000 Uncommon trap: reason=unstable_if action=reinterpret pc=0x0000000002cfcfcc method=com.google.common.cache.LongAdder.add(J)V @ 24

Classes redefined (0 events):
No events

Internal exceptions (10 events):
Event: 13.408 Thread 0x0000000021f6c800 Implicit null exception at 0x0000000003f73f33 to 0x0000000003f74625
Event: 13.480 Thread 0x0000000021f6c800 Implicit null exception at 0x0000000004190571 to 0x000000000419092d
Event: 13.769 Thread 0x0000000021f6c800 Implicit null exception at 0x000000000398e3fd to 0x000000000398f25e
Event: 13.769 Thread 0x0000000021f6c800 Implicit null exception at 0x00000000030bdd05 to 0x00000000030be185
Event: 13.832 Thread 0x0000000021f6c800 Implicit null exception at 0x0000000003962ed2 to 0x0000000003963049
Event: 16.494 Thread 0x000000001ac68000 Exception <a 'java/lang/NoSuchMethodError': <clinit>> (0x00000000e0325a10) thrown at [C:\src\AOSP-openjdk-git\hotspot\src\share\vm\prims\jni.cpp, line 1615]
Event: 16.496 Thread 0x000000001ac68000 Exception <a 'java/lang/NoSuchMethodError': <clinit>> (0x00000000e9722460) thrown at [C:\src\AOSP-openjdk-git\hotspot\src\share\vm\prims\jni.cpp, line 1615]
Event: 16.506 Thread 0x0000000021f70800 Implicit null exception at 0x0000000002800965 to 0x0000000002800cfc
Event: 16.795 Thread 0x0000000021f70800 Exception <a 'sun/nio/fs/WindowsException'> (0x00000000ed914d78) thrown at [C:\src\AOSP-openjdk-git\hotspot\src\share\vm\prims\jni.cpp, line 710]
Event: 16.796 Thread 0x0000000021f70800 Exception <a 'sun/nio/fs/WindowsException'> (0x00000000ed915a88) thrown at [C:\src\AOSP-openjdk-git\hotspot\src\share\vm\prims\jni.cpp, line 710]

Events (10 events):
Event: 17.568 loading class com/android/build/gradle/internal/dexing/DxDexParameters$Companion
Event: 17.568 loading class com/android/build/gradle/internal/dexing/DxDexParameters$Companion done
Event: 17.568 loading class com/android/build/gradle/internal/tasks/DexArchiveBuilderTaskDelegate
Event: 17.568 loading class com/android/build/gradle/internal/tasks/DexArchiveBuilderTaskDelegate done
Event: 17.572 loading class com/android/build/gradle/internal/tasks/DexArchiveBuilderTaskDelegate$Companion
Event: 17.572 loading class com/android/build/gradle/internal/tasks/DexArchiveBuilderTaskDelegate$Companion done
Event: 17.573 loading class com/android/ide/common/internal/WaitableExecutor
Event: 17.573 loading class com/android/ide/common/internal/WaitableExecutor done
Event: 17.574 loading class com/android/build/gradle/internal/tasks/DexArchiveBuilderTaskDelegate$OutputMapping
Event: 17.574 loading class com/android/build/gradle/internal/tasks/DexArchiveBuilderTaskDelegate$OutputMapping done


Dynamic libraries:
0x00007ff795d60000 - 0x00007ff795d91000 	C:\Program Files\Android\Android Studio\jre\bin\java.exe
0x00007ffa9a980000 - 0x00007ffa9ab70000 	C:\WINDOWS\SYSTEM32\ntdll.dll
0x00007ffa9a420000 - 0x00007ffa9a4d2000 	C:\WINDOWS\System32\KERNEL32.DLL
0x00007ffa97ee0000 - 0x00007ffa98185000 	C:\WINDOWS\System32\KERNELBASE.dll
0x00007ffa98df0000 - 0x00007ffa98e93000 	C:\WINDOWS\System32\ADVAPI32.dll
0x00007ffa9a6a0000 - 0x00007ffa9a73e000 	C:\WINDOWS\System32\msvcrt.dll
0x00007ffa9a7d0000 - 0x00007ffa9a867000 	C:\WINDOWS\System32\sechost.dll
0x00007ffa99650000 - 0x00007ffa9976f000 	C:\WINDOWS\System32\RPCRT4.dll
0x00007ffa99770000 - 0x00007ffa99904000 	C:\WINDOWS\System32\USER32.dll
0x00007ffa97c20000 - 0x00007ffa97c41000 	C:\WINDOWS\System32\win32u.dll
0x00007ffa9a340000 - 0x00007ffa9a366000 	C:\WINDOWS\System32\GDI32.dll
0x00007ffa979e0000 - 0x00007ffa97b78000 	C:\WINDOWS\System32\gdi32full.dll
0x00007ffa97b80000 - 0x00007ffa97c1e000 	C:\WINDOWS\System32\msvcp_win.dll
0x00007ffa981b0000 - 0x00007ffa982aa000 	C:\WINDOWS\System32\ucrtbase.dll
0x00007ffa85780000 - 0x00007ffa85a04000 	C:\WINDOWS\WinSxS\amd64_microsoft.windows.common-controls_6595b64144ccf1df_6.0.18362.1316_none_9e7a364fe461dbd7\COMCTL32.dll
0x00007ffa98ab0000 - 0x00007ffa98de7000 	C:\WINDOWS\System32\combase.dll
0x00007ffa97c50000 - 0x00007ffa97cd1000 	C:\WINDOWS\System32\bcryptPrimitives.dll
0x00007ffa9a3f0000 - 0x00007ffa9a41e000 	C:\WINDOWS\System32\IMM32.DLL
0x000000005f320000 - 0x000000005f3f2000 	C:\Program Files\Android\Android Studio\jre\jre\bin\msvcr100.dll
0x000000005e4d0000 - 0x000000005ed1b000 	C:\Program Files\Android\Android Studio\jre\jre\bin\server\jvm.dll
0x00007ffa98a30000 - 0x00007ffa98a38000 	C:\WINDOWS\System32\PSAPI.DLL
0x00007ffa91530000 - 0x00007ffa91554000 	C:\WINDOWS\SYSTEM32\WINMM.dll
0x00007ffa8c740000 - 0x00007ffa8c74a000 	C:\WINDOWS\SYSTEM32\VERSION.dll
0x00007ffa79520000 - 0x00007ffa79529000 	C:\WINDOWS\SYSTEM32\WSOCK32.dll
0x00007ffa99530000 - 0x00007ffa9959f000 	C:\WINDOWS\System32\WS2_32.dll
0x00007ffa91500000 - 0x00007ffa9152d000 	C:\WINDOWS\SYSTEM32\winmmbase.dll
0x00007ffa97900000 - 0x00007ffa9794a000 	C:\WINDOWS\System32\cfgmgr32.dll
0x00007ffa92090000 - 0x00007ffa9209f000 	C:\Program Files\Android\Android Studio\jre\jre\bin\verify.dll
0x00007ffa8b640000 - 0x00007ffa8b669000 	C:\Program Files\Android\Android Studio\jre\jre\bin\java.dll
0x00007ffa90470000 - 0x00007ffa90486000 	C:\Program Files\Android\Android Studio\jre\jre\bin\zip.dll
0x00007ffa99ba0000 - 0x00007ffa9a288000 	C:\WINDOWS\System32\SHELL32.dll
0x00007ffa9a290000 - 0x00007ffa9a337000 	C:\WINDOWS\System32\shcore.dll
0x00007ffa982b0000 - 0x00007ffa98a2b000 	C:\WINDOWS\System32\windows.storage.dll
0x00007ffa97860000 - 0x00007ffa97883000 	C:\WINDOWS\System32\profapi.dll
0x00007ffa978b0000 - 0x00007ffa978fa000 	C:\WINDOWS\System32\powrprof.dll
0x00007ffa97830000 - 0x00007ffa97840000 	C:\WINDOWS\System32\UMPDC.dll
0x00007ffa99b40000 - 0x00007ffa99b92000 	C:\WINDOWS\System32\shlwapi.dll
0x00007ffa97890000 - 0x00007ffa978a1000 	C:\WINDOWS\System32\kernel.appcore.dll
0x00007ffa98190000 - 0x00007ffa981a7000 	C:\WINDOWS\System32\cryptsp.dll
0x00007ffa8b590000 - 0x00007ffa8b5aa000 	C:\Program Files\Android\Android Studio\jre\jre\bin\net.dll
0x00007ffa97070000 - 0x00007ffa970d7000 	C:\WINDOWS\system32\mswsock.dll
0x00007ffa8b570000 - 0x00007ffa8b583000 	C:\Program Files\Android\Android Studio\jre\jre\bin\nio.dll
0x00007ffa8bfe0000 - 0x00007ffa8c007000 	C:\Users\Chau\.gradle\native\f6784746aeab05261644944871eae4fe03e0ef1612fff0a4a95f87b438bc6780\windows-amd64\native-platform.dll
0x00007ffa8f480000 - 0x00007ffa8f48d000 	C:\Program Files\Android\Android Studio\jre\jre\bin\management.dll
0x00007ffa96bf0000 - 0x00007ffa96c23000 	C:\WINDOWS\system32\rsaenh.dll
0x00007ffa979b0000 - 0x00007ffa979d6000 	C:\WINDOWS\System32\bcrypt.dll
0x00007ffa97750000 - 0x00007ffa97775000 	C:\WINDOWS\SYSTEM32\USERENV.dll
0x00007ffa97240000 - 0x00007ffa9724c000 	C:\WINDOWS\SYSTEM32\CRYPTBASE.dll
0x00007ffa96d80000 - 0x00007ffa96dba000 	C:\WINDOWS\SYSTEM32\IPHLPAPI.DLL
0x00007ffa9a740000 - 0x00007ffa9a748000 	C:\WINDOWS\System32\NSI.dll
0x00007ffa8d8f0000 - 0x00007ffa8d906000 	C:\WINDOWS\SYSTEM32\dhcpcsvc6.DLL
0x00007ffa8e060000 - 0x00007ffa8e07c000 	C:\WINDOWS\SYSTEM32\dhcpcsvc.DLL
0x00007ffa96dc0000 - 0x00007ffa96e8b000 	C:\WINDOWS\SYSTEM32\DNSAPI.dll
0x00007ffa8fa10000 - 0x00007ffa8fa1b000 	C:\WINDOWS\SYSTEM32\WINNSI.DLL

VM Arguments:
jvm_args: -Xmx1536m -Dfile.encoding=windows-1252 -Duser.country=MX -Duser.language=es -Duser.variant 
java_command: org.gradle.launcher.daemon.bootstrap.GradleDaemon 6.5
java_class_path (initial): C:\Users\Chau\.gradle\wrapper\dists\gradle-6.5-all\2oz4ud9k3tuxjg84bbf55q0tn\gradle-6.5\lib\gradle-launcher-6.5.jar
Launcher Type: SUN_STANDARD

Environment Variables:
JAVA_HOME=C:\Program Files\Android\Jdk\microsoft_dist_openjdk_1.8.0.25
PATH=C:\Program Files (x86)\Common Files\Intel\Shared Files\cpp\bin\Intel64;C:\Program Files (x86)\Common Files\Oracle\Java\javapath;C:\WINDOWS\system32;C:\WINDOWS;C:\WINDOWS\System32\Wbem;C:\WINDOWS\System32\WindowsPowerShell\v1.0\;C:\WINDOWS\System32\OpenSSH\;C:\Program Files\Git\cmd;C:\Program Files\dotnet\;C:\Program Files (x86)\IncrediBuild;C:\Program Files\Intel\WiFi\bin\;C:\Program Files\Common Files\Intel\WirelessCommon\;C:\Program Files\Microsoft SQL Server\130\Tools\Binn\;C:\Program Files\Microsoft SQL Server\Client SDK\ODBC\170\Tools\Binn\;C:\Program Files (x86)\Microsoft SQL Server\150\Tools\Binn\;C:\Program Files\Microsoft SQL Server\150\Tools\Binn\;C:\Program Files\Microsoft SQL Server\150\DTS\Binn\;C:\Program Files\nodejs\;C:\xamp\php;C:\ProgramData\ComposerSetup\bin;C:\Program Files (x86)\Intel\Intel(R) Management Engine Components\DAL;C:\Program Files\Intel\Intel(R) Management Engine Components\DAL;C:\Program Files (x86)\dotnet\;C:\Users\Chau\AppData\Local\Programs\Python\Python39\Scripts\;C:\Users\Chau\AppData\Local\Programs\Python\Python39\;C:\Users\Chau\anaconda;C:\Users\Chau\anaconda\Library\mingw-w64\bin;C:\Users\Chau\anaconda\Library\usr\bin;C:\Users\Chau\anaconda\Library\bin;C:\Users\Chau\anaconda\Scripts;C:\Users\Chau\AppData\Local\Programs\Python\Python38\Scripts\;C:\Users\Chau\AppData\Local\Programs\Python\Python38\;C:\Users\Chau\anaconda3;C:\Users\Chau\anaconda3\Library\mingw-w64\bin;C:\Users\Chau\anaconda3\Library\usr\bin;C:\Users\Chau\anaconda3\Library\bin;C:\Users\Chau\anaconda3\Scripts;C:\Users\Chau\AppData\Local\Microsoft\WindowsApps;C:\xampp\php;C:\Users\Chau\AppData\Local\Microsoft\WindowsApps;C:\Users\Chau\AppData\Local\Programs\Microsoft VS Code\bin;C:\Users\Chau\AppData\Roaming\Composer\vendor\bin;C:\seleniumWebdrivers\;C:\Users\Chau\anaconda3\python.exe;C:\Users\Chau\AppData\Roaming\npm;C:\seleniumWebdrivers\geckodriver.exe;C:\Users\Chau\AppData\Roaming\npm
USERNAME=Chau
OS=Windows_NT
PROCESSOR_IDENTIFIER=Intel64 Family 6 Model 142 Stepping 10, GenuineIntel



---------------  S Y S T E M  ---------------

OS: Windows 10.0 , 64 bit Build 18362 (10.0.18362.1316)

CPU:total 8 (initial active 8) (4 cores per cpu, 2 threads per core) family 6 model 142 stepping 10, cmov, cx8, fxsr, mmx, sse, sse2, sse3, ssse3, sse4.1, sse4.2, popcnt, avx, avx2, aes, clmul, erms, rtm, 3dnowpref, lzcnt, ht, tsc, tscinvbit, bmi1, bmi2, adx

Memory: 4k page, physical 16612328k(1241460k free), swap 47706212k(5524k free)

vm_info: OpenJDK 64-Bit Server VM (25.242-b01) for windows-amd64 JRE (1.8.0_242-release-1644-b01), built by "builder" with MS VC++ 10.0 (VS2010)

time: Thu Feb 04 13:37:22 2021
timezone: Hora estándar central (México)
elapsed time: 17 seconds (0d 0h 0m 17s)

