#
# There is insufficient memory for the Java Runtime Environment to continue.
# Native memory allocation (malloc) failed to allocate 1101536 bytes for Chunk::new
# Possible reasons:
#   The system is out of physical RAM or swap space
#   The process is running with CompressedOops enabled, and the Java Heap may be blocking the growth of the native heap
# Possible solutions:
#   Reduce memory load on the system
#   Increase physical memory or swap space
#   Check if swap backing store is full
#   Decrease Java heap size (-Xmx/-Xms)
#   Decrease number of Java threads
#   Decrease Java thread stack sizes (-Xss)
#   Set larger code cache with -XX:ReservedCodeCacheSize=
#   JVM is running with Unscaled Compressed Oops mode in which the Java heap is
#     placed in the first 4GB address space. The Java Heap base address is the
#     maximum limit for the native heap growth. Please use -XX:HeapBaseMinAddress
#     to set the Java Heap base and to place the Java Heap above 4GB virtual address.
# This output file may be truncated or incomplete.
#
#  Out of Memory Error (allocation.cpp:389), pid=9512, tid=0x0000000000003584
#
# JRE version: OpenJDK Runtime Environment (8.0_242-b01) (build 1.8.0_242-release-1644-b01)
# Java VM: OpenJDK 64-Bit Server VM (25.242-b01 mixed mode windows-amd64 compressed oops)
# Failed to write core dump. Minidumps are not enabled by default on client versions of Windows
#

---------------  T H R E A D  ---------------

Current thread (0x00000000186eb800):  JavaThread "C2 CompilerThread2" daemon [_thread_in_native, id=13700, stack(0x00000000191d0000,0x00000000192d0000)]

Stack: [0x00000000191d0000,0x00000000192d0000]
[error occurred during error reporting (printing stack bounds), id 0xc0000005]

Native frames: (J=compiled Java code, j=interpreted, Vv=VM code, C=native code)


Current CompileTask:
C2: 271343 22837 % !   4       com.android.tools.r8.dex.r::c @ 463 (2729 bytes)


---------------  P R O C E S S  ---------------

Java Threads: ( => current thread )
  0x000000001bcac800 JavaThread "ForkJoinPool.commonPool-worker-7" daemon [_thread_blocked, id=16108, stack(0x00000000311c0000,0x00000000312c0000)]
  0x000000001bcb3800 JavaThread "WorkerExecutor Queue Thread 7" [_thread_blocked, id=19832, stack(0x000000002fe70000,0x000000002ff70000)]
  0x000000001bcb2000 JavaThread "WorkerExecutor Queue Thread 6" [_thread_blocked, id=20204, stack(0x000000002f770000,0x000000002f870000)]
  0x000000001bcb1000 JavaThread "WorkerExecutor Queue Thread 5" [_thread_blocked, id=4280, stack(0x000000002fd70000,0x000000002fe70000)]
  0x000000001bcb0800 JavaThread "WorkerExecutor Queue Thread 4" [_thread_blocked, id=6624, stack(0x000000002fc70000,0x000000002fd70000)]
  0x000000001bcaf800 JavaThread "WorkerExecutor Queue Thread 3" [_thread_blocked, id=7992, stack(0x000000002fb70000,0x000000002fc70000)]
  0x000000001bcb2800 JavaThread "WorkerExecutor Queue Thread 2" [_thread_blocked, id=1980, stack(0x000000002fa70000,0x000000002fb70000)]
  0x000000001bca9000 JavaThread "WorkerExecutor Queue" [_thread_blocked, id=8564, stack(0x000000002f970000,0x000000002fa70000)]
  0x000000001bcab000 JavaThread "ForkJoinPool.commonPool-worker-6" daemon [_thread_blocked, id=1004, stack(0x000000002f870000,0x000000002f970000)]
  0x000000001bcac000 JavaThread "ForkJoinPool.commonPool-worker-4" daemon [_thread_blocked, id=4088, stack(0x000000002f670000,0x000000002f770000)]
  0x000000001bcaa800 JavaThread "ForkJoinPool.commonPool-worker-3" daemon [_thread_in_Java, id=15520, stack(0x000000002f3d0000,0x000000002f4d0000)]
  0x000000001bca9800 JavaThread "ForkJoinPool.commonPool-worker-2" daemon [_thread_in_Java, id=17004, stack(0x000000002eed0000,0x000000002efd0000)]
  0x000000001bcaf000 JavaThread "ForkJoinPool.commonPool-worker-1" daemon [_thread_in_Java, id=1216, stack(0x000000002e730000,0x000000002e830000)]
  0x000000001dede000 JavaThread "ForkJoinPool.commonPool-worker-0" daemon [_thread_blocked, id=15960, stack(0x000000002dc00000,0x000000002dd00000)]
  0x000000001ded8800 JavaThread "Cache worker for Java compile cache (C:\Users\Chau\Desktop\MangoCliente\.gradle\6.5\javaCompile)" [_thread_blocked, id=6056, stack(0x0000000029710000,0x0000000029810000)]
  0x000000001dedc800 JavaThread "Cache worker for execution history cache (C:\Users\Chau\Desktop\MangoCliente\.gradle\6.5\executionHistory)" [_thread_blocked, id=17984, stack(0x000000002d2e0000,0x000000002d3e0000)]
  0x000000001ded8000 JavaThread "Execution worker for ':' Thread 7" [_thread_blocked, id=10504, stack(0x000000002d1e0000,0x000000002d2e0000)]
  0x000000001dedb800 JavaThread "Execution worker for ':' Thread 6" [_thread_blocked, id=17080, stack(0x000000002c9d0000,0x000000002cad0000)]
  0x000000001dedb000 JavaThread "Execution worker for ':' Thread 5" [_thread_blocked, id=18544, stack(0x000000002c8d0000,0x000000002c9d0000)]
  0x000000001dedd000 JavaThread "Execution worker for ':' Thread 4" [_thread_blocked, id=4916, stack(0x000000002c7d0000,0x000000002c8d0000)]
  0x000000001ded7000 JavaThread "Execution worker for ':' Thread 3" [_thread_blocked, id=12080, stack(0x000000002c6d0000,0x000000002c7d0000)]
  0x000000001deda000 JavaThread "Execution worker for ':' Thread 2" [_thread_blocked, id=8288, stack(0x000000002c5d0000,0x000000002c6d0000)]
  0x000000001ded6000 JavaThread "Execution worker for ':'" [_thread_blocked, id=21288, stack(0x000000002b440000,0x000000002b540000)]
  0x000000001dece800 JavaThread "Cache worker for file content cache (C:\Users\Chau\Desktop\MangoCliente\.gradle\6.5\fileContent)" [_thread_blocked, id=15756, stack(0x000000002a8f0000,0x000000002a9f0000)]
  0x000000001ded4800 JavaThread "Cache worker for Build Output Cleanup Cache (C:\Users\Chau\Desktop\MangoCliente\.gradle\buildOutputCleanup)" [_thread_blocked, id=11956, stack(0x0000000029510000,0x0000000029610000)]
  0x000000001ded4000 JavaThread "jar transforms Thread 282" [_thread_blocked, id=2476, stack(0x0000000029410000,0x0000000029510000)]
  0x000000001ded1000 JavaThread "jar transforms Thread 281" [_thread_blocked, id=16092, stack(0x0000000029310000,0x0000000029410000)]
  0x000000001ded1800 JavaThread "jar transforms Thread 280" [_thread_blocked, id=20164, stack(0x0000000029210000,0x0000000029310000)]
  0x000000001ded0000 JavaThread "jar transforms Thread 279" [_thread_blocked, id=12188, stack(0x0000000029110000,0x0000000029210000)]
  0x000000001ded2800 JavaThread "jar transforms Thread 278" [_thread_blocked, id=16136, stack(0x0000000029010000,0x0000000029110000)]
  0x000000001decf800 JavaThread "jar transforms Thread 277" [_thread_blocked, id=20760, stack(0x0000000028f10000,0x0000000029010000)]
  0x0000000020943800 JavaThread "jar transforms Thread 276" [_thread_blocked, id=14980, stack(0x0000000028e10000,0x0000000028f10000)]
  0x000000002093c000 JavaThread "jar transforms Thread 275" [_thread_blocked, id=14460, stack(0x0000000028d10000,0x0000000028e10000)]
  0x0000000020942800 JavaThread "jar transforms Thread 274" [_thread_blocked, id=696, stack(0x0000000028c10000,0x0000000028d10000)]
  0x000000002093f800 JavaThread "jar transforms Thread 273" [_thread_blocked, id=10432, stack(0x0000000028b10000,0x0000000028c10000)]
  0x0000000020942000 JavaThread "jar transforms Thread 272" [_thread_blocked, id=2256, stack(0x0000000028a10000,0x0000000028b10000)]
  0x0000000020941000 JavaThread "jar transforms Thread 271" [_thread_blocked, id=18524, stack(0x0000000028910000,0x0000000028a10000)]
  0x000000002093f000 JavaThread "jar transforms Thread 270" [_thread_blocked, id=15800, stack(0x0000000028810000,0x0000000028910000)]
  0x0000000020940800 JavaThread "jar transforms Thread 269" [_thread_blocked, id=4232, stack(0x0000000028710000,0x0000000028810000)]
  0x0000000020937800 JavaThread "jar transforms Thread 268" [_thread_blocked, id=14924, stack(0x0000000028610000,0x0000000028710000)]
  0x0000000020939000 JavaThread "jar transforms Thread 267" [_thread_blocked, id=16352, stack(0x0000000028510000,0x0000000028610000)]
  0x000000002093e000 JavaThread "jar transforms Thread 266" [_thread_blocked, id=13992, stack(0x0000000028410000,0x0000000028510000)]
  0x000000002093d800 JavaThread "jar transforms Thread 265" [_thread_blocked, id=21472, stack(0x0000000028310000,0x0000000028410000)]
  0x0000000020936000 JavaThread "jar transforms Thread 264" [_thread_blocked, id=12048, stack(0x0000000028210000,0x0000000028310000)]
  0x000000002093c800 JavaThread "jar transforms Thread 263" [_thread_blocked, id=17912, stack(0x0000000028110000,0x0000000028210000)]
  0x0000000020936800 JavaThread "jar transforms Thread 262" [_thread_blocked, id=5460, stack(0x0000000028010000,0x0000000028110000)]
  0x000000002093a800 JavaThread "jar transforms Thread 261" [_thread_blocked, id=20804, stack(0x0000000027f10000,0x0000000028010000)]
  0x0000000020934800 JavaThread "jar transforms Thread 260" [_thread_blocked, id=15508, stack(0x0000000027e10000,0x0000000027f10000)]
  0x0000000020938000 JavaThread "jar transforms Thread 259" [_thread_blocked, id=14960, stack(0x0000000027d10000,0x0000000027e10000)]
  0x0000000020939800 JavaThread "jar transforms Thread 258" [_thread_blocked, id=16388, stack(0x0000000027c10000,0x0000000027d10000)]
  0x0000000020935000 JavaThread "jar transforms Thread 257" [_thread_blocked, id=18012, stack(0x0000000027b10000,0x0000000027c10000)]
  0x000000002093b000 JavaThread "jar transforms Thread 256" [_thread_blocked, id=18484, stack(0x0000000027a10000,0x0000000027b10000)]
  0x000000001b3f5000 JavaThread "jar transforms Thread 255" [_thread_blocked, id=9784, stack(0x0000000027910000,0x0000000027a10000)]
  0x000000001b3f6800 JavaThread "jar transforms Thread 254" [_thread_blocked, id=18636, stack(0x0000000027810000,0x0000000027910000)]
  0x000000001b3f4800 JavaThread "jar transforms Thread 253" [_thread_blocked, id=8016, stack(0x0000000027710000,0x0000000027810000)]
  0x000000001b3f0800 JavaThread "jar transforms Thread 252" [_thread_blocked, id=3216, stack(0x0000000027610000,0x0000000027710000)]
  0x000000001b3f3800 JavaThread "jar transforms Thread 251" [_thread_blocked, id=15016, stack(0x0000000027510000,0x0000000027610000)]
  0x0000000020c7a800 JavaThread "jar transforms Thread 250" [_thread_blocked, id=10784, stack(0x0000000027410000,0x0000000027510000)]
  0x0000000020c75800 JavaThread "jar transforms Thread 249" [_thread_blocked, id=16580, stack(0x0000000027310000,0x0000000027410000)]
  0x0000000020c77800 JavaThread "jar transforms Thread 248" [_thread_blocked, id=5004, stack(0x0000000027210000,0x0000000027310000)]
  0x0000000020c6d000 JavaThread "jar transforms Thread 247" [_thread_blocked, id=5536, stack(0x0000000027110000,0x0000000027210000)]
  0x0000000020c74000 JavaThread "jar transforms Thread 246" [_thread_blocked, id=11840, stack(0x0000000027010000,0x0000000027110000)]
  0x0000000020c6c800 JavaThread "jar transforms Thread 245" [_thread_blocked, id=19824, stack(0x0000000026f10000,0x0000000027010000)]
  0x0000000020c71000 JavaThread "jar transforms Thread 244" [_thread_blocked, id=20884, stack(0x0000000026e10000,0x0000000026f10000)]
  0x0000000020c70000 JavaThread "jar transforms Thread 243" [_thread_blocked, id=15792, stack(0x0000000026d10000,0x0000000026e10000)]
  0x0000000020c6e800 JavaThread "jar transforms Thread 242" [_thread_blocked, id=15532, stack(0x0000000026c10000,0x0000000026d10000)]
  0x0000000020c73000 JavaThread "jar transforms Thread 241" [_thread_blocked, id=5664, stack(0x0000000026b10000,0x0000000026c10000)]
  0x0000000020c72800 JavaThread "jar transforms Thread 240" [_thread_blocked, id=18748, stack(0x0000000026a10000,0x0000000026b10000)]
  0x0000000020c71800 JavaThread "jar transforms Thread 239" [_thread_blocked, id=20852, stack(0x0000000026910000,0x0000000026a10000)]
  0x0000000020c6e000 JavaThread "jar transforms Thread 238" [_thread_blocked, id=19420, stack(0x0000000026810000,0x0000000026910000)]
  0x00000000205d7800 JavaThread "jar transforms Thread 237" [_thread_blocked, id=17052, stack(0x0000000026710000,0x0000000026810000)]
  0x00000000205d4800 JavaThread "jar transforms Thread 236" [_thread_blocked, id=15428, stack(0x0000000026610000,0x0000000026710000)]
  0x00000000205d3800 JavaThread "jar transforms Thread 235" [_thread_blocked, id=18936, stack(0x0000000026510000,0x0000000026610000)]
  0x00000000205d6800 JavaThread "jar transforms Thread 234" [_thread_blocked, id=13028, stack(0x0000000026410000,0x0000000026510000)]
  0x00000000205d3000 JavaThread "jar transforms Thread 233" [_thread_blocked, id=19648, stack(0x0000000026310000,0x0000000026410000)]
  0x00000000205d5000 JavaThread "jar transforms Thread 232" [_thread_blocked, id=15160, stack(0x0000000026210000,0x0000000026310000)]
  0x00000000205d6000 JavaThread "jar transforms Thread 231" [_thread_blocked, id=19132, stack(0x0000000026110000,0x0000000026210000)]
  0x00000000205ca800 JavaThread "jar transforms Thread 230" [_thread_blocked, id=13628, stack(0x0000000026010000,0x0000000026110000)]
  0x00000000205d0800 JavaThread "jar transforms Thread 229" [_thread_blocked, id=19896, stack(0x0000000025f10000,0x0000000026010000)]
  0x00000000205cd800 JavaThread "jar transforms Thread 228" [_thread_blocked, id=21232, stack(0x0000000025e10000,0x0000000025f10000)]
  0x00000000205cc000 JavaThread "jar transforms Thread 227" [_thread_blocked, id=12984, stack(0x0000000025d10000,0x0000000025e10000)]
  0x00000000205d0000 JavaThread "jar transforms Thread 226" [_thread_blocked, id=17868, stack(0x0000000025c10000,0x0000000025d10000)]
  0x00000000205c9000 JavaThread "jar transforms Thread 225" [_thread_blocked, id=19428, stack(0x0000000025b10000,0x0000000025c10000)]
  0x00000000205cf000 JavaThread "jar transforms Thread 224" [_thread_blocked, id=16608, stack(0x0000000025a10000,0x0000000025b10000)]
  0x00000000205ca000 JavaThread "jar transforms Thread 223" [_thread_blocked, id=14984, stack(0x0000000025910000,0x0000000025a10000)]
  0x00000000205ce800 JavaThread "jar transforms Thread 222" [_thread_blocked, id=2616, stack(0x0000000025810000,0x0000000025910000)]
  0x000000001df85800 JavaThread "jar transforms Thread 221" [_thread_blocked, id=13016, stack(0x0000000025710000,0x0000000025810000)]
  0x000000001df84000 JavaThread "jar transforms Thread 220" [_thread_blocked, id=20196, stack(0x0000000025610000,0x0000000025710000)]
  0x000000001df84800 JavaThread "jar transforms Thread 219" [_thread_blocked, id=17888, stack(0x0000000025510000,0x0000000025610000)]
  0x000000001df83000 JavaThread "jar transforms Thread 218" [_thread_blocked, id=10952, stack(0x0000000025410000,0x0000000025510000)]
  0x000000001df82800 JavaThread "jar transforms Thread 217" [_thread_blocked, id=6732, stack(0x0000000025310000,0x0000000025410000)]
  0x000000001df7b000 JavaThread "jar transforms Thread 216" [_thread_blocked, id=4056, stack(0x0000000025210000,0x0000000025310000)]
  0x000000001df81800 JavaThread "jar transforms Thread 215" [_thread_blocked, id=15688, stack(0x0000000025110000,0x0000000025210000)]
  0x000000001df7a000 JavaThread "jar transforms Thread 214" [_thread_blocked, id=19228, stack(0x0000000025010000,0x0000000025110000)]
  0x000000001df81000 JavaThread "jar transforms Thread 213" [_thread_blocked, id=8152, stack(0x0000000024f10000,0x0000000025010000)]
  0x000000001df80000 JavaThread "jar transforms Thread 212" [_thread_blocked, id=20948, stack(0x0000000024e10000,0x0000000024f10000)]
  0x000000001df7f800 JavaThread "jar transforms Thread 211" [_thread_blocked, id=19100, stack(0x0000000024d10000,0x0000000024e10000)]
  0x000000001df7e800 JavaThread "jar transforms Thread 210" [_thread_blocked, id=5672, stack(0x0000000024c10000,0x0000000024d10000)]
  0x000000001df7c800 JavaThread "jar transforms Thread 209" [_thread_blocked, id=14596, stack(0x0000000024b10000,0x0000000024c10000)]
  0x000000001df7b800 JavaThread "jar transforms Thread 208" [_thread_blocked, id=15600, stack(0x0000000024a10000,0x0000000024b10000)]
  0x000000001df77000 JavaThread "jar transforms Thread 207" [_thread_blocked, id=284, stack(0x0000000024910000,0x0000000024a10000)]
  0x000000001df7e000 JavaThread "jar transforms Thread 206" [_thread_blocked, id=17140, stack(0x0000000024810000,0x0000000024910000)]
  0x000000001df79800 JavaThread "jar transforms Thread 205" [_thread_blocked, id=16252, stack(0x0000000024710000,0x0000000024810000)]
  0x000000001b7f0800 JavaThread "jar transforms Thread 204" [_thread_blocked, id=9200, stack(0x0000000024610000,0x0000000024710000)]
  0x000000001b7ef800 JavaThread "jar transforms Thread 203" [_thread_blocked, id=21500, stack(0x0000000024510000,0x0000000024610000)]
  0x000000001b7ef000 JavaThread "jar transforms Thread 202" [_thread_blocked, id=13516, stack(0x0000000024410000,0x0000000024510000)]
  0x000000001b7ee000 JavaThread "jar transforms Thread 201" [_thread_blocked, id=21068, stack(0x0000000024310000,0x0000000024410000)]
  0x000000001b7e6000 JavaThread "jar transforms Thread 200" [_thread_blocked, id=18440, stack(0x0000000024210000,0x0000000024310000)]
  0x000000001b7ec000 JavaThread "jar transforms Thread 199" [_thread_blocked, id=7004, stack(0x0000000024110000,0x0000000024210000)]
  0x000000001b7e5000 JavaThread "jar transforms Thread 198" [_thread_blocked, id=16584, stack(0x0000000024010000,0x0000000024110000)]
  0x000000001b7e4800 JavaThread "jar transforms Thread 197" [_thread_blocked, id=21372, stack(0x0000000023f10000,0x0000000024010000)]
  0x000000001b7eb000 JavaThread "jar transforms Thread 196" [_thread_blocked, id=16768, stack(0x0000000023e10000,0x0000000023f10000)]
  0x000000001b7e3800 JavaThread "jar transforms Thread 195" [_thread_blocked, id=15912, stack(0x0000000023d10000,0x0000000023e10000)]
  0x000000001b7ea800 JavaThread "jar transforms Thread 194" [_thread_blocked, id=17348, stack(0x0000000023c10000,0x0000000023d10000)]
  0x000000001b7e9800 JavaThread "jar transforms Thread 193" [_thread_blocked, id=19548, stack(0x0000000023b10000,0x0000000023c10000)]
  0x000000001b7e9000 JavaThread "jar transforms Thread 192" [_thread_blocked, id=18736, stack(0x0000000023a10000,0x0000000023b10000)]
  0x000000001b7e1800 JavaThread "jar transforms Thread 191" [_thread_blocked, id=18456, stack(0x0000000023910000,0x0000000023a10000)]
  0x000000001b7e8000 JavaThread "jar transforms Thread 190" [_thread_blocked, id=14284, stack(0x0000000023810000,0x0000000023910000)]
  0x000000001b7e7800 JavaThread "jar transforms Thread 189" [_thread_blocked, id=12600, stack(0x0000000023710000,0x0000000023810000)]
  0x000000001b7e3000 JavaThread "Build operations Thread 8" [_thread_blocked, id=14584, stack(0x0000000023610000,0x0000000023710000)]
  0x000000001dcea800 JavaThread "Build operations Thread 7" [_thread_blocked, id=5628, stack(0x0000000023510000,0x0000000023610000)]
  0x000000001dce9000 JavaThread "Build operations Thread 6" [_thread_blocked, id=17896, stack(0x0000000023410000,0x0000000023510000)]
  0x000000001dceb800 JavaThread "Build operations Thread 5" [_thread_blocked, id=10752, stack(0x0000000023310000,0x0000000023410000)]
  0x000000001dced000 JavaThread "Build operations Thread 4" [_thread_blocked, id=13712, stack(0x0000000023210000,0x0000000023310000)]
  0x000000001dce8800 JavaThread "Build operations Thread 3" [_thread_blocked, id=19060, stack(0x0000000023110000,0x0000000023210000)]
  0x000000001dcef000 JavaThread "Build operations Thread 2" [_thread_blocked, id=5748, stack(0x0000000021940000,0x0000000021a40000)]
  0x000000001dcec000 JavaThread "Build operations" [_thread_blocked, id=20396, stack(0x0000000021140000,0x0000000021240000)]
  0x000000001dcee800 JavaThread "Cache worker for cache directory md-rule (C:\Users\Chau\.gradle\caches\6.5\md-rule)" [_thread_blocked, id=5900, stack(0x000000001fdf0000,0x000000001fef0000)]
  0x000000001dcea000 JavaThread "Cache worker for cache directory md-supplier (C:\Users\Chau\.gradle\caches\6.5\md-supplier)" [_thread_blocked, id=16756, stack(0x000000001fcf0000,0x000000001fdf0000)]
  0x000000001dced800 JavaThread "Cache worker for checksums cache (C:\Users\Chau\Desktop\MangoCliente\.gradle\checksums)" [_thread_blocked, id=19016, stack(0x000000001e9f0000,0x000000001eaf0000)]
  0x000000001dce1000 JavaThread "Cache worker for file hash cache (C:\Users\Chau\Desktop\MangoCliente\.gradle\6.5\fileHashes)" [_thread_blocked, id=12636, stack(0x000000001d220000,0x000000001d320000)]
  0x000000001dce7800 JavaThread "Thread-276" [_thread_blocked, id=13192, stack(0x000000001d120000,0x000000001d220000)]
  0x000000001dce7000 JavaThread "Stdin handler" [_thread_blocked, id=9480, stack(0x000000001d020000,0x000000001d120000)]
  0x000000001dce6000 JavaThread "Asynchronous log dispatcher for DefaultDaemonConnection: socket connection from /127.0.0.1:56527 to /127.0.0.1:56635" [_thread_blocked, id=12780, stack(0x000000001cf20000,0x000000001d020000)]
  0x000000001dce5800 JavaThread "Daemon worker Thread 3" [_thread_blocked, id=20888, stack(0x000000001cb20000,0x000000001cc20000)]
  0x000000001dce2800 JavaThread "Cancel handler" [_thread_blocked, id=15168, stack(0x0000000000f50000,0x0000000001050000)]
  0x000000001dce0000 JavaThread "Handler for socket connection from /127.0.0.1:56527 to /127.0.0.1:56635" [_thread_in_native, id=5576, stack(0x0000000000e50000,0x0000000000f50000)]
  0x000000001dce4000 JavaThread "Daemon Thread 3" [_thread_blocked, id=20280, stack(0x0000000000d50000,0x0000000000e50000)]
  0x0000000020c7a000 JavaThread "Cache worker for Java compile cache (C:\Users\Chau\.gradle\caches\6.5\javaCompile)" [_thread_blocked, id=13308, stack(0x000000002ced0000,0x000000002cfd0000)]
  0x0000000020c6f800 JavaThread "Memory manager" [_thread_blocked, id=3996, stack(0x0000000029610000,0x0000000029710000)]
  0x000000001b3f6000 JavaThread "Cache worker for file content cache (C:\Users\Chau\.gradle\caches\6.5\fileContent)" [_thread_blocked, id=18712, stack(0x0000000021a40000,0x0000000021b40000)]
  0x000000001b3f1800 JavaThread "Cache worker for execution history cache (C:\Users\Chau\.gradle\caches\6.5\executionHistory)" [_thread_blocked, id=13848, stack(0x0000000021240000,0x0000000021340000)]
  0x000000001b3f3000 JavaThread "Cache worker for file hash cache (C:\Users\Chau\.gradle\caches\6.5\fileHashes)" [_thread_blocked, id=3328, stack(0x000000001d720000,0x000000001d820000)]
  0x000000001b3f2000 JavaThread "File lock request listener" [_thread_in_native, id=20132, stack(0x000000001d620000,0x000000001d720000)]
  0x00000000196ac800 JavaThread "Cache worker for journal cache (C:\Users\Chau\.gradle\caches\journal-1)" [_thread_blocked, id=4076, stack(0x000000001d520000,0x000000001d620000)]
  0x000000001b249000 JavaThread "Daemon periodic checks" [_thread_blocked, id=14348, stack(0x000000001c820000,0x000000001c920000)]
  0x000000001b248000 JavaThread "Incoming local TCP Connector on port 56527" [_thread_in_native, id=9832, stack(0x000000001c5b0000,0x000000001c6b0000)]
  0x000000001b1bc800 JavaThread "Daemon health stats" [_thread_blocked, id=9716, stack(0x000000001bf70000,0x000000001c070000)]
  0x0000000018786800 JavaThread "Service Thread" daemon [_thread_blocked, id=2696, stack(0x00000000193d0000,0x00000000194d0000)]
  0x00000000186f1800 JavaThread "C1 CompilerThread3" daemon [_thread_blocked, id=20352, stack(0x00000000192d0000,0x00000000193d0000)]
=>0x00000000186eb800 JavaThread "C2 CompilerThread2" daemon [_thread_in_native, id=13700, stack(0x00000000191d0000,0x00000000192d0000)]
  0x00000000186e7000 JavaThread "C2 CompilerThread1" daemon [_thread_blocked, id=11260, stack(0x00000000190d0000,0x00000000191d0000)]
  0x00000000186e1800 JavaThread "C2 CompilerThread0" daemon [_thread_blocked, id=13264, stack(0x0000000018fd0000,0x00000000190d0000)]
  0x00000000186e0800 JavaThread "Attach Listener" daemon [_thread_blocked, id=15008, stack(0x0000000018ed0000,0x0000000018fd0000)]
  0x00000000186df000 JavaThread "Signal Dispatcher" daemon [_thread_blocked, id=18624, stack(0x0000000018dd0000,0x0000000018ed0000)]
  0x00000000186d1800 JavaThread "Finalizer" daemon [_thread_blocked, id=6852, stack(0x0000000018bb0000,0x0000000018cb0000)]
  0x0000000002ae8800 JavaThread "Reference Handler" daemon [_thread_blocked, id=4364, stack(0x0000000018ab0000,0x0000000018bb0000)]
  0x000000000288e800 JavaThread "main" [_thread_blocked, id=15348, stack(0x0000000002890000,0x0000000002990000)]

Other Threads:
  0x00000000168a7800 VMThread [stack: 0x00000000185b0000,0x00000000186b0000] [id=1780]
  0x0000000018787000 WatcherThread [stack: 0x00000000194d0000,0x00000000195d0000] [id=19752]

VM state:not at safepoint (normal execution)

VM Mutex/Monitor currently owned by a thread: None

OutOfMemory and StackOverflow Exception counts:
OutOfMemoryError java_heap_errors=4

heap address: 0x00000000a0000000, size: 1536 MB, Compressed Oops mode: 32-bit
Narrow klass base: 0x0000000000000000, Narrow klass shift: 3
Compressed class space size: 1073741824 Address: 0x0000000100000000

Heap:
 PSYoungGen      total 351232K, used 122399K [0x00000000e0000000, 0x0000000100000000, 0x0000000100000000)
  eden space 182784K, 31% used [0x00000000e0000000,0x00000000e3890bd8,0x00000000eb280000)
  from space 168448K, 38% used [0x00000000f4f80000,0x00000000f8e77310,0x00000000ff400000)
  to   space 160768K, 0% used [0x00000000eb280000,0x00000000eb280000,0x00000000f4f80000)
 ParOldGen       total 380928K, used 272814K [0x00000000a0000000, 0x00000000b7400000, 0x00000000e0000000)
  object space 380928K, 71% used [0x00000000a0000000,0x00000000b0a6bb88,0x00000000b7400000)
 Metaspace       used 104912K, capacity 110114K, committed 110312K, reserved 1144832K
  class space    used 13255K, capacity 14292K, committed 14352K, reserved 1048576K

Card table byte_map: [0x0000000011eb0000,0x00000000121c0000] byte_map_base: 0x00000000119b0000

Marking Bits: (ParMarkBitMap*) 0x000000005f2df030
 Begin Bits: [0x0000000012bc0000, 0x00000000143c0000)
 End Bits:   [0x00000000143c0000, 0x0000000015bc0000)

Polling page: 0x0000000002800000

CodeCache: size=245760Kb used=66113Kb max_used=66704Kb free=179646Kb
 bounds [0x0000000002af0000, 0x0000000006c70000, 0x0000000011af0000]
 total_blobs=18480 nmethods=17598 adapters=791
 compilation: enabled

Compilation events (10 events):
Event: 271.295 Thread 0x00000000186f1800 22891       3       com.sun.org.apache.xerces.internal.impl.XMLEntityScanner::skipString (122 bytes)
Event: 271.295 Thread 0x00000000186e1800 22892       4       com.sun.org.apache.xerces.internal.util.NamespaceSupport::getURI (38 bytes)
Event: 271.296 Thread 0x00000000186f1800 nmethod 22891 0x0000000004622d50 code [0x0000000004622f20, 0x0000000004623628]
Event: 271.296 Thread 0x00000000186e1800 nmethod 22892 0x00000000041df490 code [0x00000000041df5c0, 0x00000000041df6d8]
Event: 271.300 Thread 0x00000000186e7000 22893       4       sun.nio.cs.UTF_8::newDecoder (10 bytes)
Event: 271.301 Thread 0x00000000186e7000 nmethod 22893 0x000000000432ed90 code [0x000000000432eee0, 0x000000000432f118]
Event: 271.329 Thread 0x00000000186e1800 22894       4       java.nio.DirectByteBuffer::put (126 bytes)
Event: 271.331 Thread 0x00000000186e1800 nmethod 22894 0x00000000063e0490 code [0x00000000063e05e0, 0x00000000063e0828]
Event: 271.338 Thread 0x00000000186e7000 22895       4       java.lang.reflect.Constructor::copy (72 bytes)
Event: 271.340 Thread 0x00000000186e7000 nmethod 22895 0x000000000541ead0 code [0x000000000541ec20, 0x000000000541ed98]

GC Heap History (10 events):
Event: 267.258 GC heap before
{Heap before GC invocations=32 (full 4):
 PSYoungGen      total 395776K, used 395764K [0x00000000e0000000, 0x0000000100000000, 0x0000000100000000)
  eden space 267264K, 100% used [0x00000000e0000000,0x00000000f0500000,0x00000000f0500000)
  from space 128512K, 99% used [0x00000000f0500000,0x00000000f827d270,0x00000000f8280000)
  to   space 128512K, 0% used [0x00000000f8280000,0x00000000f8280000,0x0000000100000000)
 ParOldGen       total 380928K, used 206260K [0x00000000a0000000, 0x00000000b7400000, 0x00000000e0000000)
  object space 380928K, 54% used [0x00000000a0000000,0x00000000ac96d280,0x00000000b7400000)
 Metaspace       used 104734K, capacity 109928K, committed 110056K, reserved 1144832K
  class space    used 13253K, capacity 14289K, committed 14352K, reserved 1048576K
Event: 267.304 GC heap after
Heap after GC invocations=32 (full 4):
 PSYoungGen      total 303616K, used 118301K [0x00000000e0000000, 0x0000000100000000, 0x0000000100000000)
  eden space 175104K, 0% used [0x00000000e0000000,0x00000000e0000000,0x00000000eab00000)
  from space 128512K, 92% used [0x00000000f8280000,0x00000000ff6075c0,0x0000000100000000)
  to   space 174592K, 0% used [0x00000000eab00000,0x00000000eab00000,0x00000000f5580000)
 ParOldGen       total 380928K, used 206260K [0x00000000a0000000, 0x00000000b7400000, 0x00000000e0000000)
  object space 380928K, 54% used [0x00000000a0000000,0x00000000ac96d280,0x00000000b7400000)
 Metaspace       used 104734K, capacity 109928K, committed 110056K, reserved 1144832K
  class space    used 13253K, capacity 14289K, committed 14352K, reserved 1048576K
}
Event: 267.730 GC heap before
{Heap before GC invocations=33 (full 4):
 PSYoungGen      total 303616K, used 293216K [0x00000000e0000000, 0x0000000100000000, 0x0000000100000000)
  eden space 175104K, 99% used [0x00000000e0000000,0x00000000eaad0ae8,0x00000000eab00000)
  from space 128512K, 92% used [0x00000000f8280000,0x00000000ff6075c0,0x0000000100000000)
  to   space 174592K, 0% used [0x00000000eab00000,0x00000000eab00000,0x00000000f5580000)
 ParOldGen       total 380928K, used 206260K [0x00000000a0000000, 0x00000000b7400000, 0x00000000e0000000)
  object space 380928K, 54% used [0x00000000a0000000,0x00000000ac96d280,0x00000000b7400000)
 Metaspace       used 104815K, capacity 110032K, committed 110312K, reserved 1144832K
  class space    used 13254K, capacity 14291K, committed 14352K, reserved 1048576K
Event: 267.785 GC heap after
Heap after GC invocations=33 (full 4):
 PSYoungGen      total 349696K, used 121401K [0x00000000e0000000, 0x0000000100000000, 0x0000000100000000)
  eden space 175104K, 0% used [0x00000000e0000000,0x00000000e0000000,0x00000000eab00000)
  from space 174592K, 69% used [0x00000000eab00000,0x00000000f218e4c0,0x00000000f5580000)
  to   space 174592K, 0% used [0x00000000f5580000,0x00000000f5580000,0x0000000100000000)
 ParOldGen       total 380928K, used 206268K [0x00000000a0000000, 0x00000000b7400000, 0x00000000e0000000)
  object space 380928K, 54% used [0x00000000a0000000,0x00000000ac96f280,0x00000000b7400000)
 Metaspace       used 104815K, capacity 110032K, committed 110312K, reserved 1144832K
  class space    used 13254K, capacity 14291K, committed 14352K, reserved 1048576K
}
Event: 268.242 GC heap before
{Heap before GC invocations=34 (full 4):
 PSYoungGen      total 349696K, used 296505K [0x00000000e0000000, 0x0000000100000000, 0x0000000100000000)
  eden space 175104K, 100% used [0x00000000e0000000,0x00000000eab00000,0x00000000eab00000)
  from space 174592K, 69% used [0x00000000eab00000,0x00000000f218e4c0,0x00000000f5580000)
  to   space 174592K, 0% used [0x00000000f5580000,0x00000000f5580000,0x0000000100000000)
 ParOldGen       total 380928K, used 206268K [0x00000000a0000000, 0x00000000b7400000, 0x00000000e0000000)
  object space 380928K, 54% used [0x00000000a0000000,0x00000000ac96f280,0x00000000b7400000)
 Metaspace       used 104846K, capacity 110104K, committed 110312K, reserved 1144832K
  class space    used 13254K, capacity 14291K, committed 14352K, reserved 1048576K
Event: 268.302 GC heap after
Heap after GC invocations=34 (full 4):
 PSYoungGen      total 349696K, used 84460K [0x00000000e0000000, 0x0000000100000000, 0x0000000100000000)
  eden space 175104K, 0% used [0x00000000e0000000,0x00000000e0000000,0x00000000eab00000)
  from space 174592K, 48% used [0x00000000f5580000,0x00000000fa7fb2e0,0x0000000100000000)
  to   space 174592K, 0% used [0x00000000eab00000,0x00000000eab00000,0x00000000f5580000)
 ParOldGen       total 380928K, used 239874K [0x00000000a0000000, 0x00000000b7400000, 0x00000000e0000000)
  object space 380928K, 62% used [0x00000000a0000000,0x00000000aea40968,0x00000000b7400000)
 Metaspace       used 104846K, capacity 110104K, committed 110312K, reserved 1144832K
  class space    used 13254K, capacity 14291K, committed 14352K, reserved 1048576K
}
Event: 269.021 GC heap before
{Heap before GC invocations=35 (full 4):
 PSYoungGen      total 349696K, used 259564K [0x00000000e0000000, 0x0000000100000000, 0x0000000100000000)
  eden space 175104K, 100% used [0x00000000e0000000,0x00000000eab00000,0x00000000eab00000)
  from space 174592K, 48% used [0x00000000f5580000,0x00000000fa7fb2e0,0x0000000100000000)
  to   space 174592K, 0% used [0x00000000eab00000,0x00000000eab00000,0x00000000f5580000)
 ParOldGen       total 380928K, used 239874K [0x00000000a0000000, 0x00000000b7400000, 0x00000000e0000000)
  object space 380928K, 62% used [0x00000000a0000000,0x00000000aea40968,0x00000000b7400000)
 Metaspace       used 104871K, capacity 110104K, committed 110312K, reserved 1144832K
  class space    used 13254K, capacity 14291K, committed 14352K, reserved 1048576K
Event: 269.065 GC heap after
Heap after GC invocations=35 (full 4):
 PSYoungGen      total 235520K, used 60366K [0x00000000e0000000, 0x00000000ff400000, 0x0000000100000000)
  eden space 175104K, 0% used [0x00000000e0000000,0x00000000e0000000,0x00000000eab00000)
  from space 60416K, 99% used [0x00000000eab00000,0x00000000ee5f3bd8,0x00000000ee600000)
  to   space 168448K, 0% used [0x00000000f4f80000,0x00000000f4f80000,0x00000000ff400000)
 ParOldGen       total 380928K, used 266487K [0x00000000a0000000, 0x00000000b7400000, 0x00000000e0000000)
  object space 380928K, 69% used [0x00000000a0000000,0x00000000b043dc90,0x00000000b7400000)
 Metaspace       used 104871K, capacity 110104K, committed 110312K, reserved 1144832K
  class space    used 13254K, capacity 14291K, committed 14352K, reserved 1048576K
}
Event: 270.965 GC heap before
{Heap before GC invocations=36 (full 4):
 PSYoungGen      total 235520K, used 235470K [0x00000000e0000000, 0x00000000ff400000, 0x0000000100000000)
  eden space 175104K, 100% used [0x00000000e0000000,0x00000000eab00000,0x00000000eab00000)
  from space 60416K, 99% used [0x00000000eab00000,0x00000000ee5f3bd8,0x00000000ee600000)
  to   space 168448K, 0% used [0x00000000f4f80000,0x00000000f4f80000,0x00000000ff400000)
 ParOldGen       total 380928K, used 266487K [0x00000000a0000000, 0x00000000b7400000, 0x00000000e0000000)
  object space 380928K, 69% used [0x00000000a0000000,0x00000000b043dc90,0x00000000b7400000)
 Metaspace       used 104893K, capacity 110108K, committed 110312K, reserved 1144832K
  class space    used 13254K, capacity 14291K, committed 14352K, reserved 1048576K
Event: 270.992 GC heap after
Heap after GC invocations=36 (full 4):
 PSYoungGen      total 351232K, used 64476K [0x00000000e0000000, 0x0000000100000000, 0x0000000100000000)
  eden space 182784K, 0% used [0x00000000e0000000,0x00000000e0000000,0x00000000eb280000)
  from space 168448K, 38% used [0x00000000f4f80000,0x00000000f8e77310,0x00000000ff400000)
  to   space 160768K, 0% used [0x00000000eb280000,0x00000000eb280000,0x00000000f4f80000)
 ParOldGen       total 380928K, used 272814K [0x00000000a0000000, 0x00000000b7400000, 0x00000000e0000000)
  object space 380928K, 71% used [0x00000000a0000000,0x00000000b0a6bb88,0x00000000b7400000)
 Metaspace       used 104893K, capacity 110108K, committed 110312K, reserved 1144832K
  class space    used 13254K, capacity 14291K, committed 14352K, reserved 1048576K
}

Deoptimization events (10 events):
Event: 267.612 Thread 0x000000001bca9000 Uncommon trap: reason=array_check action=maybe_recompile pc=0x000000000678be38 method=java.util.Arrays.fill([Ljava/lang/Object;IILjava/lang/Object;)V @ 20
Event: 267.612 Thread 0x000000001bcb2800 Uncommon trap: reason=array_check action=maybe_recompile pc=0x000000000678be38 method=java.util.Arrays.fill([Ljava/lang/Object;IILjava/lang/Object;)V @ 20
Event: 267.620 Thread 0x000000001bcb0800 Uncommon trap: reason=null_check action=make_not_entrant pc=0x0000000004f70280 method=com.android.tools.r8.s.a.p.a.a(Lcom/android/tools/r8/s/a/p/l;)Lcom/android/tools/r8/s/a/p/o; @ 8
Event: 267.660 Thread 0x000000001bca9000 Uncommon trap: reason=class_check action=maybe_recompile pc=0x00000000062e33a0 method=com.android.tools.r8.s.a.h.e.b(Lcom/android/tools/r8/s/b/k0;)V @ 236
Event: 267.660 Thread 0x000000001bca9000 Uncommon trap: reason=class_check action=maybe_recompile pc=0x00000000062e33a0 method=com.android.tools.r8.s.a.h.e.b(Lcom/android/tools/r8/s/b/k0;)V @ 236
Event: 267.713 Thread 0x000000001bcb2800 Uncommon trap: reason=class_check action=maybe_recompile pc=0x000000000402a9d0 method=com.android.tools.r8.t.a.a.a.f.e.putAll(Ljava/util/Map;)V @ 3
Event: 267.900 Thread 0x000000001bcb2800 Uncommon trap: reason=array_check action=maybe_recompile pc=0x0000000002f963ac method=java.util.TimSort.mergeLo(IIII)V @ 81
Event: 270.998 Thread 0x000000001bcaf800 Uncommon trap: reason=null_check action=make_not_entrant pc=0x00000000034bb1f4 method=com.android.tools.r8.q.a.b.h.b(Ljava/lang/Object;)V @ 71
Event: 271.285 Thread 0x000000001ded6000 Uncommon trap: reason=class_check action=maybe_recompile pc=0x0000000005c2388c method=sun.security.provider.DigestBase.clone()Ljava/lang/Object; @ 4
Event: 271.285 Thread 0x000000001ded6000 Uncommon trap: reason=class_check action=maybe_recompile pc=0x0000000003c0a1b4 method=java.security.MessageDigestSpi.clone()Ljava/lang/Object; @ 1

Classes redefined (0 events):
No events

Internal exceptions (10 events):
Event: 269.500 Thread 0x000000001bcb1000 Exception <a 'sun/nio/fs/WindowsException'> (0x00000000e4a04770) thrown at [C:\src\AOSP-openjdk-git\hotspot\src\share\vm\prims\jni.cpp, line 710]
Event: 269.502 Thread 0x000000001bcb1000 Exception <a 'sun/nio/fs/WindowsException'> (0x00000000e4a4d960) thrown at [C:\src\AOSP-openjdk-git\hotspot\src\share\vm\prims\jni.cpp, line 710]
Event: 269.504 Thread 0x000000001bcb1000 Exception <a 'sun/nio/fs/WindowsException'> (0x00000000e4a998d8) thrown at [C:\src\AOSP-openjdk-git\hotspot\src\share\vm\prims\jni.cpp, line 710]
Event: 269.505 Thread 0x000000001bcb1000 Exception <a 'sun/nio/fs/WindowsException'> (0x00000000e4ae15c8) thrown at [C:\src\AOSP-openjdk-git\hotspot\src\share\vm\prims\jni.cpp, line 710]
Event: 270.901 Thread 0x000000001bcaf800 Exception <a 'sun/nio/fs/WindowsException'> (0x00000000e76ec570) thrown at [C:\src\AOSP-openjdk-git\hotspot\src\share\vm\prims\jni.cpp, line 710]
Event: 271.221 Thread 0x000000001bcb5000 Exception <a 'sun/nio/fs/WindowsException'> (0x00000000e24db638) thrown at [C:\src\AOSP-openjdk-git\hotspot\src\share\vm\prims\jni.cpp, line 710]
Event: 271.341 Thread 0x000000001bcab000 Exception <a 'java/lang/OutOfMemoryError'> (0x00000000e3004150) thrown at [C:\src\AOSP-openjdk-git\hotspot\src\share\vm\prims\unsafe.cpp, line 618]
Event: 271.341 Thread 0x000000001bcac800 Exception <a 'java/lang/OutOfMemoryError'> (0x00000000e366c448) thrown at [C:\src\AOSP-openjdk-git\hotspot\src\share\vm\prims\unsafe.cpp, line 618]
Event: 271.341 Thread 0x000000001dede000 Exception <a 'java/lang/OutOfMemoryError'> (0x00000000e3017440) thrown at [C:\src\AOSP-openjdk-git\hotspot\src\share\vm\prims\unsafe.cpp, line 618]
Event: 271.342 Thread 0x000000001bcac000 Exception <a 'java/lang/OutOfMemoryError'> (0x00000000e343ed20) thrown at [C:\src\AOSP-openjdk-git\hotspot\src\share\vm\prims\unsafe.cpp, line 618]

Events (10 events):
Event: 271.291 Thread 0x000000001bcb3800 Thread added: 0x000000001bcb3800
Event: 271.328 Executing VM operation: RevokeBias
Event: 271.328 Executing VM operation: RevokeBias done
Event: 271.329 Executing VM operation: RevokeBias
Event: 271.329 Executing VM operation: RevokeBias done
Event: 271.338 Executing VM operation: RevokeBias
Event: 271.338 Thread 0x000000001bcac800 Thread added: 0x000000001bcac800
Event: 271.338 Executing VM operation: RevokeBias done
Event: 271.339 Executing VM operation: RevokeBias
Event: 271.339 Executing VM operation: RevokeBias done


Dynamic libraries:
0x00007ff61b780000 - 0x00007ff61b7b1000 	C:\Program Files\Android\Android Studio\jre\bin\java.exe
0x00007ff84ec40000 - 0x00007ff84ee30000 	C:\WINDOWS\SYSTEM32\ntdll.dll
0x00007ff84ea00000 - 0x00007ff84eab2000 	C:\WINDOWS\System32\KERNEL32.DLL
0x00007ff84ca40000 - 0x00007ff84cce5000 	C:\WINDOWS\System32\KERNELBASE.dll
0x00007ff84e1c0000 - 0x00007ff84e263000 	C:\WINDOWS\System32\ADVAPI32.dll
0x00007ff84e8f0000 - 0x00007ff84e98e000 	C:\WINDOWS\System32\msvcrt.dll
0x00007ff84e2e0000 - 0x00007ff84e377000 	C:\WINDOWS\System32\sechost.dll
0x00007ff84e380000 - 0x00007ff84e49f000 	C:\WINDOWS\System32\RPCRT4.dll
0x00007ff84d270000 - 0x00007ff84d404000 	C:\WINDOWS\System32\USER32.dll
0x00007ff84c7b0000 - 0x00007ff84c7d1000 	C:\WINDOWS\System32\win32u.dll
0x00007ff84dd20000 - 0x00007ff84dd46000 	C:\WINDOWS\System32\GDI32.dll
0x00007ff84c7e0000 - 0x00007ff84c978000 	C:\WINDOWS\System32\gdi32full.dll
0x00007ff84c980000 - 0x00007ff84ca1e000 	C:\WINDOWS\System32\msvcp_win.dll
0x00007ff84c630000 - 0x00007ff84c72a000 	C:\WINDOWS\System32\ucrtbase.dll
0x00007ff835cb0000 - 0x00007ff835f34000 	C:\WINDOWS\WinSxS\amd64_microsoft.windows.common-controls_6595b64144ccf1df_6.0.18362.1379_none_9e7ff3b3e45cc0c4\COMCTL32.dll
0x00007ff84dd50000 - 0x00007ff84e087000 	C:\WINDOWS\System32\combase.dll
0x00007ff84c450000 - 0x00007ff84c4d1000 	C:\WINDOWS\System32\bcryptPrimitives.dll
0x00007ff84ccf0000 - 0x00007ff84cd1e000 	C:\WINDOWS\System32\IMM32.DLL
0x000000005e310000 - 0x000000005e3e2000 	C:\Program Files\Android\Android Studio\jre\jre\bin\msvcr100.dll
0x000000005eb10000 - 0x000000005f35b000 	C:\Program Files\Android\Android Studio\jre\jre\bin\server\jvm.dll
0x00007ff84cd20000 - 0x00007ff84cd28000 	C:\WINDOWS\System32\PSAPI.DLL
0x00007ff831e80000 - 0x00007ff831e89000 	C:\WINDOWS\SYSTEM32\WSOCK32.dll
0x00007ff84e880000 - 0x00007ff84e8ef000 	C:\WINDOWS\System32\WS2_32.dll
0x00007ff849520000 - 0x00007ff84952a000 	C:\WINDOWS\SYSTEM32\VERSION.dll
0x00007ff845620000 - 0x00007ff845644000 	C:\WINDOWS\SYSTEM32\WINMM.dll
0x00007ff8455f0000 - 0x00007ff84561d000 	C:\WINDOWS\SYSTEM32\winmmbase.dll
0x00007ff84c760000 - 0x00007ff84c7aa000 	C:\WINDOWS\System32\cfgmgr32.dll
0x00007ff8448c0000 - 0x00007ff8448cf000 	C:\Program Files\Android\Android Studio\jre\jre\bin\verify.dll
0x00007ff8430b0000 - 0x00007ff8430d9000 	C:\Program Files\Android\Android Studio\jre\jre\bin\java.dll
0x00007ff843200000 - 0x00007ff843216000 	C:\Program Files\Android\Android Studio\jre\jre\bin\zip.dll
0x00007ff84d550000 - 0x00007ff84dc38000 	C:\WINDOWS\System32\SHELL32.dll
0x00007ff84ead0000 - 0x00007ff84eb77000 	C:\WINDOWS\System32\shcore.dll
0x00007ff84bcd0000 - 0x00007ff84c44b000 	C:\WINDOWS\System32\windows.storage.dll
0x00007ff84bb20000 - 0x00007ff84bb43000 	C:\WINDOWS\System32\profapi.dll
0x00007ff84bb70000 - 0x00007ff84bbba000 	C:\WINDOWS\System32\powrprof.dll
0x00007ff84baf0000 - 0x00007ff84bb00000 	C:\WINDOWS\System32\UMPDC.dll
0x00007ff84e280000 - 0x00007ff84e2d2000 	C:\WINDOWS\System32\shlwapi.dll
0x00007ff84bb00000 - 0x00007ff84bb11000 	C:\WINDOWS\System32\kernel.appcore.dll
0x00007ff84ca20000 - 0x00007ff84ca37000 	C:\WINDOWS\System32\cryptsp.dll
0x00007ff83f130000 - 0x00007ff83f14a000 	C:\Program Files\Android\Android Studio\jre\jre\bin\net.dll
0x00007ff84b330000 - 0x00007ff84b397000 	C:\WINDOWS\system32\mswsock.dll
0x00007ff83eed0000 - 0x00007ff83eee3000 	C:\Program Files\Android\Android Studio\jre\jre\bin\nio.dll
0x00007ff844500000 - 0x00007ff844527000 	C:\Users\Chau\.gradle\native\f6784746aeab05261644944871eae4fe03e0ef1612fff0a4a95f87b438bc6780\windows-amd64\native-platform.dll
0x00007ff8447b0000 - 0x00007ff8447bd000 	C:\Program Files\Android\Android Studio\jre\jre\bin\management.dll
0x00007ff84aeb0000 - 0x00007ff84aee3000 	C:\WINDOWS\system32\rsaenh.dll
0x00007ff84c730000 - 0x00007ff84c756000 	C:\WINDOWS\System32\bcrypt.dll
0x00007ff84ba10000 - 0x00007ff84ba35000 	C:\WINDOWS\SYSTEM32\USERENV.dll
0x00007ff84b500000 - 0x00007ff84b50c000 	C:\WINDOWS\SYSTEM32\CRYPTBASE.dll
0x00007ff84b040000 - 0x00007ff84b07a000 	C:\WINDOWS\SYSTEM32\IPHLPAPI.DLL
0x00007ff84eac0000 - 0x00007ff84eac8000 	C:\WINDOWS\System32\NSI.dll
0x00007ff841470000 - 0x00007ff841486000 	C:\WINDOWS\SYSTEM32\dhcpcsvc6.DLL
0x00007ff841c50000 - 0x00007ff841c6c000 	C:\WINDOWS\SYSTEM32\dhcpcsvc.DLL
0x00007ff84b080000 - 0x00007ff84b14b000 	C:\WINDOWS\SYSTEM32\DNSAPI.dll
0x00007ff8438b0000 - 0x00007ff8438bb000 	C:\WINDOWS\SYSTEM32\WINNSI.DLL

VM Arguments:
jvm_args: -Xmx1536m -Dfile.encoding=windows-1252 -Duser.country=MX -Duser.language=es -Duser.variant 
java_command: org.gradle.launcher.daemon.bootstrap.GradleDaemon 6.5
java_class_path (initial): C:\Users\Chau\.gradle\wrapper\dists\gradle-6.5-all\2oz4ud9k3tuxjg84bbf55q0tn\gradle-6.5\lib\gradle-launcher-6.5.jar
Launcher Type: SUN_STANDARD

Environment Variables:
JAVA_HOME=C:\Program Files\Android\Jdk\microsoft_dist_openjdk_1.8.0.25
PATH=C:\Program Files (x86)\Common Files\Intel\Shared Files\cpp\bin\Intel64;C:\Program Files (x86)\Common Files\Oracle\Java\javapath;C:\WINDOWS\system32;C:\WINDOWS;C:\WINDOWS\System32\Wbem;C:\WINDOWS\System32\WindowsPowerShell\v1.0\;C:\WINDOWS\System32\OpenSSH\;C:\Program Files\Git\cmd;C:\Program Files\dotnet\;C:\Program Files (x86)\IncrediBuild;C:\Program Files\Intel\WiFi\bin\;C:\Program Files\Common Files\Intel\WirelessCommon\;C:\Program Files\Microsoft SQL Server\130\Tools\Binn\;C:\Program Files\Microsoft SQL Server\Client SDK\ODBC\170\Tools\Binn\;C:\Program Files (x86)\Microsoft SQL Server\150\Tools\Binn\;C:\Program Files\Microsoft SQL Server\150\Tools\Binn\;C:\Program Files\Microsoft SQL Server\150\DTS\Binn\;C:\Program Files\nodejs\;C:\xamp\php;C:\ProgramData\ComposerSetup\bin;C:\Program Files (x86)\Intel\Intel(R) Management Engine Components\DAL;C:\Program Files\Intel\Intel(R) Management Engine Components\DAL;C:\Program Files (x86)\dotnet\;C:\Users\Chau\AppData\Local\Programs\Python\Python39\Scripts\;C:\Users\Chau\AppData\Local\Programs\Python\Python39\;C:\Users\Chau\anaconda;C:\Users\Chau\anaconda\Library\mingw-w64\bin;C:\Users\Chau\anaconda\Library\usr\bin;C:\Users\Chau\anaconda\Library\bin;C:\Users\Chau\anaconda\Scripts;C:\Users\Chau\AppData\Local\Programs\Python\Python38\Scripts\;C:\Users\Chau\AppData\Local\Programs\Python\Python38\;C:\Users\Chau\anaconda3;C:\Users\Chau\anaconda3\Library\mingw-w64\bin;C:\Users\Chau\anaconda3\Library\usr\bin;C:\Users\Chau\anaconda3\Library\bin;C:\Users\Chau\anaconda3\Scripts;C:\Users\Chau\AppData\Local\Microsoft\WindowsApps;C:\xampp\php;C:\Users\Chau\AppData\Local\Microsoft\WindowsApps;C:\Users\Chau\AppData\Local\Programs\Microsoft VS Code\bin;C:\Users\Chau\AppData\Roaming\Composer\vendor\bin;C:\seleniumWebdrivers\;C:\Users\Chau\anaconda3\python.exe;C:\Users\Chau\AppData\Roaming\npm;C:\seleniumWebdrivers\geckodriver.exe;C:\Users\Chau\AppData\Roaming\npm
USERNAME=Chau
OS=Windows_NT
PROCESSOR_IDENTIFIER=Intel64 Family 6 Model 142 Stepping 10, GenuineIntel



---------------  S Y S T E M  ---------------

OS: Windows 10.0 , 64 bit Build 18362 (10.0.18362.1350)

CPU:total 8 (initial active 8) (4 cores per cpu, 2 threads per core) family 6 model 142 stepping 10, cmov, cx8, fxsr, mmx, sse, sse2, sse3, ssse3, sse4.1, sse4.2, popcnt, avx, avx2, aes, clmul, erms, rtm, 3dnowpref, lzcnt, ht, tsc, tscinvbit, bmi1, bmi2, adx

Memory: 4k page, physical 16612328k(711584k free), swap 47706212k(5680k free)

vm_info: OpenJDK 64-Bit Server VM (25.242-b01) for windows-amd64 JRE (1.8.0_242-release-1644-b01), built by "builder" with MS VC++ 10.0 (VS2010)

time: Sun Feb 21 18:22:22 2021
timezone: Hora estándar central (México)
elapsed time: 271 seconds (0d 0h 4m 31s)

